#
# There is insufficient memory for the Java Runtime Environment to continue.
# Native memory allocation (mmap) failed to map 1006567424 bytes for committing reserved memory.
# Possible reasons:
#   The system is out of physical RAM or swap space
#   In 32 bit mode, the process size limit was hit
# Possible solutions:
#   Reduce memory load on the system
#   Increase physical memory or swap space
#   Check if swap backing store is full
#   Use 64 bit Java on a 64 bit OS
#   Decrease Java heap size (-Xmx/-Xms)
#   Decrease number of Java threads
#   Decrease Java thread stack sizes (-Xss)
#   Set larger code cache with -XX:ReservedCodeCacheSize=
# This output file may be truncated or incomplete.
#
#  Out of Memory Error (os_linux.cpp:2671), pid=8258, tid=140350634821376
#
# JRE version:  (8.0_25-b17) (build )
# Java VM: Java HotSpot(TM) 64-Bit Server VM (25.25-b02 mixed mode linux-amd64 compressed oops)
# Failed to write core dump. Core dumps have been disabled. To enable core dumping, try "ulimit -c unlimited" before starting Java again
#

---------------  T H R E A D  ---------------

Current thread (0x00007fa5e4007800):  JavaThread "Unknown thread" [_thread_in_vm, id=8348, stack(0x00007fa5edab8000,0x00007fa5edbb9000)]

Stack: [0x00007fa5edab8000,0x00007fa5edbb9000],  sp=0x00007fa5edbb7330,  free space=1020k
Native frames: (J=compiled Java code, j=interpreted, Vv=VM code, C=native code)
V  [libjvm.so+0xa7923a]  VMError::report_and_die()+0x2ca
V  [libjvm.so+0x4e552b]  report_vm_out_of_memory(char const*, int, unsigned long, VMErrorType, char const*)+0x8b
V  [libjvm.so+0x8e5613]  os::Linux::commit_memory_impl(char*, unsigned long, bool)+0x103
V  [libjvm.so+0x8e5b69]  os::pd_commit_memory(char*, unsigned long, unsigned long, bool)+0x29
V  [libjvm.so+0x8df83a]  os::commit_memory(char*, unsigned long, unsigned long, bool)+0x2a
V  [libjvm.so+0x94f923]  PSVirtualSpace::expand_by(unsigned long)+0x53
V  [libjvm.so+0x8fe24e]  ParMarkBitMap::initialize(MemRegion)+0x13e
V  [libjvm.so+0x9458e9]  PSParallelCompact::initialize()+0x149
V  [libjvm.so+0x9070dd]  ParallelScavengeHeap::initialize()+0x35d
V  [libjvm.so+0xa4528d]  Universe::initialize_heap()+0xfd
V  [libjvm.so+0xa456af]  universe_init()+0x3f
V  [libjvm.so+0x612435]  init_globals()+0x65
V  [libjvm.so+0xa2b25d]  Threads::create_vm(JavaVMInitArgs*, bool*)+0x24d
V  [libjvm.so+0x6a9704]  JNI_CreateJavaVM+0x74
C  [libjli.so+0x736e]  JavaMain+0x9e
C  [libpthread.so.0+0x8182]  start_thread+0xc2


---------------  P R O C E S S  ---------------

Java Threads: ( => current thread )

Other Threads:

=>0x00007fa5e4007800 (exited) JavaThread "Unknown thread" [_thread_in_vm, id=8348, stack(0x00007fa5edab8000,0x00007fa5edbb9000)]

VM state:not at safepoint (not fully initialized)

VM Mutex/Monitor currently owned by a thread: None

GC Heap History (0 events):
No events

Deoptimization events (0 events):
No events

Internal exceptions (0 events):
No events

Events (0 events):
No events


Dynamic libraries:
00400000-00401000 r-xp 00000000 00:27 24716481                           /usr/local/stow/jdk-8u25/lib/jdk-8u25/bin/java
00600000-00601000 rw-p 00000000 00:27 24716481                           /usr/local/stow/jdk-8u25/lib/jdk-8u25/bin/java
00601000-00622000 rw-p 00000000 00:00 0                                  [heap]
80200000-d5780000 rw-p 00000000 00:00 0 
d5780000-580100000 ---p 00000000 00:00 0 
580100000-5aab80000 rw-p 00000000 00:00 0 
5aab80000-800000000 ---p 00000000 00:00 0 
7fa504000000-7fa504021000 rw-p 00000000 00:00 0 
7fa504021000-7fa508000000 ---p 00000000 00:00 0 
7fa50c000000-7fa50c021000 rw-p 00000000 00:00 0 
7fa50c021000-7fa510000000 ---p 00000000 00:00 0 
7fa510000000-7fa510021000 rw-p 00000000 00:00 0 
7fa510021000-7fa514000000 ---p 00000000 00:00 0 
7fa514000000-7fa514021000 rw-p 00000000 00:00 0 
7fa514021000-7fa518000000 ---p 00000000 00:00 0 
7fa518000000-7fa518021000 rw-p 00000000 00:00 0 
7fa518021000-7fa51c000000 ---p 00000000 00:00 0 
7fa51c000000-7fa51c021000 rw-p 00000000 00:00 0 
7fa51c021000-7fa520000000 ---p 00000000 00:00 0 
7fa524000000-7fa524021000 rw-p 00000000 00:00 0 
7fa524021000-7fa528000000 ---p 00000000 00:00 0 
7fa528000000-7fa528021000 rw-p 00000000 00:00 0 
7fa528021000-7fa52c000000 ---p 00000000 00:00 0 
7fa52c000000-7fa52c021000 rw-p 00000000 00:00 0 
7fa52c021000-7fa530000000 ---p 00000000 00:00 0 
7fa530000000-7fa530021000 rw-p 00000000 00:00 0 
7fa530021000-7fa534000000 ---p 00000000 00:00 0 
7fa534000000-7fa534021000 rw-p 00000000 00:00 0 
7fa534021000-7fa538000000 ---p 00000000 00:00 0 
7fa538000000-7fa538021000 rw-p 00000000 00:00 0 
7fa538021000-7fa53c000000 ---p 00000000 00:00 0 
7fa53c000000-7fa53c021000 rw-p 00000000 00:00 0 
7fa53c021000-7fa540000000 ---p 00000000 00:00 0 
7fa540000000-7fa540021000 rw-p 00000000 00:00 0 
7fa540021000-7fa544000000 ---p 00000000 00:00 0 
7fa544000000-7fa544021000 rw-p 00000000 00:00 0 
7fa544021000-7fa548000000 ---p 00000000 00:00 0 
7fa548000000-7fa548021000 rw-p 00000000 00:00 0 
7fa548021000-7fa54c000000 ---p 00000000 00:00 0 
7fa54c000000-7fa54c021000 rw-p 00000000 00:00 0 
7fa54c021000-7fa550000000 ---p 00000000 00:00 0 
7fa550000000-7fa550021000 rw-p 00000000 00:00 0 
7fa550021000-7fa554000000 ---p 00000000 00:00 0 
7fa554000000-7fa554021000 rw-p 00000000 00:00 0 
7fa554021000-7fa558000000 ---p 00000000 00:00 0 
7fa558000000-7fa558021000 rw-p 00000000 00:00 0 
7fa558021000-7fa55c000000 ---p 00000000 00:00 0 
7fa55c000000-7fa55c021000 rw-p 00000000 00:00 0 
7fa55c021000-7fa560000000 ---p 00000000 00:00 0 
7fa560000000-7fa560021000 rw-p 00000000 00:00 0 
7fa560021000-7fa564000000 ---p 00000000 00:00 0 
7fa564000000-7fa564021000 rw-p 00000000 00:00 0 
7fa564021000-7fa568000000 ---p 00000000 00:00 0 
7fa568000000-7fa568021000 rw-p 00000000 00:00 0 
7fa568021000-7fa56c000000 ---p 00000000 00:00 0 
7fa56c000000-7fa56c021000 rw-p 00000000 00:00 0 
7fa56c021000-7fa570000000 ---p 00000000 00:00 0 
7fa570000000-7fa570021000 rw-p 00000000 00:00 0 
7fa570021000-7fa574000000 ---p 00000000 00:00 0 
7fa574000000-7fa574021000 rw-p 00000000 00:00 0 
7fa574021000-7fa578000000 ---p 00000000 00:00 0 
7fa578000000-7fa578021000 rw-p 00000000 00:00 0 
7fa578021000-7fa57c000000 ---p 00000000 00:00 0 
7fa57c000000-7fa57c021000 rw-p 00000000 00:00 0 
7fa57c021000-7fa580000000 ---p 00000000 00:00 0 
7fa580000000-7fa580021000 rw-p 00000000 00:00 0 
7fa580021000-7fa584000000 ---p 00000000 00:00 0 
7fa584000000-7fa584021000 rw-p 00000000 00:00 0 
7fa584021000-7fa588000000 ---p 00000000 00:00 0 
7fa588000000-7fa588021000 rw-p 00000000 00:00 0 
7fa588021000-7fa58c000000 ---p 00000000 00:00 0 
7fa58c000000-7fa58c021000 rw-p 00000000 00:00 0 
7fa58c021000-7fa590000000 ---p 00000000 00:00 0 
7fa590000000-7fa590021000 rw-p 00000000 00:00 0 
7fa590021000-7fa594000000 ---p 00000000 00:00 0 
7fa594000000-7fa594021000 rw-p 00000000 00:00 0 
7fa594021000-7fa598000000 ---p 00000000 00:00 0 
7fa598000000-7fa598021000 rw-p 00000000 00:00 0 
7fa598021000-7fa59c000000 ---p 00000000 00:00 0 
7fa59c000000-7fa59c021000 rw-p 00000000 00:00 0 
7fa59c021000-7fa5a0000000 ---p 00000000 00:00 0 
7fa5a0000000-7fa5a0021000 rw-p 00000000 00:00 0 
7fa5a0021000-7fa5a4000000 ---p 00000000 00:00 0 
7fa5a4000000-7fa5a4021000 rw-p 00000000 00:00 0 
7fa5a4021000-7fa5a8000000 ---p 00000000 00:00 0 
7fa5a8000000-7fa5a8021000 rw-p 00000000 00:00 0 
7fa5a8021000-7fa5ac000000 ---p 00000000 00:00 0 
7fa5ac000000-7fa5ac021000 rw-p 00000000 00:00 0 
7fa5ac021000-7fa5b0000000 ---p 00000000 00:00 0 
7fa5b0000000-7fa5b0021000 rw-p 00000000 00:00 0 
7fa5b0021000-7fa5b4000000 ---p 00000000 00:00 0 
7fa5b4000000-7fa5b4021000 rw-p 00000000 00:00 0 
7fa5b4021000-7fa5b8000000 ---p 00000000 00:00 0 
7fa5b8000000-7fa5b8021000 rw-p 00000000 00:00 0 
7fa5b8021000-7fa5bc000000 ---p 00000000 00:00 0 
7fa5bc000000-7fa5bc021000 rw-p 00000000 00:00 0 
7fa5bc021000-7fa5c0000000 ---p 00000000 00:00 0 
7fa5c0000000-7fa5c0021000 rw-p 00000000 00:00 0 
7fa5c0021000-7fa5c4000000 ---p 00000000 00:00 0 
7fa5c4000000-7fa5c4021000 rw-p 00000000 00:00 0 
7fa5c4021000-7fa5c8000000 ---p 00000000 00:00 0 
7fa5c8000000-7fa5c8021000 rw-p 00000000 00:00 0 
7fa5c8021000-7fa5cc000000 ---p 00000000 00:00 0 
7fa5ce963000-7fa5cebd8000 rw-p 00000000 00:00 0 
7fa5cebd8000-7fa5cebd9000 ---p 00000000 00:00 0 
7fa5cebd9000-7fa5cecd9000 rw-p 00000000 00:00 0 
7fa5cecd9000-7fa5cecda000 ---p 00000000 00:00 0 
7fa5cecda000-7fa5cedda000 rw-p 00000000 00:00 0 
7fa5cedda000-7fa5ceddb000 ---p 00000000 00:00 0 
7fa5ceddb000-7fa5ceedb000 rw-p 00000000 00:00 0 
7fa5ceedb000-7fa5ceedc000 ---p 00000000 00:00 0 
7fa5ceedc000-7fa5cefdc000 rw-p 00000000 00:00 0 
7fa5cefdc000-7fa5cefdd000 ---p 00000000 00:00 0 
7fa5cefdd000-7fa5cf0dd000 rw-p 00000000 00:00 0 
7fa5cf0dd000-7fa5cf0de000 ---p 00000000 00:00 0 
7fa5cf0de000-7fa5cf1de000 rw-p 00000000 00:00 0 
7fa5cf1de000-7fa5cf1df000 ---p 00000000 00:00 0 
7fa5cf1df000-7fa5cf2df000 rw-p 00000000 00:00 0 
7fa5cf2df000-7fa5cf2e0000 ---p 00000000 00:00 0 
7fa5cf2e0000-7fa5cf3e0000 rw-p 00000000 00:00 0 
7fa5cf3e0000-7fa5cf3e1000 ---p 00000000 00:00 0 
7fa5cf3e1000-7fa5cf4e1000 rw-p 00000000 00:00 0 
7fa5cf4e1000-7fa5cf4e2000 ---p 00000000 00:00 0 
7fa5cf4e2000-7fa5cf5e2000 rw-p 00000000 00:00 0 
7fa5cf5e2000-7fa5cf5e3000 ---p 00000000 00:00 0 
7fa5cf5e3000-7fa5cf6e3000 rw-p 00000000 00:00 0 
7fa5cf6e3000-7fa5cf6e4000 ---p 00000000 00:00 0 
7fa5cf6e4000-7fa5cf7e4000 rw-p 00000000 00:00 0 
7fa5cf7e4000-7fa5cf7e5000 ---p 00000000 00:00 0 
7fa5cf7e5000-7fa5cf8e5000 rw-p 00000000 00:00 0 
7fa5cf8e5000-7fa5cf8e6000 ---p 00000000 00:00 0 
7fa5cf8e6000-7fa5cf9e6000 rw-p 00000000 00:00 0 
7fa5cf9e6000-7fa5cf9e7000 ---p 00000000 00:00 0 
7fa5cf9e7000-7fa5cfae7000 rw-p 00000000 00:00 0 
7fa5cfae7000-7fa5cfae8000 ---p 00000000 00:00 0 
7fa5cfae8000-7fa5cfbe8000 rw-p 00000000 00:00 0 
7fa5cfbe8000-7fa5cfbe9000 ---p 00000000 00:00 0 
7fa5cfbe9000-7fa5cfce9000 rw-p 00000000 00:00 0 
7fa5cfce9000-7fa5cfcea000 ---p 00000000 00:00 0 
7fa5cfcea000-7fa5cfdea000 rw-p 00000000 00:00 0 
7fa5cfdea000-7fa5cfdeb000 ---p 00000000 00:00 0 
7fa5cfdeb000-7fa5cfeeb000 rw-p 00000000 00:00 0 
7fa5cfeeb000-7fa5cfeec000 ---p 00000000 00:00 0 
7fa5cfeec000-7fa5cffec000 rw-p 00000000 00:00 0 
7fa5cffec000-7fa5cffed000 ---p 00000000 00:00 0 
7fa5cffed000-7fa5d00ed000 rw-p 00000000 00:00 0 
7fa5d00ed000-7fa5d00ee000 ---p 00000000 00:00 0 
7fa5d00ee000-7fa5d01ee000 rw-p 00000000 00:00 0 
7fa5d01ee000-7fa5d01ef000 ---p 00000000 00:00 0 
7fa5d01ef000-7fa5d02ef000 rw-p 00000000 00:00 0 
7fa5d02ef000-7fa5d02f0000 ---p 00000000 00:00 0 
7fa5d02f0000-7fa5d03f0000 rw-p 00000000 00:00 0 
7fa5d03f0000-7fa5d03f1000 ---p 00000000 00:00 0 
7fa5d03f1000-7fa5d04f1000 rw-p 00000000 00:00 0 
7fa5d04f1000-7fa5d04f2000 ---p 00000000 00:00 0 
7fa5d04f2000-7fa5d05f2000 rw-p 00000000 00:00 0 
7fa5d05f2000-7fa5d05f3000 ---p 00000000 00:00 0 
7fa5d05f3000-7fa5d06f3000 rw-p 00000000 00:00 0 
7fa5d06f3000-7fa5d06f4000 ---p 00000000 00:00 0 
7fa5d06f4000-7fa5d07f4000 rw-p 00000000 00:00 0 
7fa5d07f4000-7fa5d07f5000 ---p 00000000 00:00 0 
7fa5d07f5000-7fa5d08f5000 rw-p 00000000 00:00 0 
7fa5d08f5000-7fa5d08f6000 ---p 00000000 00:00 0 
7fa5d08f6000-7fa5d09f6000 rw-p 00000000 00:00 0 
7fa5d09f6000-7fa5d09f7000 ---p 00000000 00:00 0 
7fa5d09f7000-7fa5d0af7000 rw-p 00000000 00:00 0 
7fa5d0af7000-7fa5d0af8000 ---p 00000000 00:00 0 
7fa5d0af8000-7fa5d0bf8000 rw-p 00000000 00:00 0 
7fa5d0bf8000-7fa5d0bf9000 ---p 00000000 00:00 0 
7fa5d0bf9000-7fa5d0cf9000 rw-p 00000000 00:00 0 
7fa5d0cf9000-7fa5d0cfa000 ---p 00000000 00:00 0 
7fa5d0cfa000-7fa5d0dfa000 rw-p 00000000 00:00 0 
7fa5d0dfa000-7fa5d0dfb000 ---p 00000000 00:00 0 
7fa5d0dfb000-7fa5d0efb000 rw-p 00000000 00:00 0 
7fa5d0efb000-7fa5d0efc000 ---p 00000000 00:00 0 
7fa5d0efc000-7fa5d0ffc000 rw-p 00000000 00:00 0 
7fa5d0ffc000-7fa5d0ffd000 ---p 00000000 00:00 0 
7fa5d0ffd000-7fa5d10fd000 rw-p 00000000 00:00 0 
7fa5d10fd000-7fa5d10fe000 ---p 00000000 00:00 0 
7fa5d10fe000-7fa5d11fe000 rw-p 00000000 00:00 0 
7fa5d11fe000-7fa5d11ff000 ---p 00000000 00:00 0 
7fa5d11ff000-7fa5d12ff000 rw-p 00000000 00:00 0 
7fa5d12ff000-7fa5d1300000 ---p 00000000 00:00 0 
7fa5d1300000-7fa5d16ab000 rw-p 00000000 00:00 0 
7fa5d16ab000-7fa5d3bff000 ---p 00000000 00:00 0 
7fa5d3bff000-7fa5d3d55000 rw-p 00000000 00:00 0 
7fa5d3d55000-7fa5d4fff000 ---p 00000000 00:00 0 
7fa5d4fff000-7fa5d5000000 rw-p 00000000 00:00 0 
7fa5d5000000-7fa5d5270000 rwxp 00000000 00:00 0 
7fa5d5270000-7fa5e4000000 ---p 00000000 00:00 0 
7fa5e4000000-7fa5e4087000 rw-p 00000000 00:00 0 
7fa5e4087000-7fa5e8000000 ---p 00000000 00:00 0 
7fa5e8079000-7fa5e807a000 ---p 00000000 00:00 0 
7fa5e807a000-7fa5e817a000 rw-p 00000000 00:00 0 
7fa5e817a000-7fa5e817b000 ---p 00000000 00:00 0 
7fa5e817b000-7fa5e827b000 rw-p 00000000 00:00 0 
7fa5e827b000-7fa5e827c000 ---p 00000000 00:00 0 
7fa5e827c000-7fa5e837c000 rw-p 00000000 00:00 0 
7fa5e837c000-7fa5e837d000 ---p 00000000 00:00 0 
7fa5e837d000-7fa5e847d000 rw-p 00000000 00:00 0 
7fa5e847d000-7fa5e847e000 ---p 00000000 00:00 0 
7fa5e847e000-7fa5e857e000 rw-p 00000000 00:00 0 
7fa5e857e000-7fa5e857f000 ---p 00000000 00:00 0 
7fa5e857f000-7fa5e867f000 rw-p 00000000 00:00 0 
7fa5e867f000-7fa5e8680000 ---p 00000000 00:00 0 
7fa5e8680000-7fa5e8780000 rw-p 00000000 00:00 0 
7fa5e8780000-7fa5e8781000 ---p 00000000 00:00 0 
7fa5e8781000-7fa5e8b2c000 rw-p 00000000 00:00 0 
7fa5e8b2c000-7fa5eb081000 ---p 00000000 00:00 0 
7fa5eb081000-7fa5eb08b000 rw-p 00000000 00:00 0 
7fa5eb08b000-7fa5eb441000 ---p 00000000 00:00 0 
7fa5eb441000-7fa5eb45b000 r-xp 00000000 00:27 33345547                   /usr/local/stow/jdk-8u25/lib/jdk-8u25/jre/lib/amd64/libzip.so
7fa5eb45b000-7fa5eb65b000 ---p 0001a000 00:27 33345547                   /usr/local/stow/jdk-8u25/lib/jdk-8u25/jre/lib/amd64/libzip.so
7fa5eb65b000-7fa5eb65c000 rw-p 0001a000 00:27 33345547                   /usr/local/stow/jdk-8u25/lib/jdk-8u25/jre/lib/amd64/libzip.so
7fa5eb65c000-7fa5eb736000 r--s 00000000 00:12 14105931                   /specific/var/cache/nscd/passwd
7fa5eb736000-7fa5eb760000 r-xp 00000000 00:27 5412095                    /usr/local/stow/jdk-8u25/lib/jdk-8u25/jre/lib/amd64/libjava.so
7fa5eb760000-7fa5eb960000 ---p 0002a000 00:27 5412095                    /usr/local/stow/jdk-8u25/lib/jdk-8u25/jre/lib/amd64/libjava.so
7fa5eb960000-7fa5eb962000 rw-p 0002a000 00:27 5412095                    /usr/local/stow/jdk-8u25/lib/jdk-8u25/jre/lib/amd64/libjava.so
7fa5eb962000-7fa5eb96f000 r-xp 00000000 00:27 33345546                   /usr/local/stow/jdk-8u25/lib/jdk-8u25/jre/lib/amd64/libverify.so
7fa5eb96f000-7fa5ebb6f000 ---p 0000d000 00:27 33345546                   /usr/local/stow/jdk-8u25/lib/jdk-8u25/jre/lib/amd64/libverify.so
7fa5ebb6f000-7fa5ebb71000 rw-p 0000d000 00:27 33345546                   /usr/local/stow/jdk-8u25/lib/jdk-8u25/jre/lib/amd64/libverify.so
7fa5ebb71000-7fa5ebb78000 r-xp 00000000 00:11 42138659                   /lib/x86_64-linux-gnu/librt-2.19.so
7fa5ebb78000-7fa5ebd77000 ---p 00007000 00:11 42138659                   /lib/x86_64-linux-gnu/librt-2.19.so
7fa5ebd77000-7fa5ebd78000 r--p 00006000 00:11 42138659                   /lib/x86_64-linux-gnu/librt-2.19.so
7fa5ebd78000-7fa5ebd79000 rw-p 00007000 00:11 42138659                   /lib/x86_64-linux-gnu/librt-2.19.so
7fa5ebd79000-7fa5ebe7e000 r-xp 00000000 00:11 27745548                   /lib/x86_64-linux-gnu/libm-2.19.so
7fa5ebe7e000-7fa5ec07d000 ---p 00105000 00:11 27745548                   /lib/x86_64-linux-gnu/libm-2.19.so
7fa5ec07d000-7fa5ec07e000 r--p 00104000 00:11 27745548                   /lib/x86_64-linux-gnu/libm-2.19.so
7fa5ec07e000-7fa5ec07f000 rw-p 00105000 00:11 27745548                   /lib/x86_64-linux-gnu/libm-2.19.so
7fa5ec07f000-7fa5eccec000 r-xp 00000000 00:27 10588078                   /usr/local/stow/jdk-8u25/lib/jdk-8u25/jre/lib/amd64/server/libjvm.so
7fa5eccec000-7fa5eceeb000 ---p 00c6d000 00:27 10588078                   /usr/local/stow/jdk-8u25/lib/jdk-8u25/jre/lib/amd64/server/libjvm.so
7fa5eceeb000-7fa5ecfc1000 rw-p 00c6c000 00:27 10588078                   /usr/local/stow/jdk-8u25/lib/jdk-8u25/jre/lib/amd64/server/libjvm.so
7fa5ecfc1000-7fa5ed004000 rw-p 00000000 00:00 0 
7fa5ed004000-7fa5ed1c0000 r-xp 00000000 00:11 27745545                   /lib/x86_64-linux-gnu/libc-2.19.so
7fa5ed1c0000-7fa5ed3bf000 ---p 001bc000 00:11 27745545                   /lib/x86_64-linux-gnu/libc-2.19.so
7fa5ed3bf000-7fa5ed3c3000 r--p 001bb000 00:11 27745545                   /lib/x86_64-linux-gnu/libc-2.19.so
7fa5ed3c3000-7fa5ed3c5000 rw-p 001bf000 00:11 27745545                   /lib/x86_64-linux-gnu/libc-2.19.so
7fa5ed3c5000-7fa5ed3ca000 rw-p 00000000 00:00 0 
7fa5ed3ca000-7fa5ed3cd000 r-xp 00000000 00:11 42138654                   /lib/x86_64-linux-gnu/libdl-2.19.so
7fa5ed3cd000-7fa5ed5cc000 ---p 00003000 00:11 42138654                   /lib/x86_64-linux-gnu/libdl-2.19.so
7fa5ed5cc000-7fa5ed5cd000 r--p 00002000 00:11 42138654                   /lib/x86_64-linux-gnu/libdl-2.19.so
7fa5ed5cd000-7fa5ed5ce000 rw-p 00003000 00:11 42138654                   /lib/x86_64-linux-gnu/libdl-2.19.so
7fa5ed5ce000-7fa5ed5e3000 r-xp 00000000 00:27 13235460                   /usr/local/stow/jdk-8u25/lib/jdk-8u25/lib/amd64/jli/libjli.so
7fa5ed5e3000-7fa5ed7e2000 ---p 00015000 00:27 13235460                   /usr/local/stow/jdk-8u25/lib/jdk-8u25/lib/amd64/jli/libjli.so
7fa5ed7e2000-7fa5ed7e3000 rw-p 00014000 00:27 13235460                   /usr/local/stow/jdk-8u25/lib/jdk-8u25/lib/amd64/jli/libjli.so
7fa5ed7e3000-7fa5ed7fc000 r-xp 00000000 00:11 42138658                   /lib/x86_64-linux-gnu/libpthread-2.19.so
7fa5ed7fc000-7fa5ed9fb000 ---p 00019000 00:11 42138658                   /lib/x86_64-linux-gnu/libpthread-2.19.so
7fa5ed9fb000-7fa5ed9fc000 r--p 00018000 00:11 42138658                   /lib/x86_64-linux-gnu/libpthread-2.19.so
7fa5ed9fc000-7fa5ed9fd000 rw-p 00019000 00:11 42138658                   /lib/x86_64-linux-gnu/libpthread-2.19.so
7fa5ed9fd000-7fa5eda01000 rw-p 00000000 00:00 0 
7fa5eda01000-7fa5eda24000 r-xp 00000000 00:11 27745544                   /lib/x86_64-linux-gnu/ld-2.19.so
7fa5edab8000-7fa5edabb000 ---p 00000000 00:00 0 
7fa5edabb000-7fa5edbbd000 rw-p 00000000 00:00 0 
7fa5edbff000-7fa5edc17000 rw-p 00000000 00:00 0 
7fa5edc17000-7fa5edc1f000 rw-s 00000000 00:14 51156182                   /tmp/hsperfdata_hagailevi/8258
7fa5edc1f000-7fa5edc20000 rw-p 00000000 00:00 0 
7fa5edc20000-7fa5edc21000 r--p 00000000 00:00 0 
7fa5edc21000-7fa5edc23000 rw-p 00000000 00:00 0 
7fa5edc23000-7fa5edc24000 r--p 00022000 00:11 27745544                   /lib/x86_64-linux-gnu/ld-2.19.so
7fa5edc24000-7fa5edc25000 rw-p 00023000 00:11 27745544                   /lib/x86_64-linux-gnu/ld-2.19.so
7fa5edc25000-7fa5edc26000 rw-p 00000000 00:00 0 
7ffc63590000-7ffc635b1000 rw-p 00000000 00:00 0                          [stack]
7ffc635c9000-7ffc635cb000 r--p 00000000 00:00 0                          [vvar]
7ffc635cb000-7ffc635cd000 r-xp 00000000 00:00 0                          [vdso]
ffffffffff600000-ffffffffff601000 r-xp 00000000 00:00 0                  [vsyscall]

VM Arguments:
java_command: /specific/netapp5/gaga/hagailevi/evaluation/bnetworks_alg/jactivemodules/jactivemodules.jar /specific/netapp5/gaga/hagailevi/evaluation/bnet/networks/dip.sif /specific/netapp5/gaga/hagailevi/evaluation/bnet/datasets/GE_random_SOC_344/cache/deg_edger.tsv True 10 0 /specific/netapp5/gaga/hagailevi/evaluation/bnet/datasets/GE_random_SOC_344/output/jactivemodules_greedy_results.txt
java_class_path (initial): /specific/netapp5/gaga/hagailevi/evaluation/bnetworks_alg/jactivemodules/jactivemodules.jar
Launcher Type: SUN_STANDARD

Environment Variables:
JAVA_HOME=/usr/local/lib/jdk-8u25/
PATH=/specific/netapp5/gaga/hagailevi/evaluation/python27/bin:/usr/local/sbin:/usr/local/bin:/usr/sbin:/usr/bin:/sbin:/bin:/usr/games:.:/usr/local/lib/apache-hive-0.14.0/bin:.:.:/usr/local/lib/apache-hive-0.14.0/bin:.
SHELL=/bin/tcsh
DISPLAY=rack-shamir4:16.0
HOSTTYPE=x86_64-linux
OSTYPE=linux
MACHTYPE=x86_64

Signal Handlers:
SIGSEGV: [libjvm.so+0xa79a80], sa_mask[0]=11111111011111111101111111111110, sa_flags=SA_RESTART|SA_SIGINFO
SIGBUS: [libjvm.so+0xa79a80], sa_mask[0]=11111111011111111101111111111110, sa_flags=SA_RESTART|SA_SIGINFO
SIGFPE: [libjvm.so+0x8e24e0], sa_mask[0]=11111111011111111101111111111110, sa_flags=SA_RESTART|SA_SIGINFO
SIGPIPE: [libjvm.so+0x8e24e0], sa_mask[0]=11111111011111111101111111111110, sa_flags=SA_RESTART|SA_SIGINFO
SIGXFSZ: [libjvm.so+0x8e24e0], sa_mask[0]=11111111011111111101111111111110, sa_flags=SA_RESTART|SA_SIGINFO
SIGILL: [libjvm.so+0x8e24e0], sa_mask[0]=11111111011111111101111111111110, sa_flags=SA_RESTART|SA_SIGINFO
SIGUSR1: SIG_DFL, sa_mask[0]=00000000000000000000000000000000, sa_flags=none
SIGUSR2: [libjvm.so+0x8e3d10], sa_mask[0]=00000000000000000000000000000000, sa_flags=SA_RESTART|SA_SIGINFO
SIGHUP: SIG_DFL, sa_mask[0]=00000000000000000000000000000000, sa_flags=none
SIGINT: SIG_DFL, sa_mask[0]=00000000000000000000000000000000, sa_flags=none
SIGTERM: SIG_DFL, sa_mask[0]=00000000000000000000000000000000, sa_flags=none
SIGQUIT: SIG_DFL, sa_mask[0]=00000000000000000000000000000000, sa_flags=none


---------------  S Y S T E M  ---------------

OS:Red Hat Linux release 4

uname:Linux 4.9.5-64-net1 #1 SMP PREEMPT Wed Jan 25 21:01:00 IST 2017 x86_64
libc:glibc 2.19 NPTL 2.19 
rlimit: STACK 8192k, CORE 0k, NPROC 3095303, NOFILE 16384, AS infinity
load average:23.43 26.75 26.60

/proc/meminfo:
MemTotal:       792405328 kB
MemFree:        355585712 kB
MemAvailable:   742093576 kB
Buffers:             236 kB
Cached:         390005700 kB
SwapCached:            0 kB
Active:         160810848 kB
Inactive:       272366804 kB
Active(anon):   43259496 kB
Inactive(anon):    12052 kB
Active(file):   117551352 kB
Inactive(file): 272354752 kB
Unevictable:        9216 kB
Mlocked:            9216 kB
SwapTotal:             0 kB
SwapFree:              0 kB
Dirty:              2016 kB
Writeback:             0 kB
AnonPages:      43182644 kB
Mapped:           136192 kB
Shmem:             91848 kB
Slab:            1520332 kB
SReclaimable:    1333068 kB
SUnreclaim:       187264 kB
KernelStack:       70608 kB
PageTables:       275112 kB
NFS_Unstable:          0 kB
Bounce:                0 kB
WritebackTmp:          0 kB
CommitLimit:    633924260 kB
Committed_AS:   629801112 kB
VmallocTotal:   34359738367 kB
VmallocUsed:           0 kB
VmallocChunk:          0 kB
HardwareCorrupted:     0 kB
HugePages_Total:       0
HugePages_Free:        0
HugePages_Rsvd:        0
HugePages_Surp:        0
Hugepagesize:       2048 kB
DirectMap4k:       14016 kB
DirectMap2M:     1853440 kB
DirectMap1G:    805306368 kB


CPU:total 72 (18 cores per cpu, 2 threads per core) family 6 model 63 stepping 2, cmov, cx8, fxsr, mmx, sse, sse2, sse3, ssse3, sse4.1, sse4.2, popcnt, avx, avx2, aes, clmul, erms, lzcnt, ht, tsc, tscinvbit, bmi1, bmi2

/proc/cpuinfo:
processor	: 0
vendor_id	: GenuineIntel
cpu family	: 6
model		: 63
model name	: Intel(R) Xeon(R) CPU E5-2699 v3 @ 2.30GHz
stepping	: 2
microcode	: 0x36
cpu MHz		: 2299.905
cache size	: 46080 KB
physical id	: 0
siblings	: 36
core id		: 0
cpu cores	: 18
apicid		: 0
initial apicid	: 0
fpu		: yes
fpu_exception	: yes
cpuid level	: 15
wp		: yes
flags		: fpu vme de pse tsc msr pae mce cx8 apic sep mtrr pge mca cmov pat pse36 clflush dts acpi mmx fxsr sse sse2 ss ht tm pbe syscall nx pdpe1gb rdtscp lm constant_tsc arch_perfmon pebs bts rep_good nopl xtopology nonstop_tsc aperfmperf eagerfpu pni pclmulqdq dtes64 monitor ds_cpl vmx smx est tm2 ssse3 sdbg fma cx16 xtpr pdcm pcid dca sse4_1 sse4_2 x2apic movbe popcnt tsc_deadline_timer aes xsave avx f16c rdrand lahf_lm abm epb tpr_shadow vnmi flexpriority ept vpid fsgsbase tsc_adjust bmi1 avx2 smep bmi2 erms invpcid cqm xsaveopt cqm_llc cqm_occup_llc dtherm ida arat pln pts
bugs		:
bogomips	: 4599.81
clflush size	: 64
cache_alignment	: 64
address sizes	: 46 bits physical, 48 bits virtual
power management:

processor	: 1
vendor_id	: GenuineIntel
cpu family	: 6
model		: 63
model name	: Intel(R) Xeon(R) CPU E5-2699 v3 @ 2.30GHz
stepping	: 2
microcode	: 0x36
cpu MHz		: 2299.905
cache size	: 46080 KB
physical id	: 1
siblings	: 36
core id		: 0
cpu cores	: 18
apicid		: 64
initial apicid	: 64
fpu		: yes
fpu_exception	: yes
cpuid level	: 15
wp		: yes
flags		: fpu vme de pse tsc msr pae mce cx8 apic sep mtrr pge mca cmov pat pse36 clflush dts acpi mmx fxsr sse sse2 ss ht tm pbe syscall nx pdpe1gb rdtscp lm constant_tsc arch_perfmon pebs bts rep_good nopl xtopology nonstop_tsc aperfmperf eagerfpu pni pclmulqdq dtes64 monitor ds_cpl vmx smx est tm2 ssse3 sdbg fma cx16 xtpr pdcm pcid dca sse4_1 sse4_2 x2apic movbe popcnt tsc_deadline_timer aes xsave avx f16c rdrand lahf_lm abm epb tpr_shadow vnmi flexpriority ept vpid fsgsbase tsc_adjust bmi1 avx2 smep bmi2 erms invpcid cqm xsaveopt cqm_llc cqm_occup_llc dtherm ida arat pln pts
bugs		:
bogomips	: 4600.85
clflush size	: 64
cache_alignment	: 64
address sizes	: 46 bits physical, 48 bits virtual
power management:

processor	: 2
vendor_id	: GenuineIntel
cpu family	: 6
model		: 63
model name	: Intel(R) Xeon(R) CPU E5-2699 v3 @ 2.30GHz
stepping	: 2
microcode	: 0x36
cpu MHz		: 2299.905
cache size	: 46080 KB
physical id	: 0
siblings	: 36
core id		: 1
cpu cores	: 18
apicid		: 2
initial apicid	: 2
fpu		: yes
fpu_exception	: yes
cpuid level	: 15
wp		: yes
flags		: fpu vme de pse tsc msr pae mce cx8 apic sep mtrr pge mca cmov pat pse36 clflush dts acpi mmx fxsr sse sse2 ss ht tm pbe syscall nx pdpe1gb rdtscp lm constant_tsc arch_perfmon pebs bts rep_good nopl xtopology nonstop_tsc aperfmperf eagerfpu pni pclmulqdq dtes64 monitor ds_cpl vmx smx est tm2 ssse3 sdbg fma cx16 xtpr pdcm pcid dca sse4_1 sse4_2 x2apic movbe popcnt tsc_deadline_timer aes xsave avx f16c rdrand lahf_lm abm epb tpr_shadow vnmi flexpriority ept vpid fsgsbase tsc_adjust bmi1 avx2 smep bmi2 erms invpcid cqm xsaveopt cqm_llc cqm_occup_llc dtherm ida arat pln pts
bugs		:
bogomips	: 4601.59
clflush size	: 64
cache_alignment	: 64
address sizes	: 46 bits physical, 48 bits virtual
power management:

processor	: 3
vendor_id	: GenuineIntel
cpu family	: 6
model		: 63
model name	: Intel(R) Xeon(R) CPU E5-2699 v3 @ 2.30GHz
stepping	: 2
microcode	: 0x36
cpu MHz		: 2299.905
cache size	: 46080 KB
physical id	: 1
siblings	: 36
core id		: 1
cpu cores	: 18
apicid		: 66
initial apicid	: 66
fpu		: yes
fpu_exception	: yes
cpuid level	: 15
wp		: yes
flags		: fpu vme de pse tsc msr pae mce cx8 apic sep mtrr pge mca cmov pat pse36 clflush dts acpi mmx fxsr sse sse2 ss ht tm pbe syscall nx pdpe1gb rdtscp lm constant_tsc arch_perfmon pebs bts rep_good nopl xtopology nonstop_tsc aperfmperf eagerfpu pni pclmulqdq dtes64 monitor ds_cpl vmx smx est tm2 ssse3 sdbg fma cx16 xtpr pdcm pcid dca sse4_1 sse4_2 x2apic movbe popcnt tsc_deadline_timer aes xsave avx f16c rdrand lahf_lm abm epb tpr_shadow vnmi flexpriority ept vpid fsgsbase tsc_adjust bmi1 avx2 smep bmi2 erms invpcid cqm xsaveopt cqm_llc cqm_occup_llc dtherm ida arat pln pts
bugs		:
bogomips	: 4601.69
clflush size	: 64
cache_alignment	: 64
address sizes	: 46 bits physical, 48 bits virtual
power management:

processor	: 4
vendor_id	: GenuineIntel
cpu family	: 6
model		: 63
model name	: Intel(R) Xeon(R) CPU E5-2699 v3 @ 2.30GHz
stepping	: 2
microcode	: 0x36
cpu MHz		: 2299.905
cache size	: 46080 KB
physical id	: 0
siblings	: 36
core id		: 2
cpu cores	: 18
apicid		: 4
initial apicid	: 4
fpu		: yes
fpu_exception	: yes
cpuid level	: 15
wp		: yes
flags		: fpu vme de pse tsc msr pae mce cx8 apic sep mtrr pge mca cmov pat pse36 clflush dts acpi mmx fxsr sse sse2 ss ht tm pbe syscall nx pdpe1gb rdtscp lm constant_tsc arch_perfmon pebs bts rep_good nopl xtopology nonstop_tsc aperfmperf eagerfpu pni pclmulqdq dtes64 monitor ds_cpl vmx smx est tm2 ssse3 sdbg fma cx16 xtpr pdcm pcid dca sse4_1 sse4_2 x2apic movbe popcnt tsc_deadline_timer aes xsave avx f16c rdrand lahf_lm abm epb tpr_shadow vnmi flexpriority ept vpid fsgsbase tsc_adjust bmi1 avx2 smep bmi2 erms invpcid cqm xsaveopt cqm_llc cqm_occup_llc dtherm ida arat pln pts
bugs		:
bogomips	: 4601.55
clflush size	: 64
cache_alignment	: 64
address sizes	: 46 bits physical, 48 bits virtual
power management:

processor	: 5
vendor_id	: GenuineIntel
cpu family	: 6
model		: 63
model name	: Intel(R) Xeon(R) CPU E5-2699 v3 @ 2.30GHz
stepping	: 2
microcode	: 0x36
cpu MHz		: 2299.905
cache size	: 46080 KB
physical id	: 1
siblings	: 36
core id		: 2
cpu cores	: 18
apicid		: 68
initial apicid	: 68
fpu		: yes
fpu_exception	: yes
cpuid level	: 15
wp		: yes
flags		: fpu vme de pse tsc msr pae mce cx8 apic sep mtrr pge mca cmov pat pse36 clflush dts acpi mmx fxsr sse sse2 ss ht tm pbe syscall nx pdpe1gb rdtscp lm constant_tsc arch_perfmon pebs bts rep_good nopl xtopology nonstop_tsc aperfmperf eagerfpu pni pclmulqdq dtes64 monitor ds_cpl vmx smx est tm2 ssse3 sdbg fma cx16 xtpr pdcm pcid dca sse4_1 sse4_2 x2apic movbe popcnt tsc_deadline_timer aes xsave avx f16c rdrand lahf_lm abm epb tpr_shadow vnmi flexpriority ept vpid fsgsbase tsc_adjust bmi1 avx2 smep bmi2 erms invpcid cqm xsaveopt cqm_llc cqm_occup_llc dtherm ida arat pln pts
bugs		:
bogomips	: 4601.14
clflush size	: 64
cache_alignment	: 64
address sizes	: 46 bits physical, 48 bits virtual
power management:

processor	: 6
vendor_id	: GenuineIntel
cpu family	: 6
model		: 63
model name	: Intel(R) Xeon(R) CPU E5-2699 v3 @ 2.30GHz
stepping	: 2
microcode	: 0x36
cpu MHz		: 2299.905
cache size	: 46080 KB
physical id	: 0
siblings	: 36
core id		: 3
cpu cores	: 18
apicid		: 6
initial apicid	: 6
fpu		: yes
fpu_exception	: yes
cpuid level	: 15
wp		: yes
flags		: fpu vme de pse tsc msr pae mce cx8 apic sep mtrr pge mca cmov pat pse36 clflush dts acpi mmx fxsr sse sse2 ss ht tm pbe syscall nx pdpe1gb rdtscp lm constant_tsc arch_perfmon pebs bts rep_good nopl xtopology nonstop_tsc aperfmperf eagerfpu pni pclmulqdq dtes64 monitor ds_cpl vmx smx est tm2 ssse3 sdbg fma cx16 xtpr pdcm pcid dca sse4_1 sse4_2 x2apic movbe popcnt tsc_deadline_timer aes xsave avx f16c rdrand lahf_lm abm epb tpr_shadow vnmi flexpriority ept vpid fsgsbase tsc_adjust bmi1 avx2 smep bmi2 erms invpcid cqm xsaveopt cqm_llc cqm_occup_llc dtherm ida arat pln pts
bugs		:
bogomips	: 4601.15
clflush size	: 64
cache_alignment	: 64
address sizes	: 46 bits physical, 48 bits virtual
power management:

processor	: 7
vendor_id	: GenuineIntel
cpu family	: 6
model		: 63
model name	: Intel(R) Xeon(R) CPU E5-2699 v3 @ 2.30GHz
stepping	: 2
microcode	: 0x36
cpu MHz		: 2299.905
cache size	: 46080 KB
physical id	: 1
siblings	: 36
core id		: 3
cpu cores	: 18
apicid		: 70
initial apicid	: 70
fpu		: yes
fpu_exception	: yes
cpuid level	: 15
wp		: yes
flags		: fpu vme de pse tsc msr pae mce cx8 apic sep mtrr pge mca cmov pat pse36 clflush dts acpi mmx fxsr sse sse2 ss ht tm pbe syscall nx pdpe1gb rdtscp lm constant_tsc arch_perfmon pebs bts rep_good nopl xtopology nonstop_tsc aperfmperf eagerfpu pni pclmulqdq dtes64 monitor ds_cpl vmx smx est tm2 ssse3 sdbg fma cx16 xtpr pdcm pcid dca sse4_1 sse4_2 x2apic movbe popcnt tsc_deadline_timer aes xsave avx f16c rdrand lahf_lm abm epb tpr_shadow vnmi flexpriority ept vpid fsgsbase tsc_adjust bmi1 avx2 smep bmi2 erms invpcid cqm xsaveopt cqm_llc cqm_occup_llc dtherm ida arat pln pts
bugs		:
bogomips	: 4601.20
clflush size	: 64
cache_alignment	: 64
address sizes	: 46 bits physical, 48 bits virtual
power management:

processor	: 8
vendor_id	: GenuineIntel
cpu family	: 6
model		: 63
model name	: Intel(R) Xeon(R) CPU E5-2699 v3 @ 2.30GHz
stepping	: 2
microcode	: 0x36
cpu MHz		: 2299.905
cache size	: 46080 KB
physical id	: 0
siblings	: 36
core id		: 4
cpu cores	: 18
apicid		: 8
initial apicid	: 8
fpu		: yes
fpu_exception	: yes
cpuid level	: 15
wp		: yes
flags		: fpu vme de pse tsc msr pae mce cx8 apic sep mtrr pge mca cmov pat pse36 clflush dts acpi mmx fxsr sse sse2 ss ht tm pbe syscall nx pdpe1gb rdtscp lm constant_tsc arch_perfmon pebs bts rep_good nopl xtopology nonstop_tsc aperfmperf eagerfpu pni pclmulqdq dtes64 monitor ds_cpl vmx smx est tm2 ssse3 sdbg fma cx16 xtpr pdcm pcid dca sse4_1 sse4_2 x2apic movbe popcnt tsc_deadline_timer aes xsave avx f16c rdrand lahf_lm abm epb tpr_shadow vnmi flexpriority ept vpid fsgsbase tsc_adjust bmi1 avx2 smep bmi2 erms invpcid cqm xsaveopt cqm_llc cqm_occup_llc dtherm ida arat pln pts
bugs		:
bogomips	: 4601.21
clflush size	: 64
cache_alignment	: 64
address sizes	: 46 bits physical, 48 bits virtual
power management:

processor	: 9
vendor_id	: GenuineIntel
cpu family	: 6
model		: 63
model name	: Intel(R) Xeon(R) CPU E5-2699 v3 @ 2.30GHz
stepping	: 2
microcode	: 0x36
cpu MHz		: 2299.905
cache size	: 46080 KB
physical id	: 1
siblings	: 36
core id		: 4
cpu cores	: 18
apicid		: 72
initial apicid	: 72
fpu		: yes
fpu_exception	: yes
cpuid level	: 15
wp		: yes
flags		: fpu vme de pse tsc msr pae mce cx8 apic sep mtrr pge mca cmov pat pse36 clflush dts acpi mmx fxsr sse sse2 ss ht tm pbe syscall nx pdpe1gb rdtscp lm constant_tsc arch_perfmon pebs bts rep_good nopl xtopology nonstop_tsc aperfmperf eagerfpu pni pclmulqdq dtes64 monitor ds_cpl vmx smx est tm2 ssse3 sdbg fma cx16 xtpr pdcm pcid dca sse4_1 sse4_2 x2apic movbe popcnt tsc_deadline_timer aes xsave avx f16c rdrand lahf_lm abm epb tpr_shadow vnmi flexpriority ept vpid fsgsbase tsc_adjust bmi1 avx2 smep bmi2 erms invpcid cqm xsaveopt cqm_llc cqm_occup_llc dtherm ida arat pln pts
bugs		:
bogomips	: 4601.20
clflush size	: 64
cache_alignment	: 64
address sizes	: 46 bits physical, 48 bits virtual
power management:

processor	: 10
vendor_id	: GenuineIntel
cpu family	: 6
model		: 63
model name	: Intel(R) Xeon(R) CPU E5-2699 v3 @ 2.30GHz
stepping	: 2
microcode	: 0x36
cpu MHz		: 2299.905
cache size	: 46080 KB
physical id	: 0
siblings	: 36
core id		: 8
cpu cores	: 18
apicid		: 16
initial apicid	: 16
fpu		: yes
fpu_exception	: yes
cpuid level	: 15
wp		: yes
flags		: fpu vme de pse tsc msr pae mce cx8 apic sep mtrr pge mca cmov pat pse36 clflush dts acpi mmx fxsr sse sse2 ss ht tm pbe syscall nx pdpe1gb rdtscp lm constant_tsc arch_perfmon pebs bts rep_good nopl xtopology nonstop_tsc aperfmperf eagerfpu pni pclmulqdq dtes64 monitor ds_cpl vmx smx est tm2 ssse3 sdbg fma cx16 xtpr pdcm pcid dca sse4_1 sse4_2 x2apic movbe popcnt tsc_deadline_timer aes xsave avx f16c rdrand lahf_lm abm epb tpr_shadow vnmi flexpriority ept vpid fsgsbase tsc_adjust bmi1 avx2 smep bmi2 erms invpcid cqm xsaveopt cqm_llc cqm_occup_llc dtherm ida arat pln pts
bugs		:
bogomips	: 4601.08
clflush size	: 64
cache_alignment	: 64
address sizes	: 46 bits physical, 48 bits virtual
power management:

processor	: 11
vendor_id	: GenuineIntel
cpu family	: 6
model		: 63
model name	: Intel(R) Xeon(R) CPU E5-2699 v3 @ 2.30GHz
stepping	: 2
microcode	: 0x36
cpu MHz		: 2299.905
cache size	: 46080 KB
physical id	: 1
siblings	: 36
core id		: 8
cpu cores	: 18
apicid		: 80
initial apicid	: 80
fpu		: yes
fpu_exception	: yes
cpuid level	: 15
wp		: yes
flags		: fpu vme de pse tsc msr pae mce cx8 apic sep mtrr pge mca cmov pat pse36 clflush dts acpi mmx fxsr sse sse2 ss ht tm pbe syscall nx pdpe1gb rdtscp lm constant_tsc arch_perfmon pebs bts rep_good nopl xtopology nonstop_tsc aperfmperf eagerfpu pni pclmulqdq dtes64 monitor ds_cpl vmx smx est tm2 ssse3 sdbg fma cx16 xtpr pdcm pcid dca sse4_1 sse4_2 x2apic movbe popcnt tsc_deadline_timer aes xsave avx f16c rdrand lahf_lm abm epb tpr_shadow vnmi flexpriority ept vpid fsgsbase tsc_adjust bmi1 avx2 smep bmi2 erms invpcid cqm xsaveopt cqm_llc cqm_occup_llc dtherm ida arat pln pts
bugs		:
bogomips	: 4601.10
clflush size	: 64
cache_alignment	: 64
address sizes	: 46 bits physical, 48 bits virtual
power management:

processor	: 12
vendor_id	: GenuineIntel
cpu family	: 6
model		: 63
model name	: Intel(R) Xeon(R) CPU E5-2699 v3 @ 2.30GHz
stepping	: 2
microcode	: 0x36
cpu MHz		: 2299.905
cache size	: 46080 KB
physical id	: 0
siblings	: 36
core id		: 9
cpu cores	: 18
apicid		: 18
initial apicid	: 18
fpu		: yes
fpu_exception	: yes
cpuid level	: 15
wp		: yes
flags		: fpu vme de pse tsc msr pae mce cx8 apic sep mtrr pge mca cmov pat pse36 clflush dts acpi mmx fxsr sse sse2 ss ht tm pbe syscall nx pdpe1gb rdtscp lm constant_tsc arch_perfmon pebs bts rep_good nopl xtopology nonstop_tsc aperfmperf eagerfpu pni pclmulqdq dtes64 monitor ds_cpl vmx smx est tm2 ssse3 sdbg fma cx16 xtpr pdcm pcid dca sse4_1 sse4_2 x2apic movbe popcnt tsc_deadline_timer aes xsave avx f16c rdrand lahf_lm abm epb tpr_shadow vnmi flexpriority ept vpid fsgsbase tsc_adjust bmi1 avx2 smep bmi2 erms invpcid cqm xsaveopt cqm_llc cqm_occup_llc dtherm ida arat pln pts
bugs		:
bogomips	: 4601.14
clflush size	: 64
cache_alignment	: 64
address sizes	: 46 bits physical, 48 bits virtual
power management:

processor	: 13
vendor_id	: GenuineIntel
cpu family	: 6
model		: 63
model name	: Intel(R) Xeon(R) CPU E5-2699 v3 @ 2.30GHz
stepping	: 2
microcode	: 0x36
cpu MHz		: 2299.905
cache size	: 46080 KB
physical id	: 1
siblings	: 36
core id		: 9
cpu cores	: 18
apicid		: 82
initial apicid	: 82
fpu		: yes
fpu_exception	: yes
cpuid level	: 15
wp		: yes
flags		: fpu vme de pse tsc msr pae mce cx8 apic sep mtrr pge mca cmov pat pse36 clflush dts acpi mmx fxsr sse sse2 ss ht tm pbe syscall nx pdpe1gb rdtscp lm constant_tsc arch_perfmon pebs bts rep_good nopl xtopology nonstop_tsc aperfmperf eagerfpu pni pclmulqdq dtes64 monitor ds_cpl vmx smx est tm2 ssse3 sdbg fma cx16 xtpr pdcm pcid dca sse4_1 sse4_2 x2apic movbe popcnt tsc_deadline_timer aes xsave avx f16c rdrand lahf_lm abm epb tpr_shadow vnmi flexpriority ept vpid fsgsbase tsc_adjust bmi1 avx2 smep bmi2 erms invpcid cqm xsaveopt cqm_llc cqm_occup_llc dtherm ida arat pln pts
bugs		:
bogomips	: 4601.19
clflush size	: 64
cache_alignment	: 64
address sizes	: 46 bits physical, 48 bits virtual
power management:

processor	: 14
vendor_id	: GenuineIntel
cpu family	: 6
model		: 63
model name	: Intel(R) Xeon(R) CPU E5-2699 v3 @ 2.30GHz
stepping	: 2
microcode	: 0x36
cpu MHz		: 2299.905
cache size	: 46080 KB
physical id	: 0
siblings	: 36
core id		: 10
cpu cores	: 18
apicid		: 20
initial apicid	: 20
fpu		: yes
fpu_exception	: yes
cpuid level	: 15
wp		: yes
flags		: fpu vme de pse tsc msr pae mce cx8 apic sep mtrr pge mca cmov pat pse36 clflush dts acpi mmx fxsr sse sse2 ss ht tm pbe syscall nx pdpe1gb rdtscp lm constant_tsc arch_perfmon pebs bts rep_good nopl xtopology nonstop_tsc aperfmperf eagerfpu pni pclmulqdq dtes64 monitor ds_cpl vmx smx est tm2 ssse3 sdbg fma cx16 xtpr pdcm pcid dca sse4_1 sse4_2 x2apic movbe popcnt tsc_deadline_timer aes xsave avx f16c rdrand lahf_lm abm epb tpr_shadow vnmi flexpriority ept vpid fsgsbase tsc_adjust bmi1 avx2 smep bmi2 erms invpcid cqm xsaveopt cqm_llc cqm_occup_llc dtherm ida arat pln pts
bugs		:
bogomips	: 4601.12
clflush size	: 64
cache_alignment	: 64
address sizes	: 46 bits physical, 48 bits virtual
power management:

processor	: 15
vendor_id	: GenuineIntel
cpu family	: 6
model		: 63
model name	: Intel(R) Xeon(R) CPU E5-2699 v3 @ 2.30GHz
stepping	: 2
microcode	: 0x36
cpu MHz		: 2299.905
cache size	: 46080 KB
physical id	: 1
siblings	: 36
core id		: 10
cpu cores	: 18
apicid		: 84
initial apicid	: 84
fpu		: yes
fpu_exception	: yes
cpuid level	: 15
wp		: yes
flags		: fpu vme de pse tsc msr pae mce cx8 apic sep mtrr pge mca cmov pat pse36 clflush dts acpi mmx fxsr sse sse2 ss ht tm pbe syscall nx pdpe1gb rdtscp lm constant_tsc arch_perfmon pebs bts rep_good nopl xtopology nonstop_tsc aperfmperf eagerfpu pni pclmulqdq dtes64 monitor ds_cpl vmx smx est tm2 ssse3 sdbg fma cx16 xtpr pdcm pcid dca sse4_1 sse4_2 x2apic movbe popcnt tsc_deadline_timer aes xsave avx f16c rdrand lahf_lm abm epb tpr_shadow vnmi flexpriority ept vpid fsgsbase tsc_adjust bmi1 avx2 smep bmi2 erms invpcid cqm xsaveopt cqm_llc cqm_occup_llc dtherm ida arat pln pts
bugs		:
bogomips	: 4601.19
clflush size	: 64
cache_alignment	: 64
address sizes	: 46 bits physical, 48 bits virtual
power management:

processor	: 16
vendor_id	: GenuineIntel
cpu family	: 6
model		: 63
model name	: Intel(R) Xeon(R) CPU E5-2699 v3 @ 2.30GHz
stepping	: 2
microcode	: 0x36
cpu MHz		: 2299.905
cache size	: 46080 KB
physical id	: 0
siblings	: 36
core id		: 11
cpu cores	: 18
apicid		: 22
initial apicid	: 22
fpu		: yes
fpu_exception	: yes
cpuid level	: 15
wp		: yes
flags		: fpu vme de pse tsc msr pae mce cx8 apic sep mtrr pge mca cmov pat pse36 clflush dts acpi mmx fxsr sse sse2 ss ht tm pbe syscall nx pdpe1gb rdtscp lm constant_tsc arch_perfmon pebs bts rep_good nopl xtopology nonstop_tsc aperfmperf eagerfpu pni pclmulqdq dtes64 monitor ds_cpl vmx smx est tm2 ssse3 sdbg fma cx16 xtpr pdcm pcid dca sse4_1 sse4_2 x2apic movbe popcnt tsc_deadline_timer aes xsave avx f16c rdrand lahf_lm abm epb tpr_shadow vnmi flexpriority ept vpid fsgsbase tsc_adjust bmi1 avx2 smep bmi2 erms invpcid cqm xsaveopt cqm_llc cqm_occup_llc dtherm ida arat pln pts
bugs		:
bogomips	: 4601.14
clflush size	: 64
cache_alignment	: 64
address sizes	: 46 bits physical, 48 bits virtual
power management:

processor	: 17
vendor_id	: GenuineIntel
cpu family	: 6
model		: 63
model name	: Intel(R) Xeon(R) CPU E5-2699 v3 @ 2.30GHz
stepping	: 2
microcode	: 0x36
cpu MHz		: 2299.905
cache size	: 46080 KB
physical id	: 1
siblings	: 36
core id		: 11
cpu cores	: 18
apicid		: 86
initial apicid	: 86
fpu		: yes
fpu_exception	: yes
cpuid level	: 15
wp		: yes
flags		: fpu vme de pse tsc msr pae mce cx8 apic sep mtrr pge mca cmov pat pse36 clflush dts acpi mmx fxsr sse sse2 ss ht tm pbe syscall nx pdpe1gb rdtscp lm constant_tsc arch_perfmon pebs bts rep_good nopl xtopology nonstop_tsc aperfmperf eagerfpu pni pclmulqdq dtes64 monitor ds_cpl vmx smx est tm2 ssse3 sdbg fma cx16 xtpr pdcm pcid dca sse4_1 sse4_2 x2apic movbe popcnt tsc_deadline_timer aes xsave avx f16c rdrand lahf_lm abm epb tpr_shadow vnmi flexpriority ept vpid fsgsbase tsc_adjust bmi1 avx2 smep bmi2 erms invpcid cqm xsaveopt cqm_llc cqm_occup_llc dtherm ida arat pln pts
bugs		:
bogomips	: 4601.11
clflush size	: 64
cache_alignment	: 64
address sizes	: 46 bits physical, 48 bits virtual
power management:

processor	: 18
vendor_id	: GenuineIntel
cpu family	: 6
model		: 63
model name	: Intel(R) Xeon(R) CPU E5-2699 v3 @ 2.30GHz
stepping	: 2
microcode	: 0x36
cpu MHz		: 2299.905
cache size	: 46080 KB
physical id	: 0
siblings	: 36
core id		: 16
cpu cores	: 18
apicid		: 32
initial apicid	: 32
fpu		: yes
fpu_exception	: yes
cpuid level	: 15
wp		: yes
flags		: fpu vme de pse tsc msr pae mce cx8 apic sep mtrr pge mca cmov pat pse36 clflush dts acpi mmx fxsr sse sse2 ss ht tm pbe syscall nx pdpe1gb rdtscp lm constant_tsc arch_perfmon pebs bts rep_good nopl xtopology nonstop_tsc aperfmperf eagerfpu pni pclmulqdq dtes64 monitor ds_cpl vmx smx est tm2 ssse3 sdbg fma cx16 xtpr pdcm pcid dca sse4_1 sse4_2 x2apic movbe popcnt tsc_deadline_timer aes xsave avx f16c rdrand lahf_lm abm epb tpr_shadow vnmi flexpriority ept vpid fsgsbase tsc_adjust bmi1 avx2 smep bmi2 erms invpcid cqm xsaveopt cqm_llc cqm_occup_llc dtherm ida arat pln pts
bugs		:
bogomips	: 4601.15
clflush size	: 64
cache_alignment	: 64
address sizes	: 46 bits physical, 48 bits virtual
power management:

processor	: 19
vendor_id	: GenuineIntel
cpu family	: 6
model		: 63
model name	: Intel(R) Xeon(R) CPU E5-2699 v3 @ 2.30GHz
stepping	: 2
microcode	: 0x36
cpu MHz		: 2299.905
cache size	: 46080 KB
physical id	: 1
siblings	: 36
core id		: 16
cpu cores	: 18
apicid		: 96
initial apicid	: 96
fpu		: yes
fpu_exception	: yes
cpuid level	: 15
wp		: yes
flags		: fpu vme de pse tsc msr pae mce cx8 apic sep mtrr pge mca cmov pat pse36 clflush dts acpi mmx fxsr sse sse2 ss ht tm pbe syscall nx pdpe1gb rdtscp lm constant_tsc arch_perfmon pebs bts rep_good nopl xtopology nonstop_tsc aperfmperf eagerfpu pni pclmulqdq dtes64 monitor ds_cpl vmx smx est tm2 ssse3 sdbg fma cx16 xtpr pdcm pcid dca sse4_1 sse4_2 x2apic movbe popcnt tsc_deadline_timer aes xsave avx f16c rdrand lahf_lm abm epb tpr_shadow vnmi flexpriority ept vpid fsgsbase tsc_adjust bmi1 avx2 smep bmi2 erms invpcid cqm xsaveopt cqm_llc cqm_occup_llc dtherm ida arat pln pts
bugs		:
bogomips	: 4601.15
clflush size	: 64
cache_alignment	: 64
address sizes	: 46 bits physical, 48 bits virtual
power management:

processor	: 20
vendor_id	: GenuineIntel
cpu family	: 6
model		: 63
model name	: Intel(R) Xeon(R) CPU E5-2699 v3 @ 2.30GHz
stepping	: 2
microcode	: 0x36
cpu MHz		: 2299.905
cache size	: 46080 KB
physical id	: 0
siblings	: 36
core id		: 17
cpu cores	: 18
apicid		: 34
initial apicid	: 34
fpu		: yes
fpu_exception	: yes
cpuid level	: 15
wp		: yes
flags		: fpu vme de pse tsc msr pae mce cx8 apic sep mtrr pge mca cmov pat pse36 clflush dts acpi mmx fxsr sse sse2 ss ht tm pbe syscall nx pdpe1gb rdtscp lm constant_tsc arch_perfmon pebs bts rep_good nopl xtopology nonstop_tsc aperfmperf eagerfpu pni pclmulqdq dtes64 monitor ds_cpl vmx smx est tm2 ssse3 sdbg fma cx16 xtpr pdcm pcid dca sse4_1 sse4_2 x2apic movbe popcnt tsc_deadline_timer aes xsave avx f16c rdrand lahf_lm abm epb tpr_shadow vnmi flexpriority ept vpid fsgsbase tsc_adjust bmi1 avx2 smep bmi2 erms invpcid cqm xsaveopt cqm_llc cqm_occup_llc dtherm ida arat pln pts
bugs		:
bogomips	: 4601.27
clflush size	: 64
cache_alignment	: 64
address sizes	: 46 bits physical, 48 bits virtual
power management:

processor	: 21
vendor_id	: GenuineIntel
cpu family	: 6
model		: 63
model name	: Intel(R) Xeon(R) CPU E5-2699 v3 @ 2.30GHz
stepping	: 2
microcode	: 0x36
cpu MHz		: 2299.905
cache size	: 46080 KB
physical id	: 1
siblings	: 36
core id		: 17
cpu cores	: 18
apicid		: 98
initial apicid	: 98
fpu		: yes
fpu_exception	: yes
cpuid level	: 15
wp		: yes
flags		: fpu vme de pse tsc msr pae mce cx8 apic sep mtrr pge mca cmov pat pse36 clflush dts acpi mmx fxsr sse sse2 ss ht tm pbe syscall nx pdpe1gb rdtscp lm constant_tsc arch_perfmon pebs bts rep_good nopl xtopology nonstop_tsc aperfmperf eagerfpu pni pclmulqdq dtes64 monitor ds_cpl vmx smx est tm2 ssse3 sdbg fma cx16 xtpr pdcm pcid dca sse4_1 sse4_2 x2apic movbe popcnt tsc_deadline_timer aes xsave avx f16c rdrand lahf_lm abm epb tpr_shadow vnmi flexpriority ept vpid fsgsbase tsc_adjust bmi1 avx2 smep bmi2 erms invpcid cqm xsaveopt cqm_llc cqm_occup_llc dtherm ida arat pln pts
bugs		:
bogomips	: 4601.25
clflush size	: 64
cache_alignment	: 64
address sizes	: 46 bits physical, 48 bits virtual
power management:

processor	: 22
vendor_id	: GenuineIntel
cpu family	: 6
model		: 63
model name	: Intel(R) Xeon(R) CPU E5-2699 v3 @ 2.30GHz
stepping	: 2
microcode	: 0x36
cpu MHz		: 2299.905
cache size	: 46080 KB
physical id	: 0
siblings	: 36
core id		: 18
cpu cores	: 18
apicid		: 36
initial apicid	: 36
fpu		: yes
fpu_exception	: yes
cpuid level	: 15
wp		: yes
flags		: fpu vme de pse tsc msr pae mce cx8 apic sep mtrr pge mca cmov pat pse36 clflush dts acpi mmx fxsr sse sse2 ss ht tm pbe syscall nx pdpe1gb rdtscp lm constant_tsc arch_perfmon pebs bts rep_good nopl xtopology nonstop_tsc aperfmperf eagerfpu pni pclmulqdq dtes64 monitor ds_cpl vmx smx est tm2 ssse3 sdbg fma cx16 xtpr pdcm pcid dca sse4_1 sse4_2 x2apic movbe popcnt tsc_deadline_timer aes xsave avx f16c rdrand lahf_lm abm epb tpr_shadow vnmi flexpriority ept vpid fsgsbase tsc_adjust bmi1 avx2 smep bmi2 erms invpcid cqm xsaveopt cqm_llc cqm_occup_llc dtherm ida arat pln pts
bugs		:
bogomips	: 4601.19
clflush size	: 64
cache_alignment	: 64
address sizes	: 46 bits physical, 48 bits virtual
power management:

processor	: 23
vendor_id	: GenuineIntel
cpu family	: 6
model		: 63
model name	: Intel(R) Xeon(R) CPU E5-2699 v3 @ 2.30GHz
stepping	: 2
microcode	: 0x36
cpu MHz		: 2299.905
cache size	: 46080 KB
physical id	: 1
siblings	: 36
core id		: 18
cpu cores	: 18
apicid		: 100
initial apicid	: 100
fpu		: yes
fpu_exception	: yes
cpuid level	: 15
wp		: yes
flags		: fpu vme de pse tsc msr pae mce cx8 apic sep mtrr pge mca cmov pat pse36 clflush dts acpi mmx fxsr sse sse2 ss ht tm pbe syscall nx pdpe1gb rdtscp lm constant_tsc arch_perfmon pebs bts rep_good nopl xtopology nonstop_tsc aperfmperf eagerfpu pni pclmulqdq dtes64 monitor ds_cpl vmx smx est tm2 ssse3 sdbg fma cx16 xtpr pdcm pcid dca sse4_1 sse4_2 x2apic movbe popcnt tsc_deadline_timer aes xsave avx f16c rdrand lahf_lm abm epb tpr_shadow vnmi flexpriority ept vpid fsgsbase tsc_adjust bmi1 avx2 smep bmi2 erms invpcid cqm xsaveopt cqm_llc cqm_occup_llc dtherm ida arat pln pts
bugs		:
bogomips	: 4601.30
clflush size	: 64
cache_alignment	: 64
address sizes	: 46 bits physical, 48 bits virtual
power management:

processor	: 24
vendor_id	: GenuineIntel
cpu family	: 6
model		: 63
model name	: Intel(R) Xeon(R) CPU E5-2699 v3 @ 2.30GHz
stepping	: 2
microcode	: 0x36
cpu MHz		: 2299.905
cache size	: 46080 KB
physical id	: 0
siblings	: 36
core id		: 19
cpu cores	: 18
apicid		: 38
initial apicid	: 38
fpu		: yes
fpu_exception	: yes
cpuid level	: 15
wp		: yes
flags		: fpu vme de pse tsc msr pae mce cx8 apic sep mtrr pge mca cmov pat pse36 clflush dts acpi mmx fxsr sse sse2 ss ht tm pbe syscall nx pdpe1gb rdtscp lm constant_tsc arch_perfmon pebs bts rep_good nopl xtopology nonstop_tsc aperfmperf eagerfpu pni pclmulqdq dtes64 monitor ds_cpl vmx smx est tm2 ssse3 sdbg fma cx16 xtpr pdcm pcid dca sse4_1 sse4_2 x2apic movbe popcnt tsc_deadline_timer aes xsave avx f16c rdrand lahf_lm abm epb tpr_shadow vnmi flexpriority ept vpid fsgsbase tsc_adjust bmi1 avx2 smep bmi2 erms invpcid cqm xsaveopt cqm_llc cqm_occup_llc dtherm ida arat pln pts
bugs		:
bogomips	: 4601.36
clflush size	: 64
cache_alignment	: 64
address sizes	: 46 bits physical, 48 bits virtual
power management:

processor	: 25
vendor_id	: GenuineIntel
cpu family	: 6
model		: 63
model name	: Intel(R) Xeon(R) CPU E5-2699 v3 @ 2.30GHz
stepping	: 2
microcode	: 0x36
cpu MHz		: 2299.905
cache size	: 46080 KB
physical id	: 1
siblings	: 36
core id		: 19
cpu cores	: 18
apicid		: 102
initial apicid	: 102
fpu		: yes
fpu_exception	: yes
cpuid level	: 15
wp		: yes
flags		: fpu vme de pse tsc msr pae mce cx8 apic sep mtrr pge mca cmov pat pse36 clflush dts acpi mmx fxsr sse sse2 ss ht tm pbe syscall nx pdpe1gb rdtscp lm constant_tsc arch_perfmon pebs bts rep_good nopl xtopology nonstop_tsc aperfmperf eagerfpu pni pclmulqdq dtes64 monitor ds_cpl vmx smx est tm2 ssse3 sdbg fma cx16 xtpr pdcm pcid dca sse4_1 sse4_2 x2apic movbe popcnt tsc_deadline_timer aes xsave avx f16c rdrand lahf_lm abm epb tpr_shadow vnmi flexpriority ept vpid fsgsbase tsc_adjust bmi1 avx2 smep bmi2 erms invpcid cqm xsaveopt cqm_llc cqm_occup_llc dtherm ida arat pln pts
bugs		:
bogomips	: 4601.35
clflush size	: 64
cache_alignment	: 64
address sizes	: 46 bits physical, 48 bits virtual
power management:

processor	: 26
vendor_id	: GenuineIntel
cpu family	: 6
model		: 63
model name	: Intel(R) Xeon(R) CPU E5-2699 v3 @ 2.30GHz
stepping	: 2
microcode	: 0x36
cpu MHz		: 2299.905
cache size	: 46080 KB
physical id	: 0
siblings	: 36
core id		: 20
cpu cores	: 18
apicid		: 40
initial apicid	: 40
fpu		: yes
fpu_exception	: yes
cpuid level	: 15
wp		: yes
flags		: fpu vme de pse tsc msr pae mce cx8 apic sep mtrr pge mca cmov pat pse36 clflush dts acpi mmx fxsr sse sse2 ss ht tm pbe syscall nx pdpe1gb rdtscp lm constant_tsc arch_perfmon pebs bts rep_good nopl xtopology nonstop_tsc aperfmperf eagerfpu pni pclmulqdq dtes64 monitor ds_cpl vmx smx est tm2 ssse3 sdbg fma cx16 xtpr pdcm pcid dca sse4_1 sse4_2 x2apic movbe popcnt tsc_deadline_timer aes xsave avx f16c rdrand lahf_lm abm epb tpr_shadow vnmi flexpriority ept vpid fsgsbase tsc_adjust bmi1 avx2 smep bmi2 erms invpcid cqm xsaveopt cqm_llc cqm_occup_llc dtherm ida arat pln pts
bugs		:
bogomips	: 4601.25
clflush size	: 64
cache_alignment	: 64
address sizes	: 46 bits physical, 48 bits virtual
power management:

processor	: 27
vendor_id	: GenuineIntel
cpu family	: 6
model		: 63
model name	: Intel(R) Xeon(R) CPU E5-2699 v3 @ 2.30GHz
stepping	: 2
microcode	: 0x36
cpu MHz		: 2299.905
cache size	: 46080 KB
physical id	: 1
siblings	: 36
core id		: 20
cpu cores	: 18
apicid		: 104
initial apicid	: 104
fpu		: yes
fpu_exception	: yes
cpuid level	: 15
wp		: yes
flags		: fpu vme de pse tsc msr pae mce cx8 apic sep mtrr pge mca cmov pat pse36 clflush dts acpi mmx fxsr sse sse2 ss ht tm pbe syscall nx pdpe1gb rdtscp lm constant_tsc arch_perfmon pebs bts rep_good nopl xtopology nonstop_tsc aperfmperf eagerfpu pni pclmulqdq dtes64 monitor ds_cpl vmx smx est tm2 ssse3 sdbg fma cx16 xtpr pdcm pcid dca sse4_1 sse4_2 x2apic movbe popcnt tsc_deadline_timer aes xsave avx f16c rdrand lahf_lm abm epb tpr_shadow vnmi flexpriority ept vpid fsgsbase tsc_adjust bmi1 avx2 smep bmi2 erms invpcid cqm xsaveopt cqm_llc cqm_occup_llc dtherm ida arat pln pts
bugs		:
bogomips	: 4601.42
clflush size	: 64
cache_alignment	: 64
address sizes	: 46 bits physical, 48 bits virtual
power management:

processor	: 28
vendor_id	: GenuineIntel
cpu family	: 6
model		: 63
model name	: Intel(R) Xeon(R) CPU E5-2699 v3 @ 2.30GHz
stepping	: 2
microcode	: 0x36
cpu MHz		: 2299.905
cache size	: 46080 KB
physical id	: 0
siblings	: 36
core id		: 24
cpu cores	: 18
apicid		: 48
initial apicid	: 48
fpu		: yes
fpu_exception	: yes
cpuid level	: 15
wp		: yes
flags		: fpu vme de pse tsc msr pae mce cx8 apic sep mtrr pge mca cmov pat pse36 clflush dts acpi mmx fxsr sse sse2 ss ht tm pbe syscall nx pdpe1gb rdtscp lm constant_tsc arch_perfmon pebs bts rep_good nopl xtopology nonstop_tsc aperfmperf eagerfpu pni pclmulqdq dtes64 monitor ds_cpl vmx smx est tm2 ssse3 sdbg fma cx16 xtpr pdcm pcid dca sse4_1 sse4_2 x2apic movbe popcnt tsc_deadline_timer aes xsave avx f16c rdrand lahf_lm abm epb tpr_shadow vnmi flexpriority ept vpid fsgsbase tsc_adjust bmi1 avx2 smep bmi2 erms invpcid cqm xsaveopt cqm_llc cqm_occup_llc dtherm ida arat pln pts
bugs		:
bogomips	: 4601.28
clflush size	: 64
cache_alignment	: 64
address sizes	: 46 bits physical, 48 bits virtual
power management:

processor	: 29
vendor_id	: GenuineIntel
cpu family	: 6
model		: 63
model name	: Intel(R) Xeon(R) CPU E5-2699 v3 @ 2.30GHz
stepping	: 2
microcode	: 0x36
cpu MHz		: 2299.905
cache size	: 46080 KB
physical id	: 1
siblings	: 36
core id		: 24
cpu cores	: 18
apicid		: 112
initial apicid	: 112
fpu		: yes
fpu_exception	: yes
cpuid level	: 15
wp		: yes
flags		: fpu vme de pse tsc msr pae mce cx8 apic sep mtrr pge mca cmov pat pse36 clflush dts acpi mmx fxsr sse sse2 ss ht tm pbe syscall nx pdpe1gb rdtscp lm constant_tsc arch_perfmon pebs bts rep_good nopl xtopology nonstop_tsc aperfmperf eagerfpu pni pclmulqdq dtes64 monitor ds_cpl vmx smx est tm2 ssse3 sdbg fma cx16 xtpr pdcm pcid dca sse4_1 sse4_2 x2apic movbe popcnt tsc_deadline_timer aes xsave avx f16c rdrand lahf_lm abm epb tpr_shadow vnmi flexpriority ept vpid fsgsbase tsc_adjust bmi1 avx2 smep bmi2 erms invpcid cqm xsaveopt cqm_llc cqm_occup_llc dtherm ida arat pln pts
bugs		:
bogomips	: 4601.30
clflush size	: 64
cache_alignment	: 64
address sizes	: 46 bits physical, 48 bits virtual
power management:

processor	: 30
vendor_id	: GenuineIntel
cpu family	: 6
model		: 63
model name	: Intel(R) Xeon(R) CPU E5-2699 v3 @ 2.30GHz
stepping	: 2
microcode	: 0x36
cpu MHz		: 2299.905
cache size	: 46080 KB
physical id	: 0
siblings	: 36
core id		: 25
cpu cores	: 18
apicid		: 50
initial apicid	: 50
fpu		: yes
fpu_exception	: yes
cpuid level	: 15
wp		: yes
flags		: fpu vme de pse tsc msr pae mce cx8 apic sep mtrr pge mca cmov pat pse36 clflush dts acpi mmx fxsr sse sse2 ss ht tm pbe syscall nx pdpe1gb rdtscp lm constant_tsc arch_perfmon pebs bts rep_good nopl xtopology nonstop_tsc aperfmperf eagerfpu pni pclmulqdq dtes64 monitor ds_cpl vmx smx est tm2 ssse3 sdbg fma cx16 xtpr pdcm pcid dca sse4_1 sse4_2 x2apic movbe popcnt tsc_deadline_timer aes xsave avx f16c rdrand lahf_lm abm epb tpr_shadow vnmi flexpriority ept vpid fsgsbase tsc_adjust bmi1 avx2 smep bmi2 erms invpcid cqm xsaveopt cqm_llc cqm_occup_llc dtherm ida arat pln pts
bugs		:
bogomips	: 4601.22
clflush size	: 64
cache_alignment	: 64
address sizes	: 46 bits physical, 48 bits virtual
power management:

processor	: 31
vendor_id	: GenuineIntel
cpu family	: 6
model		: 63
model name	: Intel(R) Xeon(R) CPU E5-2699 v3 @ 2.30GHz
stepping	: 2
microcode	: 0x36
cpu MHz		: 2299.905
cache size	: 46080 KB
physical id	: 1
siblings	: 36
core id		: 25
cpu cores	: 18
apicid		: 114
initial apicid	: 114
fpu		: yes
fpu_exception	: yes
cpuid level	: 15
wp		: yes
flags		: fpu vme de pse tsc msr pae mce cx8 apic sep mtrr pge mca cmov pat pse36 clflush dts acpi mmx fxsr sse sse2 ss ht tm pbe syscall nx pdpe1gb rdtscp lm constant_tsc arch_perfmon pebs bts rep_good nopl xtopology nonstop_tsc aperfmperf eagerfpu pni pclmulqdq dtes64 monitor ds_cpl vmx smx est tm2 ssse3 sdbg fma cx16 xtpr pdcm pcid dca sse4_1 sse4_2 x2apic movbe popcnt tsc_deadline_timer aes xsave avx f16c rdrand lahf_lm abm epb tpr_shadow vnmi flexpriority ept vpid fsgsbase tsc_adjust bmi1 avx2 smep bmi2 erms invpcid cqm xsaveopt cqm_llc cqm_occup_llc dtherm ida arat pln pts
bugs		:
bogomips	: 4601.28
clflush size	: 64
cache_alignment	: 64
address sizes	: 46 bits physical, 48 bits virtual
power management:

processor	: 32
vendor_id	: GenuineIntel
cpu family	: 6
model		: 63
model name	: Intel(R) Xeon(R) CPU E5-2699 v3 @ 2.30GHz
stepping	: 2
microcode	: 0x36
cpu MHz		: 2299.905
cache size	: 46080 KB
physical id	: 0
siblings	: 36
core id		: 26
cpu cores	: 18
apicid		: 52
initial apicid	: 52
fpu		: yes
fpu_exception	: yes
cpuid level	: 15
wp		: yes
flags		: fpu vme de pse tsc msr pae mce cx8 apic sep mtrr pge mca cmov pat pse36 clflush dts acpi mmx fxsr sse sse2 ss ht tm pbe syscall nx pdpe1gb rdtscp lm constant_tsc arch_perfmon pebs bts rep_good nopl xtopology nonstop_tsc aperfmperf eagerfpu pni pclmulqdq dtes64 monitor ds_cpl vmx smx est tm2 ssse3 sdbg fma cx16 xtpr pdcm pcid dca sse4_1 sse4_2 x2apic movbe popcnt tsc_deadline_timer aes xsave avx f16c rdrand lahf_lm abm epb tpr_shadow vnmi flexpriority ept vpid fsgsbase tsc_adjust bmi1 avx2 smep bmi2 erms invpcid cqm xsaveopt cqm_llc cqm_occup_llc dtherm ida arat pln pts
bugs		:
bogomips	: 4601.14
clflush size	: 64
cache_alignment	: 64
address sizes	: 46 bits physical, 48 bits virtual
power management:

processor	: 33
vendor_id	: GenuineIntel
cpu family	: 6
model		: 63
model name	: Intel(R) Xeon(R) CPU E5-2699 v3 @ 2.30GHz
stepping	: 2
microcode	: 0x36
cpu MHz		: 2299.905
cache size	: 46080 KB
physical id	: 1
siblings	: 36
core id		: 26
cpu cores	: 18
apicid		: 116
initial apicid	: 116
fpu		: yes
fpu_exception	: yes
cpuid level	: 15
wp		: yes
flags		: fpu vme de pse tsc msr pae mce cx8 apic sep mtrr pge mca cmov pat pse36 clflush dts acpi mmx fxsr sse sse2 ss ht tm pbe syscall nx pdpe1gb rdtscp lm constant_tsc arch_perfmon pebs bts rep_good nopl xtopology nonstop_tsc aperfmperf eagerfpu pni pclmulqdq dtes64 monitor ds_cpl vmx smx est tm2 ssse3 sdbg fma cx16 xtpr pdcm pcid dca sse4_1 sse4_2 x2apic movbe popcnt tsc_deadline_timer aes xsave avx f16c rdrand lahf_lm abm epb tpr_shadow vnmi flexpriority ept vpid fsgsbase tsc_adjust bmi1 avx2 smep bmi2 erms invpcid cqm xsaveopt cqm_llc cqm_occup_llc dtherm ida arat pln pts
bugs		:
bogomips	: 4601.20
clflush size	: 64
cache_alignment	: 64
address sizes	: 46 bits physical, 48 bits virtual
power management:

processor	: 34
vendor_id	: GenuineIntel
cpu family	: 6
model		: 63
model name	: Intel(R) Xeon(R) CPU E5-2699 v3 @ 2.30GHz
stepping	: 2
microcode	: 0x36
cpu MHz		: 2299.905
cache size	: 46080 KB
physical id	: 0
siblings	: 36
core id		: 27
cpu cores	: 18
apicid		: 54
initial apicid	: 54
fpu		: yes
fpu_exception	: yes
cpuid level	: 15
wp		: yes
flags		: fpu vme de pse tsc msr pae mce cx8 apic sep mtrr pge mca cmov pat pse36 clflush dts acpi mmx fxsr sse sse2 ss ht tm pbe syscall nx pdpe1gb rdtscp lm constant_tsc arch_perfmon pebs bts rep_good nopl xtopology nonstop_tsc aperfmperf eagerfpu pni pclmulqdq dtes64 monitor ds_cpl vmx smx est tm2 ssse3 sdbg fma cx16 xtpr pdcm pcid dca sse4_1 sse4_2 x2apic movbe popcnt tsc_deadline_timer aes xsave avx f16c rdrand lahf_lm abm epb tpr_shadow vnmi flexpriority ept vpid fsgsbase tsc_adjust bmi1 avx2 smep bmi2 erms invpcid cqm xsaveopt cqm_llc cqm_occup_llc dtherm ida arat pln pts
bugs		:
bogomips	: 4601.15
clflush size	: 64
cache_alignment	: 64
address sizes	: 46 bits physical, 48 bits virtual
power management:

processor	: 35
vendor_id	: GenuineIntel
cpu family	: 6
model		: 63
model name	: Intel(R) Xeon(R) CPU E5-2699 v3 @ 2.30GHz
stepping	: 2
microcode	: 0x36
cpu MHz		: 2299.905
cache size	: 46080 KB
physical id	: 1
siblings	: 36
core id		: 27
cpu cores	: 18
apicid		: 118
initial apicid	: 118
fpu		: yes
fpu_exception	: yes
cpuid level	: 15
wp		: yes
flags		: fpu vme de pse tsc msr pae mce cx8 apic sep mtrr pge mca cmov pat pse36 clflush dts acpi mmx fxsr sse sse2 ss ht tm pbe syscall nx pdpe1gb rdtscp lm constant_tsc arch_perfmon pebs bts rep_good nopl xtopology nonstop_tsc aperfmperf eagerfpu pni pclmulqdq dtes64 monitor ds_cpl vmx smx est tm2 ssse3 sdbg fma cx16 xtpr pdcm pcid dca sse4_1 sse4_2 x2apic movbe popcnt tsc_deadline_timer aes xsave avx f16c rdrand lahf_lm abm epb tpr_shadow vnmi flexpriority ept vpid fsgsbase tsc_adjust bmi1 avx2 smep bmi2 erms invpcid cqm xsaveopt cqm_llc cqm_occup_llc dtherm ida arat pln pts
bugs		:
bogomips	: 4601.56
clflush size	: 64
cache_alignment	: 64
address sizes	: 46 bits physical, 48 bits virtual
power management:

processor	: 36
vendor_id	: GenuineIntel
cpu family	: 6
model		: 63
model name	: Intel(R) Xeon(R) CPU E5-2699 v3 @ 2.30GHz
stepping	: 2
microcode	: 0x36
cpu MHz		: 2299.905
cache size	: 46080 KB
physical id	: 0
siblings	: 36
core id		: 0
cpu cores	: 18
apicid		: 1
initial apicid	: 1
fpu		: yes
fpu_exception	: yes
cpuid level	: 15
wp		: yes
flags		: fpu vme de pse tsc msr pae mce cx8 apic sep mtrr pge mca cmov pat pse36 clflush dts acpi mmx fxsr sse sse2 ss ht tm pbe syscall nx pdpe1gb rdtscp lm constant_tsc arch_perfmon pebs bts rep_good nopl xtopology nonstop_tsc aperfmperf eagerfpu pni pclmulqdq dtes64 monitor ds_cpl vmx smx est tm2 ssse3 sdbg fma cx16 xtpr pdcm pcid dca sse4_1 sse4_2 x2apic movbe popcnt tsc_deadline_timer aes xsave avx f16c rdrand lahf_lm abm epb tpr_shadow vnmi flexpriority ept vpid fsgsbase tsc_adjust bmi1 avx2 smep bmi2 erms invpcid cqm xsaveopt cqm_llc cqm_occup_llc dtherm ida arat pln pts
bugs		:
bogomips	: 4601.53
clflush size	: 64
cache_alignment	: 64
address sizes	: 46 bits physical, 48 bits virtual
power management:

processor	: 37
vendor_id	: GenuineIntel
cpu family	: 6
model		: 63
model name	: Intel(R) Xeon(R) CPU E5-2699 v3 @ 2.30GHz
stepping	: 2
microcode	: 0x36
cpu MHz		: 2299.905
cache size	: 46080 KB
physical id	: 1
siblings	: 36
core id		: 0
cpu cores	: 18
apicid		: 65
initial apicid	: 65
fpu		: yes
fpu_exception	: yes
cpuid level	: 15
wp		: yes
flags		: fpu vme de pse tsc msr pae mce cx8 apic sep mtrr pge mca cmov pat pse36 clflush dts acpi mmx fxsr sse sse2 ss ht tm pbe syscall nx pdpe1gb rdtscp lm constant_tsc arch_perfmon pebs bts rep_good nopl xtopology nonstop_tsc aperfmperf eagerfpu pni pclmulqdq dtes64 monitor ds_cpl vmx smx est tm2 ssse3 sdbg fma cx16 xtpr pdcm pcid dca sse4_1 sse4_2 x2apic movbe popcnt tsc_deadline_timer aes xsave avx f16c rdrand lahf_lm abm epb tpr_shadow vnmi flexpriority ept vpid fsgsbase tsc_adjust bmi1 avx2 smep bmi2 erms invpcid cqm xsaveopt cqm_llc cqm_occup_llc dtherm ida arat pln pts
bugs		:
bogomips	: 4601.37
clflush size	: 64
cache_alignment	: 64
address sizes	: 46 bits physical, 48 bits virtual
power management:

processor	: 38
vendor_id	: GenuineIntel
cpu family	: 6
model		: 63
model name	: Intel(R) Xeon(R) CPU E5-2699 v3 @ 2.30GHz
stepping	: 2
microcode	: 0x36
cpu MHz		: 2299.905
cache size	: 46080 KB
physical id	: 0
siblings	: 36
core id		: 1
cpu cores	: 18
apicid		: 3
initial apicid	: 3
fpu		: yes
fpu_exception	: yes
cpuid level	: 15
wp		: yes
flags		: fpu vme de pse tsc msr pae mce cx8 apic sep mtrr pge mca cmov pat pse36 clflush dts acpi mmx fxsr sse sse2 ss ht tm pbe syscall nx pdpe1gb rdtscp lm constant_tsc arch_perfmon pebs bts rep_good nopl xtopology nonstop_tsc aperfmperf eagerfpu pni pclmulqdq dtes64 monitor ds_cpl vmx smx est tm2 ssse3 sdbg fma cx16 xtpr pdcm pcid dca sse4_1 sse4_2 x2apic movbe popcnt tsc_deadline_timer aes xsave avx f16c rdrand lahf_lm abm epb tpr_shadow vnmi flexpriority ept vpid fsgsbase tsc_adjust bmi1 avx2 smep bmi2 erms invpcid cqm xsaveopt cqm_llc cqm_occup_llc dtherm ida arat pln pts
bugs		:
bogomips	: 4601.37
clflush size	: 64
cache_alignment	: 64
address sizes	: 46 bits physical, 48 bits virtual
power management:

processor	: 39
vendor_id	: GenuineIntel
cpu family	: 6
model		: 63
model name	: Intel(R) Xeon(R) CPU E5-2699 v3 @ 2.30GHz
stepping	: 2
microcode	: 0x36
cpu MHz		: 2299.905
cache size	: 46080 KB
physical id	: 1
siblings	: 36
core id		: 1
cpu cores	: 18
apicid		: 67
initial apicid	: 67
fpu		: yes
fpu_exception	: yes
cpuid level	: 15
wp		: yes
flags		: fpu vme de pse tsc msr pae mce cx8 apic sep mtrr pge mca cmov pat pse36 clflush dts acpi mmx fxsr sse sse2 ss ht tm pbe syscall nx pdpe1gb rdtscp lm constant_tsc arch_perfmon pebs bts rep_good nopl xtopology nonstop_tsc aperfmperf eagerfpu pni pclmulqdq dtes64 monitor ds_cpl vmx smx est tm2 ssse3 sdbg fma cx16 xtpr pdcm pcid dca sse4_1 sse4_2 x2apic movbe popcnt tsc_deadline_timer aes xsave avx f16c rdrand lahf_lm abm epb tpr_shadow vnmi flexpriority ept vpid fsgsbase tsc_adjust bmi1 avx2 smep bmi2 erms invpcid cqm xsaveopt cqm_llc cqm_occup_llc dtherm ida arat pln pts
bugs		:
bogomips	: 4601.57
clflush size	: 64
cache_alignment	: 64
address sizes	: 46 bits physical, 48 bits virtual
power management:

processor	: 40
vendor_id	: GenuineIntel
cpu family	: 6
model		: 63
model name	: Intel(R) Xeon(R) CPU E5-2699 v3 @ 2.30GHz
stepping	: 2
microcode	: 0x36
cpu MHz		: 2299.905
cache size	: 46080 KB
physical id	: 0
siblings	: 36
core id		: 2
cpu cores	: 18
apicid		: 5
initial apicid	: 5
fpu		: yes
fpu_exception	: yes
cpuid level	: 15
wp		: yes
flags		: fpu vme de pse tsc msr pae mce cx8 apic sep mtrr pge mca cmov pat pse36 clflush dts acpi mmx fxsr sse sse2 ss ht tm pbe syscall nx pdpe1gb rdtscp lm constant_tsc arch_perfmon pebs bts rep_good nopl xtopology nonstop_tsc aperfmperf eagerfpu pni pclmulqdq dtes64 monitor ds_cpl vmx smx est tm2 ssse3 sdbg fma cx16 xtpr pdcm pcid dca sse4_1 sse4_2 x2apic movbe popcnt tsc_deadline_timer aes xsave avx f16c rdrand lahf_lm abm epb tpr_shadow vnmi flexpriority ept vpid fsgsbase tsc_adjust bmi1 avx2 smep bmi2 erms invpcid cqm xsaveopt cqm_llc cqm_occup_llc dtherm ida arat pln pts
bugs		:
bogomips	: 4601.35
clflush size	: 64
cache_alignment	: 64
address sizes	: 46 bits physical, 48 bits virtual
power management:

processor	: 41
vendor_id	: GenuineIntel
cpu family	: 6
model		: 63
model name	: Intel(R) Xeon(R) CPU E5-2699 v3 @ 2.30GHz
stepping	: 2
microcode	: 0x36
cpu MHz		: 2299.905
cache size	: 46080 KB
physical id	: 1
siblings	: 36
core id		: 2
cpu cores	: 18
apicid		: 69
initial apicid	: 69
fpu		: yes
fpu_exception	: yes
cpuid level	: 15
wp		: yes
flags		: fpu vme de pse tsc msr pae mce cx8 apic sep mtrr pge mca cmov pat pse36 clflush dts acpi mmx fxsr sse sse2 ss ht tm pbe syscall nx pdpe1gb rdtscp lm constant_tsc arch_perfmon pebs bts rep_good nopl xtopology nonstop_tsc aperfmperf eagerfpu pni pclmulqdq dtes64 monitor ds_cpl vmx smx est tm2 ssse3 sdbg fma cx16 xtpr pdcm pcid dca sse4_1 sse4_2 x2apic movbe popcnt tsc_deadline_timer aes xsave avx f16c rdrand lahf_lm abm epb tpr_shadow vnmi flexpriority ept vpid fsgsbase tsc_adjust bmi1 avx2 smep bmi2 erms invpcid cqm xsaveopt cqm_llc cqm_occup_llc dtherm ida arat pln pts
bugs		:
bogomips	: 4601.35
clflush size	: 64
cache_alignment	: 64
address sizes	: 46 bits physical, 48 bits virtual
power management:

processor	: 42
vendor_id	: GenuineIntel
cpu family	: 6
model		: 63
model name	: Intel(R) Xeon(R) CPU E5-2699 v3 @ 2.30GHz
stepping	: 2
microcode	: 0x36
cpu MHz		: 2299.905
cache size	: 46080 KB
physical id	: 0
siblings	: 36
core id		: 3
cpu cores	: 18
apicid		: 7
initial apicid	: 7
fpu		: yes
fpu_exception	: yes
cpuid level	: 15
wp		: yes
flags		: fpu vme de pse tsc msr pae mce cx8 apic sep mtrr pge mca cmov pat pse36 clflush dts acpi mmx fxsr sse sse2 ss ht tm pbe syscall nx pdpe1gb rdtscp lm constant_tsc arch_perfmon pebs bts rep_good nopl xtopology nonstop_tsc aperfmperf eagerfpu pni pclmulqdq dtes64 monitor ds_cpl vmx smx est tm2 ssse3 sdbg fma cx16 xtpr pdcm pcid dca sse4_1 sse4_2 x2apic movbe popcnt tsc_deadline_timer aes xsave avx f16c rdrand lahf_lm abm epb tpr_shadow vnmi flexpriority ept vpid fsgsbase tsc_adjust bmi1 avx2 smep bmi2 erms invpcid cqm xsaveopt cqm_llc cqm_occup_llc dtherm ida arat pln pts
bugs		:
bogomips	: 4601.26
clflush size	: 64
cache_alignment	: 64
address sizes	: 46 bits physical, 48 bits virtual
power management:

processor	: 43
vendor_id	: GenuineIntel
cpu family	: 6
model		: 63
model name	: Intel(R) Xeon(R) CPU E5-2699 v3 @ 2.30GHz
stepping	: 2
microcode	: 0x36
cpu MHz		: 2299.905
cache size	: 46080 KB
physical id	: 1
siblings	: 36
core id		: 3
cpu cores	: 18
apicid		: 71
initial apicid	: 71
fpu		: yes
fpu_exception	: yes
cpuid level	: 15
wp		: yes
flags		: fpu vme de pse tsc msr pae mce cx8 apic sep mtrr pge mca cmov pat pse36 clflush dts acpi mmx fxsr sse sse2 ss ht tm pbe syscall nx pdpe1gb rdtscp lm constant_tsc arch_perfmon pebs bts rep_good nopl xtopology nonstop_tsc aperfmperf eagerfpu pni pclmulqdq dtes64 monitor ds_cpl vmx smx est tm2 ssse3 sdbg fma cx16 xtpr pdcm pcid dca sse4_1 sse4_2 x2apic movbe popcnt tsc_deadline_timer aes xsave avx f16c rdrand lahf_lm abm epb tpr_shadow vnmi flexpriority ept vpid fsgsbase tsc_adjust bmi1 avx2 smep bmi2 erms invpcid cqm xsaveopt cqm_llc cqm_occup_llc dtherm ida arat pln pts
bugs		:
bogomips	: 4601.25
clflush size	: 64
cache_alignment	: 64
address sizes	: 46 bits physical, 48 bits virtual
power management:

processor	: 44
vendor_id	: GenuineIntel
cpu family	: 6
model		: 63
model name	: Intel(R) Xeon(R) CPU E5-2699 v3 @ 2.30GHz
stepping	: 2
microcode	: 0x36
cpu MHz		: 2299.905
cache size	: 46080 KB
physical id	: 0
siblings	: 36
core id		: 4
cpu cores	: 18
apicid		: 9
initial apicid	: 9
fpu		: yes
fpu_exception	: yes
cpuid level	: 15
wp		: yes
flags		: fpu vme de pse tsc msr pae mce cx8 apic sep mtrr pge mca cmov pat pse36 clflush dts acpi mmx fxsr sse sse2 ss ht tm pbe syscall nx pdpe1gb rdtscp lm constant_tsc arch_perfmon pebs bts rep_good nopl xtopology nonstop_tsc aperfmperf eagerfpu pni pclmulqdq dtes64 monitor ds_cpl vmx smx est tm2 ssse3 sdbg fma cx16 xtpr pdcm pcid dca sse4_1 sse4_2 x2apic movbe popcnt tsc_deadline_timer aes xsave avx f16c rdrand lahf_lm abm epb tpr_shadow vnmi flexpriority ept vpid fsgsbase tsc_adjust bmi1 avx2 smep bmi2 erms invpcid cqm xsaveopt cqm_llc cqm_occup_llc dtherm ida arat pln pts
bugs		:
bogomips	: 4601.35
clflush size	: 64
cache_alignment	: 64
address sizes	: 46 bits physical, 48 bits virtual
power management:

processor	: 45
vendor_id	: GenuineIntel
cpu family	: 6
model		: 63
model name	: Intel(R) Xeon(R) CPU E5-2699 v3 @ 2.30GHz
stepping	: 2
microcode	: 0x36
cpu MHz		: 2299.905
cache size	: 46080 KB
physical id	: 1
siblings	: 36
core id		: 4
cpu cores	: 18
apicid		: 73
initial apicid	: 73
fpu		: yes
fpu_exception	: yes
cpuid level	: 15
wp		: yes
flags		: fpu vme de pse tsc msr pae mce cx8 apic sep mtrr pge mca cmov pat pse36 clflush dts acpi mmx fxsr sse sse2 ss ht tm pbe syscall nx pdpe1gb rdtscp lm constant_tsc arch_perfmon pebs bts rep_good nopl xtopology nonstop_tsc aperfmperf eagerfpu pni pclmulqdq dtes64 monitor ds_cpl vmx smx est tm2 ssse3 sdbg fma cx16 xtpr pdcm pcid dca sse4_1 sse4_2 x2apic movbe popcnt tsc_deadline_timer aes xsave avx f16c rdrand lahf_lm abm epb tpr_shadow vnmi flexpriority ept vpid fsgsbase tsc_adjust bmi1 avx2 smep bmi2 erms invpcid cqm xsaveopt cqm_llc cqm_occup_llc dtherm ida arat pln pts
bugs		:
bogomips	: 4601.42
clflush size	: 64
cache_alignment	: 64
address sizes	: 46 bits physical, 48 bits virtual
power management:

processor	: 46
vendor_id	: GenuineIntel
cpu family	: 6
model		: 63
model name	: Intel(R) Xeon(R) CPU E5-2699 v3 @ 2.30GHz
stepping	: 2
microcode	: 0x36
cpu MHz		: 2299.905
cache size	: 46080 KB
physical id	: 0
siblings	: 36
core id		: 8
cpu cores	: 18
apicid		: 17
initial apicid	: 17
fpu		: yes
fpu_exception	: yes
cpuid level	: 15
wp		: yes
flags		: fpu vme de pse tsc msr pae mce cx8 apic sep mtrr pge mca cmov pat pse36 clflush dts acpi mmx fxsr sse sse2 ss ht tm pbe syscall nx pdpe1gb rdtscp lm constant_tsc arch_perfmon pebs bts rep_good nopl xtopology nonstop_tsc aperfmperf eagerfpu pni pclmulqdq dtes64 monitor ds_cpl vmx smx est tm2 ssse3 sdbg fma cx16 xtpr pdcm pcid dca sse4_1 sse4_2 x2apic movbe popcnt tsc_deadline_timer aes xsave avx f16c rdrand lahf_lm abm epb tpr_shadow vnmi flexpriority ept vpid fsgsbase tsc_adjust bmi1 avx2 smep bmi2 erms invpcid cqm xsaveopt cqm_llc cqm_occup_llc dtherm ida arat pln pts
bugs		:
bogomips	: 4601.26
clflush size	: 64
cache_alignment	: 64
address sizes	: 46 bits physical, 48 bits virtual
power management:

processor	: 47
vendor_id	: GenuineIntel
cpu family	: 6
model		: 63
model name	: Intel(R) Xeon(R) CPU E5-2699 v3 @ 2.30GHz
stepping	: 2
microcode	: 0x36
cpu MHz		: 2299.905
cache size	: 46080 KB
physical id	: 1
siblings	: 36
core id		: 8
cpu cores	: 18
apicid		: 81
initial apicid	: 81
fpu		: yes
fpu_exception	: yes
cpuid level	: 15
wp		: yes
flags		: fpu vme de pse tsc msr pae mce cx8 apic sep mtrr pge mca cmov pat pse36 clflush dts acpi mmx fxsr sse sse2 ss ht tm pbe syscall nx pdpe1gb rdtscp lm constant_tsc arch_perfmon pebs bts rep_good nopl xtopology nonstop_tsc aperfmperf eagerfpu pni pclmulqdq dtes64 monitor ds_cpl vmx smx est tm2 ssse3 sdbg fma cx16 xtpr pdcm pcid dca sse4_1 sse4_2 x2apic movbe popcnt tsc_deadline_timer aes xsave avx f16c rdrand lahf_lm abm epb tpr_shadow vnmi flexpriority ept vpid fsgsbase tsc_adjust bmi1 avx2 smep bmi2 erms invpcid cqm xsaveopt cqm_llc cqm_occup_llc dtherm ida arat pln pts
bugs		:
bogomips	: 4601.56
clflush size	: 64
cache_alignment	: 64
address sizes	: 46 bits physical, 48 bits virtual
power management:

processor	: 48
vendor_id	: GenuineIntel
cpu family	: 6
model		: 63
model name	: Intel(R) Xeon(R) CPU E5-2699 v3 @ 2.30GHz
stepping	: 2
microcode	: 0x36
cpu MHz		: 2299.905
cache size	: 46080 KB
physical id	: 0
siblings	: 36
core id		: 9
cpu cores	: 18
apicid		: 19
initial apicid	: 19
fpu		: yes
fpu_exception	: yes
cpuid level	: 15
wp		: yes
flags		: fpu vme de pse tsc msr pae mce cx8 apic sep mtrr pge mca cmov pat pse36 clflush dts acpi mmx fxsr sse sse2 ss ht tm pbe syscall nx pdpe1gb rdtscp lm constant_tsc arch_perfmon pebs bts rep_good nopl xtopology nonstop_tsc aperfmperf eagerfpu pni pclmulqdq dtes64 monitor ds_cpl vmx smx est tm2 ssse3 sdbg fma cx16 xtpr pdcm pcid dca sse4_1 sse4_2 x2apic movbe popcnt tsc_deadline_timer aes xsave avx f16c rdrand lahf_lm abm epb tpr_shadow vnmi flexpriority ept vpid fsgsbase tsc_adjust bmi1 avx2 smep bmi2 erms invpcid cqm xsaveopt cqm_llc cqm_occup_llc dtherm ida arat pln pts
bugs		:
bogomips	: 4601.27
clflush size	: 64
cache_alignment	: 64
address sizes	: 46 bits physical, 48 bits virtual
power management:

processor	: 49
vendor_id	: GenuineIntel
cpu family	: 6
model		: 63
model name	: Intel(R) Xeon(R) CPU E5-2699 v3 @ 2.30GHz
stepping	: 2
microcode	: 0x36
cpu MHz		: 2299.905
cache size	: 46080 KB
physical id	: 1
siblings	: 36
core id		: 9
cpu cores	: 18
apicid		: 83
initial apicid	: 83
fpu		: yes
fpu_exception	: yes
cpuid level	: 15
wp		: yes
flags		: fpu vme de pse tsc msr pae mce cx8 apic sep mtrr pge mca cmov pat pse36 clflush dts acpi mmx fxsr sse sse2 ss ht tm pbe syscall nx pdpe1gb rdtscp lm constant_tsc arch_perfmon pebs bts rep_good nopl xtopology nonstop_tsc aperfmperf eagerfpu pni pclmulqdq dtes64 monitor ds_cpl vmx smx est tm2 ssse3 sdbg fma cx16 xtpr pdcm pcid dca sse4_1 sse4_2 x2apic movbe popcnt tsc_deadline_timer aes xsave avx f16c rdrand lahf_lm abm epb tpr_shadow vnmi flexpriority ept vpid fsgsbase tsc_adjust bmi1 avx2 smep bmi2 erms invpcid cqm xsaveopt cqm_llc cqm_occup_llc dtherm ida arat pln pts
bugs		:
bogomips	: 4601.28
clflush size	: 64
cache_alignment	: 64
address sizes	: 46 bits physical, 48 bits virtual
power management:

processor	: 50
vendor_id	: GenuineIntel
cpu family	: 6
model		: 63
model name	: Intel(R) Xeon(R) CPU E5-2699 v3 @ 2.30GHz
stepping	: 2
microcode	: 0x36
cpu MHz		: 2299.905
cache size	: 46080 KB
physical id	: 0
siblings	: 36
core id		: 10
cpu cores	: 18
apicid		: 21
initial apicid	: 21
fpu		: yes
fpu_exception	: yes
cpuid level	: 15
wp		: yes
flags		: fpu vme de pse tsc msr pae mce cx8 apic sep mtrr pge mca cmov pat pse36 clflush dts acpi mmx fxsr sse sse2 ss ht tm pbe syscall nx pdpe1gb rdtscp lm constant_tsc arch_perfmon pebs bts rep_good nopl xtopology nonstop_tsc aperfmperf eagerfpu pni pclmulqdq dtes64 monitor ds_cpl vmx smx est tm2 ssse3 sdbg fma cx16 xtpr pdcm pcid dca sse4_1 sse4_2 x2apic movbe popcnt tsc_deadline_timer aes xsave avx f16c rdrand lahf_lm abm epb tpr_shadow vnmi flexpriority ept vpid fsgsbase tsc_adjust bmi1 avx2 smep bmi2 erms invpcid cqm xsaveopt cqm_llc cqm_occup_llc dtherm ida arat pln pts
bugs		:
bogomips	: 4601.23
clflush size	: 64
cache_alignment	: 64
address sizes	: 46 bits physical, 48 bits virtual
power management:

processor	: 51
vendor_id	: GenuineIntel
cpu family	: 6
model		: 63
model name	: Intel(R) Xeon(R) CPU E5-2699 v3 @ 2.30GHz
stepping	: 2
microcode	: 0x36
cpu MHz		: 2299.905
cache size	: 46080 KB
physical id	: 1
siblings	: 36
core id		: 10
cpu cores	: 18
apicid		: 85
initial apicid	: 85
fpu		: yes
fpu_exception	: yes
cpuid level	: 15
wp		: yes
flags		: fpu vme de pse tsc msr pae mce cx8 apic sep mtrr pge mca cmov pat pse36 clflush dts acpi mmx fxsr sse sse2 ss ht tm pbe syscall nx pdpe1gb rdtscp lm constant_tsc arch_perfmon pebs bts rep_good nopl xtopology nonstop_tsc aperfmperf eagerfpu pni pclmulqdq dtes64 monitor ds_cpl vmx smx est tm2 ssse3 sdbg fma cx16 xtpr pdcm pcid dca sse4_1 sse4_2 x2apic movbe popcnt tsc_deadline_timer aes xsave avx f16c rdrand lahf_lm abm epb tpr_shadow vnmi flexpriority ept vpid fsgsbase tsc_adjust bmi1 avx2 smep bmi2 erms invpcid cqm xsaveopt cqm_llc cqm_occup_llc dtherm ida arat pln pts
bugs		:
bogomips	: 4601.73
clflush size	: 64
cache_alignment	: 64
address sizes	: 46 bits physical, 48 bits virtual
power management:

processor	: 52
vendor_id	: GenuineIntel
cpu family	: 6
model		: 63
model name	: Intel(R) Xeon(R) CPU E5-2699 v3 @ 2.30GHz
stepping	: 2
microcode	: 0x36
cpu MHz		: 2299.905
cache size	: 46080 KB
physical id	: 0
siblings	: 36
core id		: 11
cpu cores	: 18
apicid		: 23
initial apicid	: 23
fpu		: yes
fpu_exception	: yes
cpuid level	: 15
wp		: yes
flags		: fpu vme de pse tsc msr pae mce cx8 apic sep mtrr pge mca cmov pat pse36 clflush dts acpi mmx fxsr sse sse2 ss ht tm pbe syscall nx pdpe1gb rdtscp lm constant_tsc arch_perfmon pebs bts rep_good nopl xtopology nonstop_tsc aperfmperf eagerfpu pni pclmulqdq dtes64 monitor ds_cpl vmx smx est tm2 ssse3 sdbg fma cx16 xtpr pdcm pcid dca sse4_1 sse4_2 x2apic movbe popcnt tsc_deadline_timer aes xsave avx f16c rdrand lahf_lm abm epb tpr_shadow vnmi flexpriority ept vpid fsgsbase tsc_adjust bmi1 avx2 smep bmi2 erms invpcid cqm xsaveopt cqm_llc cqm_occup_llc dtherm ida arat pln pts
bugs		:
bogomips	: 4601.49
clflush size	: 64
cache_alignment	: 64
address sizes	: 46 bits physical, 48 bits virtual
power management:

processor	: 53
vendor_id	: GenuineIntel
cpu family	: 6
model		: 63
model name	: Intel(R) Xeon(R) CPU E5-2699 v3 @ 2.30GHz
stepping	: 2
microcode	: 0x36
cpu MHz		: 2299.905
cache size	: 46080 KB
physical id	: 1
siblings	: 36
core id		: 11
cpu cores	: 18
apicid		: 87
initial apicid	: 87
fpu		: yes
fpu_exception	: yes
cpuid level	: 15
wp		: yes
flags		: fpu vme de pse tsc msr pae mce cx8 apic sep mtrr pge mca cmov pat pse36 clflush dts acpi mmx fxsr sse sse2 ss ht tm pbe syscall nx pdpe1gb rdtscp lm constant_tsc arch_perfmon pebs bts rep_good nopl xtopology nonstop_tsc aperfmperf eagerfpu pni pclmulqdq dtes64 monitor ds_cpl vmx smx est tm2 ssse3 sdbg fma cx16 xtpr pdcm pcid dca sse4_1 sse4_2 x2apic movbe popcnt tsc_deadline_timer aes xsave avx f16c rdrand lahf_lm abm epb tpr_shadow vnmi flexpriority ept vpid fsgsbase tsc_adjust bmi1 avx2 smep bmi2 erms invpcid cqm xsaveopt cqm_llc cqm_occup_llc dtherm ida arat pln pts
bugs		:
bogomips	: 4601.55
clflush size	: 64
cache_alignment	: 64
address sizes	: 46 bits physical, 48 bits virtual
power management:

processor	: 54
vendor_id	: GenuineIntel
cpu family	: 6
model		: 63
model name	: Intel(R) Xeon(R) CPU E5-2699 v3 @ 2.30GHz
stepping	: 2
microcode	: 0x36
cpu MHz		: 2299.905
cache size	: 46080 KB
physical id	: 0
siblings	: 36
core id		: 16
cpu cores	: 18
apicid		: 33
initial apicid	: 33
fpu		: yes
fpu_exception	: yes
cpuid level	: 15
wp		: yes
flags		: fpu vme de pse tsc msr pae mce cx8 apic sep mtrr pge mca cmov pat pse36 clflush dts acpi mmx fxsr sse sse2 ss ht tm pbe syscall nx pdpe1gb rdtscp lm constant_tsc arch_perfmon pebs bts rep_good nopl xtopology nonstop_tsc aperfmperf eagerfpu pni pclmulqdq dtes64 monitor ds_cpl vmx smx est tm2 ssse3 sdbg fma cx16 xtpr pdcm pcid dca sse4_1 sse4_2 x2apic movbe popcnt tsc_deadline_timer aes xsave avx f16c rdrand lahf_lm abm epb tpr_shadow vnmi flexpriority ept vpid fsgsbase tsc_adjust bmi1 avx2 smep bmi2 erms invpcid cqm xsaveopt cqm_llc cqm_occup_llc dtherm ida arat pln pts
bugs		:
bogomips	: 4601.46
clflush size	: 64
cache_alignment	: 64
address sizes	: 46 bits physical, 48 bits virtual
power management:

processor	: 55
vendor_id	: GenuineIntel
cpu family	: 6
model		: 63
model name	: Intel(R) Xeon(R) CPU E5-2699 v3 @ 2.30GHz
stepping	: 2
microcode	: 0x36
cpu MHz		: 2299.905
cache size	: 46080 KB
physical id	: 1
siblings	: 36
core id		: 16
cpu cores	: 18
apicid		: 97
initial apicid	: 97
fpu		: yes
fpu_exception	: yes
cpuid level	: 15
wp		: yes
flags		: fpu vme de pse tsc msr pae mce cx8 apic sep mtrr pge mca cmov pat pse36 clflush dts acpi mmx fxsr sse sse2 ss ht tm pbe syscall nx pdpe1gb rdtscp lm constant_tsc arch_perfmon pebs bts rep_good nopl xtopology nonstop_tsc aperfmperf eagerfpu pni pclmulqdq dtes64 monitor ds_cpl vmx smx est tm2 ssse3 sdbg fma cx16 xtpr pdcm pcid dca sse4_1 sse4_2 x2apic movbe popcnt tsc_deadline_timer aes xsave avx f16c rdrand lahf_lm abm epb tpr_shadow vnmi flexpriority ept vpid fsgsbase tsc_adjust bmi1 avx2 smep bmi2 erms invpcid cqm xsaveopt cqm_llc cqm_occup_llc dtherm ida arat pln pts
bugs		:
bogomips	: 4601.66
clflush size	: 64
cache_alignment	: 64
address sizes	: 46 bits physical, 48 bits virtual
power management:

processor	: 56
vendor_id	: GenuineIntel
cpu family	: 6
model		: 63
model name	: Intel(R) Xeon(R) CPU E5-2699 v3 @ 2.30GHz
stepping	: 2
microcode	: 0x36
cpu MHz		: 2299.905
cache size	: 46080 KB
physical id	: 0
siblings	: 36
core id		: 17
cpu cores	: 18
apicid		: 35
initial apicid	: 35
fpu		: yes
fpu_exception	: yes
cpuid level	: 15
wp		: yes
flags		: fpu vme de pse tsc msr pae mce cx8 apic sep mtrr pge mca cmov pat pse36 clflush dts acpi mmx fxsr sse sse2 ss ht tm pbe syscall nx pdpe1gb rdtscp lm constant_tsc arch_perfmon pebs bts rep_good nopl xtopology nonstop_tsc aperfmperf eagerfpu pni pclmulqdq dtes64 monitor ds_cpl vmx smx est tm2 ssse3 sdbg fma cx16 xtpr pdcm pcid dca sse4_1 sse4_2 x2apic movbe popcnt tsc_deadline_timer aes xsave avx f16c rdrand lahf_lm abm epb tpr_shadow vnmi flexpriority ept vpid fsgsbase tsc_adjust bmi1 avx2 smep bmi2 erms invpcid cqm xsaveopt cqm_llc cqm_occup_llc dtherm ida arat pln pts
bugs		:
bogomips	: 4601.43
clflush size	: 64
cache_alignment	: 64
address sizes	: 46 bits physical, 48 bits virtual
power management:

processor	: 57
vendor_id	: GenuineIntel
cpu family	: 6
model		: 63
model name	: Intel(R) Xeon(R) CPU E5-2699 v3 @ 2.30GHz
stepping	: 2
microcode	: 0x36
cpu MHz		: 2299.905
cache size	: 46080 KB
physical id	: 1
siblings	: 36
core id		: 17
cpu cores	: 18
apicid		: 99
initial apicid	: 99
fpu		: yes
fpu_exception	: yes
cpuid level	: 15
wp		: yes
flags		: fpu vme de pse tsc msr pae mce cx8 apic sep mtrr pge mca cmov pat pse36 clflush dts acpi mmx fxsr sse sse2 ss ht tm pbe syscall nx pdpe1gb rdtscp lm constant_tsc arch_perfmon pebs bts rep_good nopl xtopology nonstop_tsc aperfmperf eagerfpu pni pclmulqdq dtes64 monitor ds_cpl vmx smx est tm2 ssse3 sdbg fma cx16 xtpr pdcm pcid dca sse4_1 sse4_2 x2apic movbe popcnt tsc_deadline_timer aes xsave avx f16c rdrand lahf_lm abm epb tpr_shadow vnmi flexpriority ept vpid fsgsbase tsc_adjust bmi1 avx2 smep bmi2 erms invpcid cqm xsaveopt cqm_llc cqm_occup_llc dtherm ida arat pln pts
bugs		:
bogomips	: 4601.58
clflush size	: 64
cache_alignment	: 64
address sizes	: 46 bits physical, 48 bits virtual
power management:

processor	: 58
vendor_id	: GenuineIntel
cpu family	: 6
model		: 63
model name	: Intel(R) Xeon(R) CPU E5-2699 v3 @ 2.30GHz
stepping	: 2
microcode	: 0x36
cpu MHz		: 2299.905
cache size	: 46080 KB
physical id	: 0
siblings	: 36
core id		: 18
cpu cores	: 18
apicid		: 37
initial apicid	: 37
fpu		: yes
fpu_exception	: yes
cpuid level	: 15
wp		: yes
flags		: fpu vme de pse tsc msr pae mce cx8 apic sep mtrr pge mca cmov pat pse36 clflush dts acpi mmx fxsr sse sse2 ss ht tm pbe syscall nx pdpe1gb rdtscp lm constant_tsc arch_perfmon pebs bts rep_good nopl xtopology nonstop_tsc aperfmperf eagerfpu pni pclmulqdq dtes64 monitor ds_cpl vmx smx est tm2 ssse3 sdbg fma cx16 xtpr pdcm pcid dca sse4_1 sse4_2 x2apic movbe popcnt tsc_deadline_timer aes xsave avx f16c rdrand lahf_lm abm epb tpr_shadow vnmi flexpriority ept vpid fsgsbase tsc_adjust bmi1 avx2 smep bmi2 erms invpcid cqm xsaveopt cqm_llc cqm_occup_llc dtherm ida arat pln pts
bugs		:
bogomips	: 4601.28
clflush size	: 64
cache_alignment	: 64
address sizes	: 46 bits physical, 48 bits virtual
power management:

processor	: 59
vendor_id	: GenuineIntel
cpu family	: 6
model		: 63
model name	: Intel(R) Xeon(R) CPU E5-2699 v3 @ 2.30GHz
stepping	: 2
microcode	: 0x36
cpu MHz		: 2299.905
cache size	: 46080 KB
physical id	: 1
siblings	: 36
core id		: 18
cpu cores	: 18
apicid		: 101
initial apicid	: 101
fpu		: yes
fpu_exception	: yes
cpuid level	: 15
wp		: yes
flags		: fpu vme de pse tsc msr pae mce cx8 apic sep mtrr pge mca cmov pat pse36 clflush dts acpi mmx fxsr sse sse2 ss ht tm pbe syscall nx pdpe1gb rdtscp lm constant_tsc arch_perfmon pebs bts rep_good nopl xtopology nonstop_tsc aperfmperf eagerfpu pni pclmulqdq dtes64 monitor ds_cpl vmx smx est tm2 ssse3 sdbg fma cx16 xtpr pdcm pcid dca sse4_1 sse4_2 x2apic movbe popcnt tsc_deadline_timer aes xsave avx f16c rdrand lahf_lm abm epb tpr_shadow vnmi flexpriority ept vpid fsgsbase tsc_adjust bmi1 avx2 smep bmi2 erms invpcid cqm xsaveopt cqm_llc cqm_occup_llc dtherm ida arat pln pts
bugs		:
bogomips	: 4601.33
clflush size	: 64
cache_alignment	: 64
address sizes	: 46 bits physical, 48 bits virtual
power management:

processor	: 60
vendor_id	: GenuineIntel
cpu family	: 6
model		: 63
model name	: Intel(R) Xeon(R) CPU E5-2699 v3 @ 2.30GHz
stepping	: 2
microcode	: 0x36
cpu MHz		: 2299.905
cache size	: 46080 KB
physical id	: 0
siblings	: 36
core id		: 19
cpu cores	: 18
apicid		: 39
initial apicid	: 39
fpu		: yes
fpu_exception	: yes
cpuid level	: 15
wp		: yes
flags		: fpu vme de pse tsc msr pae mce cx8 apic sep mtrr pge mca cmov pat pse36 clflush dts acpi mmx fxsr sse sse2 ss ht tm pbe syscall nx pdpe1gb rdtscp lm constant_tsc arch_perfmon pebs bts rep_good nopl xtopology nonstop_tsc aperfmperf eagerfpu pni pclmulqdq dtes64 monitor ds_cpl vmx smx est tm2 ssse3 sdbg fma cx16 xtpr pdcm pcid dca sse4_1 sse4_2 x2apic movbe popcnt tsc_deadline_timer aes xsave avx f16c rdrand lahf_lm abm epb tpr_shadow vnmi flexpriority ept vpid fsgsbase tsc_adjust bmi1 avx2 smep bmi2 erms invpcid cqm xsaveopt cqm_llc cqm_occup_llc dtherm ida arat pln pts
bugs		:
bogomips	: 4601.24
clflush size	: 64
cache_alignment	: 64
address sizes	: 46 bits physical, 48 bits virtual
power management:

processor	: 61
vendor_id	: GenuineIntel
cpu family	: 6
model		: 63
model name	: Intel(R) Xeon(R) CPU E5-2699 v3 @ 2.30GHz
stepping	: 2
microcode	: 0x36
cpu MHz		: 2299.905
cache size	: 46080 KB
physical id	: 1
siblings	: 36
core id		: 19
cpu cores	: 18
apicid		: 103
initial apicid	: 103
fpu		: yes
fpu_exception	: yes
cpuid level	: 15
wp		: yes
flags		: fpu vme de pse tsc msr pae mce cx8 apic sep mtrr pge mca cmov pat pse36 clflush dts acpi mmx fxsr sse sse2 ss ht tm pbe syscall nx pdpe1gb rdtscp lm constant_tsc arch_perfmon pebs bts rep_good nopl xtopology nonstop_tsc aperfmperf eagerfpu pni pclmulqdq dtes64 monitor ds_cpl vmx smx est tm2 ssse3 sdbg fma cx16 xtpr pdcm pcid dca sse4_1 sse4_2 x2apic movbe popcnt tsc_deadline_timer aes xsave avx f16c rdrand lahf_lm abm epb tpr_shadow vnmi flexpriority ept vpid fsgsbase tsc_adjust bmi1 avx2 smep bmi2 erms invpcid cqm xsaveopt cqm_llc cqm_occup_llc dtherm ida arat pln pts
bugs		:
bogomips	: 4601.17
clflush size	: 64
cache_alignment	: 64
address sizes	: 46 bits physical, 48 bits virtual
power management:

processor	: 62
vendor_id	: GenuineIntel
cpu family	: 6
model		: 63
model name	: Intel(R) Xeon(R) CPU E5-2699 v3 @ 2.30GHz
stepping	: 2
microcode	: 0x36
cpu MHz		: 2299.905
cache size	: 46080 KB
physical id	: 0
siblings	: 36
core id		: 20
cpu cores	: 18
apicid		: 41
initial apicid	: 41
fpu		: yes
fpu_exception	: yes
cpuid level	: 15
wp		: yes
flags		: fpu vme de pse tsc msr pae mce cx8 apic sep mtrr pge mca cmov pat pse36 clflush dts acpi mmx fxsr sse sse2 ss ht tm pbe syscall nx pdpe1gb rdtscp lm constant_tsc arch_perfmon pebs bts rep_good nopl xtopology nonstop_tsc aperfmperf eagerfpu pni pclmulqdq dtes64 monitor ds_cpl vmx smx est tm2 ssse3 sdbg fma cx16 xtpr pdcm pcid dca sse4_1 sse4_2 x2apic movbe popcnt tsc_deadline_timer aes xsave avx f16c rdrand lahf_lm abm epb tpr_shadow vnmi flexpriority ept vpid fsgsbase tsc_adjust bmi1 avx2 smep bmi2 erms invpcid cqm xsaveopt cqm_llc cqm_occup_llc dtherm ida arat pln pts
bugs		:
bogomips	: 4601.30
clflush size	: 64
cache_alignment	: 64
address sizes	: 46 bits physical, 48 bits virtual
power management:

processor	: 63
vendor_id	: GenuineIntel
cpu family	: 6
model		: 63
model name	: Intel(R) Xeon(R) CPU E5-2699 v3 @ 2.30GHz
stepping	: 2
microcode	: 0x36
cpu MHz		: 2299.905
cache size	: 46080 KB
physical id	: 1
siblings	: 36
core id		: 20
cpu cores	: 18
apicid		: 105
initial apicid	: 105
fpu		: yes
fpu_exception	: yes
cpuid level	: 15
wp		: yes
flags		: fpu vme de pse tsc msr pae mce cx8 apic sep mtrr pge mca cmov pat pse36 clflush dts acpi mmx fxsr sse sse2 ss ht tm pbe syscall nx pdpe1gb rdtscp lm constant_tsc arch_perfmon pebs bts rep_good nopl xtopology nonstop_tsc aperfmperf eagerfpu pni pclmulqdq dtes64 monitor ds_cpl vmx smx est tm2 ssse3 sdbg fma cx16 xtpr pdcm pcid dca sse4_1 sse4_2 x2apic movbe popcnt tsc_deadline_timer aes xsave avx f16c rdrand lahf_lm abm epb tpr_shadow vnmi flexpriority ept vpid fsgsbase tsc_adjust bmi1 avx2 smep bmi2 erms invpcid cqm xsaveopt cqm_llc cqm_occup_llc dtherm ida arat pln pts
bugs		:
bogomips	: 4601.40
clflush size	: 64
cache_alignment	: 64
address sizes	: 46 bits physical, 48 bits virtual
power management:

processor	: 64
vendor_id	: GenuineIntel
cpu family	: 6
model		: 63
model name	: Intel(R) Xeon(R) CPU E5-2699 v3 @ 2.30GHz
stepping	: 2
microcode	: 0x36
cpu MHz		: 2299.905
cache size	: 46080 KB
physical id	: 0
siblings	: 36
core id		: 24
cpu cores	: 18
apicid		: 49
initial apicid	: 49
fpu		: yes
fpu_exception	: yes
cpuid level	: 15
wp		: yes
flags		: fpu vme de pse tsc msr pae mce cx8 apic sep mtrr pge mca cmov pat pse36 clflush dts acpi mmx fxsr sse sse2 ss ht tm pbe syscall nx pdpe1gb rdtscp lm constant_tsc arch_perfmon pebs bts rep_good nopl xtopology nonstop_tsc aperfmperf eagerfpu pni pclmulqdq dtes64 monitor ds_cpl vmx smx est tm2 ssse3 sdbg fma cx16 xtpr pdcm pcid dca sse4_1 sse4_2 x2apic movbe popcnt tsc_deadline_timer aes xsave avx f16c rdrand lahf_lm abm epb tpr_shadow vnmi flexpriority ept vpid fsgsbase tsc_adjust bmi1 avx2 smep bmi2 erms invpcid cqm xsaveopt cqm_llc cqm_occup_llc dtherm ida arat pln pts
bugs		:
bogomips	: 4601.14
clflush size	: 64
cache_alignment	: 64
address sizes	: 46 bits physical, 48 bits virtual
power management:

processor	: 65
vendor_id	: GenuineIntel
cpu family	: 6
model		: 63
model name	: Intel(R) Xeon(R) CPU E5-2699 v3 @ 2.30GHz
stepping	: 2
microcode	: 0x36
cpu MHz		: 2299.905
cache size	: 46080 KB
physical id	: 1
siblings	: 36
core id		: 24
cpu cores	: 18
apicid		: 113
initial apicid	: 113
fpu		: yes
fpu_exception	: yes
cpuid level	: 15
wp		: yes
flags		: fpu vme de pse tsc msr pae mce cx8 apic sep mtrr pge mca cmov pat pse36 clflush dts acpi mmx fxsr sse sse2 ss ht tm pbe syscall nx pdpe1gb rdtscp lm constant_tsc arch_perfmon pebs bts rep_good nopl xtopology nonstop_tsc aperfmperf eagerfpu pni pclmulqdq dtes64 monitor ds_cpl vmx smx est tm2 ssse3 sdbg fma cx16 xtpr pdcm pcid dca sse4_1 sse4_2 x2apic movbe popcnt tsc_deadline_timer aes xsave avx f16c rdrand lahf_lm abm epb tpr_shadow vnmi flexpriority ept vpid fsgsbase tsc_adjust bmi1 avx2 smep bmi2 erms invpcid cqm xsaveopt cqm_llc cqm_occup_llc dtherm ida arat pln pts
bugs		:
bogomips	: 4601.19
clflush size	: 64
cache_alignment	: 64
address sizes	: 46 bits physical, 48 bits virtual
power management:

processor	: 66
vendor_id	: GenuineIntel
cpu family	: 6
model		: 63
model name	: Intel(R) Xeon(R) CPU E5-2699 v3 @ 2.30GHz
stepping	: 2
microcode	: 0x36
cpu MHz		: 2299.905
cache size	: 46080 KB
physical id	: 0
siblings	: 36
core id		: 25
cpu cores	: 18
apicid		: 51
initial apicid	: 51
fpu		: yes
fpu_exception	: yes
cpuid level	: 15
wp		: yes
flags		: fpu vme de pse tsc msr pae mce cx8 apic sep mtrr pge mca cmov pat pse36 clflush dts acpi mmx fxsr sse sse2 ss ht tm pbe syscall nx pdpe1gb rdtscp lm constant_tsc arch_perfmon pebs bts rep_good nopl xtopology nonstop_tsc aperfmperf eagerfpu pni pclmulqdq dtes64 monitor ds_cpl vmx smx est tm2 ssse3 sdbg fma cx16 xtpr pdcm pcid dca sse4_1 sse4_2 x2apic movbe popcnt tsc_deadline_timer aes xsave avx f16c rdrand lahf_lm abm epb tpr_shadow vnmi flexpriority ept vpid fsgsbase tsc_adjust bmi1 avx2 smep bmi2 erms invpcid cqm xsaveopt cqm_llc cqm_occup_llc dtherm ida arat pln pts
bugs		:
bogomips	: 4601.38
clflush size	: 64
cache_alignment	: 64
address sizes	: 46 bits physical, 48 bits virtual
power management:

processor	: 67
vendor_id	: GenuineIntel
cpu family	: 6
model		: 63
model name	: Intel(R) Xeon(R) CPU E5-2699 v3 @ 2.30GHz
stepping	: 2
microcode	: 0x36
cpu MHz		: 2299.905
cache size	: 46080 KB
physical id	: 1
siblings	: 36
core id		: 25
cpu cores	: 18
apicid		: 115
initial apicid	: 115
fpu		: yes
fpu_exception	: yes
cpuid level	: 15
wp		: yes
flags		: fpu vme de pse tsc msr pae mce cx8 apic sep mtrr pge mca cmov pat pse36 clflush dts acpi mmx fxsr sse sse2 ss ht tm pbe syscall nx pdpe1gb rdtscp lm constant_tsc arch_perfmon pebs bts rep_good nopl xtopology nonstop_tsc aperfmperf eagerfpu pni pclmulqdq dtes64 monitor ds_cpl vmx smx est tm2 ssse3 sdbg fma cx16 xtpr pdcm pcid dca sse4_1 sse4_2 x2apic movbe popcnt tsc_deadline_timer aes xsave avx f16c rdrand lahf_lm abm epb tpr_shadow vnmi flexpriority ept vpid fsgsbase tsc_adjust bmi1 avx2 smep bmi2 erms invpcid cqm xsaveopt cqm_llc cqm_occup_llc dtherm ida arat pln pts
bugs		:
bogomips	: 4601.24
clflush size	: 64
cache_alignment	: 64
address sizes	: 46 bits physical, 48 bits virtual
power management:

processor	: 68
vendor_id	: GenuineIntel
cpu family	: 6
model		: 63
model name	: Intel(R) Xeon(R) CPU E5-2699 v3 @ 2.30GHz
stepping	: 2
microcode	: 0x36
cpu MHz		: 2299.905
cache size	: 46080 KB
physical id	: 0
siblings	: 36
core id		: 26
cpu cores	: 18
apicid		: 53
initial apicid	: 53
fpu		: yes
fpu_exception	: yes
cpuid level	: 15
wp		: yes
flags		: fpu vme de pse tsc msr pae mce cx8 apic sep mtrr pge mca cmov pat pse36 clflush dts acpi mmx fxsr sse sse2 ss ht tm pbe syscall nx pdpe1gb rdtscp lm constant_tsc arch_perfmon pebs bts rep_good nopl xtopology nonstop_tsc aperfmperf eagerfpu pni pclmulqdq dtes64 monitor ds_cpl vmx smx est tm2 ssse3 sdbg fma cx16 xtpr pdcm pcid dca sse4_1 sse4_2 x2apic movbe popcnt tsc_deadline_timer aes xsave avx f16c rdrand lahf_lm abm epb tpr_shadow vnmi flexpriority ept vpid fsgsbase tsc_adjust bmi1 avx2 smep bmi2 erms invpcid cqm xsaveopt cqm_llc cqm_occup_llc dtherm ida arat pln pts
bugs		:
bogomips	: 4601.68
clflush size	: 64
cache_alignment	: 64
address sizes	: 46 bits physical, 48 bits virtual
power management:

processor	: 69
vendor_id	: GenuineIntel
cpu family	: 6
model		: 63
model name	: Intel(R) Xeon(R) CPU E5-2699 v3 @ 2.30GHz
stepping	: 2
microcode	: 0x36
cpu MHz		: 2299.905
cache size	: 46080 KB
physical id	: 1
siblings	: 36
core id		: 26
cpu cores	: 18
apicid		: 117
initial apicid	: 117
fpu		: yes
fpu_exception	: yes
cpuid level	: 15
wp		: yes
flags		: fpu vme de pse tsc msr pae mce cx8 apic sep mtrr pge mca cmov pat pse36 clflush dts acpi mmx fxsr sse sse2 ss ht tm pbe syscall nx pdpe1gb rdtscp lm constant_tsc arch_perfmon pebs bts rep_good nopl xtopology nonstop_tsc aperfmperf eagerfpu pni pclmulqdq dtes64 monitor ds_cpl vmx smx est tm2 ssse3 sdbg fma cx16 xtpr pdcm pcid dca sse4_1 sse4_2 x2apic movbe popcnt tsc_deadline_timer aes xsave avx f16c rdrand lahf_lm abm epb tpr_shadow vnmi flexpriority ept vpid fsgsbase tsc_adjust bmi1 avx2 smep bmi2 erms invpcid cqm xsaveopt cqm_llc cqm_occup_llc dtherm ida arat pln pts
bugs		:
bogomips	: 4601.12
clflush size	: 64
cache_alignment	: 64
address sizes	: 46 bits physical, 48 bits virtual
power management:

processor	: 70
vendor_id	: GenuineIntel
cpu family	: 6
model		: 63
model name	: Intel(R) Xeon(R) CPU E5-2699 v3 @ 2.30GHz
stepping	: 2
microcode	: 0x36
cpu MHz		: 2299.905
cache size	: 46080 KB
physical id	: 0
siblings	: 36
core id		: 27
cpu cores	: 18
apicid		: 55
initial apicid	: 55
fpu		: yes
fpu_exception	: yes
cpuid level	: 15
wp		: yes
flags		: fpu vme de pse tsc msr pae mce cx8 apic sep mtrr pge mca cmov pat pse36 clflush dts acpi mmx fxsr sse sse2 ss ht tm pbe syscall nx pdpe1gb rdtscp lm constant_tsc arch_perfmon pebs bts rep_good nopl xtopology nonstop_tsc aperfmperf eagerfpu pni pclmulqdq dtes64 monitor ds_cpl vmx smx est tm2 ssse3 sdbg fma cx16 xtpr pdcm pcid dca sse4_1 sse4_2 x2apic movbe popcnt tsc_deadline_timer aes xsave avx f16c rdrand lahf_lm abm epb tpr_shadow vnmi flexpriority ept vpid fsgsbase tsc_adjust bmi1 avx2 smep bmi2 erms invpcid cqm xsaveopt cqm_llc cqm_occup_llc dtherm ida arat pln pts
bugs		:
bogomips	: 4601.25
clflush size	: 64
cache_alignment	: 64
address sizes	: 46 bits physical, 48 bits virtual
power management:

processor	: 71
vendor_id	: GenuineIntel
cpu family	: 6
model		: 63
model name	: Intel(R) Xeon(R) CPU E5-2699 v3 @ 2.30GHz
stepping	: 2
microcode	: 0x36
cpu MHz		: 2299.905
cache size	: 46080 KB
physical id	: 1
siblings	: 36
core id		: 27
cpu cores	: 18
apicid		: 119
initial apicid	: 119
fpu		: yes
fpu_exception	: yes
cpuid level	: 15
wp		: yes
flags		: fpu vme de pse tsc msr pae mce cx8 apic sep mtrr pge mca cmov pat pse36 clflush dts acpi mmx fxsr sse sse2 ss ht tm pbe syscall nx pdpe1gb rdtscp lm constant_tsc arch_perfmon pebs bts rep_good nopl xtopology nonstop_tsc aperfmperf eagerfpu pni pclmulqdq dtes64 monitor ds_cpl vmx smx est tm2 ssse3 sdbg fma cx16 xtpr pdcm pcid dca sse4_1 sse4_2 x2apic movbe popcnt tsc_deadline_timer aes xsave avx f16c rdrand lahf_lm abm epb tpr_shadow vnmi flexpriority ept vpid fsgsbase tsc_adjust bmi1 avx2 smep bmi2 erms invpcid cqm xsaveopt cqm_llc cqm_occup_llc dtherm ida arat pln pts
bugs		:
bogomips	: 4601.44
clflush size	: 64
cache_alignment	: 64
address sizes	: 46 bits physical, 48 bits virtual
power management:



Memory: 4k page, physical 792405328k(355578296k free), swap 0k(0k free)

vm_info: Java HotSpot(TM) 64-Bit Server VM (25.25-b02) for linux-amd64 JRE (1.8.0_25-b17), built on Sep 17 2014 17:32:11 by "java_re" with gcc 4.3.0 20080428 (Red Hat 4.3.0-8)

time: Mon Dec 17 16:48:12 2018
elapsed time: 0 seconds (0d 0h 0m 0s)

