#
# There is insufficient memory for the Java Runtime Environment to continue.
# Native memory allocation (mmap) failed to map 1006567424 bytes for committing reserved memory.
# Possible reasons:
#   The system is out of physical RAM or swap space
#   In 32 bit mode, the process size limit was hit
# Possible solutions:
#   Reduce memory load on the system
#   Increase physical memory or swap space
#   Check if swap backing store is full
#   Use 64 bit Java on a 64 bit OS
#   Decrease Java heap size (-Xmx/-Xms)
#   Decrease number of Java threads
#   Decrease Java thread stack sizes (-Xss)
#   Set larger code cache with -XX:ReservedCodeCacheSize=
# This output file may be truncated or incomplete.
#
#  Out of Memory Error (os_linux.cpp:2671), pid=50237, tid=139769773336320
#
# JRE version:  (8.0_25-b17) (build )
# Java VM: Java HotSpot(TM) 64-Bit Server VM (25.25-b02 mixed mode linux-amd64 compressed oops)
# Failed to write core dump. Core dumps have been disabled. To enable core dumping, try "ulimit -c unlimited" before starting Java again
#

---------------  T H R E A D  ---------------

Current thread (0x00007f1ea8007800):  JavaThread "Unknown thread" [_thread_in_vm, id=50248, stack(0x00007f1eafa0a000,0x00007f1eafb0b000)]

Stack: [0x00007f1eafa0a000,0x00007f1eafb0b000],  sp=0x00007f1eafb09330,  free space=1020k
Native frames: (J=compiled Java code, j=interpreted, Vv=VM code, C=native code)
V  [libjvm.so+0xa7923a]  VMError::report_and_die()+0x2ca
V  [libjvm.so+0x4e552b]  report_vm_out_of_memory(char const*, int, unsigned long, VMErrorType, char const*)+0x8b
V  [libjvm.so+0x8e5613]  os::Linux::commit_memory_impl(char*, unsigned long, bool)+0x103
V  [libjvm.so+0x8e5b69]  os::pd_commit_memory(char*, unsigned long, unsigned long, bool)+0x29
V  [libjvm.so+0x8df83a]  os::commit_memory(char*, unsigned long, unsigned long, bool)+0x2a
V  [libjvm.so+0x94f923]  PSVirtualSpace::expand_by(unsigned long)+0x53
V  [libjvm.so+0x8fe24e]  ParMarkBitMap::initialize(MemRegion)+0x13e
V  [libjvm.so+0x9458e9]  PSParallelCompact::initialize()+0x149
V  [libjvm.so+0x9070dd]  ParallelScavengeHeap::initialize()+0x35d
V  [libjvm.so+0xa4528d]  Universe::initialize_heap()+0xfd
V  [libjvm.so+0xa456af]  universe_init()+0x3f
V  [libjvm.so+0x612435]  init_globals()+0x65
V  [libjvm.so+0xa2b25d]  Threads::create_vm(JavaVMInitArgs*, bool*)+0x24d
V  [libjvm.so+0x6a9704]  JNI_CreateJavaVM+0x74
C  [libjli.so+0x736e]  JavaMain+0x9e
C  [libpthread.so.0+0x8182]  start_thread+0xc2


---------------  P R O C E S S  ---------------

Java Threads: ( => current thread )

Other Threads:

=>0x00007f1ea8007800 (exited) JavaThread "Unknown thread" [_thread_in_vm, id=50248, stack(0x00007f1eafa0a000,0x00007f1eafb0b000)]

VM state:not at safepoint (not fully initialized)

VM Mutex/Monitor currently owned by a thread: None

GC Heap History (0 events):
No events

Deoptimization events (0 events):
No events

Internal exceptions (0 events):
No events

Events (0 events):
No events


Dynamic libraries:
00400000-00401000 r-xp 00000000 00:27 24716481                           /usr/local/stow/jdk-8u25/lib/jdk-8u25/bin/java
00600000-00601000 rw-p 00000000 00:27 24716481                           /usr/local/stow/jdk-8u25/lib/jdk-8u25/bin/java
00601000-00622000 rw-p 00000000 00:00 0                                  [heap]
80200000-d5780000 rw-p 00000000 00:00 0 
d5780000-580100000 ---p 00000000 00:00 0 
580100000-5aab80000 rw-p 00000000 00:00 0 
5aab80000-800000000 ---p 00000000 00:00 0 
7f1d6c000000-7f1d6c021000 rw-p 00000000 00:00 0 
7f1d6c021000-7f1d70000000 ---p 00000000 00:00 0 
7f1d74000000-7f1d74021000 rw-p 00000000 00:00 0 
7f1d74021000-7f1d78000000 ---p 00000000 00:00 0 
7f1d7c000000-7f1d7c021000 rw-p 00000000 00:00 0 
7f1d7c021000-7f1d80000000 ---p 00000000 00:00 0 
7f1d84000000-7f1d84021000 rw-p 00000000 00:00 0 
7f1d84021000-7f1d88000000 ---p 00000000 00:00 0 
7f1d8c000000-7f1d8c021000 rw-p 00000000 00:00 0 
7f1d8c021000-7f1d90000000 ---p 00000000 00:00 0 
7f1d94000000-7f1d94021000 rw-p 00000000 00:00 0 
7f1d94021000-7f1d98000000 ---p 00000000 00:00 0 
7f1d9c000000-7f1d9c021000 rw-p 00000000 00:00 0 
7f1d9c021000-7f1da0000000 ---p 00000000 00:00 0 
7f1da4000000-7f1da4021000 rw-p 00000000 00:00 0 
7f1da4021000-7f1da8000000 ---p 00000000 00:00 0 
7f1dac000000-7f1dac021000 rw-p 00000000 00:00 0 
7f1dac021000-7f1db0000000 ---p 00000000 00:00 0 
7f1db4000000-7f1db4021000 rw-p 00000000 00:00 0 
7f1db4021000-7f1db8000000 ---p 00000000 00:00 0 
7f1dbc000000-7f1dbc021000 rw-p 00000000 00:00 0 
7f1dbc021000-7f1dc0000000 ---p 00000000 00:00 0 
7f1dc4000000-7f1dc4021000 rw-p 00000000 00:00 0 
7f1dc4021000-7f1dc8000000 ---p 00000000 00:00 0 
7f1dcc000000-7f1dcc021000 rw-p 00000000 00:00 0 
7f1dcc021000-7f1dd0000000 ---p 00000000 00:00 0 
7f1dd4000000-7f1dd4021000 rw-p 00000000 00:00 0 
7f1dd4021000-7f1dd8000000 ---p 00000000 00:00 0 
7f1ddc000000-7f1ddc021000 rw-p 00000000 00:00 0 
7f1ddc021000-7f1de0000000 ---p 00000000 00:00 0 
7f1de4000000-7f1de4021000 rw-p 00000000 00:00 0 
7f1de4021000-7f1de8000000 ---p 00000000 00:00 0 
7f1dec000000-7f1dec021000 rw-p 00000000 00:00 0 
7f1dec021000-7f1df0000000 ---p 00000000 00:00 0 
7f1df4000000-7f1df4021000 rw-p 00000000 00:00 0 
7f1df4021000-7f1df8000000 ---p 00000000 00:00 0 
7f1dfc000000-7f1dfc021000 rw-p 00000000 00:00 0 
7f1dfc021000-7f1e00000000 ---p 00000000 00:00 0 
7f1e04000000-7f1e04021000 rw-p 00000000 00:00 0 
7f1e04021000-7f1e08000000 ---p 00000000 00:00 0 
7f1e0c000000-7f1e0c021000 rw-p 00000000 00:00 0 
7f1e0c021000-7f1e10000000 ---p 00000000 00:00 0 
7f1e14000000-7f1e14021000 rw-p 00000000 00:00 0 
7f1e14021000-7f1e18000000 ---p 00000000 00:00 0 
7f1e18000000-7f1e18021000 rw-p 00000000 00:00 0 
7f1e18021000-7f1e1c000000 ---p 00000000 00:00 0 
7f1e1c000000-7f1e1c021000 rw-p 00000000 00:00 0 
7f1e1c021000-7f1e20000000 ---p 00000000 00:00 0 
7f1e24000000-7f1e24021000 rw-p 00000000 00:00 0 
7f1e24021000-7f1e28000000 ---p 00000000 00:00 0 
7f1e28000000-7f1e28021000 rw-p 00000000 00:00 0 
7f1e28021000-7f1e2c000000 ---p 00000000 00:00 0 
7f1e2c000000-7f1e2c021000 rw-p 00000000 00:00 0 
7f1e2c021000-7f1e30000000 ---p 00000000 00:00 0 
7f1e30000000-7f1e30021000 rw-p 00000000 00:00 0 
7f1e30021000-7f1e34000000 ---p 00000000 00:00 0 
7f1e34000000-7f1e34021000 rw-p 00000000 00:00 0 
7f1e34021000-7f1e38000000 ---p 00000000 00:00 0 
7f1e3c000000-7f1e3c021000 rw-p 00000000 00:00 0 
7f1e3c021000-7f1e40000000 ---p 00000000 00:00 0 
7f1e40000000-7f1e40021000 rw-p 00000000 00:00 0 
7f1e40021000-7f1e44000000 ---p 00000000 00:00 0 
7f1e44000000-7f1e44021000 rw-p 00000000 00:00 0 
7f1e44021000-7f1e48000000 ---p 00000000 00:00 0 
7f1e4c000000-7f1e4c021000 rw-p 00000000 00:00 0 
7f1e4c021000-7f1e50000000 ---p 00000000 00:00 0 
7f1e54000000-7f1e54021000 rw-p 00000000 00:00 0 
7f1e54021000-7f1e58000000 ---p 00000000 00:00 0 
7f1e58000000-7f1e58021000 rw-p 00000000 00:00 0 
7f1e58021000-7f1e5c000000 ---p 00000000 00:00 0 
7f1e5c000000-7f1e5c021000 rw-p 00000000 00:00 0 
7f1e5c021000-7f1e60000000 ---p 00000000 00:00 0 
7f1e60000000-7f1e60021000 rw-p 00000000 00:00 0 
7f1e60021000-7f1e64000000 ---p 00000000 00:00 0 
7f1e64000000-7f1e64021000 rw-p 00000000 00:00 0 
7f1e64021000-7f1e68000000 ---p 00000000 00:00 0 
7f1e68000000-7f1e68021000 rw-p 00000000 00:00 0 
7f1e68021000-7f1e6c000000 ---p 00000000 00:00 0 
7f1e6c000000-7f1e6c021000 rw-p 00000000 00:00 0 
7f1e6c021000-7f1e70000000 ---p 00000000 00:00 0 
7f1e70000000-7f1e70021000 rw-p 00000000 00:00 0 
7f1e70021000-7f1e74000000 ---p 00000000 00:00 0 
7f1e74000000-7f1e74021000 rw-p 00000000 00:00 0 
7f1e74021000-7f1e78000000 ---p 00000000 00:00 0 
7f1e78000000-7f1e78021000 rw-p 00000000 00:00 0 
7f1e78021000-7f1e7c000000 ---p 00000000 00:00 0 
7f1e7c000000-7f1e7c021000 rw-p 00000000 00:00 0 
7f1e7c021000-7f1e80000000 ---p 00000000 00:00 0 
7f1e80000000-7f1e80021000 rw-p 00000000 00:00 0 
7f1e80021000-7f1e84000000 ---p 00000000 00:00 0 
7f1e84000000-7f1e84021000 rw-p 00000000 00:00 0 
7f1e84021000-7f1e88000000 ---p 00000000 00:00 0 
7f1e88000000-7f1e88021000 rw-p 00000000 00:00 0 
7f1e88021000-7f1e8c000000 ---p 00000000 00:00 0 
7f1e8c000000-7f1e8c021000 rw-p 00000000 00:00 0 
7f1e8c021000-7f1e90000000 ---p 00000000 00:00 0 
7f1e9086a000-7f1e90adf000 rw-p 00000000 00:00 0 
7f1e90adf000-7f1e90ae0000 ---p 00000000 00:00 0 
7f1e90ae0000-7f1e90be0000 rw-p 00000000 00:00 0 
7f1e90be0000-7f1e90be1000 ---p 00000000 00:00 0 
7f1e90be1000-7f1e90ce1000 rw-p 00000000 00:00 0 
7f1e90ce1000-7f1e90ce2000 ---p 00000000 00:00 0 
7f1e90ce2000-7f1e90de2000 rw-p 00000000 00:00 0 
7f1e90de2000-7f1e90de3000 ---p 00000000 00:00 0 
7f1e90de3000-7f1e90ee3000 rw-p 00000000 00:00 0 
7f1e90ee3000-7f1e90ee4000 ---p 00000000 00:00 0 
7f1e90ee4000-7f1e90fe4000 rw-p 00000000 00:00 0 
7f1e90fe4000-7f1e90fe5000 ---p 00000000 00:00 0 
7f1e90fe5000-7f1e910e5000 rw-p 00000000 00:00 0 
7f1e910e5000-7f1e910e6000 ---p 00000000 00:00 0 
7f1e910e6000-7f1e911e6000 rw-p 00000000 00:00 0 
7f1e911e6000-7f1e911e7000 ---p 00000000 00:00 0 
7f1e911e7000-7f1e912e7000 rw-p 00000000 00:00 0 
7f1e912e7000-7f1e912e8000 ---p 00000000 00:00 0 
7f1e912e8000-7f1e913e8000 rw-p 00000000 00:00 0 
7f1e913e8000-7f1e913e9000 ---p 00000000 00:00 0 
7f1e913e9000-7f1e914e9000 rw-p 00000000 00:00 0 
7f1e914e9000-7f1e914ea000 ---p 00000000 00:00 0 
7f1e914ea000-7f1e915ea000 rw-p 00000000 00:00 0 
7f1e915ea000-7f1e915eb000 ---p 00000000 00:00 0 
7f1e915eb000-7f1e916eb000 rw-p 00000000 00:00 0 
7f1e916eb000-7f1e916ec000 ---p 00000000 00:00 0 
7f1e916ec000-7f1e917ec000 rw-p 00000000 00:00 0 
7f1e917ec000-7f1e917ed000 ---p 00000000 00:00 0 
7f1e917ed000-7f1e918ed000 rw-p 00000000 00:00 0 
7f1e918ed000-7f1e918ee000 ---p 00000000 00:00 0 
7f1e918ee000-7f1e919ee000 rw-p 00000000 00:00 0 
7f1e919ee000-7f1e919ef000 ---p 00000000 00:00 0 
7f1e919ef000-7f1e91aef000 rw-p 00000000 00:00 0 
7f1e91aef000-7f1e91af0000 ---p 00000000 00:00 0 
7f1e91af0000-7f1e91bf0000 rw-p 00000000 00:00 0 
7f1e91bf0000-7f1e91bf1000 ---p 00000000 00:00 0 
7f1e91bf1000-7f1e91cf1000 rw-p 00000000 00:00 0 
7f1e91cf1000-7f1e91cf2000 ---p 00000000 00:00 0 
7f1e91cf2000-7f1e91df2000 rw-p 00000000 00:00 0 
7f1e91df2000-7f1e91df3000 ---p 00000000 00:00 0 
7f1e91df3000-7f1e91ef3000 rw-p 00000000 00:00 0 
7f1e91ef3000-7f1e91ef4000 ---p 00000000 00:00 0 
7f1e91ef4000-7f1e91ff4000 rw-p 00000000 00:00 0 
7f1e91ff4000-7f1e91ff5000 ---p 00000000 00:00 0 
7f1e91ff5000-7f1e920f5000 rw-p 00000000 00:00 0 
7f1e920f5000-7f1e920f6000 ---p 00000000 00:00 0 
7f1e920f6000-7f1e921f6000 rw-p 00000000 00:00 0 
7f1e921f6000-7f1e921f7000 ---p 00000000 00:00 0 
7f1e921f7000-7f1e922f7000 rw-p 00000000 00:00 0 
7f1e922f7000-7f1e922f8000 ---p 00000000 00:00 0 
7f1e922f8000-7f1e923f8000 rw-p 00000000 00:00 0 
7f1e923f8000-7f1e923f9000 ---p 00000000 00:00 0 
7f1e923f9000-7f1e924f9000 rw-p 00000000 00:00 0 
7f1e924f9000-7f1e924fa000 ---p 00000000 00:00 0 
7f1e924fa000-7f1e925fa000 rw-p 00000000 00:00 0 
7f1e925fa000-7f1e925fb000 ---p 00000000 00:00 0 
7f1e925fb000-7f1e926fb000 rw-p 00000000 00:00 0 
7f1e926fb000-7f1e926fc000 ---p 00000000 00:00 0 
7f1e926fc000-7f1e927fc000 rw-p 00000000 00:00 0 
7f1e927fc000-7f1e927fd000 ---p 00000000 00:00 0 
7f1e927fd000-7f1e928fd000 rw-p 00000000 00:00 0 
7f1e928fd000-7f1e928fe000 ---p 00000000 00:00 0 
7f1e928fe000-7f1e929fe000 rw-p 00000000 00:00 0 
7f1e929fe000-7f1e929ff000 ---p 00000000 00:00 0 
7f1e929ff000-7f1e92aff000 rw-p 00000000 00:00 0 
7f1e92aff000-7f1e92b00000 ---p 00000000 00:00 0 
7f1e92b00000-7f1e92eab000 rw-p 00000000 00:00 0 
7f1e92eab000-7f1e95400000 ---p 00000000 00:00 0 
7f1e95400000-7f1e956ab000 rw-p 00000000 00:00 0 
7f1e956ab000-7f1e97bff000 ---p 00000000 00:00 0 
7f1e97bff000-7f1e97d55000 rw-p 00000000 00:00 0 
7f1e97d55000-7f1e98fff000 ---p 00000000 00:00 0 
7f1e98fff000-7f1e99000000 rw-p 00000000 00:00 0 
7f1e99000000-7f1e99270000 rwxp 00000000 00:00 0 
7f1e99270000-7f1ea8000000 ---p 00000000 00:00 0 
7f1ea8000000-7f1ea8087000 rw-p 00000000 00:00 0 
7f1ea8087000-7f1eac000000 ---p 00000000 00:00 0 
7f1eac0c4000-7f1eac0c5000 ---p 00000000 00:00 0 
7f1eac0c5000-7f1eac1c5000 rw-p 00000000 00:00 0 
7f1eac1c5000-7f1eac1c6000 ---p 00000000 00:00 0 
7f1eac1c6000-7f1eac2c6000 rw-p 00000000 00:00 0 
7f1eac2c6000-7f1eac2c7000 ---p 00000000 00:00 0 
7f1eac2c7000-7f1eac3c7000 rw-p 00000000 00:00 0 
7f1eac3c7000-7f1eac3c8000 ---p 00000000 00:00 0 
7f1eac3c8000-7f1eac4c8000 rw-p 00000000 00:00 0 
7f1eac4c8000-7f1eac4c9000 ---p 00000000 00:00 0 
7f1eac4c9000-7f1eac5c9000 rw-p 00000000 00:00 0 
7f1eac5c9000-7f1eac5ca000 ---p 00000000 00:00 0 
7f1eac5ca000-7f1eac6ca000 rw-p 00000000 00:00 0 
7f1eac6ca000-7f1eac6cb000 ---p 00000000 00:00 0 
7f1eac6cb000-7f1eac7cb000 rw-p 00000000 00:00 0 
7f1eac7cb000-7f1eac7cc000 ---p 00000000 00:00 0 
7f1eac7cc000-7f1eac8cc000 rw-p 00000000 00:00 0 
7f1eac8cc000-7f1eac8cd000 ---p 00000000 00:00 0 
7f1eac8cd000-7f1eac9cd000 rw-p 00000000 00:00 0 
7f1eac9cd000-7f1eac9ce000 ---p 00000000 00:00 0 
7f1eac9ce000-7f1eacace000 rw-p 00000000 00:00 0 
7f1eacace000-7f1eacacf000 ---p 00000000 00:00 0 
7f1eacacf000-7f1eacbcf000 rw-p 00000000 00:00 0 
7f1eacbcf000-7f1eacbd0000 ---p 00000000 00:00 0 
7f1eacbd0000-7f1eaccd0000 rw-p 00000000 00:00 0 
7f1eaccd0000-7f1eaccd1000 ---p 00000000 00:00 0 
7f1eaccd1000-7f1eacdd1000 rw-p 00000000 00:00 0 
7f1eacdd1000-7f1eacdd2000 ---p 00000000 00:00 0 
7f1eacdd2000-7f1eaced2000 rw-p 00000000 00:00 0 
7f1eaced2000-7f1eaced3000 ---p 00000000 00:00 0 
7f1eaced3000-7f1eacfdd000 rw-p 00000000 00:00 0 
7f1eacfdd000-7f1ead393000 ---p 00000000 00:00 0 
7f1ead393000-7f1ead3ad000 r-xp 00000000 00:27 33345547                   /usr/local/stow/jdk-8u25/lib/jdk-8u25/jre/lib/amd64/libzip.so
7f1ead3ad000-7f1ead5ad000 ---p 0001a000 00:27 33345547                   /usr/local/stow/jdk-8u25/lib/jdk-8u25/jre/lib/amd64/libzip.so
7f1ead5ad000-7f1ead5ae000 rw-p 0001a000 00:27 33345547                   /usr/local/stow/jdk-8u25/lib/jdk-8u25/jre/lib/amd64/libzip.so
7f1ead5ae000-7f1ead688000 r--s 00000000 00:12 14105931                   /specific/var/cache/nscd/passwd
7f1ead688000-7f1ead6b2000 r-xp 00000000 00:27 5412095                    /usr/local/stow/jdk-8u25/lib/jdk-8u25/jre/lib/amd64/libjava.so
7f1ead6b2000-7f1ead8b2000 ---p 0002a000 00:27 5412095                    /usr/local/stow/jdk-8u25/lib/jdk-8u25/jre/lib/amd64/libjava.so
7f1ead8b2000-7f1ead8b4000 rw-p 0002a000 00:27 5412095                    /usr/local/stow/jdk-8u25/lib/jdk-8u25/jre/lib/amd64/libjava.so
7f1ead8b4000-7f1ead8c1000 r-xp 00000000 00:27 33345546                   /usr/local/stow/jdk-8u25/lib/jdk-8u25/jre/lib/amd64/libverify.so
7f1ead8c1000-7f1eadac1000 ---p 0000d000 00:27 33345546                   /usr/local/stow/jdk-8u25/lib/jdk-8u25/jre/lib/amd64/libverify.so
7f1eadac1000-7f1eadac3000 rw-p 0000d000 00:27 33345546                   /usr/local/stow/jdk-8u25/lib/jdk-8u25/jre/lib/amd64/libverify.so
7f1eadac3000-7f1eadaca000 r-xp 00000000 00:11 42138659                   /lib/x86_64-linux-gnu/librt-2.19.so
7f1eadaca000-7f1eadcc9000 ---p 00007000 00:11 42138659                   /lib/x86_64-linux-gnu/librt-2.19.so
7f1eadcc9000-7f1eadcca000 r--p 00006000 00:11 42138659                   /lib/x86_64-linux-gnu/librt-2.19.so
7f1eadcca000-7f1eadccb000 rw-p 00007000 00:11 42138659                   /lib/x86_64-linux-gnu/librt-2.19.so
7f1eadccb000-7f1eaddd0000 r-xp 00000000 00:11 27745548                   /lib/x86_64-linux-gnu/libm-2.19.so
7f1eaddd0000-7f1eadfcf000 ---p 00105000 00:11 27745548                   /lib/x86_64-linux-gnu/libm-2.19.so
7f1eadfcf000-7f1eadfd0000 r--p 00104000 00:11 27745548                   /lib/x86_64-linux-gnu/libm-2.19.so
7f1eadfd0000-7f1eadfd1000 rw-p 00105000 00:11 27745548                   /lib/x86_64-linux-gnu/libm-2.19.so
7f1eadfd1000-7f1eaec3e000 r-xp 00000000 00:27 10588078                   /usr/local/stow/jdk-8u25/lib/jdk-8u25/jre/lib/amd64/server/libjvm.so
7f1eaec3e000-7f1eaee3d000 ---p 00c6d000 00:27 10588078                   /usr/local/stow/jdk-8u25/lib/jdk-8u25/jre/lib/amd64/server/libjvm.so
7f1eaee3d000-7f1eaef13000 rw-p 00c6c000 00:27 10588078                   /usr/local/stow/jdk-8u25/lib/jdk-8u25/jre/lib/amd64/server/libjvm.so
7f1eaef13000-7f1eaef56000 rw-p 00000000 00:00 0 
7f1eaef56000-7f1eaf112000 r-xp 00000000 00:11 27745545                   /lib/x86_64-linux-gnu/libc-2.19.so
7f1eaf112000-7f1eaf311000 ---p 001bc000 00:11 27745545                   /lib/x86_64-linux-gnu/libc-2.19.so
7f1eaf311000-7f1eaf315000 r--p 001bb000 00:11 27745545                   /lib/x86_64-linux-gnu/libc-2.19.so
7f1eaf315000-7f1eaf317000 rw-p 001bf000 00:11 27745545                   /lib/x86_64-linux-gnu/libc-2.19.so
7f1eaf317000-7f1eaf31c000 rw-p 00000000 00:00 0 
7f1eaf31c000-7f1eaf31f000 r-xp 00000000 00:11 42138654                   /lib/x86_64-linux-gnu/libdl-2.19.so
7f1eaf31f000-7f1eaf51e000 ---p 00003000 00:11 42138654                   /lib/x86_64-linux-gnu/libdl-2.19.so
7f1eaf51e000-7f1eaf51f000 r--p 00002000 00:11 42138654                   /lib/x86_64-linux-gnu/libdl-2.19.so
7f1eaf51f000-7f1eaf520000 rw-p 00003000 00:11 42138654                   /lib/x86_64-linux-gnu/libdl-2.19.so
7f1eaf520000-7f1eaf535000 r-xp 00000000 00:27 13235460                   /usr/local/stow/jdk-8u25/lib/jdk-8u25/lib/amd64/jli/libjli.so
7f1eaf535000-7f1eaf734000 ---p 00015000 00:27 13235460                   /usr/local/stow/jdk-8u25/lib/jdk-8u25/lib/amd64/jli/libjli.so
7f1eaf734000-7f1eaf735000 rw-p 00014000 00:27 13235460                   /usr/local/stow/jdk-8u25/lib/jdk-8u25/lib/amd64/jli/libjli.so
7f1eaf735000-7f1eaf74e000 r-xp 00000000 00:11 42138658                   /lib/x86_64-linux-gnu/libpthread-2.19.so
7f1eaf74e000-7f1eaf94d000 ---p 00019000 00:11 42138658                   /lib/x86_64-linux-gnu/libpthread-2.19.so
7f1eaf94d000-7f1eaf94e000 r--p 00018000 00:11 42138658                   /lib/x86_64-linux-gnu/libpthread-2.19.so
7f1eaf94e000-7f1eaf94f000 rw-p 00019000 00:11 42138658                   /lib/x86_64-linux-gnu/libpthread-2.19.so
7f1eaf94f000-7f1eaf953000 rw-p 00000000 00:00 0 
7f1eaf953000-7f1eaf976000 r-xp 00000000 00:11 27745544                   /lib/x86_64-linux-gnu/ld-2.19.so
7f1eafa0a000-7f1eafa0d000 ---p 00000000 00:00 0 
7f1eafa0d000-7f1eafb0f000 rw-p 00000000 00:00 0 
7f1eafb51000-7f1eafb69000 rw-p 00000000 00:00 0 
7f1eafb69000-7f1eafb71000 rw-s 00000000 00:14 49253654                   /tmp/hsperfdata_hagailevi/50237
7f1eafb71000-7f1eafb72000 rw-p 00000000 00:00 0 
7f1eafb72000-7f1eafb73000 r--p 00000000 00:00 0 
7f1eafb73000-7f1eafb75000 rw-p 00000000 00:00 0 
7f1eafb75000-7f1eafb76000 r--p 00022000 00:11 27745544                   /lib/x86_64-linux-gnu/ld-2.19.so
7f1eafb76000-7f1eafb77000 rw-p 00023000 00:11 27745544                   /lib/x86_64-linux-gnu/ld-2.19.so
7f1eafb77000-7f1eafb78000 rw-p 00000000 00:00 0 
7ffe073f9000-7ffe0741a000 rw-p 00000000 00:00 0                          [stack]
7ffe074d3000-7ffe074d5000 r--p 00000000 00:00 0                          [vvar]
7ffe074d5000-7ffe074d7000 r-xp 00000000 00:00 0                          [vdso]
ffffffffff600000-ffffffffff601000 r-xp 00000000 00:00 0                  [vsyscall]

VM Arguments:
java_command: /specific/netapp5/gaga/hagailevi/evaluation/bnetworks_alg/jactivemodules/jactivemodules.jar /specific/netapp5/gaga/hagailevi/evaluation/bnet/networks/dip.sif /specific/netapp5/gaga/hagailevi/evaluation/bnet/datasets/GE_random_SOC_11081/cache/deg_edger.tsv True 10 0 /specific/netapp5/gaga/hagailevi/evaluation/bnet/datasets/GE_random_SOC_11081/output/jactivemodules_greedy_results.txt
java_class_path (initial): /specific/netapp5/gaga/hagailevi/evaluation/bnetworks_alg/jactivemodules/jactivemodules.jar
Launcher Type: SUN_STANDARD

Environment Variables:
JAVA_HOME=/usr/local/lib/jdk-8u25/
PATH=/specific/netapp5/gaga/hagailevi/evaluation/python27/bin:/usr/local/sbin:/usr/local/bin:/usr/sbin:/usr/bin:/sbin:/bin:/usr/games:.:/usr/local/lib/apache-hive-0.14.0/bin:.:.:/usr/local/lib/apache-hive-0.14.0/bin:.
SHELL=/bin/tcsh
DISPLAY=rack-shamir4:17.0
HOSTTYPE=x86_64-linux
OSTYPE=linux
MACHTYPE=x86_64

Signal Handlers:
SIGSEGV: [libjvm.so+0xa79a80], sa_mask[0]=11111111011111111101111111111110, sa_flags=SA_RESTART|SA_SIGINFO
SIGBUS: [libjvm.so+0xa79a80], sa_mask[0]=11111111011111111101111111111110, sa_flags=SA_RESTART|SA_SIGINFO
SIGFPE: [libjvm.so+0x8e24e0], sa_mask[0]=11111111011111111101111111111110, sa_flags=SA_RESTART|SA_SIGINFO
SIGPIPE: [libjvm.so+0x8e24e0], sa_mask[0]=11111111011111111101111111111110, sa_flags=SA_RESTART|SA_SIGINFO
SIGXFSZ: [libjvm.so+0x8e24e0], sa_mask[0]=11111111011111111101111111111110, sa_flags=SA_RESTART|SA_SIGINFO
SIGILL: [libjvm.so+0x8e24e0], sa_mask[0]=11111111011111111101111111111110, sa_flags=SA_RESTART|SA_SIGINFO
SIGUSR1: SIG_DFL, sa_mask[0]=00000000000000000000000000000000, sa_flags=none
SIGUSR2: [libjvm.so+0x8e3d10], sa_mask[0]=00000000000000000000000000000000, sa_flags=SA_RESTART|SA_SIGINFO
SIGHUP: SIG_DFL, sa_mask[0]=00000000000000000000000000000000, sa_flags=none
SIGINT: SIG_DFL, sa_mask[0]=00000000000000000000000000000000, sa_flags=none
SIGTERM: SIG_DFL, sa_mask[0]=00000000000000000000000000000000, sa_flags=none
SIGQUIT: SIG_DFL, sa_mask[0]=00000000000000000000000000000000, sa_flags=none


---------------  S Y S T E M  ---------------

OS:Red Hat Linux release 4

uname:Linux 4.9.5-64-net1 #1 SMP PREEMPT Wed Jan 25 21:01:00 IST 2017 x86_64
libc:glibc 2.19 NPTL 2.19 
rlimit: STACK 8192k, CORE 0k, NPROC 3095303, NOFILE 16384, AS infinity
load average:39.63 40.53 40.95

/proc/meminfo:
MemTotal:       792405328 kB
MemFree:        354997728 kB
MemAvailable:   761337628 kB
Buffers:             236 kB
Cached:         409570408 kB
SwapCached:            0 kB
Active:         147248752 kB
Inactive:       286071508 kB
Active(anon):   23837364 kB
Inactive(anon):    12116 kB
Active(file):   123411388 kB
Inactive(file): 286059392 kB
Unevictable:        9216 kB
Mlocked:            9216 kB
SwapTotal:             0 kB
SwapFree:              0 kB
Dirty:                 0 kB
Writeback:             0 kB
AnonPages:      23759084 kB
Mapped:           140100 kB
Shmem:             91912 kB
Slab:            1996940 kB
SReclaimable:    1791188 kB
SUnreclaim:       205752 kB
KernelStack:       74592 kB
PageTables:       240372 kB
NFS_Unstable:          0 kB
Bounce:                0 kB
WritebackTmp:          0 kB
CommitLimit:    633924260 kB
Committed_AS:   632972456 kB
VmallocTotal:   34359738367 kB
VmallocUsed:           0 kB
VmallocChunk:          0 kB
HardwareCorrupted:     0 kB
HugePages_Total:       0
HugePages_Free:        0
HugePages_Rsvd:        0
HugePages_Surp:        0
Hugepagesize:       2048 kB
DirectMap4k:       14016 kB
DirectMap2M:     1853440 kB
DirectMap1G:    805306368 kB


CPU:total 72 (18 cores per cpu, 2 threads per core) family 6 model 63 stepping 2, cmov, cx8, fxsr, mmx, sse, sse2, sse3, ssse3, sse4.1, sse4.2, popcnt, avx, avx2, aes, clmul, erms, lzcnt, ht, tsc, tscinvbit, bmi1, bmi2

/proc/cpuinfo:
processor	: 0
vendor_id	: GenuineIntel
cpu family	: 6
model		: 63
model name	: Intel(R) Xeon(R) CPU E5-2699 v3 @ 2.30GHz
stepping	: 2
microcode	: 0x36
cpu MHz		: 2299.905
cache size	: 46080 KB
physical id	: 0
siblings	: 36
core id		: 0
cpu cores	: 18
apicid		: 0
initial apicid	: 0
fpu		: yes
fpu_exception	: yes
cpuid level	: 15
wp		: yes
flags		: fpu vme de pse tsc msr pae mce cx8 apic sep mtrr pge mca cmov pat pse36 clflush dts acpi mmx fxsr sse sse2 ss ht tm pbe syscall nx pdpe1gb rdtscp lm constant_tsc arch_perfmon pebs bts rep_good nopl xtopology nonstop_tsc aperfmperf eagerfpu pni pclmulqdq dtes64 monitor ds_cpl vmx smx est tm2 ssse3 sdbg fma cx16 xtpr pdcm pcid dca sse4_1 sse4_2 x2apic movbe popcnt tsc_deadline_timer aes xsave avx f16c rdrand lahf_lm abm epb tpr_shadow vnmi flexpriority ept vpid fsgsbase tsc_adjust bmi1 avx2 smep bmi2 erms invpcid cqm xsaveopt cqm_llc cqm_occup_llc dtherm ida arat pln pts
bugs		:
bogomips	: 4599.81
clflush size	: 64
cache_alignment	: 64
address sizes	: 46 bits physical, 48 bits virtual
power management:

processor	: 1
vendor_id	: GenuineIntel
cpu family	: 6
model		: 63
model name	: Intel(R) Xeon(R) CPU E5-2699 v3 @ 2.30GHz
stepping	: 2
microcode	: 0x36
cpu MHz		: 2299.905
cache size	: 46080 KB
physical id	: 1
siblings	: 36
core id		: 0
cpu cores	: 18
apicid		: 64
initial apicid	: 64
fpu		: yes
fpu_exception	: yes
cpuid level	: 15
wp		: yes
flags		: fpu vme de pse tsc msr pae mce cx8 apic sep mtrr pge mca cmov pat pse36 clflush dts acpi mmx fxsr sse sse2 ss ht tm pbe syscall nx pdpe1gb rdtscp lm constant_tsc arch_perfmon pebs bts rep_good nopl xtopology nonstop_tsc aperfmperf eagerfpu pni pclmulqdq dtes64 monitor ds_cpl vmx smx est tm2 ssse3 sdbg fma cx16 xtpr pdcm pcid dca sse4_1 sse4_2 x2apic movbe popcnt tsc_deadline_timer aes xsave avx f16c rdrand lahf_lm abm epb tpr_shadow vnmi flexpriority ept vpid fsgsbase tsc_adjust bmi1 avx2 smep bmi2 erms invpcid cqm xsaveopt cqm_llc cqm_occup_llc dtherm ida arat pln pts
bugs		:
bogomips	: 4600.85
clflush size	: 64
cache_alignment	: 64
address sizes	: 46 bits physical, 48 bits virtual
power management:

processor	: 2
vendor_id	: GenuineIntel
cpu family	: 6
model		: 63
model name	: Intel(R) Xeon(R) CPU E5-2699 v3 @ 2.30GHz
stepping	: 2
microcode	: 0x36
cpu MHz		: 2299.905
cache size	: 46080 KB
physical id	: 0
siblings	: 36
core id		: 1
cpu cores	: 18
apicid		: 2
initial apicid	: 2
fpu		: yes
fpu_exception	: yes
cpuid level	: 15
wp		: yes
flags		: fpu vme de pse tsc msr pae mce cx8 apic sep mtrr pge mca cmov pat pse36 clflush dts acpi mmx fxsr sse sse2 ss ht tm pbe syscall nx pdpe1gb rdtscp lm constant_tsc arch_perfmon pebs bts rep_good nopl xtopology nonstop_tsc aperfmperf eagerfpu pni pclmulqdq dtes64 monitor ds_cpl vmx smx est tm2 ssse3 sdbg fma cx16 xtpr pdcm pcid dca sse4_1 sse4_2 x2apic movbe popcnt tsc_deadline_timer aes xsave avx f16c rdrand lahf_lm abm epb tpr_shadow vnmi flexpriority ept vpid fsgsbase tsc_adjust bmi1 avx2 smep bmi2 erms invpcid cqm xsaveopt cqm_llc cqm_occup_llc dtherm ida arat pln pts
bugs		:
bogomips	: 4601.59
clflush size	: 64
cache_alignment	: 64
address sizes	: 46 bits physical, 48 bits virtual
power management:

processor	: 3
vendor_id	: GenuineIntel
cpu family	: 6
model		: 63
model name	: Intel(R) Xeon(R) CPU E5-2699 v3 @ 2.30GHz
stepping	: 2
microcode	: 0x36
cpu MHz		: 2299.905
cache size	: 46080 KB
physical id	: 1
siblings	: 36
core id		: 1
cpu cores	: 18
apicid		: 66
initial apicid	: 66
fpu		: yes
fpu_exception	: yes
cpuid level	: 15
wp		: yes
flags		: fpu vme de pse tsc msr pae mce cx8 apic sep mtrr pge mca cmov pat pse36 clflush dts acpi mmx fxsr sse sse2 ss ht tm pbe syscall nx pdpe1gb rdtscp lm constant_tsc arch_perfmon pebs bts rep_good nopl xtopology nonstop_tsc aperfmperf eagerfpu pni pclmulqdq dtes64 monitor ds_cpl vmx smx est tm2 ssse3 sdbg fma cx16 xtpr pdcm pcid dca sse4_1 sse4_2 x2apic movbe popcnt tsc_deadline_timer aes xsave avx f16c rdrand lahf_lm abm epb tpr_shadow vnmi flexpriority ept vpid fsgsbase tsc_adjust bmi1 avx2 smep bmi2 erms invpcid cqm xsaveopt cqm_llc cqm_occup_llc dtherm ida arat pln pts
bugs		:
bogomips	: 4601.69
clflush size	: 64
cache_alignment	: 64
address sizes	: 46 bits physical, 48 bits virtual
power management:

processor	: 4
vendor_id	: GenuineIntel
cpu family	: 6
model		: 63
model name	: Intel(R) Xeon(R) CPU E5-2699 v3 @ 2.30GHz
stepping	: 2
microcode	: 0x36
cpu MHz		: 2299.905
cache size	: 46080 KB
physical id	: 0
siblings	: 36
core id		: 2
cpu cores	: 18
apicid		: 4
initial apicid	: 4
fpu		: yes
fpu_exception	: yes
cpuid level	: 15
wp		: yes
flags		: fpu vme de pse tsc msr pae mce cx8 apic sep mtrr pge mca cmov pat pse36 clflush dts acpi mmx fxsr sse sse2 ss ht tm pbe syscall nx pdpe1gb rdtscp lm constant_tsc arch_perfmon pebs bts rep_good nopl xtopology nonstop_tsc aperfmperf eagerfpu pni pclmulqdq dtes64 monitor ds_cpl vmx smx est tm2 ssse3 sdbg fma cx16 xtpr pdcm pcid dca sse4_1 sse4_2 x2apic movbe popcnt tsc_deadline_timer aes xsave avx f16c rdrand lahf_lm abm epb tpr_shadow vnmi flexpriority ept vpid fsgsbase tsc_adjust bmi1 avx2 smep bmi2 erms invpcid cqm xsaveopt cqm_llc cqm_occup_llc dtherm ida arat pln pts
bugs		:
bogomips	: 4601.55
clflush size	: 64
cache_alignment	: 64
address sizes	: 46 bits physical, 48 bits virtual
power management:

processor	: 5
vendor_id	: GenuineIntel
cpu family	: 6
model		: 63
model name	: Intel(R) Xeon(R) CPU E5-2699 v3 @ 2.30GHz
stepping	: 2
microcode	: 0x36
cpu MHz		: 2299.905
cache size	: 46080 KB
physical id	: 1
siblings	: 36
core id		: 2
cpu cores	: 18
apicid		: 68
initial apicid	: 68
fpu		: yes
fpu_exception	: yes
cpuid level	: 15
wp		: yes
flags		: fpu vme de pse tsc msr pae mce cx8 apic sep mtrr pge mca cmov pat pse36 clflush dts acpi mmx fxsr sse sse2 ss ht tm pbe syscall nx pdpe1gb rdtscp lm constant_tsc arch_perfmon pebs bts rep_good nopl xtopology nonstop_tsc aperfmperf eagerfpu pni pclmulqdq dtes64 monitor ds_cpl vmx smx est tm2 ssse3 sdbg fma cx16 xtpr pdcm pcid dca sse4_1 sse4_2 x2apic movbe popcnt tsc_deadline_timer aes xsave avx f16c rdrand lahf_lm abm epb tpr_shadow vnmi flexpriority ept vpid fsgsbase tsc_adjust bmi1 avx2 smep bmi2 erms invpcid cqm xsaveopt cqm_llc cqm_occup_llc dtherm ida arat pln pts
bugs		:
bogomips	: 4601.14
clflush size	: 64
cache_alignment	: 64
address sizes	: 46 bits physical, 48 bits virtual
power management:

processor	: 6
vendor_id	: GenuineIntel
cpu family	: 6
model		: 63
model name	: Intel(R) Xeon(R) CPU E5-2699 v3 @ 2.30GHz
stepping	: 2
microcode	: 0x36
cpu MHz		: 2299.905
cache size	: 46080 KB
physical id	: 0
siblings	: 36
core id		: 3
cpu cores	: 18
apicid		: 6
initial apicid	: 6
fpu		: yes
fpu_exception	: yes
cpuid level	: 15
wp		: yes
flags		: fpu vme de pse tsc msr pae mce cx8 apic sep mtrr pge mca cmov pat pse36 clflush dts acpi mmx fxsr sse sse2 ss ht tm pbe syscall nx pdpe1gb rdtscp lm constant_tsc arch_perfmon pebs bts rep_good nopl xtopology nonstop_tsc aperfmperf eagerfpu pni pclmulqdq dtes64 monitor ds_cpl vmx smx est tm2 ssse3 sdbg fma cx16 xtpr pdcm pcid dca sse4_1 sse4_2 x2apic movbe popcnt tsc_deadline_timer aes xsave avx f16c rdrand lahf_lm abm epb tpr_shadow vnmi flexpriority ept vpid fsgsbase tsc_adjust bmi1 avx2 smep bmi2 erms invpcid cqm xsaveopt cqm_llc cqm_occup_llc dtherm ida arat pln pts
bugs		:
bogomips	: 4601.15
clflush size	: 64
cache_alignment	: 64
address sizes	: 46 bits physical, 48 bits virtual
power management:

processor	: 7
vendor_id	: GenuineIntel
cpu family	: 6
model		: 63
model name	: Intel(R) Xeon(R) CPU E5-2699 v3 @ 2.30GHz
stepping	: 2
microcode	: 0x36
cpu MHz		: 2299.905
cache size	: 46080 KB
physical id	: 1
siblings	: 36
core id		: 3
cpu cores	: 18
apicid		: 70
initial apicid	: 70
fpu		: yes
fpu_exception	: yes
cpuid level	: 15
wp		: yes
flags		: fpu vme de pse tsc msr pae mce cx8 apic sep mtrr pge mca cmov pat pse36 clflush dts acpi mmx fxsr sse sse2 ss ht tm pbe syscall nx pdpe1gb rdtscp lm constant_tsc arch_perfmon pebs bts rep_good nopl xtopology nonstop_tsc aperfmperf eagerfpu pni pclmulqdq dtes64 monitor ds_cpl vmx smx est tm2 ssse3 sdbg fma cx16 xtpr pdcm pcid dca sse4_1 sse4_2 x2apic movbe popcnt tsc_deadline_timer aes xsave avx f16c rdrand lahf_lm abm epb tpr_shadow vnmi flexpriority ept vpid fsgsbase tsc_adjust bmi1 avx2 smep bmi2 erms invpcid cqm xsaveopt cqm_llc cqm_occup_llc dtherm ida arat pln pts
bugs		:
bogomips	: 4601.20
clflush size	: 64
cache_alignment	: 64
address sizes	: 46 bits physical, 48 bits virtual
power management:

processor	: 8
vendor_id	: GenuineIntel
cpu family	: 6
model		: 63
model name	: Intel(R) Xeon(R) CPU E5-2699 v3 @ 2.30GHz
stepping	: 2
microcode	: 0x36
cpu MHz		: 2299.905
cache size	: 46080 KB
physical id	: 0
siblings	: 36
core id		: 4
cpu cores	: 18
apicid		: 8
initial apicid	: 8
fpu		: yes
fpu_exception	: yes
cpuid level	: 15
wp		: yes
flags		: fpu vme de pse tsc msr pae mce cx8 apic sep mtrr pge mca cmov pat pse36 clflush dts acpi mmx fxsr sse sse2 ss ht tm pbe syscall nx pdpe1gb rdtscp lm constant_tsc arch_perfmon pebs bts rep_good nopl xtopology nonstop_tsc aperfmperf eagerfpu pni pclmulqdq dtes64 monitor ds_cpl vmx smx est tm2 ssse3 sdbg fma cx16 xtpr pdcm pcid dca sse4_1 sse4_2 x2apic movbe popcnt tsc_deadline_timer aes xsave avx f16c rdrand lahf_lm abm epb tpr_shadow vnmi flexpriority ept vpid fsgsbase tsc_adjust bmi1 avx2 smep bmi2 erms invpcid cqm xsaveopt cqm_llc cqm_occup_llc dtherm ida arat pln pts
bugs		:
bogomips	: 4601.21
clflush size	: 64
cache_alignment	: 64
address sizes	: 46 bits physical, 48 bits virtual
power management:

processor	: 9
vendor_id	: GenuineIntel
cpu family	: 6
model		: 63
model name	: Intel(R) Xeon(R) CPU E5-2699 v3 @ 2.30GHz
stepping	: 2
microcode	: 0x36
cpu MHz		: 2299.905
cache size	: 46080 KB
physical id	: 1
siblings	: 36
core id		: 4
cpu cores	: 18
apicid		: 72
initial apicid	: 72
fpu		: yes
fpu_exception	: yes
cpuid level	: 15
wp		: yes
flags		: fpu vme de pse tsc msr pae mce cx8 apic sep mtrr pge mca cmov pat pse36 clflush dts acpi mmx fxsr sse sse2 ss ht tm pbe syscall nx pdpe1gb rdtscp lm constant_tsc arch_perfmon pebs bts rep_good nopl xtopology nonstop_tsc aperfmperf eagerfpu pni pclmulqdq dtes64 monitor ds_cpl vmx smx est tm2 ssse3 sdbg fma cx16 xtpr pdcm pcid dca sse4_1 sse4_2 x2apic movbe popcnt tsc_deadline_timer aes xsave avx f16c rdrand lahf_lm abm epb tpr_shadow vnmi flexpriority ept vpid fsgsbase tsc_adjust bmi1 avx2 smep bmi2 erms invpcid cqm xsaveopt cqm_llc cqm_occup_llc dtherm ida arat pln pts
bugs		:
bogomips	: 4601.20
clflush size	: 64
cache_alignment	: 64
address sizes	: 46 bits physical, 48 bits virtual
power management:

processor	: 10
vendor_id	: GenuineIntel
cpu family	: 6
model		: 63
model name	: Intel(R) Xeon(R) CPU E5-2699 v3 @ 2.30GHz
stepping	: 2
microcode	: 0x36
cpu MHz		: 2299.905
cache size	: 46080 KB
physical id	: 0
siblings	: 36
core id		: 8
cpu cores	: 18
apicid		: 16
initial apicid	: 16
fpu		: yes
fpu_exception	: yes
cpuid level	: 15
wp		: yes
flags		: fpu vme de pse tsc msr pae mce cx8 apic sep mtrr pge mca cmov pat pse36 clflush dts acpi mmx fxsr sse sse2 ss ht tm pbe syscall nx pdpe1gb rdtscp lm constant_tsc arch_perfmon pebs bts rep_good nopl xtopology nonstop_tsc aperfmperf eagerfpu pni pclmulqdq dtes64 monitor ds_cpl vmx smx est tm2 ssse3 sdbg fma cx16 xtpr pdcm pcid dca sse4_1 sse4_2 x2apic movbe popcnt tsc_deadline_timer aes xsave avx f16c rdrand lahf_lm abm epb tpr_shadow vnmi flexpriority ept vpid fsgsbase tsc_adjust bmi1 avx2 smep bmi2 erms invpcid cqm xsaveopt cqm_llc cqm_occup_llc dtherm ida arat pln pts
bugs		:
bogomips	: 4601.08
clflush size	: 64
cache_alignment	: 64
address sizes	: 46 bits physical, 48 bits virtual
power management:

processor	: 11
vendor_id	: GenuineIntel
cpu family	: 6
model		: 63
model name	: Intel(R) Xeon(R) CPU E5-2699 v3 @ 2.30GHz
stepping	: 2
microcode	: 0x36
cpu MHz		: 2299.905
cache size	: 46080 KB
physical id	: 1
siblings	: 36
core id		: 8
cpu cores	: 18
apicid		: 80
initial apicid	: 80
fpu		: yes
fpu_exception	: yes
cpuid level	: 15
wp		: yes
flags		: fpu vme de pse tsc msr pae mce cx8 apic sep mtrr pge mca cmov pat pse36 clflush dts acpi mmx fxsr sse sse2 ss ht tm pbe syscall nx pdpe1gb rdtscp lm constant_tsc arch_perfmon pebs bts rep_good nopl xtopology nonstop_tsc aperfmperf eagerfpu pni pclmulqdq dtes64 monitor ds_cpl vmx smx est tm2 ssse3 sdbg fma cx16 xtpr pdcm pcid dca sse4_1 sse4_2 x2apic movbe popcnt tsc_deadline_timer aes xsave avx f16c rdrand lahf_lm abm epb tpr_shadow vnmi flexpriority ept vpid fsgsbase tsc_adjust bmi1 avx2 smep bmi2 erms invpcid cqm xsaveopt cqm_llc cqm_occup_llc dtherm ida arat pln pts
bugs		:
bogomips	: 4601.10
clflush size	: 64
cache_alignment	: 64
address sizes	: 46 bits physical, 48 bits virtual
power management:

processor	: 12
vendor_id	: GenuineIntel
cpu family	: 6
model		: 63
model name	: Intel(R) Xeon(R) CPU E5-2699 v3 @ 2.30GHz
stepping	: 2
microcode	: 0x36
cpu MHz		: 2299.905
cache size	: 46080 KB
physical id	: 0
siblings	: 36
core id		: 9
cpu cores	: 18
apicid		: 18
initial apicid	: 18
fpu		: yes
fpu_exception	: yes
cpuid level	: 15
wp		: yes
flags		: fpu vme de pse tsc msr pae mce cx8 apic sep mtrr pge mca cmov pat pse36 clflush dts acpi mmx fxsr sse sse2 ss ht tm pbe syscall nx pdpe1gb rdtscp lm constant_tsc arch_perfmon pebs bts rep_good nopl xtopology nonstop_tsc aperfmperf eagerfpu pni pclmulqdq dtes64 monitor ds_cpl vmx smx est tm2 ssse3 sdbg fma cx16 xtpr pdcm pcid dca sse4_1 sse4_2 x2apic movbe popcnt tsc_deadline_timer aes xsave avx f16c rdrand lahf_lm abm epb tpr_shadow vnmi flexpriority ept vpid fsgsbase tsc_adjust bmi1 avx2 smep bmi2 erms invpcid cqm xsaveopt cqm_llc cqm_occup_llc dtherm ida arat pln pts
bugs		:
bogomips	: 4601.14
clflush size	: 64
cache_alignment	: 64
address sizes	: 46 bits physical, 48 bits virtual
power management:

processor	: 13
vendor_id	: GenuineIntel
cpu family	: 6
model		: 63
model name	: Intel(R) Xeon(R) CPU E5-2699 v3 @ 2.30GHz
stepping	: 2
microcode	: 0x36
cpu MHz		: 2299.905
cache size	: 46080 KB
physical id	: 1
siblings	: 36
core id		: 9
cpu cores	: 18
apicid		: 82
initial apicid	: 82
fpu		: yes
fpu_exception	: yes
cpuid level	: 15
wp		: yes
flags		: fpu vme de pse tsc msr pae mce cx8 apic sep mtrr pge mca cmov pat pse36 clflush dts acpi mmx fxsr sse sse2 ss ht tm pbe syscall nx pdpe1gb rdtscp lm constant_tsc arch_perfmon pebs bts rep_good nopl xtopology nonstop_tsc aperfmperf eagerfpu pni pclmulqdq dtes64 monitor ds_cpl vmx smx est tm2 ssse3 sdbg fma cx16 xtpr pdcm pcid dca sse4_1 sse4_2 x2apic movbe popcnt tsc_deadline_timer aes xsave avx f16c rdrand lahf_lm abm epb tpr_shadow vnmi flexpriority ept vpid fsgsbase tsc_adjust bmi1 avx2 smep bmi2 erms invpcid cqm xsaveopt cqm_llc cqm_occup_llc dtherm ida arat pln pts
bugs		:
bogomips	: 4601.19
clflush size	: 64
cache_alignment	: 64
address sizes	: 46 bits physical, 48 bits virtual
power management:

processor	: 14
vendor_id	: GenuineIntel
cpu family	: 6
model		: 63
model name	: Intel(R) Xeon(R) CPU E5-2699 v3 @ 2.30GHz
stepping	: 2
microcode	: 0x36
cpu MHz		: 2299.905
cache size	: 46080 KB
physical id	: 0
siblings	: 36
core id		: 10
cpu cores	: 18
apicid		: 20
initial apicid	: 20
fpu		: yes
fpu_exception	: yes
cpuid level	: 15
wp		: yes
flags		: fpu vme de pse tsc msr pae mce cx8 apic sep mtrr pge mca cmov pat pse36 clflush dts acpi mmx fxsr sse sse2 ss ht tm pbe syscall nx pdpe1gb rdtscp lm constant_tsc arch_perfmon pebs bts rep_good nopl xtopology nonstop_tsc aperfmperf eagerfpu pni pclmulqdq dtes64 monitor ds_cpl vmx smx est tm2 ssse3 sdbg fma cx16 xtpr pdcm pcid dca sse4_1 sse4_2 x2apic movbe popcnt tsc_deadline_timer aes xsave avx f16c rdrand lahf_lm abm epb tpr_shadow vnmi flexpriority ept vpid fsgsbase tsc_adjust bmi1 avx2 smep bmi2 erms invpcid cqm xsaveopt cqm_llc cqm_occup_llc dtherm ida arat pln pts
bugs		:
bogomips	: 4601.12
clflush size	: 64
cache_alignment	: 64
address sizes	: 46 bits physical, 48 bits virtual
power management:

processor	: 15
vendor_id	: GenuineIntel
cpu family	: 6
model		: 63
model name	: Intel(R) Xeon(R) CPU E5-2699 v3 @ 2.30GHz
stepping	: 2
microcode	: 0x36
cpu MHz		: 2299.905
cache size	: 46080 KB
physical id	: 1
siblings	: 36
core id		: 10
cpu cores	: 18
apicid		: 84
initial apicid	: 84
fpu		: yes
fpu_exception	: yes
cpuid level	: 15
wp		: yes
flags		: fpu vme de pse tsc msr pae mce cx8 apic sep mtrr pge mca cmov pat pse36 clflush dts acpi mmx fxsr sse sse2 ss ht tm pbe syscall nx pdpe1gb rdtscp lm constant_tsc arch_perfmon pebs bts rep_good nopl xtopology nonstop_tsc aperfmperf eagerfpu pni pclmulqdq dtes64 monitor ds_cpl vmx smx est tm2 ssse3 sdbg fma cx16 xtpr pdcm pcid dca sse4_1 sse4_2 x2apic movbe popcnt tsc_deadline_timer aes xsave avx f16c rdrand lahf_lm abm epb tpr_shadow vnmi flexpriority ept vpid fsgsbase tsc_adjust bmi1 avx2 smep bmi2 erms invpcid cqm xsaveopt cqm_llc cqm_occup_llc dtherm ida arat pln pts
bugs		:
bogomips	: 4601.19
clflush size	: 64
cache_alignment	: 64
address sizes	: 46 bits physical, 48 bits virtual
power management:

processor	: 16
vendor_id	: GenuineIntel
cpu family	: 6
model		: 63
model name	: Intel(R) Xeon(R) CPU E5-2699 v3 @ 2.30GHz
stepping	: 2
microcode	: 0x36
cpu MHz		: 2299.905
cache size	: 46080 KB
physical id	: 0
siblings	: 36
core id		: 11
cpu cores	: 18
apicid		: 22
initial apicid	: 22
fpu		: yes
fpu_exception	: yes
cpuid level	: 15
wp		: yes
flags		: fpu vme de pse tsc msr pae mce cx8 apic sep mtrr pge mca cmov pat pse36 clflush dts acpi mmx fxsr sse sse2 ss ht tm pbe syscall nx pdpe1gb rdtscp lm constant_tsc arch_perfmon pebs bts rep_good nopl xtopology nonstop_tsc aperfmperf eagerfpu pni pclmulqdq dtes64 monitor ds_cpl vmx smx est tm2 ssse3 sdbg fma cx16 xtpr pdcm pcid dca sse4_1 sse4_2 x2apic movbe popcnt tsc_deadline_timer aes xsave avx f16c rdrand lahf_lm abm epb tpr_shadow vnmi flexpriority ept vpid fsgsbase tsc_adjust bmi1 avx2 smep bmi2 erms invpcid cqm xsaveopt cqm_llc cqm_occup_llc dtherm ida arat pln pts
bugs		:
bogomips	: 4601.14
clflush size	: 64
cache_alignment	: 64
address sizes	: 46 bits physical, 48 bits virtual
power management:

processor	: 17
vendor_id	: GenuineIntel
cpu family	: 6
model		: 63
model name	: Intel(R) Xeon(R) CPU E5-2699 v3 @ 2.30GHz
stepping	: 2
microcode	: 0x36
cpu MHz		: 2299.905
cache size	: 46080 KB
physical id	: 1
siblings	: 36
core id		: 11
cpu cores	: 18
apicid		: 86
initial apicid	: 86
fpu		: yes
fpu_exception	: yes
cpuid level	: 15
wp		: yes
flags		: fpu vme de pse tsc msr pae mce cx8 apic sep mtrr pge mca cmov pat pse36 clflush dts acpi mmx fxsr sse sse2 ss ht tm pbe syscall nx pdpe1gb rdtscp lm constant_tsc arch_perfmon pebs bts rep_good nopl xtopology nonstop_tsc aperfmperf eagerfpu pni pclmulqdq dtes64 monitor ds_cpl vmx smx est tm2 ssse3 sdbg fma cx16 xtpr pdcm pcid dca sse4_1 sse4_2 x2apic movbe popcnt tsc_deadline_timer aes xsave avx f16c rdrand lahf_lm abm epb tpr_shadow vnmi flexpriority ept vpid fsgsbase tsc_adjust bmi1 avx2 smep bmi2 erms invpcid cqm xsaveopt cqm_llc cqm_occup_llc dtherm ida arat pln pts
bugs		:
bogomips	: 4601.11
clflush size	: 64
cache_alignment	: 64
address sizes	: 46 bits physical, 48 bits virtual
power management:

processor	: 18
vendor_id	: GenuineIntel
cpu family	: 6
model		: 63
model name	: Intel(R) Xeon(R) CPU E5-2699 v3 @ 2.30GHz
stepping	: 2
microcode	: 0x36
cpu MHz		: 2299.905
cache size	: 46080 KB
physical id	: 0
siblings	: 36
core id		: 16
cpu cores	: 18
apicid		: 32
initial apicid	: 32
fpu		: yes
fpu_exception	: yes
cpuid level	: 15
wp		: yes
flags		: fpu vme de pse tsc msr pae mce cx8 apic sep mtrr pge mca cmov pat pse36 clflush dts acpi mmx fxsr sse sse2 ss ht tm pbe syscall nx pdpe1gb rdtscp lm constant_tsc arch_perfmon pebs bts rep_good nopl xtopology nonstop_tsc aperfmperf eagerfpu pni pclmulqdq dtes64 monitor ds_cpl vmx smx est tm2 ssse3 sdbg fma cx16 xtpr pdcm pcid dca sse4_1 sse4_2 x2apic movbe popcnt tsc_deadline_timer aes xsave avx f16c rdrand lahf_lm abm epb tpr_shadow vnmi flexpriority ept vpid fsgsbase tsc_adjust bmi1 avx2 smep bmi2 erms invpcid cqm xsaveopt cqm_llc cqm_occup_llc dtherm ida arat pln pts
bugs		:
bogomips	: 4601.15
clflush size	: 64
cache_alignment	: 64
address sizes	: 46 bits physical, 48 bits virtual
power management:

processor	: 19
vendor_id	: GenuineIntel
cpu family	: 6
model		: 63
model name	: Intel(R) Xeon(R) CPU E5-2699 v3 @ 2.30GHz
stepping	: 2
microcode	: 0x36
cpu MHz		: 2299.905
cache size	: 46080 KB
physical id	: 1
siblings	: 36
core id		: 16
cpu cores	: 18
apicid		: 96
initial apicid	: 96
fpu		: yes
fpu_exception	: yes
cpuid level	: 15
wp		: yes
flags		: fpu vme de pse tsc msr pae mce cx8 apic sep mtrr pge mca cmov pat pse36 clflush dts acpi mmx fxsr sse sse2 ss ht tm pbe syscall nx pdpe1gb rdtscp lm constant_tsc arch_perfmon pebs bts rep_good nopl xtopology nonstop_tsc aperfmperf eagerfpu pni pclmulqdq dtes64 monitor ds_cpl vmx smx est tm2 ssse3 sdbg fma cx16 xtpr pdcm pcid dca sse4_1 sse4_2 x2apic movbe popcnt tsc_deadline_timer aes xsave avx f16c rdrand lahf_lm abm epb tpr_shadow vnmi flexpriority ept vpid fsgsbase tsc_adjust bmi1 avx2 smep bmi2 erms invpcid cqm xsaveopt cqm_llc cqm_occup_llc dtherm ida arat pln pts
bugs		:
bogomips	: 4601.15
clflush size	: 64
cache_alignment	: 64
address sizes	: 46 bits physical, 48 bits virtual
power management:

processor	: 20
vendor_id	: GenuineIntel
cpu family	: 6
model		: 63
model name	: Intel(R) Xeon(R) CPU E5-2699 v3 @ 2.30GHz
stepping	: 2
microcode	: 0x36
cpu MHz		: 2299.905
cache size	: 46080 KB
physical id	: 0
siblings	: 36
core id		: 17
cpu cores	: 18
apicid		: 34
initial apicid	: 34
fpu		: yes
fpu_exception	: yes
cpuid level	: 15
wp		: yes
flags		: fpu vme de pse tsc msr pae mce cx8 apic sep mtrr pge mca cmov pat pse36 clflush dts acpi mmx fxsr sse sse2 ss ht tm pbe syscall nx pdpe1gb rdtscp lm constant_tsc arch_perfmon pebs bts rep_good nopl xtopology nonstop_tsc aperfmperf eagerfpu pni pclmulqdq dtes64 monitor ds_cpl vmx smx est tm2 ssse3 sdbg fma cx16 xtpr pdcm pcid dca sse4_1 sse4_2 x2apic movbe popcnt tsc_deadline_timer aes xsave avx f16c rdrand lahf_lm abm epb tpr_shadow vnmi flexpriority ept vpid fsgsbase tsc_adjust bmi1 avx2 smep bmi2 erms invpcid cqm xsaveopt cqm_llc cqm_occup_llc dtherm ida arat pln pts
bugs		:
bogomips	: 4601.27
clflush size	: 64
cache_alignment	: 64
address sizes	: 46 bits physical, 48 bits virtual
power management:

processor	: 21
vendor_id	: GenuineIntel
cpu family	: 6
model		: 63
model name	: Intel(R) Xeon(R) CPU E5-2699 v3 @ 2.30GHz
stepping	: 2
microcode	: 0x36
cpu MHz		: 2299.905
cache size	: 46080 KB
physical id	: 1
siblings	: 36
core id		: 17
cpu cores	: 18
apicid		: 98
initial apicid	: 98
fpu		: yes
fpu_exception	: yes
cpuid level	: 15
wp		: yes
flags		: fpu vme de pse tsc msr pae mce cx8 apic sep mtrr pge mca cmov pat pse36 clflush dts acpi mmx fxsr sse sse2 ss ht tm pbe syscall nx pdpe1gb rdtscp lm constant_tsc arch_perfmon pebs bts rep_good nopl xtopology nonstop_tsc aperfmperf eagerfpu pni pclmulqdq dtes64 monitor ds_cpl vmx smx est tm2 ssse3 sdbg fma cx16 xtpr pdcm pcid dca sse4_1 sse4_2 x2apic movbe popcnt tsc_deadline_timer aes xsave avx f16c rdrand lahf_lm abm epb tpr_shadow vnmi flexpriority ept vpid fsgsbase tsc_adjust bmi1 avx2 smep bmi2 erms invpcid cqm xsaveopt cqm_llc cqm_occup_llc dtherm ida arat pln pts
bugs		:
bogomips	: 4601.25
clflush size	: 64
cache_alignment	: 64
address sizes	: 46 bits physical, 48 bits virtual
power management:

processor	: 22
vendor_id	: GenuineIntel
cpu family	: 6
model		: 63
model name	: Intel(R) Xeon(R) CPU E5-2699 v3 @ 2.30GHz
stepping	: 2
microcode	: 0x36
cpu MHz		: 2299.905
cache size	: 46080 KB
physical id	: 0
siblings	: 36
core id		: 18
cpu cores	: 18
apicid		: 36
initial apicid	: 36
fpu		: yes
fpu_exception	: yes
cpuid level	: 15
wp		: yes
flags		: fpu vme de pse tsc msr pae mce cx8 apic sep mtrr pge mca cmov pat pse36 clflush dts acpi mmx fxsr sse sse2 ss ht tm pbe syscall nx pdpe1gb rdtscp lm constant_tsc arch_perfmon pebs bts rep_good nopl xtopology nonstop_tsc aperfmperf eagerfpu pni pclmulqdq dtes64 monitor ds_cpl vmx smx est tm2 ssse3 sdbg fma cx16 xtpr pdcm pcid dca sse4_1 sse4_2 x2apic movbe popcnt tsc_deadline_timer aes xsave avx f16c rdrand lahf_lm abm epb tpr_shadow vnmi flexpriority ept vpid fsgsbase tsc_adjust bmi1 avx2 smep bmi2 erms invpcid cqm xsaveopt cqm_llc cqm_occup_llc dtherm ida arat pln pts
bugs		:
bogomips	: 4601.19
clflush size	: 64
cache_alignment	: 64
address sizes	: 46 bits physical, 48 bits virtual
power management:

processor	: 23
vendor_id	: GenuineIntel
cpu family	: 6
model		: 63
model name	: Intel(R) Xeon(R) CPU E5-2699 v3 @ 2.30GHz
stepping	: 2
microcode	: 0x36
cpu MHz		: 2299.905
cache size	: 46080 KB
physical id	: 1
siblings	: 36
core id		: 18
cpu cores	: 18
apicid		: 100
initial apicid	: 100
fpu		: yes
fpu_exception	: yes
cpuid level	: 15
wp		: yes
flags		: fpu vme de pse tsc msr pae mce cx8 apic sep mtrr pge mca cmov pat pse36 clflush dts acpi mmx fxsr sse sse2 ss ht tm pbe syscall nx pdpe1gb rdtscp lm constant_tsc arch_perfmon pebs bts rep_good nopl xtopology nonstop_tsc aperfmperf eagerfpu pni pclmulqdq dtes64 monitor ds_cpl vmx smx est tm2 ssse3 sdbg fma cx16 xtpr pdcm pcid dca sse4_1 sse4_2 x2apic movbe popcnt tsc_deadline_timer aes xsave avx f16c rdrand lahf_lm abm epb tpr_shadow vnmi flexpriority ept vpid fsgsbase tsc_adjust bmi1 avx2 smep bmi2 erms invpcid cqm xsaveopt cqm_llc cqm_occup_llc dtherm ida arat pln pts
bugs		:
bogomips	: 4601.30
clflush size	: 64
cache_alignment	: 64
address sizes	: 46 bits physical, 48 bits virtual
power management:

processor	: 24
vendor_id	: GenuineIntel
cpu family	: 6
model		: 63
model name	: Intel(R) Xeon(R) CPU E5-2699 v3 @ 2.30GHz
stepping	: 2
microcode	: 0x36
cpu MHz		: 2299.905
cache size	: 46080 KB
physical id	: 0
siblings	: 36
core id		: 19
cpu cores	: 18
apicid		: 38
initial apicid	: 38
fpu		: yes
fpu_exception	: yes
cpuid level	: 15
wp		: yes
flags		: fpu vme de pse tsc msr pae mce cx8 apic sep mtrr pge mca cmov pat pse36 clflush dts acpi mmx fxsr sse sse2 ss ht tm pbe syscall nx pdpe1gb rdtscp lm constant_tsc arch_perfmon pebs bts rep_good nopl xtopology nonstop_tsc aperfmperf eagerfpu pni pclmulqdq dtes64 monitor ds_cpl vmx smx est tm2 ssse3 sdbg fma cx16 xtpr pdcm pcid dca sse4_1 sse4_2 x2apic movbe popcnt tsc_deadline_timer aes xsave avx f16c rdrand lahf_lm abm epb tpr_shadow vnmi flexpriority ept vpid fsgsbase tsc_adjust bmi1 avx2 smep bmi2 erms invpcid cqm xsaveopt cqm_llc cqm_occup_llc dtherm ida arat pln pts
bugs		:
bogomips	: 4601.36
clflush size	: 64
cache_alignment	: 64
address sizes	: 46 bits physical, 48 bits virtual
power management:

processor	: 25
vendor_id	: GenuineIntel
cpu family	: 6
model		: 63
model name	: Intel(R) Xeon(R) CPU E5-2699 v3 @ 2.30GHz
stepping	: 2
microcode	: 0x36
cpu MHz		: 2299.905
cache size	: 46080 KB
physical id	: 1
siblings	: 36
core id		: 19
cpu cores	: 18
apicid		: 102
initial apicid	: 102
fpu		: yes
fpu_exception	: yes
cpuid level	: 15
wp		: yes
flags		: fpu vme de pse tsc msr pae mce cx8 apic sep mtrr pge mca cmov pat pse36 clflush dts acpi mmx fxsr sse sse2 ss ht tm pbe syscall nx pdpe1gb rdtscp lm constant_tsc arch_perfmon pebs bts rep_good nopl xtopology nonstop_tsc aperfmperf eagerfpu pni pclmulqdq dtes64 monitor ds_cpl vmx smx est tm2 ssse3 sdbg fma cx16 xtpr pdcm pcid dca sse4_1 sse4_2 x2apic movbe popcnt tsc_deadline_timer aes xsave avx f16c rdrand lahf_lm abm epb tpr_shadow vnmi flexpriority ept vpid fsgsbase tsc_adjust bmi1 avx2 smep bmi2 erms invpcid cqm xsaveopt cqm_llc cqm_occup_llc dtherm ida arat pln pts
bugs		:
bogomips	: 4601.35
clflush size	: 64
cache_alignment	: 64
address sizes	: 46 bits physical, 48 bits virtual
power management:

processor	: 26
vendor_id	: GenuineIntel
cpu family	: 6
model		: 63
model name	: Intel(R) Xeon(R) CPU E5-2699 v3 @ 2.30GHz
stepping	: 2
microcode	: 0x36
cpu MHz		: 2299.905
cache size	: 46080 KB
physical id	: 0
siblings	: 36
core id		: 20
cpu cores	: 18
apicid		: 40
initial apicid	: 40
fpu		: yes
fpu_exception	: yes
cpuid level	: 15
wp		: yes
flags		: fpu vme de pse tsc msr pae mce cx8 apic sep mtrr pge mca cmov pat pse36 clflush dts acpi mmx fxsr sse sse2 ss ht tm pbe syscall nx pdpe1gb rdtscp lm constant_tsc arch_perfmon pebs bts rep_good nopl xtopology nonstop_tsc aperfmperf eagerfpu pni pclmulqdq dtes64 monitor ds_cpl vmx smx est tm2 ssse3 sdbg fma cx16 xtpr pdcm pcid dca sse4_1 sse4_2 x2apic movbe popcnt tsc_deadline_timer aes xsave avx f16c rdrand lahf_lm abm epb tpr_shadow vnmi flexpriority ept vpid fsgsbase tsc_adjust bmi1 avx2 smep bmi2 erms invpcid cqm xsaveopt cqm_llc cqm_occup_llc dtherm ida arat pln pts
bugs		:
bogomips	: 4601.25
clflush size	: 64
cache_alignment	: 64
address sizes	: 46 bits physical, 48 bits virtual
power management:

processor	: 27
vendor_id	: GenuineIntel
cpu family	: 6
model		: 63
model name	: Intel(R) Xeon(R) CPU E5-2699 v3 @ 2.30GHz
stepping	: 2
microcode	: 0x36
cpu MHz		: 2299.905
cache size	: 46080 KB
physical id	: 1
siblings	: 36
core id		: 20
cpu cores	: 18
apicid		: 104
initial apicid	: 104
fpu		: yes
fpu_exception	: yes
cpuid level	: 15
wp		: yes
flags		: fpu vme de pse tsc msr pae mce cx8 apic sep mtrr pge mca cmov pat pse36 clflush dts acpi mmx fxsr sse sse2 ss ht tm pbe syscall nx pdpe1gb rdtscp lm constant_tsc arch_perfmon pebs bts rep_good nopl xtopology nonstop_tsc aperfmperf eagerfpu pni pclmulqdq dtes64 monitor ds_cpl vmx smx est tm2 ssse3 sdbg fma cx16 xtpr pdcm pcid dca sse4_1 sse4_2 x2apic movbe popcnt tsc_deadline_timer aes xsave avx f16c rdrand lahf_lm abm epb tpr_shadow vnmi flexpriority ept vpid fsgsbase tsc_adjust bmi1 avx2 smep bmi2 erms invpcid cqm xsaveopt cqm_llc cqm_occup_llc dtherm ida arat pln pts
bugs		:
bogomips	: 4601.42
clflush size	: 64
cache_alignment	: 64
address sizes	: 46 bits physical, 48 bits virtual
power management:

processor	: 28
vendor_id	: GenuineIntel
cpu family	: 6
model		: 63
model name	: Intel(R) Xeon(R) CPU E5-2699 v3 @ 2.30GHz
stepping	: 2
microcode	: 0x36
cpu MHz		: 2299.905
cache size	: 46080 KB
physical id	: 0
siblings	: 36
core id		: 24
cpu cores	: 18
apicid		: 48
initial apicid	: 48
fpu		: yes
fpu_exception	: yes
cpuid level	: 15
wp		: yes
flags		: fpu vme de pse tsc msr pae mce cx8 apic sep mtrr pge mca cmov pat pse36 clflush dts acpi mmx fxsr sse sse2 ss ht tm pbe syscall nx pdpe1gb rdtscp lm constant_tsc arch_perfmon pebs bts rep_good nopl xtopology nonstop_tsc aperfmperf eagerfpu pni pclmulqdq dtes64 monitor ds_cpl vmx smx est tm2 ssse3 sdbg fma cx16 xtpr pdcm pcid dca sse4_1 sse4_2 x2apic movbe popcnt tsc_deadline_timer aes xsave avx f16c rdrand lahf_lm abm epb tpr_shadow vnmi flexpriority ept vpid fsgsbase tsc_adjust bmi1 avx2 smep bmi2 erms invpcid cqm xsaveopt cqm_llc cqm_occup_llc dtherm ida arat pln pts
bugs		:
bogomips	: 4601.28
clflush size	: 64
cache_alignment	: 64
address sizes	: 46 bits physical, 48 bits virtual
power management:

processor	: 29
vendor_id	: GenuineIntel
cpu family	: 6
model		: 63
model name	: Intel(R) Xeon(R) CPU E5-2699 v3 @ 2.30GHz
stepping	: 2
microcode	: 0x36
cpu MHz		: 2299.905
cache size	: 46080 KB
physical id	: 1
siblings	: 36
core id		: 24
cpu cores	: 18
apicid		: 112
initial apicid	: 112
fpu		: yes
fpu_exception	: yes
cpuid level	: 15
wp		: yes
flags		: fpu vme de pse tsc msr pae mce cx8 apic sep mtrr pge mca cmov pat pse36 clflush dts acpi mmx fxsr sse sse2 ss ht tm pbe syscall nx pdpe1gb rdtscp lm constant_tsc arch_perfmon pebs bts rep_good nopl xtopology nonstop_tsc aperfmperf eagerfpu pni pclmulqdq dtes64 monitor ds_cpl vmx smx est tm2 ssse3 sdbg fma cx16 xtpr pdcm pcid dca sse4_1 sse4_2 x2apic movbe popcnt tsc_deadline_timer aes xsave avx f16c rdrand lahf_lm abm epb tpr_shadow vnmi flexpriority ept vpid fsgsbase tsc_adjust bmi1 avx2 smep bmi2 erms invpcid cqm xsaveopt cqm_llc cqm_occup_llc dtherm ida arat pln pts
bugs		:
bogomips	: 4601.30
clflush size	: 64
cache_alignment	: 64
address sizes	: 46 bits physical, 48 bits virtual
power management:

processor	: 30
vendor_id	: GenuineIntel
cpu family	: 6
model		: 63
model name	: Intel(R) Xeon(R) CPU E5-2699 v3 @ 2.30GHz
stepping	: 2
microcode	: 0x36
cpu MHz		: 2299.905
cache size	: 46080 KB
physical id	: 0
siblings	: 36
core id		: 25
cpu cores	: 18
apicid		: 50
initial apicid	: 50
fpu		: yes
fpu_exception	: yes
cpuid level	: 15
wp		: yes
flags		: fpu vme de pse tsc msr pae mce cx8 apic sep mtrr pge mca cmov pat pse36 clflush dts acpi mmx fxsr sse sse2 ss ht tm pbe syscall nx pdpe1gb rdtscp lm constant_tsc arch_perfmon pebs bts rep_good nopl xtopology nonstop_tsc aperfmperf eagerfpu pni pclmulqdq dtes64 monitor ds_cpl vmx smx est tm2 ssse3 sdbg fma cx16 xtpr pdcm pcid dca sse4_1 sse4_2 x2apic movbe popcnt tsc_deadline_timer aes xsave avx f16c rdrand lahf_lm abm epb tpr_shadow vnmi flexpriority ept vpid fsgsbase tsc_adjust bmi1 avx2 smep bmi2 erms invpcid cqm xsaveopt cqm_llc cqm_occup_llc dtherm ida arat pln pts
bugs		:
bogomips	: 4601.22
clflush size	: 64
cache_alignment	: 64
address sizes	: 46 bits physical, 48 bits virtual
power management:

processor	: 31
vendor_id	: GenuineIntel
cpu family	: 6
model		: 63
model name	: Intel(R) Xeon(R) CPU E5-2699 v3 @ 2.30GHz
stepping	: 2
microcode	: 0x36
cpu MHz		: 2299.905
cache size	: 46080 KB
physical id	: 1
siblings	: 36
core id		: 25
cpu cores	: 18
apicid		: 114
initial apicid	: 114
fpu		: yes
fpu_exception	: yes
cpuid level	: 15
wp		: yes
flags		: fpu vme de pse tsc msr pae mce cx8 apic sep mtrr pge mca cmov pat pse36 clflush dts acpi mmx fxsr sse sse2 ss ht tm pbe syscall nx pdpe1gb rdtscp lm constant_tsc arch_perfmon pebs bts rep_good nopl xtopology nonstop_tsc aperfmperf eagerfpu pni pclmulqdq dtes64 monitor ds_cpl vmx smx est tm2 ssse3 sdbg fma cx16 xtpr pdcm pcid dca sse4_1 sse4_2 x2apic movbe popcnt tsc_deadline_timer aes xsave avx f16c rdrand lahf_lm abm epb tpr_shadow vnmi flexpriority ept vpid fsgsbase tsc_adjust bmi1 avx2 smep bmi2 erms invpcid cqm xsaveopt cqm_llc cqm_occup_llc dtherm ida arat pln pts
bugs		:
bogomips	: 4601.28
clflush size	: 64
cache_alignment	: 64
address sizes	: 46 bits physical, 48 bits virtual
power management:

processor	: 32
vendor_id	: GenuineIntel
cpu family	: 6
model		: 63
model name	: Intel(R) Xeon(R) CPU E5-2699 v3 @ 2.30GHz
stepping	: 2
microcode	: 0x36
cpu MHz		: 2299.905
cache size	: 46080 KB
physical id	: 0
siblings	: 36
core id		: 26
cpu cores	: 18
apicid		: 52
initial apicid	: 52
fpu		: yes
fpu_exception	: yes
cpuid level	: 15
wp		: yes
flags		: fpu vme de pse tsc msr pae mce cx8 apic sep mtrr pge mca cmov pat pse36 clflush dts acpi mmx fxsr sse sse2 ss ht tm pbe syscall nx pdpe1gb rdtscp lm constant_tsc arch_perfmon pebs bts rep_good nopl xtopology nonstop_tsc aperfmperf eagerfpu pni pclmulqdq dtes64 monitor ds_cpl vmx smx est tm2 ssse3 sdbg fma cx16 xtpr pdcm pcid dca sse4_1 sse4_2 x2apic movbe popcnt tsc_deadline_timer aes xsave avx f16c rdrand lahf_lm abm epb tpr_shadow vnmi flexpriority ept vpid fsgsbase tsc_adjust bmi1 avx2 smep bmi2 erms invpcid cqm xsaveopt cqm_llc cqm_occup_llc dtherm ida arat pln pts
bugs		:
bogomips	: 4601.14
clflush size	: 64
cache_alignment	: 64
address sizes	: 46 bits physical, 48 bits virtual
power management:

processor	: 33
vendor_id	: GenuineIntel
cpu family	: 6
model		: 63
model name	: Intel(R) Xeon(R) CPU E5-2699 v3 @ 2.30GHz
stepping	: 2
microcode	: 0x36
cpu MHz		: 2299.905
cache size	: 46080 KB
physical id	: 1
siblings	: 36
core id		: 26
cpu cores	: 18
apicid		: 116
initial apicid	: 116
fpu		: yes
fpu_exception	: yes
cpuid level	: 15
wp		: yes
flags		: fpu vme de pse tsc msr pae mce cx8 apic sep mtrr pge mca cmov pat pse36 clflush dts acpi mmx fxsr sse sse2 ss ht tm pbe syscall nx pdpe1gb rdtscp lm constant_tsc arch_perfmon pebs bts rep_good nopl xtopology nonstop_tsc aperfmperf eagerfpu pni pclmulqdq dtes64 monitor ds_cpl vmx smx est tm2 ssse3 sdbg fma cx16 xtpr pdcm pcid dca sse4_1 sse4_2 x2apic movbe popcnt tsc_deadline_timer aes xsave avx f16c rdrand lahf_lm abm epb tpr_shadow vnmi flexpriority ept vpid fsgsbase tsc_adjust bmi1 avx2 smep bmi2 erms invpcid cqm xsaveopt cqm_llc cqm_occup_llc dtherm ida arat pln pts
bugs		:
bogomips	: 4601.20
clflush size	: 64
cache_alignment	: 64
address sizes	: 46 bits physical, 48 bits virtual
power management:

processor	: 34
vendor_id	: GenuineIntel
cpu family	: 6
model		: 63
model name	: Intel(R) Xeon(R) CPU E5-2699 v3 @ 2.30GHz
stepping	: 2
microcode	: 0x36
cpu MHz		: 2299.905
cache size	: 46080 KB
physical id	: 0
siblings	: 36
core id		: 27
cpu cores	: 18
apicid		: 54
initial apicid	: 54
fpu		: yes
fpu_exception	: yes
cpuid level	: 15
wp		: yes
flags		: fpu vme de pse tsc msr pae mce cx8 apic sep mtrr pge mca cmov pat pse36 clflush dts acpi mmx fxsr sse sse2 ss ht tm pbe syscall nx pdpe1gb rdtscp lm constant_tsc arch_perfmon pebs bts rep_good nopl xtopology nonstop_tsc aperfmperf eagerfpu pni pclmulqdq dtes64 monitor ds_cpl vmx smx est tm2 ssse3 sdbg fma cx16 xtpr pdcm pcid dca sse4_1 sse4_2 x2apic movbe popcnt tsc_deadline_timer aes xsave avx f16c rdrand lahf_lm abm epb tpr_shadow vnmi flexpriority ept vpid fsgsbase tsc_adjust bmi1 avx2 smep bmi2 erms invpcid cqm xsaveopt cqm_llc cqm_occup_llc dtherm ida arat pln pts
bugs		:
bogomips	: 4601.15
clflush size	: 64
cache_alignment	: 64
address sizes	: 46 bits physical, 48 bits virtual
power management:

processor	: 35
vendor_id	: GenuineIntel
cpu family	: 6
model		: 63
model name	: Intel(R) Xeon(R) CPU E5-2699 v3 @ 2.30GHz
stepping	: 2
microcode	: 0x36
cpu MHz		: 2299.905
cache size	: 46080 KB
physical id	: 1
siblings	: 36
core id		: 27
cpu cores	: 18
apicid		: 118
initial apicid	: 118
fpu		: yes
fpu_exception	: yes
cpuid level	: 15
wp		: yes
flags		: fpu vme de pse tsc msr pae mce cx8 apic sep mtrr pge mca cmov pat pse36 clflush dts acpi mmx fxsr sse sse2 ss ht tm pbe syscall nx pdpe1gb rdtscp lm constant_tsc arch_perfmon pebs bts rep_good nopl xtopology nonstop_tsc aperfmperf eagerfpu pni pclmulqdq dtes64 monitor ds_cpl vmx smx est tm2 ssse3 sdbg fma cx16 xtpr pdcm pcid dca sse4_1 sse4_2 x2apic movbe popcnt tsc_deadline_timer aes xsave avx f16c rdrand lahf_lm abm epb tpr_shadow vnmi flexpriority ept vpid fsgsbase tsc_adjust bmi1 avx2 smep bmi2 erms invpcid cqm xsaveopt cqm_llc cqm_occup_llc dtherm ida arat pln pts
bugs		:
bogomips	: 4601.56
clflush size	: 64
cache_alignment	: 64
address sizes	: 46 bits physical, 48 bits virtual
power management:

processor	: 36
vendor_id	: GenuineIntel
cpu family	: 6
model		: 63
model name	: Intel(R) Xeon(R) CPU E5-2699 v3 @ 2.30GHz
stepping	: 2
microcode	: 0x36
cpu MHz		: 2299.905
cache size	: 46080 KB
physical id	: 0
siblings	: 36
core id		: 0
cpu cores	: 18
apicid		: 1
initial apicid	: 1
fpu		: yes
fpu_exception	: yes
cpuid level	: 15
wp		: yes
flags		: fpu vme de pse tsc msr pae mce cx8 apic sep mtrr pge mca cmov pat pse36 clflush dts acpi mmx fxsr sse sse2 ss ht tm pbe syscall nx pdpe1gb rdtscp lm constant_tsc arch_perfmon pebs bts rep_good nopl xtopology nonstop_tsc aperfmperf eagerfpu pni pclmulqdq dtes64 monitor ds_cpl vmx smx est tm2 ssse3 sdbg fma cx16 xtpr pdcm pcid dca sse4_1 sse4_2 x2apic movbe popcnt tsc_deadline_timer aes xsave avx f16c rdrand lahf_lm abm epb tpr_shadow vnmi flexpriority ept vpid fsgsbase tsc_adjust bmi1 avx2 smep bmi2 erms invpcid cqm xsaveopt cqm_llc cqm_occup_llc dtherm ida arat pln pts
bugs		:
bogomips	: 4601.53
clflush size	: 64
cache_alignment	: 64
address sizes	: 46 bits physical, 48 bits virtual
power management:

processor	: 37
vendor_id	: GenuineIntel
cpu family	: 6
model		: 63
model name	: Intel(R) Xeon(R) CPU E5-2699 v3 @ 2.30GHz
stepping	: 2
microcode	: 0x36
cpu MHz		: 2299.905
cache size	: 46080 KB
physical id	: 1
siblings	: 36
core id		: 0
cpu cores	: 18
apicid		: 65
initial apicid	: 65
fpu		: yes
fpu_exception	: yes
cpuid level	: 15
wp		: yes
flags		: fpu vme de pse tsc msr pae mce cx8 apic sep mtrr pge mca cmov pat pse36 clflush dts acpi mmx fxsr sse sse2 ss ht tm pbe syscall nx pdpe1gb rdtscp lm constant_tsc arch_perfmon pebs bts rep_good nopl xtopology nonstop_tsc aperfmperf eagerfpu pni pclmulqdq dtes64 monitor ds_cpl vmx smx est tm2 ssse3 sdbg fma cx16 xtpr pdcm pcid dca sse4_1 sse4_2 x2apic movbe popcnt tsc_deadline_timer aes xsave avx f16c rdrand lahf_lm abm epb tpr_shadow vnmi flexpriority ept vpid fsgsbase tsc_adjust bmi1 avx2 smep bmi2 erms invpcid cqm xsaveopt cqm_llc cqm_occup_llc dtherm ida arat pln pts
bugs		:
bogomips	: 4601.37
clflush size	: 64
cache_alignment	: 64
address sizes	: 46 bits physical, 48 bits virtual
power management:

processor	: 38
vendor_id	: GenuineIntel
cpu family	: 6
model		: 63
model name	: Intel(R) Xeon(R) CPU E5-2699 v3 @ 2.30GHz
stepping	: 2
microcode	: 0x36
cpu MHz		: 2299.905
cache size	: 46080 KB
physical id	: 0
siblings	: 36
core id		: 1
cpu cores	: 18
apicid		: 3
initial apicid	: 3
fpu		: yes
fpu_exception	: yes
cpuid level	: 15
wp		: yes
flags		: fpu vme de pse tsc msr pae mce cx8 apic sep mtrr pge mca cmov pat pse36 clflush dts acpi mmx fxsr sse sse2 ss ht tm pbe syscall nx pdpe1gb rdtscp lm constant_tsc arch_perfmon pebs bts rep_good nopl xtopology nonstop_tsc aperfmperf eagerfpu pni pclmulqdq dtes64 monitor ds_cpl vmx smx est tm2 ssse3 sdbg fma cx16 xtpr pdcm pcid dca sse4_1 sse4_2 x2apic movbe popcnt tsc_deadline_timer aes xsave avx f16c rdrand lahf_lm abm epb tpr_shadow vnmi flexpriority ept vpid fsgsbase tsc_adjust bmi1 avx2 smep bmi2 erms invpcid cqm xsaveopt cqm_llc cqm_occup_llc dtherm ida arat pln pts
bugs		:
bogomips	: 4601.37
clflush size	: 64
cache_alignment	: 64
address sizes	: 46 bits physical, 48 bits virtual
power management:

processor	: 39
vendor_id	: GenuineIntel
cpu family	: 6
model		: 63
model name	: Intel(R) Xeon(R) CPU E5-2699 v3 @ 2.30GHz
stepping	: 2
microcode	: 0x36
cpu MHz		: 2299.905
cache size	: 46080 KB
physical id	: 1
siblings	: 36
core id		: 1
cpu cores	: 18
apicid		: 67
initial apicid	: 67
fpu		: yes
fpu_exception	: yes
cpuid level	: 15
wp		: yes
flags		: fpu vme de pse tsc msr pae mce cx8 apic sep mtrr pge mca cmov pat pse36 clflush dts acpi mmx fxsr sse sse2 ss ht tm pbe syscall nx pdpe1gb rdtscp lm constant_tsc arch_perfmon pebs bts rep_good nopl xtopology nonstop_tsc aperfmperf eagerfpu pni pclmulqdq dtes64 monitor ds_cpl vmx smx est tm2 ssse3 sdbg fma cx16 xtpr pdcm pcid dca sse4_1 sse4_2 x2apic movbe popcnt tsc_deadline_timer aes xsave avx f16c rdrand lahf_lm abm epb tpr_shadow vnmi flexpriority ept vpid fsgsbase tsc_adjust bmi1 avx2 smep bmi2 erms invpcid cqm xsaveopt cqm_llc cqm_occup_llc dtherm ida arat pln pts
bugs		:
bogomips	: 4601.57
clflush size	: 64
cache_alignment	: 64
address sizes	: 46 bits physical, 48 bits virtual
power management:

processor	: 40
vendor_id	: GenuineIntel
cpu family	: 6
model		: 63
model name	: Intel(R) Xeon(R) CPU E5-2699 v3 @ 2.30GHz
stepping	: 2
microcode	: 0x36
cpu MHz		: 2299.905
cache size	: 46080 KB
physical id	: 0
siblings	: 36
core id		: 2
cpu cores	: 18
apicid		: 5
initial apicid	: 5
fpu		: yes
fpu_exception	: yes
cpuid level	: 15
wp		: yes
flags		: fpu vme de pse tsc msr pae mce cx8 apic sep mtrr pge mca cmov pat pse36 clflush dts acpi mmx fxsr sse sse2 ss ht tm pbe syscall nx pdpe1gb rdtscp lm constant_tsc arch_perfmon pebs bts rep_good nopl xtopology nonstop_tsc aperfmperf eagerfpu pni pclmulqdq dtes64 monitor ds_cpl vmx smx est tm2 ssse3 sdbg fma cx16 xtpr pdcm pcid dca sse4_1 sse4_2 x2apic movbe popcnt tsc_deadline_timer aes xsave avx f16c rdrand lahf_lm abm epb tpr_shadow vnmi flexpriority ept vpid fsgsbase tsc_adjust bmi1 avx2 smep bmi2 erms invpcid cqm xsaveopt cqm_llc cqm_occup_llc dtherm ida arat pln pts
bugs		:
bogomips	: 4601.35
clflush size	: 64
cache_alignment	: 64
address sizes	: 46 bits physical, 48 bits virtual
power management:

processor	: 41
vendor_id	: GenuineIntel
cpu family	: 6
model		: 63
model name	: Intel(R) Xeon(R) CPU E5-2699 v3 @ 2.30GHz
stepping	: 2
microcode	: 0x36
cpu MHz		: 2299.905
cache size	: 46080 KB
physical id	: 1
siblings	: 36
core id		: 2
cpu cores	: 18
apicid		: 69
initial apicid	: 69
fpu		: yes
fpu_exception	: yes
cpuid level	: 15
wp		: yes
flags		: fpu vme de pse tsc msr pae mce cx8 apic sep mtrr pge mca cmov pat pse36 clflush dts acpi mmx fxsr sse sse2 ss ht tm pbe syscall nx pdpe1gb rdtscp lm constant_tsc arch_perfmon pebs bts rep_good nopl xtopology nonstop_tsc aperfmperf eagerfpu pni pclmulqdq dtes64 monitor ds_cpl vmx smx est tm2 ssse3 sdbg fma cx16 xtpr pdcm pcid dca sse4_1 sse4_2 x2apic movbe popcnt tsc_deadline_timer aes xsave avx f16c rdrand lahf_lm abm epb tpr_shadow vnmi flexpriority ept vpid fsgsbase tsc_adjust bmi1 avx2 smep bmi2 erms invpcid cqm xsaveopt cqm_llc cqm_occup_llc dtherm ida arat pln pts
bugs		:
bogomips	: 4601.35
clflush size	: 64
cache_alignment	: 64
address sizes	: 46 bits physical, 48 bits virtual
power management:

processor	: 42
vendor_id	: GenuineIntel
cpu family	: 6
model		: 63
model name	: Intel(R) Xeon(R) CPU E5-2699 v3 @ 2.30GHz
stepping	: 2
microcode	: 0x36
cpu MHz		: 2299.905
cache size	: 46080 KB
physical id	: 0
siblings	: 36
core id		: 3
cpu cores	: 18
apicid		: 7
initial apicid	: 7
fpu		: yes
fpu_exception	: yes
cpuid level	: 15
wp		: yes
flags		: fpu vme de pse tsc msr pae mce cx8 apic sep mtrr pge mca cmov pat pse36 clflush dts acpi mmx fxsr sse sse2 ss ht tm pbe syscall nx pdpe1gb rdtscp lm constant_tsc arch_perfmon pebs bts rep_good nopl xtopology nonstop_tsc aperfmperf eagerfpu pni pclmulqdq dtes64 monitor ds_cpl vmx smx est tm2 ssse3 sdbg fma cx16 xtpr pdcm pcid dca sse4_1 sse4_2 x2apic movbe popcnt tsc_deadline_timer aes xsave avx f16c rdrand lahf_lm abm epb tpr_shadow vnmi flexpriority ept vpid fsgsbase tsc_adjust bmi1 avx2 smep bmi2 erms invpcid cqm xsaveopt cqm_llc cqm_occup_llc dtherm ida arat pln pts
bugs		:
bogomips	: 4601.26
clflush size	: 64
cache_alignment	: 64
address sizes	: 46 bits physical, 48 bits virtual
power management:

processor	: 43
vendor_id	: GenuineIntel
cpu family	: 6
model		: 63
model name	: Intel(R) Xeon(R) CPU E5-2699 v3 @ 2.30GHz
stepping	: 2
microcode	: 0x36
cpu MHz		: 2299.905
cache size	: 46080 KB
physical id	: 1
siblings	: 36
core id		: 3
cpu cores	: 18
apicid		: 71
initial apicid	: 71
fpu		: yes
fpu_exception	: yes
cpuid level	: 15
wp		: yes
flags		: fpu vme de pse tsc msr pae mce cx8 apic sep mtrr pge mca cmov pat pse36 clflush dts acpi mmx fxsr sse sse2 ss ht tm pbe syscall nx pdpe1gb rdtscp lm constant_tsc arch_perfmon pebs bts rep_good nopl xtopology nonstop_tsc aperfmperf eagerfpu pni pclmulqdq dtes64 monitor ds_cpl vmx smx est tm2 ssse3 sdbg fma cx16 xtpr pdcm pcid dca sse4_1 sse4_2 x2apic movbe popcnt tsc_deadline_timer aes xsave avx f16c rdrand lahf_lm abm epb tpr_shadow vnmi flexpriority ept vpid fsgsbase tsc_adjust bmi1 avx2 smep bmi2 erms invpcid cqm xsaveopt cqm_llc cqm_occup_llc dtherm ida arat pln pts
bugs		:
bogomips	: 4601.25
clflush size	: 64
cache_alignment	: 64
address sizes	: 46 bits physical, 48 bits virtual
power management:

processor	: 44
vendor_id	: GenuineIntel
cpu family	: 6
model		: 63
model name	: Intel(R) Xeon(R) CPU E5-2699 v3 @ 2.30GHz
stepping	: 2
microcode	: 0x36
cpu MHz		: 2299.905
cache size	: 46080 KB
physical id	: 0
siblings	: 36
core id		: 4
cpu cores	: 18
apicid		: 9
initial apicid	: 9
fpu		: yes
fpu_exception	: yes
cpuid level	: 15
wp		: yes
flags		: fpu vme de pse tsc msr pae mce cx8 apic sep mtrr pge mca cmov pat pse36 clflush dts acpi mmx fxsr sse sse2 ss ht tm pbe syscall nx pdpe1gb rdtscp lm constant_tsc arch_perfmon pebs bts rep_good nopl xtopology nonstop_tsc aperfmperf eagerfpu pni pclmulqdq dtes64 monitor ds_cpl vmx smx est tm2 ssse3 sdbg fma cx16 xtpr pdcm pcid dca sse4_1 sse4_2 x2apic movbe popcnt tsc_deadline_timer aes xsave avx f16c rdrand lahf_lm abm epb tpr_shadow vnmi flexpriority ept vpid fsgsbase tsc_adjust bmi1 avx2 smep bmi2 erms invpcid cqm xsaveopt cqm_llc cqm_occup_llc dtherm ida arat pln pts
bugs		:
bogomips	: 4601.35
clflush size	: 64
cache_alignment	: 64
address sizes	: 46 bits physical, 48 bits virtual
power management:

processor	: 45
vendor_id	: GenuineIntel
cpu family	: 6
model		: 63
model name	: Intel(R) Xeon(R) CPU E5-2699 v3 @ 2.30GHz
stepping	: 2
microcode	: 0x36
cpu MHz		: 2299.905
cache size	: 46080 KB
physical id	: 1
siblings	: 36
core id		: 4
cpu cores	: 18
apicid		: 73
initial apicid	: 73
fpu		: yes
fpu_exception	: yes
cpuid level	: 15
wp		: yes
flags		: fpu vme de pse tsc msr pae mce cx8 apic sep mtrr pge mca cmov pat pse36 clflush dts acpi mmx fxsr sse sse2 ss ht tm pbe syscall nx pdpe1gb rdtscp lm constant_tsc arch_perfmon pebs bts rep_good nopl xtopology nonstop_tsc aperfmperf eagerfpu pni pclmulqdq dtes64 monitor ds_cpl vmx smx est tm2 ssse3 sdbg fma cx16 xtpr pdcm pcid dca sse4_1 sse4_2 x2apic movbe popcnt tsc_deadline_timer aes xsave avx f16c rdrand lahf_lm abm epb tpr_shadow vnmi flexpriority ept vpid fsgsbase tsc_adjust bmi1 avx2 smep bmi2 erms invpcid cqm xsaveopt cqm_llc cqm_occup_llc dtherm ida arat pln pts
bugs		:
bogomips	: 4601.42
clflush size	: 64
cache_alignment	: 64
address sizes	: 46 bits physical, 48 bits virtual
power management:

processor	: 46
vendor_id	: GenuineIntel
cpu family	: 6
model		: 63
model name	: Intel(R) Xeon(R) CPU E5-2699 v3 @ 2.30GHz
stepping	: 2
microcode	: 0x36
cpu MHz		: 2299.905
cache size	: 46080 KB
physical id	: 0
siblings	: 36
core id		: 8
cpu cores	: 18
apicid		: 17
initial apicid	: 17
fpu		: yes
fpu_exception	: yes
cpuid level	: 15
wp		: yes
flags		: fpu vme de pse tsc msr pae mce cx8 apic sep mtrr pge mca cmov pat pse36 clflush dts acpi mmx fxsr sse sse2 ss ht tm pbe syscall nx pdpe1gb rdtscp lm constant_tsc arch_perfmon pebs bts rep_good nopl xtopology nonstop_tsc aperfmperf eagerfpu pni pclmulqdq dtes64 monitor ds_cpl vmx smx est tm2 ssse3 sdbg fma cx16 xtpr pdcm pcid dca sse4_1 sse4_2 x2apic movbe popcnt tsc_deadline_timer aes xsave avx f16c rdrand lahf_lm abm epb tpr_shadow vnmi flexpriority ept vpid fsgsbase tsc_adjust bmi1 avx2 smep bmi2 erms invpcid cqm xsaveopt cqm_llc cqm_occup_llc dtherm ida arat pln pts
bugs		:
bogomips	: 4601.26
clflush size	: 64
cache_alignment	: 64
address sizes	: 46 bits physical, 48 bits virtual
power management:

processor	: 47
vendor_id	: GenuineIntel
cpu family	: 6
model		: 63
model name	: Intel(R) Xeon(R) CPU E5-2699 v3 @ 2.30GHz
stepping	: 2
microcode	: 0x36
cpu MHz		: 2299.905
cache size	: 46080 KB
physical id	: 1
siblings	: 36
core id		: 8
cpu cores	: 18
apicid		: 81
initial apicid	: 81
fpu		: yes
fpu_exception	: yes
cpuid level	: 15
wp		: yes
flags		: fpu vme de pse tsc msr pae mce cx8 apic sep mtrr pge mca cmov pat pse36 clflush dts acpi mmx fxsr sse sse2 ss ht tm pbe syscall nx pdpe1gb rdtscp lm constant_tsc arch_perfmon pebs bts rep_good nopl xtopology nonstop_tsc aperfmperf eagerfpu pni pclmulqdq dtes64 monitor ds_cpl vmx smx est tm2 ssse3 sdbg fma cx16 xtpr pdcm pcid dca sse4_1 sse4_2 x2apic movbe popcnt tsc_deadline_timer aes xsave avx f16c rdrand lahf_lm abm epb tpr_shadow vnmi flexpriority ept vpid fsgsbase tsc_adjust bmi1 avx2 smep bmi2 erms invpcid cqm xsaveopt cqm_llc cqm_occup_llc dtherm ida arat pln pts
bugs		:
bogomips	: 4601.56
clflush size	: 64
cache_alignment	: 64
address sizes	: 46 bits physical, 48 bits virtual
power management:

processor	: 48
vendor_id	: GenuineIntel
cpu family	: 6
model		: 63
model name	: Intel(R) Xeon(R) CPU E5-2699 v3 @ 2.30GHz
stepping	: 2
microcode	: 0x36
cpu MHz		: 2299.905
cache size	: 46080 KB
physical id	: 0
siblings	: 36
core id		: 9
cpu cores	: 18
apicid		: 19
initial apicid	: 19
fpu		: yes
fpu_exception	: yes
cpuid level	: 15
wp		: yes
flags		: fpu vme de pse tsc msr pae mce cx8 apic sep mtrr pge mca cmov pat pse36 clflush dts acpi mmx fxsr sse sse2 ss ht tm pbe syscall nx pdpe1gb rdtscp lm constant_tsc arch_perfmon pebs bts rep_good nopl xtopology nonstop_tsc aperfmperf eagerfpu pni pclmulqdq dtes64 monitor ds_cpl vmx smx est tm2 ssse3 sdbg fma cx16 xtpr pdcm pcid dca sse4_1 sse4_2 x2apic movbe popcnt tsc_deadline_timer aes xsave avx f16c rdrand lahf_lm abm epb tpr_shadow vnmi flexpriority ept vpid fsgsbase tsc_adjust bmi1 avx2 smep bmi2 erms invpcid cqm xsaveopt cqm_llc cqm_occup_llc dtherm ida arat pln pts
bugs		:
bogomips	: 4601.27
clflush size	: 64
cache_alignment	: 64
address sizes	: 46 bits physical, 48 bits virtual
power management:

processor	: 49
vendor_id	: GenuineIntel
cpu family	: 6
model		: 63
model name	: Intel(R) Xeon(R) CPU E5-2699 v3 @ 2.30GHz
stepping	: 2
microcode	: 0x36
cpu MHz		: 2299.905
cache size	: 46080 KB
physical id	: 1
siblings	: 36
core id		: 9
cpu cores	: 18
apicid		: 83
initial apicid	: 83
fpu		: yes
fpu_exception	: yes
cpuid level	: 15
wp		: yes
flags		: fpu vme de pse tsc msr pae mce cx8 apic sep mtrr pge mca cmov pat pse36 clflush dts acpi mmx fxsr sse sse2 ss ht tm pbe syscall nx pdpe1gb rdtscp lm constant_tsc arch_perfmon pebs bts rep_good nopl xtopology nonstop_tsc aperfmperf eagerfpu pni pclmulqdq dtes64 monitor ds_cpl vmx smx est tm2 ssse3 sdbg fma cx16 xtpr pdcm pcid dca sse4_1 sse4_2 x2apic movbe popcnt tsc_deadline_timer aes xsave avx f16c rdrand lahf_lm abm epb tpr_shadow vnmi flexpriority ept vpid fsgsbase tsc_adjust bmi1 avx2 smep bmi2 erms invpcid cqm xsaveopt cqm_llc cqm_occup_llc dtherm ida arat pln pts
bugs		:
bogomips	: 4601.28
clflush size	: 64
cache_alignment	: 64
address sizes	: 46 bits physical, 48 bits virtual
power management:

processor	: 50
vendor_id	: GenuineIntel
cpu family	: 6
model		: 63
model name	: Intel(R) Xeon(R) CPU E5-2699 v3 @ 2.30GHz
stepping	: 2
microcode	: 0x36
cpu MHz		: 2299.905
cache size	: 46080 KB
physical id	: 0
siblings	: 36
core id		: 10
cpu cores	: 18
apicid		: 21
initial apicid	: 21
fpu		: yes
fpu_exception	: yes
cpuid level	: 15
wp		: yes
flags		: fpu vme de pse tsc msr pae mce cx8 apic sep mtrr pge mca cmov pat pse36 clflush dts acpi mmx fxsr sse sse2 ss ht tm pbe syscall nx pdpe1gb rdtscp lm constant_tsc arch_perfmon pebs bts rep_good nopl xtopology nonstop_tsc aperfmperf eagerfpu pni pclmulqdq dtes64 monitor ds_cpl vmx smx est tm2 ssse3 sdbg fma cx16 xtpr pdcm pcid dca sse4_1 sse4_2 x2apic movbe popcnt tsc_deadline_timer aes xsave avx f16c rdrand lahf_lm abm epb tpr_shadow vnmi flexpriority ept vpid fsgsbase tsc_adjust bmi1 avx2 smep bmi2 erms invpcid cqm xsaveopt cqm_llc cqm_occup_llc dtherm ida arat pln pts
bugs		:
bogomips	: 4601.23
clflush size	: 64
cache_alignment	: 64
address sizes	: 46 bits physical, 48 bits virtual
power management:

processor	: 51
vendor_id	: GenuineIntel
cpu family	: 6
model		: 63
model name	: Intel(R) Xeon(R) CPU E5-2699 v3 @ 2.30GHz
stepping	: 2
microcode	: 0x36
cpu MHz		: 2299.905
cache size	: 46080 KB
physical id	: 1
siblings	: 36
core id		: 10
cpu cores	: 18
apicid		: 85
initial apicid	: 85
fpu		: yes
fpu_exception	: yes
cpuid level	: 15
wp		: yes
flags		: fpu vme de pse tsc msr pae mce cx8 apic sep mtrr pge mca cmov pat pse36 clflush dts acpi mmx fxsr sse sse2 ss ht tm pbe syscall nx pdpe1gb rdtscp lm constant_tsc arch_perfmon pebs bts rep_good nopl xtopology nonstop_tsc aperfmperf eagerfpu pni pclmulqdq dtes64 monitor ds_cpl vmx smx est tm2 ssse3 sdbg fma cx16 xtpr pdcm pcid dca sse4_1 sse4_2 x2apic movbe popcnt tsc_deadline_timer aes xsave avx f16c rdrand lahf_lm abm epb tpr_shadow vnmi flexpriority ept vpid fsgsbase tsc_adjust bmi1 avx2 smep bmi2 erms invpcid cqm xsaveopt cqm_llc cqm_occup_llc dtherm ida arat pln pts
bugs		:
bogomips	: 4601.73
clflush size	: 64
cache_alignment	: 64
address sizes	: 46 bits physical, 48 bits virtual
power management:

processor	: 52
vendor_id	: GenuineIntel
cpu family	: 6
model		: 63
model name	: Intel(R) Xeon(R) CPU E5-2699 v3 @ 2.30GHz
stepping	: 2
microcode	: 0x36
cpu MHz		: 2299.905
cache size	: 46080 KB
physical id	: 0
siblings	: 36
core id		: 11
cpu cores	: 18
apicid		: 23
initial apicid	: 23
fpu		: yes
fpu_exception	: yes
cpuid level	: 15
wp		: yes
flags		: fpu vme de pse tsc msr pae mce cx8 apic sep mtrr pge mca cmov pat pse36 clflush dts acpi mmx fxsr sse sse2 ss ht tm pbe syscall nx pdpe1gb rdtscp lm constant_tsc arch_perfmon pebs bts rep_good nopl xtopology nonstop_tsc aperfmperf eagerfpu pni pclmulqdq dtes64 monitor ds_cpl vmx smx est tm2 ssse3 sdbg fma cx16 xtpr pdcm pcid dca sse4_1 sse4_2 x2apic movbe popcnt tsc_deadline_timer aes xsave avx f16c rdrand lahf_lm abm epb tpr_shadow vnmi flexpriority ept vpid fsgsbase tsc_adjust bmi1 avx2 smep bmi2 erms invpcid cqm xsaveopt cqm_llc cqm_occup_llc dtherm ida arat pln pts
bugs		:
bogomips	: 4601.49
clflush size	: 64
cache_alignment	: 64
address sizes	: 46 bits physical, 48 bits virtual
power management:

processor	: 53
vendor_id	: GenuineIntel
cpu family	: 6
model		: 63
model name	: Intel(R) Xeon(R) CPU E5-2699 v3 @ 2.30GHz
stepping	: 2
microcode	: 0x36
cpu MHz		: 2299.905
cache size	: 46080 KB
physical id	: 1
siblings	: 36
core id		: 11
cpu cores	: 18
apicid		: 87
initial apicid	: 87
fpu		: yes
fpu_exception	: yes
cpuid level	: 15
wp		: yes
flags		: fpu vme de pse tsc msr pae mce cx8 apic sep mtrr pge mca cmov pat pse36 clflush dts acpi mmx fxsr sse sse2 ss ht tm pbe syscall nx pdpe1gb rdtscp lm constant_tsc arch_perfmon pebs bts rep_good nopl xtopology nonstop_tsc aperfmperf eagerfpu pni pclmulqdq dtes64 monitor ds_cpl vmx smx est tm2 ssse3 sdbg fma cx16 xtpr pdcm pcid dca sse4_1 sse4_2 x2apic movbe popcnt tsc_deadline_timer aes xsave avx f16c rdrand lahf_lm abm epb tpr_shadow vnmi flexpriority ept vpid fsgsbase tsc_adjust bmi1 avx2 smep bmi2 erms invpcid cqm xsaveopt cqm_llc cqm_occup_llc dtherm ida arat pln pts
bugs		:
bogomips	: 4601.55
clflush size	: 64
cache_alignment	: 64
address sizes	: 46 bits physical, 48 bits virtual
power management:

processor	: 54
vendor_id	: GenuineIntel
cpu family	: 6
model		: 63
model name	: Intel(R) Xeon(R) CPU E5-2699 v3 @ 2.30GHz
stepping	: 2
microcode	: 0x36
cpu MHz		: 2299.905
cache size	: 46080 KB
physical id	: 0
siblings	: 36
core id		: 16
cpu cores	: 18
apicid		: 33
initial apicid	: 33
fpu		: yes
fpu_exception	: yes
cpuid level	: 15
wp		: yes
flags		: fpu vme de pse tsc msr pae mce cx8 apic sep mtrr pge mca cmov pat pse36 clflush dts acpi mmx fxsr sse sse2 ss ht tm pbe syscall nx pdpe1gb rdtscp lm constant_tsc arch_perfmon pebs bts rep_good nopl xtopology nonstop_tsc aperfmperf eagerfpu pni pclmulqdq dtes64 monitor ds_cpl vmx smx est tm2 ssse3 sdbg fma cx16 xtpr pdcm pcid dca sse4_1 sse4_2 x2apic movbe popcnt tsc_deadline_timer aes xsave avx f16c rdrand lahf_lm abm epb tpr_shadow vnmi flexpriority ept vpid fsgsbase tsc_adjust bmi1 avx2 smep bmi2 erms invpcid cqm xsaveopt cqm_llc cqm_occup_llc dtherm ida arat pln pts
bugs		:
bogomips	: 4601.46
clflush size	: 64
cache_alignment	: 64
address sizes	: 46 bits physical, 48 bits virtual
power management:

processor	: 55
vendor_id	: GenuineIntel
cpu family	: 6
model		: 63
model name	: Intel(R) Xeon(R) CPU E5-2699 v3 @ 2.30GHz
stepping	: 2
microcode	: 0x36
cpu MHz		: 2299.905
cache size	: 46080 KB
physical id	: 1
siblings	: 36
core id		: 16
cpu cores	: 18
apicid		: 97
initial apicid	: 97
fpu		: yes
fpu_exception	: yes
cpuid level	: 15
wp		: yes
flags		: fpu vme de pse tsc msr pae mce cx8 apic sep mtrr pge mca cmov pat pse36 clflush dts acpi mmx fxsr sse sse2 ss ht tm pbe syscall nx pdpe1gb rdtscp lm constant_tsc arch_perfmon pebs bts rep_good nopl xtopology nonstop_tsc aperfmperf eagerfpu pni pclmulqdq dtes64 monitor ds_cpl vmx smx est tm2 ssse3 sdbg fma cx16 xtpr pdcm pcid dca sse4_1 sse4_2 x2apic movbe popcnt tsc_deadline_timer aes xsave avx f16c rdrand lahf_lm abm epb tpr_shadow vnmi flexpriority ept vpid fsgsbase tsc_adjust bmi1 avx2 smep bmi2 erms invpcid cqm xsaveopt cqm_llc cqm_occup_llc dtherm ida arat pln pts
bugs		:
bogomips	: 4601.66
clflush size	: 64
cache_alignment	: 64
address sizes	: 46 bits physical, 48 bits virtual
power management:

processor	: 56
vendor_id	: GenuineIntel
cpu family	: 6
model		: 63
model name	: Intel(R) Xeon(R) CPU E5-2699 v3 @ 2.30GHz
stepping	: 2
microcode	: 0x36
cpu MHz		: 2299.905
cache size	: 46080 KB
physical id	: 0
siblings	: 36
core id		: 17
cpu cores	: 18
apicid		: 35
initial apicid	: 35
fpu		: yes
fpu_exception	: yes
cpuid level	: 15
wp		: yes
flags		: fpu vme de pse tsc msr pae mce cx8 apic sep mtrr pge mca cmov pat pse36 clflush dts acpi mmx fxsr sse sse2 ss ht tm pbe syscall nx pdpe1gb rdtscp lm constant_tsc arch_perfmon pebs bts rep_good nopl xtopology nonstop_tsc aperfmperf eagerfpu pni pclmulqdq dtes64 monitor ds_cpl vmx smx est tm2 ssse3 sdbg fma cx16 xtpr pdcm pcid dca sse4_1 sse4_2 x2apic movbe popcnt tsc_deadline_timer aes xsave avx f16c rdrand lahf_lm abm epb tpr_shadow vnmi flexpriority ept vpid fsgsbase tsc_adjust bmi1 avx2 smep bmi2 erms invpcid cqm xsaveopt cqm_llc cqm_occup_llc dtherm ida arat pln pts
bugs		:
bogomips	: 4601.43
clflush size	: 64
cache_alignment	: 64
address sizes	: 46 bits physical, 48 bits virtual
power management:

processor	: 57
vendor_id	: GenuineIntel
cpu family	: 6
model		: 63
model name	: Intel(R) Xeon(R) CPU E5-2699 v3 @ 2.30GHz
stepping	: 2
microcode	: 0x36
cpu MHz		: 2299.905
cache size	: 46080 KB
physical id	: 1
siblings	: 36
core id		: 17
cpu cores	: 18
apicid		: 99
initial apicid	: 99
fpu		: yes
fpu_exception	: yes
cpuid level	: 15
wp		: yes
flags		: fpu vme de pse tsc msr pae mce cx8 apic sep mtrr pge mca cmov pat pse36 clflush dts acpi mmx fxsr sse sse2 ss ht tm pbe syscall nx pdpe1gb rdtscp lm constant_tsc arch_perfmon pebs bts rep_good nopl xtopology nonstop_tsc aperfmperf eagerfpu pni pclmulqdq dtes64 monitor ds_cpl vmx smx est tm2 ssse3 sdbg fma cx16 xtpr pdcm pcid dca sse4_1 sse4_2 x2apic movbe popcnt tsc_deadline_timer aes xsave avx f16c rdrand lahf_lm abm epb tpr_shadow vnmi flexpriority ept vpid fsgsbase tsc_adjust bmi1 avx2 smep bmi2 erms invpcid cqm xsaveopt cqm_llc cqm_occup_llc dtherm ida arat pln pts
bugs		:
bogomips	: 4601.58
clflush size	: 64
cache_alignment	: 64
address sizes	: 46 bits physical, 48 bits virtual
power management:

processor	: 58
vendor_id	: GenuineIntel
cpu family	: 6
model		: 63
model name	: Intel(R) Xeon(R) CPU E5-2699 v3 @ 2.30GHz
stepping	: 2
microcode	: 0x36
cpu MHz		: 2299.905
cache size	: 46080 KB
physical id	: 0
siblings	: 36
core id		: 18
cpu cores	: 18
apicid		: 37
initial apicid	: 37
fpu		: yes
fpu_exception	: yes
cpuid level	: 15
wp		: yes
flags		: fpu vme de pse tsc msr pae mce cx8 apic sep mtrr pge mca cmov pat pse36 clflush dts acpi mmx fxsr sse sse2 ss ht tm pbe syscall nx pdpe1gb rdtscp lm constant_tsc arch_perfmon pebs bts rep_good nopl xtopology nonstop_tsc aperfmperf eagerfpu pni pclmulqdq dtes64 monitor ds_cpl vmx smx est tm2 ssse3 sdbg fma cx16 xtpr pdcm pcid dca sse4_1 sse4_2 x2apic movbe popcnt tsc_deadline_timer aes xsave avx f16c rdrand lahf_lm abm epb tpr_shadow vnmi flexpriority ept vpid fsgsbase tsc_adjust bmi1 avx2 smep bmi2 erms invpcid cqm xsaveopt cqm_llc cqm_occup_llc dtherm ida arat pln pts
bugs		:
bogomips	: 4601.28
clflush size	: 64
cache_alignment	: 64
address sizes	: 46 bits physical, 48 bits virtual
power management:

processor	: 59
vendor_id	: GenuineIntel
cpu family	: 6
model		: 63
model name	: Intel(R) Xeon(R) CPU E5-2699 v3 @ 2.30GHz
stepping	: 2
microcode	: 0x36
cpu MHz		: 2299.905
cache size	: 46080 KB
physical id	: 1
siblings	: 36
core id		: 18
cpu cores	: 18
apicid		: 101
initial apicid	: 101
fpu		: yes
fpu_exception	: yes
cpuid level	: 15
wp		: yes
flags		: fpu vme de pse tsc msr pae mce cx8 apic sep mtrr pge mca cmov pat pse36 clflush dts acpi mmx fxsr sse sse2 ss ht tm pbe syscall nx pdpe1gb rdtscp lm constant_tsc arch_perfmon pebs bts rep_good nopl xtopology nonstop_tsc aperfmperf eagerfpu pni pclmulqdq dtes64 monitor ds_cpl vmx smx est tm2 ssse3 sdbg fma cx16 xtpr pdcm pcid dca sse4_1 sse4_2 x2apic movbe popcnt tsc_deadline_timer aes xsave avx f16c rdrand lahf_lm abm epb tpr_shadow vnmi flexpriority ept vpid fsgsbase tsc_adjust bmi1 avx2 smep bmi2 erms invpcid cqm xsaveopt cqm_llc cqm_occup_llc dtherm ida arat pln pts
bugs		:
bogomips	: 4601.33
clflush size	: 64
cache_alignment	: 64
address sizes	: 46 bits physical, 48 bits virtual
power management:

processor	: 60
vendor_id	: GenuineIntel
cpu family	: 6
model		: 63
model name	: Intel(R) Xeon(R) CPU E5-2699 v3 @ 2.30GHz
stepping	: 2
microcode	: 0x36
cpu MHz		: 2299.905
cache size	: 46080 KB
physical id	: 0
siblings	: 36
core id		: 19
cpu cores	: 18
apicid		: 39
initial apicid	: 39
fpu		: yes
fpu_exception	: yes
cpuid level	: 15
wp		: yes
flags		: fpu vme de pse tsc msr pae mce cx8 apic sep mtrr pge mca cmov pat pse36 clflush dts acpi mmx fxsr sse sse2 ss ht tm pbe syscall nx pdpe1gb rdtscp lm constant_tsc arch_perfmon pebs bts rep_good nopl xtopology nonstop_tsc aperfmperf eagerfpu pni pclmulqdq dtes64 monitor ds_cpl vmx smx est tm2 ssse3 sdbg fma cx16 xtpr pdcm pcid dca sse4_1 sse4_2 x2apic movbe popcnt tsc_deadline_timer aes xsave avx f16c rdrand lahf_lm abm epb tpr_shadow vnmi flexpriority ept vpid fsgsbase tsc_adjust bmi1 avx2 smep bmi2 erms invpcid cqm xsaveopt cqm_llc cqm_occup_llc dtherm ida arat pln pts
bugs		:
bogomips	: 4601.24
clflush size	: 64
cache_alignment	: 64
address sizes	: 46 bits physical, 48 bits virtual
power management:

processor	: 61
vendor_id	: GenuineIntel
cpu family	: 6
model		: 63
model name	: Intel(R) Xeon(R) CPU E5-2699 v3 @ 2.30GHz
stepping	: 2
microcode	: 0x36
cpu MHz		: 2299.905
cache size	: 46080 KB
physical id	: 1
siblings	: 36
core id		: 19
cpu cores	: 18
apicid		: 103
initial apicid	: 103
fpu		: yes
fpu_exception	: yes
cpuid level	: 15
wp		: yes
flags		: fpu vme de pse tsc msr pae mce cx8 apic sep mtrr pge mca cmov pat pse36 clflush dts acpi mmx fxsr sse sse2 ss ht tm pbe syscall nx pdpe1gb rdtscp lm constant_tsc arch_perfmon pebs bts rep_good nopl xtopology nonstop_tsc aperfmperf eagerfpu pni pclmulqdq dtes64 monitor ds_cpl vmx smx est tm2 ssse3 sdbg fma cx16 xtpr pdcm pcid dca sse4_1 sse4_2 x2apic movbe popcnt tsc_deadline_timer aes xsave avx f16c rdrand lahf_lm abm epb tpr_shadow vnmi flexpriority ept vpid fsgsbase tsc_adjust bmi1 avx2 smep bmi2 erms invpcid cqm xsaveopt cqm_llc cqm_occup_llc dtherm ida arat pln pts
bugs		:
bogomips	: 4601.17
clflush size	: 64
cache_alignment	: 64
address sizes	: 46 bits physical, 48 bits virtual
power management:

processor	: 62
vendor_id	: GenuineIntel
cpu family	: 6
model		: 63
model name	: Intel(R) Xeon(R) CPU E5-2699 v3 @ 2.30GHz
stepping	: 2
microcode	: 0x36
cpu MHz		: 2299.905
cache size	: 46080 KB
physical id	: 0
siblings	: 36
core id		: 20
cpu cores	: 18
apicid		: 41
initial apicid	: 41
fpu		: yes
fpu_exception	: yes
cpuid level	: 15
wp		: yes
flags		: fpu vme de pse tsc msr pae mce cx8 apic sep mtrr pge mca cmov pat pse36 clflush dts acpi mmx fxsr sse sse2 ss ht tm pbe syscall nx pdpe1gb rdtscp lm constant_tsc arch_perfmon pebs bts rep_good nopl xtopology nonstop_tsc aperfmperf eagerfpu pni pclmulqdq dtes64 monitor ds_cpl vmx smx est tm2 ssse3 sdbg fma cx16 xtpr pdcm pcid dca sse4_1 sse4_2 x2apic movbe popcnt tsc_deadline_timer aes xsave avx f16c rdrand lahf_lm abm epb tpr_shadow vnmi flexpriority ept vpid fsgsbase tsc_adjust bmi1 avx2 smep bmi2 erms invpcid cqm xsaveopt cqm_llc cqm_occup_llc dtherm ida arat pln pts
bugs		:
bogomips	: 4601.30
clflush size	: 64
cache_alignment	: 64
address sizes	: 46 bits physical, 48 bits virtual
power management:

processor	: 63
vendor_id	: GenuineIntel
cpu family	: 6
model		: 63
model name	: Intel(R) Xeon(R) CPU E5-2699 v3 @ 2.30GHz
stepping	: 2
microcode	: 0x36
cpu MHz		: 2299.905
cache size	: 46080 KB
physical id	: 1
siblings	: 36
core id		: 20
cpu cores	: 18
apicid		: 105
initial apicid	: 105
fpu		: yes
fpu_exception	: yes
cpuid level	: 15
wp		: yes
flags		: fpu vme de pse tsc msr pae mce cx8 apic sep mtrr pge mca cmov pat pse36 clflush dts acpi mmx fxsr sse sse2 ss ht tm pbe syscall nx pdpe1gb rdtscp lm constant_tsc arch_perfmon pebs bts rep_good nopl xtopology nonstop_tsc aperfmperf eagerfpu pni pclmulqdq dtes64 monitor ds_cpl vmx smx est tm2 ssse3 sdbg fma cx16 xtpr pdcm pcid dca sse4_1 sse4_2 x2apic movbe popcnt tsc_deadline_timer aes xsave avx f16c rdrand lahf_lm abm epb tpr_shadow vnmi flexpriority ept vpid fsgsbase tsc_adjust bmi1 avx2 smep bmi2 erms invpcid cqm xsaveopt cqm_llc cqm_occup_llc dtherm ida arat pln pts
bugs		:
bogomips	: 4601.40
clflush size	: 64
cache_alignment	: 64
address sizes	: 46 bits physical, 48 bits virtual
power management:

processor	: 64
vendor_id	: GenuineIntel
cpu family	: 6
model		: 63
model name	: Intel(R) Xeon(R) CPU E5-2699 v3 @ 2.30GHz
stepping	: 2
microcode	: 0x36
cpu MHz		: 2299.905
cache size	: 46080 KB
physical id	: 0
siblings	: 36
core id		: 24
cpu cores	: 18
apicid		: 49
initial apicid	: 49
fpu		: yes
fpu_exception	: yes
cpuid level	: 15
wp		: yes
flags		: fpu vme de pse tsc msr pae mce cx8 apic sep mtrr pge mca cmov pat pse36 clflush dts acpi mmx fxsr sse sse2 ss ht tm pbe syscall nx pdpe1gb rdtscp lm constant_tsc arch_perfmon pebs bts rep_good nopl xtopology nonstop_tsc aperfmperf eagerfpu pni pclmulqdq dtes64 monitor ds_cpl vmx smx est tm2 ssse3 sdbg fma cx16 xtpr pdcm pcid dca sse4_1 sse4_2 x2apic movbe popcnt tsc_deadline_timer aes xsave avx f16c rdrand lahf_lm abm epb tpr_shadow vnmi flexpriority ept vpid fsgsbase tsc_adjust bmi1 avx2 smep bmi2 erms invpcid cqm xsaveopt cqm_llc cqm_occup_llc dtherm ida arat pln pts
bugs		:
bogomips	: 4601.14
clflush size	: 64
cache_alignment	: 64
address sizes	: 46 bits physical, 48 bits virtual
power management:

processor	: 65
vendor_id	: GenuineIntel
cpu family	: 6
model		: 63
model name	: Intel(R) Xeon(R) CPU E5-2699 v3 @ 2.30GHz
stepping	: 2
microcode	: 0x36
cpu MHz		: 2299.905
cache size	: 46080 KB
physical id	: 1
siblings	: 36
core id		: 24
cpu cores	: 18
apicid		: 113
initial apicid	: 113
fpu		: yes
fpu_exception	: yes
cpuid level	: 15
wp		: yes
flags		: fpu vme de pse tsc msr pae mce cx8 apic sep mtrr pge mca cmov pat pse36 clflush dts acpi mmx fxsr sse sse2 ss ht tm pbe syscall nx pdpe1gb rdtscp lm constant_tsc arch_perfmon pebs bts rep_good nopl xtopology nonstop_tsc aperfmperf eagerfpu pni pclmulqdq dtes64 monitor ds_cpl vmx smx est tm2 ssse3 sdbg fma cx16 xtpr pdcm pcid dca sse4_1 sse4_2 x2apic movbe popcnt tsc_deadline_timer aes xsave avx f16c rdrand lahf_lm abm epb tpr_shadow vnmi flexpriority ept vpid fsgsbase tsc_adjust bmi1 avx2 smep bmi2 erms invpcid cqm xsaveopt cqm_llc cqm_occup_llc dtherm ida arat pln pts
bugs		:
bogomips	: 4601.19
clflush size	: 64
cache_alignment	: 64
address sizes	: 46 bits physical, 48 bits virtual
power management:

processor	: 66
vendor_id	: GenuineIntel
cpu family	: 6
model		: 63
model name	: Intel(R) Xeon(R) CPU E5-2699 v3 @ 2.30GHz
stepping	: 2
microcode	: 0x36
cpu MHz		: 2299.905
cache size	: 46080 KB
physical id	: 0
siblings	: 36
core id		: 25
cpu cores	: 18
apicid		: 51
initial apicid	: 51
fpu		: yes
fpu_exception	: yes
cpuid level	: 15
wp		: yes
flags		: fpu vme de pse tsc msr pae mce cx8 apic sep mtrr pge mca cmov pat pse36 clflush dts acpi mmx fxsr sse sse2 ss ht tm pbe syscall nx pdpe1gb rdtscp lm constant_tsc arch_perfmon pebs bts rep_good nopl xtopology nonstop_tsc aperfmperf eagerfpu pni pclmulqdq dtes64 monitor ds_cpl vmx smx est tm2 ssse3 sdbg fma cx16 xtpr pdcm pcid dca sse4_1 sse4_2 x2apic movbe popcnt tsc_deadline_timer aes xsave avx f16c rdrand lahf_lm abm epb tpr_shadow vnmi flexpriority ept vpid fsgsbase tsc_adjust bmi1 avx2 smep bmi2 erms invpcid cqm xsaveopt cqm_llc cqm_occup_llc dtherm ida arat pln pts
bugs		:
bogomips	: 4601.38
clflush size	: 64
cache_alignment	: 64
address sizes	: 46 bits physical, 48 bits virtual
power management:

processor	: 67
vendor_id	: GenuineIntel
cpu family	: 6
model		: 63
model name	: Intel(R) Xeon(R) CPU E5-2699 v3 @ 2.30GHz
stepping	: 2
microcode	: 0x36
cpu MHz		: 2299.905
cache size	: 46080 KB
physical id	: 1
siblings	: 36
core id		: 25
cpu cores	: 18
apicid		: 115
initial apicid	: 115
fpu		: yes
fpu_exception	: yes
cpuid level	: 15
wp		: yes
flags		: fpu vme de pse tsc msr pae mce cx8 apic sep mtrr pge mca cmov pat pse36 clflush dts acpi mmx fxsr sse sse2 ss ht tm pbe syscall nx pdpe1gb rdtscp lm constant_tsc arch_perfmon pebs bts rep_good nopl xtopology nonstop_tsc aperfmperf eagerfpu pni pclmulqdq dtes64 monitor ds_cpl vmx smx est tm2 ssse3 sdbg fma cx16 xtpr pdcm pcid dca sse4_1 sse4_2 x2apic movbe popcnt tsc_deadline_timer aes xsave avx f16c rdrand lahf_lm abm epb tpr_shadow vnmi flexpriority ept vpid fsgsbase tsc_adjust bmi1 avx2 smep bmi2 erms invpcid cqm xsaveopt cqm_llc cqm_occup_llc dtherm ida arat pln pts
bugs		:
bogomips	: 4601.24
clflush size	: 64
cache_alignment	: 64
address sizes	: 46 bits physical, 48 bits virtual
power management:

processor	: 68
vendor_id	: GenuineIntel
cpu family	: 6
model		: 63
model name	: Intel(R) Xeon(R) CPU E5-2699 v3 @ 2.30GHz
stepping	: 2
microcode	: 0x36
cpu MHz		: 2299.905
cache size	: 46080 KB
physical id	: 0
siblings	: 36
core id		: 26
cpu cores	: 18
apicid		: 53
initial apicid	: 53
fpu		: yes
fpu_exception	: yes
cpuid level	: 15
wp		: yes
flags		: fpu vme de pse tsc msr pae mce cx8 apic sep mtrr pge mca cmov pat pse36 clflush dts acpi mmx fxsr sse sse2 ss ht tm pbe syscall nx pdpe1gb rdtscp lm constant_tsc arch_perfmon pebs bts rep_good nopl xtopology nonstop_tsc aperfmperf eagerfpu pni pclmulqdq dtes64 monitor ds_cpl vmx smx est tm2 ssse3 sdbg fma cx16 xtpr pdcm pcid dca sse4_1 sse4_2 x2apic movbe popcnt tsc_deadline_timer aes xsave avx f16c rdrand lahf_lm abm epb tpr_shadow vnmi flexpriority ept vpid fsgsbase tsc_adjust bmi1 avx2 smep bmi2 erms invpcid cqm xsaveopt cqm_llc cqm_occup_llc dtherm ida arat pln pts
bugs		:
bogomips	: 4601.68
clflush size	: 64
cache_alignment	: 64
address sizes	: 46 bits physical, 48 bits virtual
power management:

processor	: 69
vendor_id	: GenuineIntel
cpu family	: 6
model		: 63
model name	: Intel(R) Xeon(R) CPU E5-2699 v3 @ 2.30GHz
stepping	: 2
microcode	: 0x36
cpu MHz		: 2299.905
cache size	: 46080 KB
physical id	: 1
siblings	: 36
core id		: 26
cpu cores	: 18
apicid		: 117
initial apicid	: 117
fpu		: yes
fpu_exception	: yes
cpuid level	: 15
wp		: yes
flags		: fpu vme de pse tsc msr pae mce cx8 apic sep mtrr pge mca cmov pat pse36 clflush dts acpi mmx fxsr sse sse2 ss ht tm pbe syscall nx pdpe1gb rdtscp lm constant_tsc arch_perfmon pebs bts rep_good nopl xtopology nonstop_tsc aperfmperf eagerfpu pni pclmulqdq dtes64 monitor ds_cpl vmx smx est tm2 ssse3 sdbg fma cx16 xtpr pdcm pcid dca sse4_1 sse4_2 x2apic movbe popcnt tsc_deadline_timer aes xsave avx f16c rdrand lahf_lm abm epb tpr_shadow vnmi flexpriority ept vpid fsgsbase tsc_adjust bmi1 avx2 smep bmi2 erms invpcid cqm xsaveopt cqm_llc cqm_occup_llc dtherm ida arat pln pts
bugs		:
bogomips	: 4601.12
clflush size	: 64
cache_alignment	: 64
address sizes	: 46 bits physical, 48 bits virtual
power management:

processor	: 70
vendor_id	: GenuineIntel
cpu family	: 6
model		: 63
model name	: Intel(R) Xeon(R) CPU E5-2699 v3 @ 2.30GHz
stepping	: 2
microcode	: 0x36
cpu MHz		: 2299.905
cache size	: 46080 KB
physical id	: 0
siblings	: 36
core id		: 27
cpu cores	: 18
apicid		: 55
initial apicid	: 55
fpu		: yes
fpu_exception	: yes
cpuid level	: 15
wp		: yes
flags		: fpu vme de pse tsc msr pae mce cx8 apic sep mtrr pge mca cmov pat pse36 clflush dts acpi mmx fxsr sse sse2 ss ht tm pbe syscall nx pdpe1gb rdtscp lm constant_tsc arch_perfmon pebs bts rep_good nopl xtopology nonstop_tsc aperfmperf eagerfpu pni pclmulqdq dtes64 monitor ds_cpl vmx smx est tm2 ssse3 sdbg fma cx16 xtpr pdcm pcid dca sse4_1 sse4_2 x2apic movbe popcnt tsc_deadline_timer aes xsave avx f16c rdrand lahf_lm abm epb tpr_shadow vnmi flexpriority ept vpid fsgsbase tsc_adjust bmi1 avx2 smep bmi2 erms invpcid cqm xsaveopt cqm_llc cqm_occup_llc dtherm ida arat pln pts
bugs		:
bogomips	: 4601.25
clflush size	: 64
cache_alignment	: 64
address sizes	: 46 bits physical, 48 bits virtual
power management:

processor	: 71
vendor_id	: GenuineIntel
cpu family	: 6
model		: 63
model name	: Intel(R) Xeon(R) CPU E5-2699 v3 @ 2.30GHz
stepping	: 2
microcode	: 0x36
cpu MHz		: 2299.905
cache size	: 46080 KB
physical id	: 1
siblings	: 36
core id		: 27
cpu cores	: 18
apicid		: 119
initial apicid	: 119
fpu		: yes
fpu_exception	: yes
cpuid level	: 15
wp		: yes
flags		: fpu vme de pse tsc msr pae mce cx8 apic sep mtrr pge mca cmov pat pse36 clflush dts acpi mmx fxsr sse sse2 ss ht tm pbe syscall nx pdpe1gb rdtscp lm constant_tsc arch_perfmon pebs bts rep_good nopl xtopology nonstop_tsc aperfmperf eagerfpu pni pclmulqdq dtes64 monitor ds_cpl vmx smx est tm2 ssse3 sdbg fma cx16 xtpr pdcm pcid dca sse4_1 sse4_2 x2apic movbe popcnt tsc_deadline_timer aes xsave avx f16c rdrand lahf_lm abm epb tpr_shadow vnmi flexpriority ept vpid fsgsbase tsc_adjust bmi1 avx2 smep bmi2 erms invpcid cqm xsaveopt cqm_llc cqm_occup_llc dtherm ida arat pln pts
bugs		:
bogomips	: 4601.44
clflush size	: 64
cache_alignment	: 64
address sizes	: 46 bits physical, 48 bits virtual
power management:



Memory: 4k page, physical 792405328k(354933548k free), swap 0k(0k free)

vm_info: Java HotSpot(TM) 64-Bit Server VM (25.25-b02) for linux-amd64 JRE (1.8.0_25-b17), built on Sep 17 2014 17:32:11 by "java_re" with gcc 4.3.0 20080428 (Red Hat 4.3.0-8)

time: Mon Dec 17 11:23:38 2018
elapsed time: 0 seconds (0d 0h 0m 0s)

