#
# There is insufficient memory for the Java Runtime Environment to continue.
# Native memory allocation (mmap) failed to map 373293056 bytes for committing reserved memory.
# Possible reasons:
#   The system is out of physical RAM or swap space
#   In 32 bit mode, the process size limit was hit
# Possible solutions:
#   Reduce memory load on the system
#   Increase physical memory or swap space
#   Check if swap backing store is full
#   Use 64 bit Java on a 64 bit OS
#   Decrease Java heap size (-Xmx/-Xms)
#   Decrease number of Java threads
#   Decrease Java thread stack sizes (-Xss)
#   Set larger code cache with -XX:ReservedCodeCacheSize=
# This output file may be truncated or incomplete.
#
#  Out of Memory Error (os_linux.cpp:2643), pid=1307, tid=0x00007f6b35300700
#
# JRE version: OpenJDK Runtime Environment (8.0_181-b13) (build 1.8.0_181-8u181-b13-1ubuntu0.16.04.1-b13)
# Java VM: OpenJDK 64-Bit Server VM (25.181-b13 mixed mode linux-amd64 compressed oops)
# Failed to write core dump. Core dumps have been disabled. To enable core dumping, try "ulimit -c unlimited" before starting Java again
#

---------------  T H R E A D  ---------------

Current thread (0x00007f6b5c1c7800):  VMThread [stack: 0x00007f6b35200000,0x00007f6b35301000] [id=1317]

Stack: [0x00007f6b35200000,0x00007f6b35301000],  sp=0x00007f6b352ff4c0,  free space=1021k
Native frames: (J=compiled Java code, j=interpreted, Vv=VM code, C=native code)
V  [libjvm.so+0xa70f1b]
V  [libjvm.so+0x4c893c]
V  [libjvm.so+0x8bda48]
V  [libjvm.so+0x8b7dde]
V  [libjvm.so+0x933246]
V  [libjvm.so+0x934573]
V  [libjvm.so+0x930c3b]
V  [libjvm.so+0x930eec]
V  [libjvm.so+0x8e2803]
V  [libjvm.so+0xa72bc2]
V  [libjvm.so+0xa77d67]
V  [libjvm.so+0xa75467]
V  [libjvm.so+0xa768ef]
V  [libjvm.so+0xa76de1]
V  [libjvm.so+0x8bae52]

VM_Operation (0x00007f6b640274e0): ParallelGCFailedAllocation, mode: safepoint, requested by thread 0x00007f6b5c00a800


---------------  P R O C E S S  ---------------

Java Threads: ( => current thread )
  0x00007f6b5c22c800 JavaThread "Service Thread" daemon [_thread_blocked, id=1325, stack(0x00007f6b3471f000,0x00007f6b34820000)]
  0x00007f6b5c20f800 JavaThread "C1 CompilerThread3" daemon [_thread_blocked, id=1324, stack(0x00007f6b34820000,0x00007f6b34921000)]
  0x00007f6b5c20d800 JavaThread "C2 CompilerThread2" daemon [_thread_blocked, id=1323, stack(0x00007f6b34921000,0x00007f6b34a22000)]
  0x00007f6b5c20b800 JavaThread "C2 CompilerThread1" daemon [_thread_blocked, id=1322, stack(0x00007f6b34a22000,0x00007f6b34b23000)]
  0x00007f6b5c208800 JavaThread "C2 CompilerThread0" daemon [_thread_blocked, id=1321, stack(0x00007f6b34b23000,0x00007f6b34c24000)]
  0x00007f6b5c207000 JavaThread "Signal Dispatcher" daemon [_thread_blocked, id=1320, stack(0x00007f6b34c24000,0x00007f6b34d25000)]
  0x00007f6b5c1d3800 JavaThread "Finalizer" daemon [_thread_blocked, id=1319, stack(0x00007f6b34ffe000,0x00007f6b350ff000)]
  0x00007f6b5c1d1000 JavaThread "Reference Handler" daemon [_thread_blocked, id=1318, stack(0x00007f6b350ff000,0x00007f6b35200000)]
  0x00007f6b5c00a800 JavaThread "main" [_thread_blocked, id=1308, stack(0x00007f6b63f28000,0x00007f6b64029000)]

Other Threads:
=>0x00007f6b5c1c7800 VMThread [stack: 0x00007f6b35200000,0x00007f6b35301000] [id=1317]
  0x00007f6b5c22f800 WatcherThread [stack: 0x00007f6b3461e000,0x00007f6b3471f000] [id=1326]

VM state:at safepoint (normal execution)

VM Mutex/Monitor currently owned by a thread:  ([mutex/lock_event])
[0x00007f6b5c006dc0] Threads_lock - owner thread: 0x00007f6b5c1c7800
[0x00007f6b5c0072c0] Heap_lock - owner thread: 0x00007f6b5c00a800

Heap:
 PSYoungGen      total 875520K, used 73381K [0x000000076d100000, 0x00000007a9c00000, 0x00000007c0000000)
  eden space 777728K, 0% used [0x000000076d100000,0x000000076d100000,0x000000079c880000)
  from space 97792K, 75% used [0x000000079c880000,0x00000007a1029680,0x00000007a2800000)
  to   space 76800K, 0% used [0x00000007a2800000,0x00000007a2800000,0x00000007a7300000)
 ParOldGen       total 191488K, used 191093K [0x00000006c7200000, 0x00000006d2d00000, 0x000000076d100000)
  object space 191488K, 99% used [0x00000006c7200000,0x00000006d2c9d400,0x00000006d2d00000)
 Metaspace       used 3062K, capacity 4564K, committed 4864K, reserved 1056768K
  class space    used 301K, capacity 388K, committed 512K, reserved 1048576K

Card table byte_map: [0x00007f6b4c838000,0x00007f6b4d000000] byte_map_base: 0x00007f6b491ff000

Marking Bits: (ParMarkBitMap*) 0x00007f6b631f93a0
 Begin Bits: [0x00007f6b18390000, 0x00007f6b1c1c8000)
 End Bits:   [0x00007f6b1c1c8000, 0x00007f6b20000000)

Polling page: 0x00007f6b6404d000

CodeCache: size=245760Kb used=2170Kb max_used=2185Kb free=243589Kb
 bounds [0x00007f6b4d000000, 0x00007f6b4d270000, 0x00007f6b5c000000]
 total_blobs=538 nmethods=297 adapters=156
 compilation: enabled

Compilation events (10 events):
Event: 2.229 Thread 0x00007f6b5c20d800  293   !   4       java.nio.charset.CharsetDecoder::decode (287 bytes)
Event: 2.229 Thread 0x00007f6b5c20b800  294       4       sun.nio.cs.UTF_8$Decoder::decodeLoop (28 bytes)
Event: 2.230 Thread 0x00007f6b5c20b800 nmethod 294 0x00007f6b4d220110 code [0x00007f6b4d220280, 0x00007f6b4d2203c8]
Event: 2.230 Thread 0x00007f6b5c20d800 nmethod 293 0x00007f6b4d21f8d0 code [0x00007f6b4d21fa60, 0x00007f6b4d21fca8]
Event: 2.291 Thread 0x00007f6b5c208800  295       4       java.nio.CharBuffer::array (35 bytes)
Event: 2.291 Thread 0x00007f6b5c208800 nmethod 295 0x00007f6b4d18c010 code [0x00007f6b4d18c160, 0x00007f6b4d18c1f8]
Event: 2.601 Thread 0x00007f6b5c20b800  296  s    4       java.lang.StringBuffer::append (15 bytes)
Event: 2.606 Thread 0x00007f6b5c20b800 nmethod 296 0x00007f6b4d21ec90 code [0x00007f6b4d21ee00, 0x00007f6b4d21f4d8]
Event: 2.754 Thread 0x00007f6b5c20d800  297       4       java.io.BufferedReader::fill (170 bytes)
Event: 2.768 Thread 0x00007f6b5c20d800 nmethod 297 0x00007f6b4d223c90 code [0x00007f6b4d223ee0, 0x00007f6b4d224e28]

GC Heap History (10 events):
Event: 1.980 GC heap after
Heap after GC invocations=6 (full 0):
 PSYoungGen      total 281600K, used 22465K [0x000000076d100000, 0x0000000780500000, 0x00000007c0000000)
  eden space 255488K, 0% used [0x000000076d100000,0x000000076d100000,0x000000077ca80000)
  from space 26112K, 86% used [0x000000077e680000,0x000000077fc706f0,0x0000000780000000)
  to   space 28672K, 0% used [0x000000077ca80000,0x000000077ca80000,0x000000077e680000)
 ParOldGen       total 171008K, used 26698K [0x00000006c7200000, 0x00000006d1900000, 0x000000076d100000)
  object space 171008K, 15% used [0x00000006c7200000,0x00000006c8c128e0,0x00000006d1900000)
 Metaspace       used 3060K, capacity 4564K, committed 4864K, reserved 1056768K
  class space    used 301K, capacity 388K, committed 512K, reserved 1048576K
}
Event: 2.188 GC heap before
{Heap before GC invocations=7 (full 0):
 PSYoungGen      total 281600K, used 277953K [0x000000076d100000, 0x0000000780500000, 0x00000007c0000000)
  eden space 255488K, 100% used [0x000000076d100000,0x000000077ca80000,0x000000077ca80000)
  from space 26112K, 86% used [0x000000077e680000,0x000000077fc706f0,0x0000000780000000)
  to   space 28672K, 0% used [0x000000077ca80000,0x000000077ca80000,0x000000077e680000)
 ParOldGen       total 171008K, used 26698K [0x00000006c7200000, 0x00000006d1900000, 0x000000076d100000)
  object space 171008K, 15% used [0x00000006c7200000,0x00000006c8c128e0,0x00000006d1900000)
 Metaspace       used 3062K, capacity 4564K, committed 4864K, reserved 1056768K
  class space    used 301K, capacity 388K, committed 512K, reserved 1048576K
Event: 2.223 GC heap after
Heap after GC invocations=7 (full 0):
 PSYoungGen      total 284160K, used 28657K [0x000000076d100000, 0x0000000791600000, 0x00000007c0000000)
  eden space 255488K, 0% used [0x000000076d100000,0x000000076d100000,0x000000077ca80000)
  from space 28672K, 99% used [0x000000077ca80000,0x000000077e67c770,0x000000077e680000)
  to   space 41984K, 0% used [0x000000078ed00000,0x000000078ed00000,0x0000000791600000)
 ParOldGen       total 171008K, used 44392K [0x00000006c7200000, 0x00000006d1900000, 0x000000076d100000)
  object space 171008K, 25% used [0x00000006c7200000,0x00000006c9d5a0a0,0x00000006d1900000)
 Metaspace       used 3062K, capacity 4564K, committed 4864K, reserved 1056768K
  class space    used 301K, capacity 388K, committed 512K, reserved 1048576K
}
Event: 2.397 GC heap before
{Heap before GC invocations=8 (full 0):
 PSYoungGen      total 284160K, used 284145K [0x000000076d100000, 0x0000000791600000, 0x00000007c0000000)
  eden space 255488K, 100% used [0x000000076d100000,0x000000077ca80000,0x000000077ca80000)
  from space 28672K, 99% used [0x000000077ca80000,0x000000077e67c770,0x000000077e680000)
  to   space 41984K, 0% used [0x000000078ed00000,0x000000078ed00000,0x0000000791600000)
 ParOldGen       total 171008K, used 44392K [0x00000006c7200000, 0x00000006d1900000, 0x000000076d100000)
  object space 171008K, 25% used [0x00000006c7200000,0x00000006c9d5a0a0,0x00000006d1900000)
 Metaspace       used 3062K, capacity 4564K, committed 4864K, reserved 1056768K
  class space    used 301K, capacity 388K, committed 512K, reserved 1048576K
Event: 2.428 GC heap after
Heap after GC invocations=8 (full 0):
 PSYoungGen      total 541184K, used 41970K [0x000000076d100000, 0x0000000792d00000, 0x00000007c0000000)
  eden space 499200K, 0% used [0x000000076d100000,0x000000076d100000,0x000000078b880000)
  from space 41984K, 99% used [0x000000078ed00000,0x00000007915fcb50,0x0000000791600000)
  to   space 53760K, 0% used [0x000000078b880000,0x000000078b880000,0x000000078ed00000)
 ParOldGen       total 171008K, used 55249K [0x00000006c7200000, 0x00000006d1900000, 0x000000076d100000)
  object space 171008K, 32% used [0x00000006c7200000,0x00000006ca7f4450,0x00000006d1900000)
 Metaspace       used 3062K, capacity 4564K, committed 4864K, reserved 1056768K
  class space    used 301K, capacity 388K, committed 512K, reserved 1048576K
}
Event: 2.827 GC heap before
{Heap before GC invocations=9 (full 0):
 PSYoungGen      total 541184K, used 541170K [0x000000076d100000, 0x0000000792d00000, 0x00000007c0000000)
  eden space 499200K, 100% used [0x000000076d100000,0x000000078b880000,0x000000078b880000)
  from space 41984K, 99% used [0x000000078ed00000,0x00000007915fcb50,0x0000000791600000)
  to   space 53760K, 0% used [0x000000078b880000,0x000000078b880000,0x000000078ed00000)
 ParOldGen       total 171008K, used 55249K [0x00000006c7200000, 0x00000006d1900000, 0x000000076d100000)
  object space 171008K, 32% used [0x00000006c7200000,0x00000006ca7f4450,0x00000006d1900000)
 Metaspace       used 3062K, capacity 4564K, committed 4864K, reserved 1056768K
  class space    used 301K, capacity 388K, committed 512K, reserved 1048576K
Event: 2.892 GC heap after
Heap after GC invocations=9 (full 0):
 PSYoungGen      total 552960K, used 53759K [0x000000076d100000, 0x00000007a7300000, 0x00000007c0000000)
  eden space 499200K, 0% used [0x000000076d100000,0x000000076d100000,0x000000078b880000)
  from space 53760K, 99% used [0x000000078b880000,0x000000078ecffef0,0x000000078ed00000)
  to   space 76800K, 0% used [0x00000007a2800000,0x00000007a2800000,0x00000007a7300000)
 ParOldGen       total 171008K, used 90556K [0x00000006c7200000, 0x00000006d1900000, 0x000000076d100000)
  object space 171008K, 52% used [0x00000006c7200000,0x00000006cca6f070,0x00000006d1900000)
 Metaspace       used 3062K, capacity 4564K, committed 4864K, reserved 1056768K
  class space    used 301K, capacity 388K, committed 512K, reserved 1048576K
}
Event: 3.227 GC heap before
{Heap before GC invocations=10 (full 0):
 PSYoungGen      total 552960K, used 552959K [0x000000076d100000, 0x00000007a7300000, 0x00000007c0000000)
  eden space 499200K, 100% used [0x000000076d100000,0x000000078b880000,0x000000078b880000)
  from space 53760K, 99% used [0x000000078b880000,0x000000078ecffef0,0x000000078ed00000)
  to   space 76800K, 0% used [0x00000007a2800000,0x00000007a2800000,0x00000007a7300000)
 ParOldGen       total 171008K, used 90556K [0x00000006c7200000, 0x00000006d1900000, 0x000000076d100000)
  object space 171008K, 52% used [0x00000006c7200000,0x00000006cca6f070,0x00000006d1900000)
 Metaspace       used 3062K, capacity 4564K, committed 4864K, reserved 1056768K
  class space    used 301K, capacity 388K, committed 512K, reserved 1048576K
Event: 3.287 GC heap after
Heap after GC invocations=10 (full 0):
 PSYoungGen      total 854528K, used 76773K [0x000000076d100000, 0x00000007a9c00000, 0x00000007c0000000)
  eden space 777728K, 0% used [0x000000076d100000,0x000000076d100000,0x000000079c880000)
  from space 76800K, 99% used [0x00000007a2800000,0x00000007a72f9540,0x00000007a7300000)
  to   space 97792K, 0% used [0x000000079c880000,0x000000079c880000,0x00000007a2800000)
 ParOldGen       total 171008K, used 114462K [0x00000006c7200000, 0x00000006d1900000, 0x000000076d100000)
  object space 171008K, 66% used [0x00000006c7200000,0x00000006ce1c78e0,0x00000006d1900000)
 Metaspace       used 3062K, capacity 4564K, committed 4864K, reserved 1056768K
  class space    used 301K, capacity 388K, committed 512K, reserved 1048576K
}
Event: 4.749 GC heap before
{Heap before GC invocations=11 (full 0):
 PSYoungGen      total 854528K, used 854435K [0x000000076d100000, 0x00000007a9c00000, 0x00000007c0000000)
  eden space 777728K, 99% used [0x000000076d100000,0x000000079c86f750,0x000000079c880000)
  from space 76800K, 99% used [0x00000007a2800000,0x00000007a72f9540,0x00000007a7300000)
  to   space 97792K, 0% used [0x000000079c880000,0x000000079c880000,0x00000007a2800000)
 ParOldGen       total 171008K, used 114462K [0x00000006c7200000, 0x00000006d1900000, 0x000000076d100000)
  object space 171008K, 66% used [0x00000006c7200000,0x00000006ce1c78e0,0x00000006d1900000)
 Metaspace       used 3062K, capacity 4564K, committed 4864K, reserved 1056768K
  class space    used 301K, capacity 388K, committed 512K, reserved 1048576K

Deoptimization events (10 events):
Event: 1.497 Thread 0x00007f6b5c00a800 Uncommon trap: reason=unstable_if action=reinterpret pc=0x00007f6b4d1ba1f4 method=java.lang.Long.numberOfTrailingZeros(J)I @ 44
Event: 1.570 Thread 0x00007f6b5c00a800 Uncommon trap: reason=array_check action=maybe_recompile pc=0x00007f6b4d1f0ef0 method=java.util.AbstractCollection.toArray([Ljava/lang/Object;)[Ljava/lang/Object; @ 119
Event: 1.571 Thread 0x00007f6b5c00a800 Uncommon trap: reason=array_check action=maybe_recompile pc=0x00007f6b4d1f0ef0 method=java.util.AbstractCollection.toArray([Ljava/lang/Object;)[Ljava/lang/Object; @ 119
Event: 1.574 Thread 0x00007f6b5c00a800 Uncommon trap: reason=unstable_if action=reinterpret pc=0x00007f6b4d1bfcac method=sun.misc.FDBigInteger.valueOfMulPow52(JII)Lsun/misc/FDBigInteger; @ 243
Event: 1.574 Thread 0x00007f6b5c00a800 Uncommon trap: reason=unstable_if action=reinterpret pc=0x00007f6b4d1871cc method=sun.misc.FDBigInteger.rightInplaceSub(Lsun/misc/FDBigInteger;)Lsun/misc/FDBigInteger; @ 189
Event: 1.577 Thread 0x00007f6b5c00a800 Uncommon trap: reason=predicate action=maybe_recompile pc=0x00007f6b4d1edbd8 method=java.util.AbstractCollection.toArray([Ljava/lang/Object;)[Ljava/lang/Object; @ 49
Event: 1.577 Thread 0x00007f6b5c00a800 Uncommon trap: reason=array_check action=maybe_recompile pc=0x00007f6b4d1f0ef0 method=java.util.AbstractCollection.toArray([Ljava/lang/Object;)[Ljava/lang/Object; @ 119
Event: 1.577 Thread 0x00007f6b5c00a800 Uncommon trap: reason=array_check action=maybe_recompile pc=0x00007f6b4d1f0ef0 method=java.util.AbstractCollection.toArray([Ljava/lang/Object;)[Ljava/lang/Object; @ 119
Event: 1.947 Thread 0x00007f6b5c00a800 Uncommon trap: reason=unstable_if action=reinterpret pc=0x00007f6b4d1aeec0 method=java.util.HashMap.putVal(ILjava/lang/Object;Ljava/lang/Object;ZZ)Ljava/lang/Object; @ 69
Event: 2.030 Thread 0x00007f6b5c00a800 Uncommon trap: reason=unstable_if action=reinterpret pc=0x00007f6b4d190328 method=java.util.HashMap.putVal(ILjava/lang/Object;Ljava/lang/Object;ZZ)Ljava/lang/Object; @ 69

Classes redefined (0 events):
No events

Internal exceptions (2 events):
Event: 0.806 Thread 0x00007f6b5c00a800 Exception <a 'java/lang/NoSuchMethodError': Method sun.misc.Unsafe.defineClass(Ljava/lang/String;[BII)Ljava/lang/Class; name or signature does not match> (0x000000076d107cb0) thrown at [/build/openjdk-8-lTwZJE/openjdk-8-8u181-b13/src/hotspot/src/share/vm/
Event: 0.806 Thread 0x00007f6b5c00a800 Exception <a 'java/lang/NoSuchMethodError': Method sun.misc.Unsafe.prefetchRead(Ljava/lang/Object;J)V name or signature does not match> (0x000000076d107f98) thrown at [/build/openjdk-8-lTwZJE/openjdk-8-8u181-b13/src/hotspot/src/share/vm/prims/jni.cpp, lin

Events (10 events):
Event: 2.030 Thread 0x00007f6b5c00a800 DEOPT UNPACKING pc=0x00007f6b4d04547a sp=0x00007f6b64027628 mode 2
Event: 2.188 Executing VM operation: ParallelGCFailedAllocation
Event: 2.223 Executing VM operation: ParallelGCFailedAllocation done
Event: 2.397 Executing VM operation: ParallelGCFailedAllocation
Event: 2.428 Executing VM operation: ParallelGCFailedAllocation done
Event: 2.827 Executing VM operation: ParallelGCFailedAllocation
Event: 2.892 Executing VM operation: ParallelGCFailedAllocation done
Event: 3.227 Executing VM operation: ParallelGCFailedAllocation
Event: 3.287 Executing VM operation: ParallelGCFailedAllocation done
Event: 4.749 Executing VM operation: ParallelGCFailedAllocation


Dynamic libraries:
00400000-00401000 r-xp 00000000 08:07 2229793                            /usr/lib/jvm/java-8-openjdk-amd64/jre/bin/java
00600000-00601000 r--p 00000000 08:07 2229793                            /usr/lib/jvm/java-8-openjdk-amd64/jre/bin/java
00601000-00602000 rw-p 00001000 08:07 2229793                            /usr/lib/jvm/java-8-openjdk-amd64/jre/bin/java
01208000-01229000 rw-p 00000000 00:00 0                                  [heap]
6c7200000-6d2d00000 rw-p 00000000 00:00 0 
6d2d00000-76d100000 ---p 00000000 00:00 0 
76d100000-7a9c00000 rw-p 00000000 00:00 0 
7c0000000-7c0080000 rw-p 00000000 00:00 0 
7c0080000-800000000 ---p 00000000 00:00 0 
7f6af4000000-7f6af4021000 rw-p 00000000 00:00 0 
7f6af4021000-7f6af8000000 ---p 00000000 00:00 0 
7f6af8000000-7f6af8021000 rw-p 00000000 00:00 0 
7f6af8021000-7f6afc000000 ---p 00000000 00:00 0 
7f6afc000000-7f6afc2ae000 rw-p 00000000 00:00 0 
7f6afc2ae000-7f6b00000000 ---p 00000000 00:00 0 
7f6b00000000-7f6b0026f000 rw-p 00000000 00:00 0 
7f6b0026f000-7f6b04000000 ---p 00000000 00:00 0 
7f6b04000000-7f6b04254000 rw-p 00000000 00:00 0 
7f6b04254000-7f6b08000000 ---p 00000000 00:00 0 
7f6b08000000-7f6b082c9000 rw-p 00000000 00:00 0 
7f6b082c9000-7f6b0c000000 ---p 00000000 00:00 0 
7f6b0c000000-7f6b0c021000 rw-p 00000000 00:00 0 
7f6b0c021000-7f6b10000000 ---p 00000000 00:00 0 
7f6b10000000-7f6b10021000 rw-p 00000000 00:00 0 
7f6b10021000-7f6b14000000 ---p 00000000 00:00 0 
7f6b14000000-7f6b14021000 rw-p 00000000 00:00 0 
7f6b14021000-7f6b18000000 ---p 00000000 00:00 0 
7f6b18390000-7f6b20000000 rw-p 00000000 00:00 0 
7f6b20000000-7f6b20021000 rw-p 00000000 00:00 0 
7f6b20021000-7f6b24000000 ---p 00000000 00:00 0 
7f6b24000000-7f6b24021000 rw-p 00000000 00:00 0 
7f6b24021000-7f6b28000000 ---p 00000000 00:00 0 
7f6b28000000-7f6b28021000 rw-p 00000000 00:00 0 
7f6b28021000-7f6b2c000000 ---p 00000000 00:00 0 
7f6b30000000-7f6b30021000 rw-p 00000000 00:00 0 
7f6b30021000-7f6b34000000 ---p 00000000 00:00 0 
7f6b344c4000-7f6b3461e000 r--s 018a8000 08:07 5511739                    /home/hag007/repos/bnetworks_alg/reactomefi/reactomefi.jar
7f6b3461e000-7f6b3461f000 ---p 00000000 00:00 0 
7f6b3461f000-7f6b3471f000 rw-p 00000000 00:00 0 
7f6b3471f000-7f6b34722000 ---p 00000000 00:00 0 
7f6b34722000-7f6b34820000 rw-p 00000000 00:00 0 
7f6b34820000-7f6b34823000 ---p 00000000 00:00 0 
7f6b34823000-7f6b34921000 rw-p 00000000 00:00 0 
7f6b34921000-7f6b34924000 ---p 00000000 00:00 0 
7f6b34924000-7f6b34a22000 rw-p 00000000 00:00 0 
7f6b34a22000-7f6b34a25000 ---p 00000000 00:00 0 
7f6b34a25000-7f6b34b23000 rw-p 00000000 00:00 0 
7f6b34b23000-7f6b34b26000 ---p 00000000 00:00 0 
7f6b34b26000-7f6b34c24000 rw-p 00000000 00:00 0 
7f6b34c24000-7f6b34c27000 ---p 00000000 00:00 0 
7f6b34c27000-7f6b34d25000 rw-p 00000000 00:00 0 
7f6b34d25000-7f6b34ffe000 r--p 00000000 08:07 2229717                    /usr/lib/locale/locale-archive
7f6b34ffe000-7f6b35001000 ---p 00000000 00:00 0 
7f6b35001000-7f6b350ff000 rw-p 00000000 00:00 0 
7f6b350ff000-7f6b35102000 ---p 00000000 00:00 0 
7f6b35102000-7f6b35200000 rw-p 00000000 00:00 0 
7f6b35200000-7f6b35201000 ---p 00000000 00:00 0 
7f6b35201000-7f6b36e6a000 rw-p 00000000 00:00 0 
7f6b36e6a000-7f6b37039000 r--s 03c33000 08:07 2238342                    /usr/lib/jvm/java-8-openjdk-amd64/jre/lib/rt.jar
7f6b37039000-7f6b37479000 rw-p 00000000 00:00 0 
7f6b37479000-7f6b37839000 ---p 00000000 00:00 0 
7f6b37839000-7f6b38000000 rw-p 00000000 00:00 0 
7f6b38000000-7f6b38021000 rw-p 00000000 00:00 0 
7f6b38021000-7f6b3c000000 ---p 00000000 00:00 0 
7f6b3c000000-7f6b3c021000 rw-p 00000000 00:00 0 
7f6b3c021000-7f6b40000000 ---p 00000000 00:00 0 
7f6b40000000-7f6b40021000 rw-p 00000000 00:00 0 
7f6b40021000-7f6b44000000 ---p 00000000 00:00 0 
7f6b44000000-7f6b44021000 rw-p 00000000 00:00 0 
7f6b44021000-7f6b48000000 ---p 00000000 00:00 0 
7f6b48000000-7f6b48021000 rw-p 00000000 00:00 0 
7f6b48021000-7f6b4c000000 ---p 00000000 00:00 0 
7f6b4c030000-7f6b4c031000 ---p 00000000 00:00 0 
7f6b4c031000-7f6b4c131000 rw-p 00000000 00:00 0 
7f6b4c131000-7f6b4c132000 ---p 00000000 00:00 0 
7f6b4c132000-7f6b4c232000 rw-p 00000000 00:00 0 
7f6b4c232000-7f6b4c233000 ---p 00000000 00:00 0 
7f6b4c233000-7f6b4c333000 rw-p 00000000 00:00 0 
7f6b4c333000-7f6b4c334000 ---p 00000000 00:00 0 
7f6b4c334000-7f6b4c434000 rw-p 00000000 00:00 0 
7f6b4c434000-7f6b4c435000 ---p 00000000 00:00 0 
7f6b4c435000-7f6b4c535000 rw-p 00000000 00:00 0 
7f6b4c535000-7f6b4c536000 ---p 00000000 00:00 0 
7f6b4c536000-7f6b4c636000 rw-p 00000000 00:00 0 
7f6b4c636000-7f6b4c637000 ---p 00000000 00:00 0 
7f6b4c637000-7f6b4c737000 rw-p 00000000 00:00 0 
7f6b4c737000-7f6b4c738000 ---p 00000000 00:00 0 
7f6b4c738000-7f6b4c896000 rw-p 00000000 00:00 0 
7f6b4c896000-7f6b4cd67000 ---p 00000000 00:00 0 
7f6b4cd67000-7f6b4cf4d000 rw-p 00000000 00:00 0 
7f6b4cf4d000-7f6b4cfff000 ---p 00000000 00:00 0 
7f6b4cfff000-7f6b4d000000 rw-p 00000000 00:00 0 
7f6b4d000000-7f6b4d270000 rwxp 00000000 00:00 0 
7f6b4d270000-7f6b5c000000 ---p 00000000 00:00 0 
7f6b5c000000-7f6b5c34b000 rw-p 00000000 00:00 0 
7f6b5c34b000-7f6b60000000 ---p 00000000 00:00 0 
7f6b60019000-7f6b60034000 r--s 00394000 08:07 2238195                    /usr/lib/jvm/java-8-openjdk-amd64/jre/lib/ext/cldrdata.jar
7f6b60034000-7f6b60108000 rw-p 00000000 00:00 0 
7f6b60108000-7f6b605da000 ---p 00000000 00:00 0 
7f6b605da000-7f6b605e4000 rw-p 00000000 00:00 0 
7f6b605e4000-7f6b6099a000 ---p 00000000 00:00 0 
7f6b6099a000-7f6b609a2000 r-xp 00000000 08:07 2238024                    /usr/lib/jvm/java-8-openjdk-amd64/jre/lib/amd64/libzip.so
7f6b609a2000-7f6b60ba1000 ---p 00008000 08:07 2238024                    /usr/lib/jvm/java-8-openjdk-amd64/jre/lib/amd64/libzip.so
7f6b60ba1000-7f6b60ba2000 r--p 00007000 08:07 2238024                    /usr/lib/jvm/java-8-openjdk-amd64/jre/lib/amd64/libzip.so
7f6b60ba2000-7f6b60ba3000 rw-p 00008000 08:07 2238024                    /usr/lib/jvm/java-8-openjdk-amd64/jre/lib/amd64/libzip.so
7f6b60ba3000-7f6b60bae000 r-xp 00000000 08:07 3408059                    /lib/x86_64-linux-gnu/libnss_files-2.23.so
7f6b60bae000-7f6b60dad000 ---p 0000b000 08:07 3408059                    /lib/x86_64-linux-gnu/libnss_files-2.23.so
7f6b60dad000-7f6b60dae000 r--p 0000a000 08:07 3408059                    /lib/x86_64-linux-gnu/libnss_files-2.23.so
7f6b60dae000-7f6b60daf000 rw-p 0000b000 08:07 3408059                    /lib/x86_64-linux-gnu/libnss_files-2.23.so
7f6b60daf000-7f6b60db5000 rw-p 00000000 00:00 0 
7f6b60db5000-7f6b60dc0000 r-xp 00000000 08:07 3408063                    /lib/x86_64-linux-gnu/libnss_nis-2.23.so
7f6b60dc0000-7f6b60fbf000 ---p 0000b000 08:07 3408063                    /lib/x86_64-linux-gnu/libnss_nis-2.23.so
7f6b60fbf000-7f6b60fc0000 r--p 0000a000 08:07 3408063                    /lib/x86_64-linux-gnu/libnss_nis-2.23.so
7f6b60fc0000-7f6b60fc1000 rw-p 0000b000 08:07 3408063                    /lib/x86_64-linux-gnu/libnss_nis-2.23.so
7f6b60fc1000-7f6b60fd7000 r-xp 00000000 08:07 3408043                    /lib/x86_64-linux-gnu/libnsl-2.23.so
7f6b60fd7000-7f6b611d6000 ---p 00016000 08:07 3408043                    /lib/x86_64-linux-gnu/libnsl-2.23.so
7f6b611d6000-7f6b611d7000 r--p 00015000 08:07 3408043                    /lib/x86_64-linux-gnu/libnsl-2.23.so
7f6b611d7000-7f6b611d8000 rw-p 00016000 08:07 3408043                    /lib/x86_64-linux-gnu/libnsl-2.23.so
7f6b611d8000-7f6b611da000 rw-p 00000000 00:00 0 
7f6b611da000-7f6b611e2000 r-xp 00000000 08:07 3408054                    /lib/x86_64-linux-gnu/libnss_compat-2.23.so
7f6b611e2000-7f6b613e1000 ---p 00008000 08:07 3408054                    /lib/x86_64-linux-gnu/libnss_compat-2.23.so
7f6b613e1000-7f6b613e2000 r--p 00007000 08:07 3408054                    /lib/x86_64-linux-gnu/libnss_compat-2.23.so
7f6b613e2000-7f6b613e3000 rw-p 00008000 08:07 3408054                    /lib/x86_64-linux-gnu/libnss_compat-2.23.so
7f6b613e3000-7f6b61410000 r-xp 00000000 08:07 2238120                    /usr/lib/jvm/java-8-openjdk-amd64/jre/lib/amd64/libjava.so
7f6b61410000-7f6b6160f000 ---p 0002d000 08:07 2238120                    /usr/lib/jvm/java-8-openjdk-amd64/jre/lib/amd64/libjava.so
7f6b6160f000-7f6b61610000 r--p 0002c000 08:07 2238120                    /usr/lib/jvm/java-8-openjdk-amd64/jre/lib/amd64/libjava.so
7f6b61610000-7f6b61612000 rw-p 0002d000 08:07 2238120                    /usr/lib/jvm/java-8-openjdk-amd64/jre/lib/amd64/libjava.so
7f6b61612000-7f6b61621000 r-xp 00000000 08:07 2238016                    /usr/lib/jvm/java-8-openjdk-amd64/jre/lib/amd64/libverify.so
7f6b61621000-7f6b61820000 ---p 0000f000 08:07 2238016                    /usr/lib/jvm/java-8-openjdk-amd64/jre/lib/amd64/libverify.so
7f6b61820000-7f6b61822000 r--p 0000e000 08:07 2238016                    /usr/lib/jvm/java-8-openjdk-amd64/jre/lib/amd64/libverify.so
7f6b61822000-7f6b61823000 rw-p 00010000 08:07 2238016                    /usr/lib/jvm/java-8-openjdk-amd64/jre/lib/amd64/libverify.so
7f6b61823000-7f6b6182a000 r-xp 00000000 08:07 3408064                    /lib/x86_64-linux-gnu/librt-2.23.so
7f6b6182a000-7f6b61a29000 ---p 00007000 08:07 3408064                    /lib/x86_64-linux-gnu/librt-2.23.so
7f6b61a29000-7f6b61a2a000 r--p 00006000 08:07 3408064                    /lib/x86_64-linux-gnu/librt-2.23.so
7f6b61a2a000-7f6b61a2b000 rw-p 00007000 08:07 3408064                    /lib/x86_64-linux-gnu/librt-2.23.so
7f6b61a2b000-7f6b61a41000 r-xp 00000000 08:07 3412545                    /lib/x86_64-linux-gnu/libgcc_s.so.1
7f6b61a41000-7f6b61c40000 ---p 00016000 08:07 3412545                    /lib/x86_64-linux-gnu/libgcc_s.so.1
7f6b61c40000-7f6b61c41000 rw-p 00015000 08:07 3412545                    /lib/x86_64-linux-gnu/libgcc_s.so.1
7f6b61c41000-7f6b61d49000 r-xp 00000000 08:07 3408042                    /lib/x86_64-linux-gnu/libm-2.23.so
7f6b61d49000-7f6b61f48000 ---p 00108000 08:07 3408042                    /lib/x86_64-linux-gnu/libm-2.23.so
7f6b61f48000-7f6b61f49000 r--p 00107000 08:07 3408042                    /lib/x86_64-linux-gnu/libm-2.23.so
7f6b61f49000-7f6b61f4a000 rw-p 00108000 08:07 3408042                    /lib/x86_64-linux-gnu/libm-2.23.so
7f6b61f4a000-7f6b620bc000 r-xp 00000000 08:07 2228616                    /usr/lib/x86_64-linux-gnu/libstdc++.so.6.0.21
7f6b620bc000-7f6b622bc000 ---p 00172000 08:07 2228616                    /usr/lib/x86_64-linux-gnu/libstdc++.so.6.0.21
7f6b622bc000-7f6b622c6000 r--p 00172000 08:07 2228616                    /usr/lib/x86_64-linux-gnu/libstdc++.so.6.0.21
7f6b622c6000-7f6b622c8000 rw-p 0017c000 08:07 2228616                    /usr/lib/x86_64-linux-gnu/libstdc++.so.6.0.21
7f6b622c8000-7f6b622cc000 rw-p 00000000 00:00 0 
7f6b622cc000-7f6b62f29000 r-xp 00000000 08:07 2238022                    /usr/lib/jvm/java-8-openjdk-amd64/jre/lib/amd64/server/libjvm.so
7f6b62f29000-7f6b63129000 ---p 00c5d000 08:07 2238022                    /usr/lib/jvm/java-8-openjdk-amd64/jre/lib/amd64/server/libjvm.so
7f6b63129000-7f6b631bd000 r--p 00c5d000 08:07 2238022                    /usr/lib/jvm/java-8-openjdk-amd64/jre/lib/amd64/server/libjvm.so
7f6b631bd000-7f6b631e6000 rw-p 00cf1000 08:07 2238022                    /usr/lib/jvm/java-8-openjdk-amd64/jre/lib/amd64/server/libjvm.so
7f6b631e6000-7f6b63216000 rw-p 00000000 00:00 0 
7f6b63216000-7f6b6322e000 r-xp 00000000 08:07 3408045                    /lib/x86_64-linux-gnu/libpthread-2.23.so
7f6b6322e000-7f6b6342d000 ---p 00018000 08:07 3408045                    /lib/x86_64-linux-gnu/libpthread-2.23.so
7f6b6342d000-7f6b6342e000 r--p 00017000 08:07 3408045                    /lib/x86_64-linux-gnu/libpthread-2.23.so
7f6b6342e000-7f6b6342f000 rw-p 00018000 08:07 3408045                    /lib/x86_64-linux-gnu/libpthread-2.23.so
7f6b6342f000-7f6b63433000 rw-p 00000000 00:00 0 
7f6b63433000-7f6b63436000 r-xp 00000000 08:07 3408048                    /lib/x86_64-linux-gnu/libdl-2.23.so
7f6b63436000-7f6b63635000 ---p 00003000 08:07 3408048                    /lib/x86_64-linux-gnu/libdl-2.23.so
7f6b63635000-7f6b63636000 r--p 00002000 08:07 3408048                    /lib/x86_64-linux-gnu/libdl-2.23.so
7f6b63636000-7f6b63637000 rw-p 00003000 08:07 3408048                    /lib/x86_64-linux-gnu/libdl-2.23.so
7f6b63637000-7f6b63650000 r-xp 00000000 08:07 3412698                    /lib/x86_64-linux-gnu/libz.so.1.2.8
7f6b63650000-7f6b6384f000 ---p 00019000 08:07 3412698                    /lib/x86_64-linux-gnu/libz.so.1.2.8
7f6b6384f000-7f6b63850000 r--p 00018000 08:07 3412698                    /lib/x86_64-linux-gnu/libz.so.1.2.8
7f6b63850000-7f6b63851000 rw-p 00019000 08:07 3412698                    /lib/x86_64-linux-gnu/libz.so.1.2.8
7f6b63851000-7f6b63a11000 r-xp 00000000 08:07 3408046                    /lib/x86_64-linux-gnu/libc-2.23.so
7f6b63a11000-7f6b63c11000 ---p 001c0000 08:07 3408046                    /lib/x86_64-linux-gnu/libc-2.23.so
7f6b63c11000-7f6b63c15000 r--p 001c0000 08:07 3408046                    /lib/x86_64-linux-gnu/libc-2.23.so
7f6b63c15000-7f6b63c17000 rw-p 001c4000 08:07 3408046                    /lib/x86_64-linux-gnu/libc-2.23.so
7f6b63c17000-7f6b63c1b000 rw-p 00000000 00:00 0 
7f6b63c1b000-7f6b63c28000 r-xp 00000000 08:07 2238020                    /usr/lib/jvm/java-8-openjdk-amd64/jre/lib/amd64/jli/libjli.so
7f6b63c28000-7f6b63e28000 ---p 0000d000 08:07 2238020                    /usr/lib/jvm/java-8-openjdk-amd64/jre/lib/amd64/jli/libjli.so
7f6b63e28000-7f6b63e29000 r--p 0000d000 08:07 2238020                    /usr/lib/jvm/java-8-openjdk-amd64/jre/lib/amd64/jli/libjli.so
7f6b63e29000-7f6b63e2a000 rw-p 0000e000 08:07 2238020                    /usr/lib/jvm/java-8-openjdk-amd64/jre/lib/amd64/jli/libjli.so
7f6b63e2a000-7f6b63e50000 r-xp 00000000 08:07 3408044                    /lib/x86_64-linux-gnu/ld-2.23.so
7f6b63e5a000-7f6b63e64000 r--s 00116000 08:07 2238196                    /usr/lib/jvm/java-8-openjdk-amd64/jre/lib/ext/localedata.jar
7f6b63e64000-7f6b63e7f000 r--s 001d6000 08:07 2238199                    /usr/lib/jvm/java-8-openjdk-amd64/jre/lib/ext/nashorn.jar
7f6b63e7f000-7f6b63f28000 rw-p 00000000 00:00 0 
7f6b63f28000-7f6b63f2b000 ---p 00000000 00:00 0 
7f6b63f2b000-7f6b6402d000 rw-p 00000000 00:00 0 
7f6b64032000-7f6b64033000 r--s 00010000 08:07 2238256                    /usr/lib/jvm/java-8-openjdk-amd64/jre/lib/ext/zipfs.jar
7f6b64033000-7f6b64036000 r--s 00038000 08:07 2238218                    /usr/lib/jvm/java-8-openjdk-amd64/jre/lib/ext/sunpkcs11.jar
7f6b64036000-7f6b64037000 r--s 0000a000 08:07 2238242                    /usr/lib/jvm/java-8-openjdk-amd64/jre/lib/ext/jaccess.jar
7f6b64037000-7f6b64039000 r--s 00001000 08:07 2238234                    /usr/lib/jvm/java-8-openjdk-amd64/jre/lib/ext/dnsns.jar
7f6b64039000-7f6b6403f000 r--s 0003b000 08:07 2238324                    /usr/lib/jvm/java-8-openjdk-amd64/jre/lib/ext/sunjce_provider.jar
7f6b6403f000-7f6b64042000 r--s 0000f000 08:07 2238197                    /usr/lib/jvm/java-8-openjdk-amd64/jre/lib/ext/icedtea-sound.jar
7f6b64042000-7f6b64044000 r--s 00008000 08:07 2238201                    /usr/lib/jvm/java-8-openjdk-amd64/jre/lib/ext/sunec.jar
7f6b64044000-7f6b6404c000 rw-s 00000000 08:07 1311285                    /tmp/hsperfdata_hag007/1307
7f6b6404c000-7f6b6404d000 rw-p 00000000 00:00 0 
7f6b6404d000-7f6b6404e000 ---p 00000000 00:00 0 
7f6b6404e000-7f6b6404f000 rw-p 00000000 00:00 0 
7f6b6404f000-7f6b64050000 r--p 00025000 08:07 3408044                    /lib/x86_64-linux-gnu/ld-2.23.so
7f6b64050000-7f6b64051000 rw-p 00026000 08:07 3408044                    /lib/x86_64-linux-gnu/ld-2.23.so
7f6b64051000-7f6b64052000 rw-p 00000000 00:00 0 
7ffe899f6000-7ffe89a18000 rw-p 00000000 00:00 0                          [stack]
7ffe89b16000-7ffe89b19000 r--p 00000000 00:00 0                          [vvar]
7ffe89b19000-7ffe89b1b000 r-xp 00000000 00:00 0                          [vdso]
ffffffffff600000-ffffffffff601000 r-xp 00000000 00:00 0                  [vsyscall]

VM Arguments:
java_command: /home/hag007/repos/bnetworks_alg/reactomefi/reactomefi.jar /home/hag007/bnet/datasets/COMB/data/ge.tsv /home/hag007/bnet/networks/dip.sif 1.2 /home/hag007/bnet/datasets/COMB/output/reactomefi_modules.txt
java_class_path (initial): /home/hag007/repos/bnetworks_alg/reactomefi/reactomefi.jar
Launcher Type: SUN_STANDARD

Environment Variables:
PATH=/home/hag007/repos/python27/bin:/usr/local/sbin:/usr/local/bin:/usr/sbin:/usr/bin:/sbin:/bin:/usr/games:/usr/local/games:/home/hag007/biotools/samtools:/home/hag007/biotools/wgsim:/home/hag007/biotools/bcftools/bcftools:/home/hag007/biotools/bowtie2:/home/hag007/biotools/bcftools/bcftools/misc:/home/hag007/bin:/home/hag007/.local/bin
SHELL=/bin/bash
DISPLAY=:0

Signal Handlers:
SIGSEGV: [libjvm.so+0xa71a70], sa_mask[0]=11111111011111111101111111111110, sa_flags=SA_RESTART|SA_SIGINFO
SIGBUS: [libjvm.so+0xa71a70], sa_mask[0]=11111111011111111101111111111110, sa_flags=SA_RESTART|SA_SIGINFO
SIGFPE: [libjvm.so+0x8b8f80], sa_mask[0]=11111111011111111101111111111110, sa_flags=SA_RESTART|SA_SIGINFO
SIGPIPE: [libjvm.so+0x8b8f80], sa_mask[0]=11111111011111111101111111111110, sa_flags=SA_RESTART|SA_SIGINFO
SIGXFSZ: [libjvm.so+0x8b8f80], sa_mask[0]=11111111011111111101111111111110, sa_flags=SA_RESTART|SA_SIGINFO
SIGILL: [libjvm.so+0x8b8f80], sa_mask[0]=11111111011111111101111111111110, sa_flags=SA_RESTART|SA_SIGINFO
SIGUSR1: SIG_DFL, sa_mask[0]=00000000000000000000000000000000, sa_flags=none
SIGUSR2: [libjvm.so+0x8b8e30], sa_mask[0]=00100000000000000000000000000000, sa_flags=SA_RESTART|SA_SIGINFO
SIGHUP: SIG_IGN, sa_mask[0]=00000000000000000000000000000000, sa_flags=none
SIGINT: [libjvm.so+0x8b9300], sa_mask[0]=11111111011111111101111111111110, sa_flags=SA_RESTART|SA_SIGINFO
SIGTERM: [libjvm.so+0x8b9300], sa_mask[0]=11111111011111111101111111111110, sa_flags=SA_RESTART|SA_SIGINFO
SIGQUIT: [libjvm.so+0x8b9300], sa_mask[0]=11111111011111111101111111111110, sa_flags=SA_RESTART|SA_SIGINFO


---------------  S Y S T E M  ---------------

OS:DISTRIB_ID=Ubuntu
DISTRIB_RELEASE=16.04
DISTRIB_CODENAME=xenial
DISTRIB_DESCRIPTION="Ubuntu 16.04.5 LTS"

uname:Linux 4.15.0-39-generic #42~16.04.1-Ubuntu SMP Wed Oct 24 17:09:54 UTC 2018 x86_64
libc:glibc 2.23 NPTL 2.23 
rlimit: STACK 8192k, CORE 0k, NPROC 63311, NOFILE 1048576, AS infinity
load average:1.79 1.45 1.54

/proc/meminfo:
MemTotal:       16305692 kB
MemFree:          212580 kB
MemAvailable:     212168 kB
Buffers:            4712 kB
Cached:          1237508 kB
SwapCached:            0 kB
Active:         14682480 kB
Inactive:        1064576 kB
Active(anon):   14510048 kB
Inactive(anon):  1021724 kB
Active(file):     172432 kB
Inactive(file):    42852 kB
Unevictable:         176 kB
Mlocked:             176 kB
SwapTotal:             0 kB
SwapFree:              0 kB
Dirty:               104 kB
Writeback:         23504 kB
AnonPages:      14504840 kB
Mapped:           565832 kB
Shmem:           1026908 kB
Slab:             141292 kB
SReclaimable:      73932 kB
SUnreclaim:        67360 kB
KernelStack:       14160 kB
PageTables:        86312 kB
NFS_Unstable:          0 kB
Bounce:                0 kB
WritebackTmp:          0 kB
CommitLimit:     8152844 kB
Committed_AS:   24560696 kB
VmallocTotal:   34359738367 kB
VmallocUsed:           0 kB
VmallocChunk:          0 kB
HardwareCorrupted:     0 kB
AnonHugePages:         0 kB
ShmemHugePages:        0 kB
ShmemPmdMapped:        0 kB
CmaTotal:              0 kB
CmaFree:               0 kB
HugePages_Total:       0
HugePages_Free:        0
HugePages_Rsvd:        0
HugePages_Surp:        0
Hugepagesize:       2048 kB
DirectMap4k:      333260 kB
DirectMap2M:    14227456 kB
DirectMap1G:     2097152 kB


CPU:total 8 (initial active 8) (4 cores per cpu, 2 threads per core) family 6 model 60 stepping 3, cmov, cx8, fxsr, mmx, sse, sse2, sse3, ssse3, sse4.1, sse4.2, popcnt, avx, avx2, aes, clmul, erms, lzcnt, ht, tsc, tscinvbit, bmi1, bmi2

/proc/cpuinfo:
processor	: 0
vendor_id	: GenuineIntel
cpu family	: 6
model		: 60
model name	: Intel(R) Core(TM) i7-4700HQ CPU @ 2.40GHz
stepping	: 3
microcode	: 0x25
cpu MHz		: 1906.922
cache size	: 6144 KB
physical id	: 0
siblings	: 8
core id		: 0
cpu cores	: 4
apicid		: 0
initial apicid	: 0
fpu		: yes
fpu_exception	: yes
cpuid level	: 13
wp		: yes
flags		: fpu vme de pse tsc msr pae mce cx8 apic sep mtrr pge mca cmov pat pse36 clflush dts acpi mmx fxsr sse sse2 ss ht tm pbe syscall nx pdpe1gb rdtscp lm constant_tsc arch_perfmon pebs bts rep_good nopl xtopology nonstop_tsc cpuid aperfmperf pni pclmulqdq dtes64 monitor ds_cpl vmx est tm2 ssse3 sdbg fma cx16 xtpr pdcm pcid sse4_1 sse4_2 x2apic movbe popcnt tsc_deadline_timer aes xsave avx f16c rdrand lahf_lm abm cpuid_fault epb invpcid_single pti ssbd ibrs ibpb stibp tpr_shadow vnmi flexpriority ept vpid fsgsbase tsc_adjust bmi1 avx2 smep bmi2 erms invpcid xsaveopt dtherm ida arat pln pts flush_l1d
bugs		: cpu_meltdown spectre_v1 spectre_v2 spec_store_bypass l1tf
bogomips	: 4789.30
clflush size	: 64
cache_alignment	: 64
address sizes	: 39 bits physical, 48 bits virtual
power management:

processor	: 1
vendor_id	: GenuineIntel
cpu family	: 6
model		: 60
model name	: Intel(R) Core(TM) i7-4700HQ CPU @ 2.40GHz
stepping	: 3
microcode	: 0x25
cpu MHz		: 1752.761
cache size	: 6144 KB
physical id	: 0
siblings	: 8
core id		: 1
cpu cores	: 4
apicid		: 2
initial apicid	: 2
fpu		: yes
fpu_exception	: yes
cpuid level	: 13
wp		: yes
flags		: fpu vme de pse tsc msr pae mce cx8 apic sep mtrr pge mca cmov pat pse36 clflush dts acpi mmx fxsr sse sse2 ss ht tm pbe syscall nx pdpe1gb rdtscp lm constant_tsc arch_perfmon pebs bts rep_good nopl xtopology nonstop_tsc cpuid aperfmperf pni pclmulqdq dtes64 monitor ds_cpl vmx est tm2 ssse3 sdbg fma cx16 xtpr pdcm pcid sse4_1 sse4_2 x2apic movbe popcnt tsc_deadline_timer aes xsave avx f16c rdrand lahf_lm abm cpuid_fault epb invpcid_single pti ssbd ibrs ibpb stibp tpr_shadow vnmi flexpriority ept vpid fsgsbase tsc_adjust bmi1 avx2 smep bmi2 erms invpcid xsaveopt dtherm ida arat pln pts flush_l1d
bugs		: cpu_meltdown spectre_v1 spectre_v2 spec_store_bypass l1tf
bogomips	: 4789.30
clflush size	: 64
cache_alignment	: 64
address sizes	: 39 bits physical, 48 bits virtual
power management:

processor	: 2
vendor_id	: GenuineIntel
cpu family	: 6
model		: 60
model name	: Intel(R) Core(TM) i7-4700HQ CPU @ 2.40GHz
stepping	: 3
microcode	: 0x25
cpu MHz		: 1704.499
cache size	: 6144 KB
physical id	: 0
siblings	: 8
core id		: 2
cpu cores	: 4
apicid		: 4
initial apicid	: 4
fpu		: yes
fpu_exception	: yes
cpuid level	: 13
wp		: yes
flags		: fpu vme de pse tsc msr pae mce cx8 apic sep mtrr pge mca cmov pat pse36 clflush dts acpi mmx fxsr sse sse2 ss ht tm pbe syscall nx pdpe1gb rdtscp lm constant_tsc arch_perfmon pebs bts rep_good nopl xtopology nonstop_tsc cpuid aperfmperf pni pclmulqdq dtes64 monitor ds_cpl vmx est tm2 ssse3 sdbg fma cx16 xtpr pdcm pcid sse4_1 sse4_2 x2apic movbe popcnt tsc_deadline_timer aes xsave avx f16c rdrand lahf_lm abm cpuid_fault epb invpcid_single pti ssbd ibrs ibpb stibp tpr_shadow vnmi flexpriority ept vpid fsgsbase tsc_adjust bmi1 avx2 smep bmi2 erms invpcid xsaveopt dtherm ida arat pln pts flush_l1d
bugs		: cpu_meltdown spectre_v1 spectre_v2 spec_store_bypass l1tf
bogomips	: 4789.30
clflush size	: 64
cache_alignment	: 64
address sizes	: 39 bits physical, 48 bits virtual
power management:

processor	: 3
vendor_id	: GenuineIntel
cpu family	: 6
model		: 60
model name	: Intel(R) Core(TM) i7-4700HQ CPU @ 2.40GHz
stepping	: 3
microcode	: 0x25
cpu MHz		: 1906.991
cache size	: 6144 KB
physical id	: 0
siblings	: 8
core id		: 3
cpu cores	: 4
apicid		: 6
initial apicid	: 6
fpu		: yes
fpu_exception	: yes
cpuid level	: 13
wp		: yes
flags		: fpu vme de pse tsc msr pae mce cx8 apic sep mtrr pge mca cmov pat pse36 clflush dts acpi mmx fxsr sse sse2 ss ht tm pbe syscall nx pdpe1gb rdtscp lm constant_tsc arch_perfmon pebs bts rep_good nopl xtopology nonstop_tsc cpuid aperfmperf pni pclmulqdq dtes64 monitor ds_cpl vmx est tm2 ssse3 sdbg fma cx16 xtpr pdcm pcid sse4_1 sse4_2 x2apic movbe popcnt tsc_deadline_timer aes xsave avx f16c rdrand lahf_lm abm cpuid_fault epb invpcid_single pti ssbd ibrs ibpb stibp tpr_shadow vnmi flexpriority ept vpid fsgsbase tsc_adjust bmi1 avx2 smep bmi2 erms invpcid xsaveopt dtherm ida arat pln pts flush_l1d
bugs		: cpu_meltdown spectre_v1 spectre_v2 spec_store_bypass l1tf
bogomips	: 4789.30
clflush size	: 64
cache_alignment	: 64
address sizes	: 39 bits physical, 48 bits virtual
power management:

processor	: 4
vendor_id	: GenuineIntel
cpu family	: 6
model		: 60
model name	: Intel(R) Core(TM) i7-4700HQ CPU @ 2.40GHz
stepping	: 3
microcode	: 0x25
cpu MHz		: 1916.491
cache size	: 6144 KB
physical id	: 0
siblings	: 8
core id		: 0
cpu cores	: 4
apicid		: 1
initial apicid	: 1
fpu		: yes
fpu_exception	: yes
cpuid level	: 13
wp		: yes
flags		: fpu vme de pse tsc msr pae mce cx8 apic sep mtrr pge mca cmov pat pse36 clflush dts acpi mmx fxsr sse sse2 ss ht tm pbe syscall nx pdpe1gb rdtscp lm constant_tsc arch_perfmon pebs bts rep_good nopl xtopology nonstop_tsc cpuid aperfmperf pni pclmulqdq dtes64 monitor ds_cpl vmx est tm2 ssse3 sdbg fma cx16 xtpr pdcm pcid sse4_1 sse4_2 x2apic movbe popcnt tsc_deadline_timer aes xsave avx f16c rdrand lahf_lm abm cpuid_fault epb invpcid_single pti ssbd ibrs ibpb stibp tpr_shadow vnmi flexpriority ept vpid fsgsbase tsc_adjust bmi1 avx2 smep bmi2 erms invpcid xsaveopt dtherm ida arat pln pts flush_l1d
bugs		: cpu_meltdown spectre_v1 spectre_v2 spec_store_bypass l1tf
bogomips	: 4789.30
clflush size	: 64
cache_alignment	: 64
address sizes	: 39 bits physical, 48 bits virtual
power management:

processor	: 5
vendor_id	: GenuineIntel
cpu family	: 6
model		: 60
model name	: Intel(R) Core(TM) i7-4700HQ CPU @ 2.40GHz
stepping	: 3
microcode	: 0x25
cpu MHz		: 1936.694
cache size	: 6144 KB
physical id	: 0
siblings	: 8
core id		: 1
cpu cores	: 4
apicid		: 3
initial apicid	: 3
fpu		: yes
fpu_exception	: yes
cpuid level	: 13
wp		: yes
flags		: fpu vme de pse tsc msr pae mce cx8 apic sep mtrr pge mca cmov pat pse36 clflush dts acpi mmx fxsr sse sse2 ss ht tm pbe syscall nx pdpe1gb rdtscp lm constant_tsc arch_perfmon pebs bts rep_good nopl xtopology nonstop_tsc cpuid aperfmperf pni pclmulqdq dtes64 monitor ds_cpl vmx est tm2 ssse3 sdbg fma cx16 xtpr pdcm pcid sse4_1 sse4_2 x2apic movbe popcnt tsc_deadline_timer aes xsave avx f16c rdrand lahf_lm abm cpuid_fault epb invpcid_single pti ssbd ibrs ibpb stibp tpr_shadow vnmi flexpriority ept vpid fsgsbase tsc_adjust bmi1 avx2 smep bmi2 erms invpcid xsaveopt dtherm ida arat pln pts flush_l1d
bugs		: cpu_meltdown spectre_v1 spectre_v2 spec_store_bypass l1tf
bogomips	: 4789.30
clflush size	: 64
cache_alignment	: 64
address sizes	: 39 bits physical, 48 bits virtual
power management:

processor	: 6
vendor_id	: GenuineIntel
cpu family	: 6
model		: 60
model name	: Intel(R) Core(TM) i7-4700HQ CPU @ 2.40GHz
stepping	: 3
microcode	: 0x25
cpu MHz		: 1967.077
cache size	: 6144 KB
physical id	: 0
siblings	: 8
core id		: 2
cpu cores	: 4
apicid		: 5
initial apicid	: 5
fpu		: yes
fpu_exception	: yes
cpuid level	: 13
wp		: yes
flags		: fpu vme de pse tsc msr pae mce cx8 apic sep mtrr pge mca cmov pat pse36 clflush dts acpi mmx fxsr sse sse2 ss ht tm pbe syscall nx pdpe1gb rdtscp lm constant_tsc arch_perfmon pebs bts rep_good nopl xtopology nonstop_tsc cpuid aperfmperf pni pclmulqdq dtes64 monitor ds_cpl vmx est tm2 ssse3 sdbg fma cx16 xtpr pdcm pcid sse4_1 sse4_2 x2apic movbe popcnt tsc_deadline_timer aes xsave avx f16c rdrand lahf_lm abm cpuid_fault epb invpcid_single pti ssbd ibrs ibpb stibp tpr_shadow vnmi flexpriority ept vpid fsgsbase tsc_adjust bmi1 avx2 smep bmi2 erms invpcid xsaveopt dtherm ida arat pln pts flush_l1d
bugs		: cpu_meltdown spectre_v1 spectre_v2 spec_store_bypass l1tf
bogomips	: 4789.30
clflush size	: 64
cache_alignment	: 64
address sizes	: 39 bits physical, 48 bits virtual
power management:

processor	: 7
vendor_id	: GenuineIntel
cpu family	: 6
model		: 60
model name	: Intel(R) Core(TM) i7-4700HQ CPU @ 2.40GHz
stepping	: 3
microcode	: 0x25
cpu MHz		: 1781.808
cache size	: 6144 KB
physical id	: 0
siblings	: 8
core id		: 3
cpu cores	: 4
apicid		: 7
initial apicid	: 7
fpu		: yes
fpu_exception	: yes
cpuid level	: 13
wp		: yes
flags		: fpu vme de pse tsc msr pae mce cx8 apic sep mtrr pge mca cmov pat pse36 clflush dts acpi mmx fxsr sse sse2 ss ht tm pbe syscall nx pdpe1gb rdtscp lm constant_tsc arch_perfmon pebs bts rep_good nopl xtopology nonstop_tsc cpuid aperfmperf pni pclmulqdq dtes64 monitor ds_cpl vmx est tm2 ssse3 sdbg fma cx16 xtpr pdcm pcid sse4_1 sse4_2 x2apic movbe popcnt tsc_deadline_timer aes xsave avx f16c rdrand lahf_lm abm cpuid_fault epb invpcid_single pti ssbd ibrs ibpb stibp tpr_shadow vnmi flexpriority ept vpid fsgsbase tsc_adjust bmi1 avx2 smep bmi2 erms invpcid xsaveopt dtherm ida arat pln pts flush_l1d
bugs		: cpu_meltdown spectre_v1 spectre_v2 spec_store_bypass l1tf
bogomips	: 4789.30
clflush size	: 64
cache_alignment	: 64
address sizes	: 39 bits physical, 48 bits virtual
power management:



Memory: 4k page, physical 16305692k(212580k free), swap 0k(0k free)

vm_info: OpenJDK 64-Bit Server VM (25.181-b13) for linux-amd64 JRE (1.8.0_181-8u181-b13-1ubuntu0.16.04.1-b13), built on Oct 23 2018 04:39:49 by "buildd" with gcc 5.4.0 20160609

time: Thu Nov 22 14:00:43 2018
elapsed time: 5 seconds (0d 0h 0m 5s)

