#
# There is insufficient memory for the Java Runtime Environment to continue.
# Native memory allocation (mmap) failed to map 1747976192 bytes for committing reserved memory.
# Possible reasons:
#   The system is out of physical RAM or swap space
#   In 32 bit mode, the process size limit was hit
# Possible solutions:
#   Reduce memory load on the system
#   Increase physical memory or swap space
#   Check if swap backing store is full
#   Use 64 bit Java on a 64 bit OS
#   Decrease Java heap size (-Xmx/-Xms)
#   Decrease number of Java threads
#   Decrease Java thread stack sizes (-Xss)
#   Set larger code cache with -XX:ReservedCodeCacheSize=
# This output file may be truncated or incomplete.
#
#  Out of Memory Error (os_linux.cpp:2643), pid=27451, tid=0x00007f50b6473700
#
# JRE version:  (8.0_181-b13) (build )
# Java VM: OpenJDK 64-Bit Server VM (25.181-b13 mixed mode linux-amd64 compressed oops)
# Failed to write core dump. Core dumps have been disabled. To enable core dumping, try "ulimit -c unlimited" before starting Java again
#

---------------  T H R E A D  ---------------

Current thread (0x00007f50ac00a800):  JavaThread "Unknown thread" [_thread_in_vm, id=27452, stack(0x00007f50b6373000,0x00007f50b6474000)]

Stack: [0x00007f50b6373000,0x00007f50b6474000],  sp=0x00007f50b6472630,  free space=1021k
Native frames: (J=compiled Java code, j=interpreted, Vv=VM code, C=native code)
V  [libjvm.so+0xa70f1b]
V  [libjvm.so+0x4c893c]
V  [libjvm.so+0x8bda48]
V  [libjvm.so+0x8b7dde]
V  [libjvm.so+0x933246]
V  [libjvm.so+0x923d53]
V  [libjvm.so+0x2b05a1]
V  [libjvm.so+0x8e3299]
V  [libjvm.so+0xa34479]
V  [libjvm.so+0xa346c2]
V  [libjvm.so+0x613e8f]
V  [libjvm.so+0xa19a6a]
V  [libjvm.so+0x68da82]  JNI_CreateJavaVM+0x62
C  [libjli.so+0x2f2e]
C  [libjli.so+0x74ed]
C  [libpthread.so.0+0x76ba]  start_thread+0xca


---------------  P R O C E S S  ---------------

Java Threads: ( => current thread )

Other Threads:

=>0x00007f50ac00a800 (exited) JavaThread "Unknown thread" [_thread_in_vm, id=27452, stack(0x00007f50b6373000,0x00007f50b6474000)]

VM state:not at safepoint (not fully initialized)

VM Mutex/Monitor currently owned by a thread: None

GC Heap History (0 events):
No events

Deoptimization events (0 events):
No events

Classes redefined (0 events):
No events

Internal exceptions (0 events):
No events

Events (0 events):
No events


Dynamic libraries:
00400000-00401000 r-xp 00000000 08:07 2229793                            /usr/lib/jvm/java-8-openjdk-amd64/jre/bin/java
00600000-00601000 r--p 00000000 08:07 2229793                            /usr/lib/jvm/java-8-openjdk-amd64/jre/bin/java
00601000-00602000 rw-p 00001000 08:07 2229793                            /usr/lib/jvm/java-8-openjdk-amd64/jre/bin/java
01c19000-01c3a000 rw-p 00000000 00:00 0                                  [heap]
760300000-77d580000 ---p 00000000 00:00 0 
77d580000-7b1680000 rw-p 00000000 00:00 0 
7b1680000-7c0000000 ---p 00000000 00:00 0 
7f509d000000-7f509d270000 rwxp 00000000 00:00 0 
7f509d270000-7f50ac000000 ---p 00000000 00:00 0 
7f50ac000000-7f50ac032000 rw-p 00000000 00:00 0 
7f50ac032000-7f50b0000000 ---p 00000000 00:00 0 
7f50b23e4000-7f50b280e000 ---p 00000000 00:00 0 
7f50b280e000-7f50b29b0000 rw-p 00000000 00:00 0 
7f50b29b0000-7f50b2a24000 ---p 00000000 00:00 0 
7f50b2a24000-7f50b2a2f000 rw-p 00000000 00:00 0 
7f50b2a2f000-7f50b2de5000 ---p 00000000 00:00 0 
7f50b2de5000-7f50b2ded000 r-xp 00000000 08:07 2238024                    /usr/lib/jvm/java-8-openjdk-amd64/jre/lib/amd64/libzip.so
7f50b2ded000-7f50b2fec000 ---p 00008000 08:07 2238024                    /usr/lib/jvm/java-8-openjdk-amd64/jre/lib/amd64/libzip.so
7f50b2fec000-7f50b2fed000 r--p 00007000 08:07 2238024                    /usr/lib/jvm/java-8-openjdk-amd64/jre/lib/amd64/libzip.so
7f50b2fed000-7f50b2fee000 rw-p 00008000 08:07 2238024                    /usr/lib/jvm/java-8-openjdk-amd64/jre/lib/amd64/libzip.so
7f50b2fee000-7f50b2ff9000 r-xp 00000000 08:07 3408059                    /lib/x86_64-linux-gnu/libnss_files-2.23.so
7f50b2ff9000-7f50b31f8000 ---p 0000b000 08:07 3408059                    /lib/x86_64-linux-gnu/libnss_files-2.23.so
7f50b31f8000-7f50b31f9000 r--p 0000a000 08:07 3408059                    /lib/x86_64-linux-gnu/libnss_files-2.23.so
7f50b31f9000-7f50b31fa000 rw-p 0000b000 08:07 3408059                    /lib/x86_64-linux-gnu/libnss_files-2.23.so
7f50b31fa000-7f50b3200000 rw-p 00000000 00:00 0 
7f50b3200000-7f50b320b000 r-xp 00000000 08:07 3408063                    /lib/x86_64-linux-gnu/libnss_nis-2.23.so
7f50b320b000-7f50b340a000 ---p 0000b000 08:07 3408063                    /lib/x86_64-linux-gnu/libnss_nis-2.23.so
7f50b340a000-7f50b340b000 r--p 0000a000 08:07 3408063                    /lib/x86_64-linux-gnu/libnss_nis-2.23.so
7f50b340b000-7f50b340c000 rw-p 0000b000 08:07 3408063                    /lib/x86_64-linux-gnu/libnss_nis-2.23.so
7f50b340c000-7f50b3422000 r-xp 00000000 08:07 3408043                    /lib/x86_64-linux-gnu/libnsl-2.23.so
7f50b3422000-7f50b3621000 ---p 00016000 08:07 3408043                    /lib/x86_64-linux-gnu/libnsl-2.23.so
7f50b3621000-7f50b3622000 r--p 00015000 08:07 3408043                    /lib/x86_64-linux-gnu/libnsl-2.23.so
7f50b3622000-7f50b3623000 rw-p 00016000 08:07 3408043                    /lib/x86_64-linux-gnu/libnsl-2.23.so
7f50b3623000-7f50b3625000 rw-p 00000000 00:00 0 
7f50b3625000-7f50b362d000 r-xp 00000000 08:07 3408054                    /lib/x86_64-linux-gnu/libnss_compat-2.23.so
7f50b362d000-7f50b382c000 ---p 00008000 08:07 3408054                    /lib/x86_64-linux-gnu/libnss_compat-2.23.so
7f50b382c000-7f50b382d000 r--p 00007000 08:07 3408054                    /lib/x86_64-linux-gnu/libnss_compat-2.23.so
7f50b382d000-7f50b382e000 rw-p 00008000 08:07 3408054                    /lib/x86_64-linux-gnu/libnss_compat-2.23.so
7f50b382e000-7f50b385b000 r-xp 00000000 08:07 2238120                    /usr/lib/jvm/java-8-openjdk-amd64/jre/lib/amd64/libjava.so
7f50b385b000-7f50b3a5a000 ---p 0002d000 08:07 2238120                    /usr/lib/jvm/java-8-openjdk-amd64/jre/lib/amd64/libjava.so
7f50b3a5a000-7f50b3a5b000 r--p 0002c000 08:07 2238120                    /usr/lib/jvm/java-8-openjdk-amd64/jre/lib/amd64/libjava.so
7f50b3a5b000-7f50b3a5d000 rw-p 0002d000 08:07 2238120                    /usr/lib/jvm/java-8-openjdk-amd64/jre/lib/amd64/libjava.so
7f50b3a5d000-7f50b3a6c000 r-xp 00000000 08:07 2238016                    /usr/lib/jvm/java-8-openjdk-amd64/jre/lib/amd64/libverify.so
7f50b3a6c000-7f50b3c6b000 ---p 0000f000 08:07 2238016                    /usr/lib/jvm/java-8-openjdk-amd64/jre/lib/amd64/libverify.so
7f50b3c6b000-7f50b3c6d000 r--p 0000e000 08:07 2238016                    /usr/lib/jvm/java-8-openjdk-amd64/jre/lib/amd64/libverify.so
7f50b3c6d000-7f50b3c6e000 rw-p 00010000 08:07 2238016                    /usr/lib/jvm/java-8-openjdk-amd64/jre/lib/amd64/libverify.so
7f50b3c6e000-7f50b3c75000 r-xp 00000000 08:07 3408064                    /lib/x86_64-linux-gnu/librt-2.23.so
7f50b3c75000-7f50b3e74000 ---p 00007000 08:07 3408064                    /lib/x86_64-linux-gnu/librt-2.23.so
7f50b3e74000-7f50b3e75000 r--p 00006000 08:07 3408064                    /lib/x86_64-linux-gnu/librt-2.23.so
7f50b3e75000-7f50b3e76000 rw-p 00007000 08:07 3408064                    /lib/x86_64-linux-gnu/librt-2.23.so
7f50b3e76000-7f50b3e8c000 r-xp 00000000 08:07 3412545                    /lib/x86_64-linux-gnu/libgcc_s.so.1
7f50b3e8c000-7f50b408b000 ---p 00016000 08:07 3412545                    /lib/x86_64-linux-gnu/libgcc_s.so.1
7f50b408b000-7f50b408c000 rw-p 00015000 08:07 3412545                    /lib/x86_64-linux-gnu/libgcc_s.so.1
7f50b408c000-7f50b4194000 r-xp 00000000 08:07 3408042                    /lib/x86_64-linux-gnu/libm-2.23.so
7f50b4194000-7f50b4393000 ---p 00108000 08:07 3408042                    /lib/x86_64-linux-gnu/libm-2.23.so
7f50b4393000-7f50b4394000 r--p 00107000 08:07 3408042                    /lib/x86_64-linux-gnu/libm-2.23.so
7f50b4394000-7f50b4395000 rw-p 00108000 08:07 3408042                    /lib/x86_64-linux-gnu/libm-2.23.so
7f50b4395000-7f50b4507000 r-xp 00000000 08:07 2228616                    /usr/lib/x86_64-linux-gnu/libstdc++.so.6.0.21
7f50b4507000-7f50b4707000 ---p 00172000 08:07 2228616                    /usr/lib/x86_64-linux-gnu/libstdc++.so.6.0.21
7f50b4707000-7f50b4711000 r--p 00172000 08:07 2228616                    /usr/lib/x86_64-linux-gnu/libstdc++.so.6.0.21
7f50b4711000-7f50b4713000 rw-p 0017c000 08:07 2228616                    /usr/lib/x86_64-linux-gnu/libstdc++.so.6.0.21
7f50b4713000-7f50b4717000 rw-p 00000000 00:00 0 
7f50b4717000-7f50b5374000 r-xp 00000000 08:07 2238022                    /usr/lib/jvm/java-8-openjdk-amd64/jre/lib/amd64/server/libjvm.so
7f50b5374000-7f50b5574000 ---p 00c5d000 08:07 2238022                    /usr/lib/jvm/java-8-openjdk-amd64/jre/lib/amd64/server/libjvm.so
7f50b5574000-7f50b5608000 r--p 00c5d000 08:07 2238022                    /usr/lib/jvm/java-8-openjdk-amd64/jre/lib/amd64/server/libjvm.so
7f50b5608000-7f50b5631000 rw-p 00cf1000 08:07 2238022                    /usr/lib/jvm/java-8-openjdk-amd64/jre/lib/amd64/server/libjvm.so
7f50b5631000-7f50b5661000 rw-p 00000000 00:00 0 
7f50b5661000-7f50b5679000 r-xp 00000000 08:07 3408045                    /lib/x86_64-linux-gnu/libpthread-2.23.so
7f50b5679000-7f50b5878000 ---p 00018000 08:07 3408045                    /lib/x86_64-linux-gnu/libpthread-2.23.so
7f50b5878000-7f50b5879000 r--p 00017000 08:07 3408045                    /lib/x86_64-linux-gnu/libpthread-2.23.so
7f50b5879000-7f50b587a000 rw-p 00018000 08:07 3408045                    /lib/x86_64-linux-gnu/libpthread-2.23.so
7f50b587a000-7f50b587e000 rw-p 00000000 00:00 0 
7f50b587e000-7f50b5881000 r-xp 00000000 08:07 3408048                    /lib/x86_64-linux-gnu/libdl-2.23.so
7f50b5881000-7f50b5a80000 ---p 00003000 08:07 3408048                    /lib/x86_64-linux-gnu/libdl-2.23.so
7f50b5a80000-7f50b5a81000 r--p 00002000 08:07 3408048                    /lib/x86_64-linux-gnu/libdl-2.23.so
7f50b5a81000-7f50b5a82000 rw-p 00003000 08:07 3408048                    /lib/x86_64-linux-gnu/libdl-2.23.so
7f50b5a82000-7f50b5a9b000 r-xp 00000000 08:07 3412698                    /lib/x86_64-linux-gnu/libz.so.1.2.8
7f50b5a9b000-7f50b5c9a000 ---p 00019000 08:07 3412698                    /lib/x86_64-linux-gnu/libz.so.1.2.8
7f50b5c9a000-7f50b5c9b000 r--p 00018000 08:07 3412698                    /lib/x86_64-linux-gnu/libz.so.1.2.8
7f50b5c9b000-7f50b5c9c000 rw-p 00019000 08:07 3412698                    /lib/x86_64-linux-gnu/libz.so.1.2.8
7f50b5c9c000-7f50b5e5c000 r-xp 00000000 08:07 3408046                    /lib/x86_64-linux-gnu/libc-2.23.so
7f50b5e5c000-7f50b605c000 ---p 001c0000 08:07 3408046                    /lib/x86_64-linux-gnu/libc-2.23.so
7f50b605c000-7f50b6060000 r--p 001c0000 08:07 3408046                    /lib/x86_64-linux-gnu/libc-2.23.so
7f50b6060000-7f50b6062000 rw-p 001c4000 08:07 3408046                    /lib/x86_64-linux-gnu/libc-2.23.so
7f50b6062000-7f50b6066000 rw-p 00000000 00:00 0 
7f50b6066000-7f50b6073000 r-xp 00000000 08:07 2238020                    /usr/lib/jvm/java-8-openjdk-amd64/jre/lib/amd64/jli/libjli.so
7f50b6073000-7f50b6273000 ---p 0000d000 08:07 2238020                    /usr/lib/jvm/java-8-openjdk-amd64/jre/lib/amd64/jli/libjli.so
7f50b6273000-7f50b6274000 r--p 0000d000 08:07 2238020                    /usr/lib/jvm/java-8-openjdk-amd64/jre/lib/amd64/jli/libjli.so
7f50b6274000-7f50b6275000 rw-p 0000e000 08:07 2238020                    /usr/lib/jvm/java-8-openjdk-amd64/jre/lib/amd64/jli/libjli.so
7f50b6275000-7f50b629b000 r-xp 00000000 08:07 3408044                    /lib/x86_64-linux-gnu/ld-2.23.so
7f50b6373000-7f50b6376000 ---p 00000000 00:00 0 
7f50b6376000-7f50b6478000 rw-p 00000000 00:00 0 
7f50b648f000-7f50b6497000 rw-s 00000000 08:07 1312594                    /tmp/hsperfdata_hag007/27451
7f50b6497000-7f50b6498000 rw-p 00000000 00:00 0 
7f50b6498000-7f50b6499000 r--p 00000000 00:00 0 
7f50b6499000-7f50b649a000 rw-p 00000000 00:00 0 
7f50b649a000-7f50b649b000 r--p 00025000 08:07 3408044                    /lib/x86_64-linux-gnu/ld-2.23.so
7f50b649b000-7f50b649c000 rw-p 00026000 08:07 3408044                    /lib/x86_64-linux-gnu/ld-2.23.so
7f50b649c000-7f50b649d000 rw-p 00000000 00:00 0 
7ffd1d91e000-7ffd1d940000 rw-p 00000000 00:00 0                          [stack]
7ffd1d980000-7ffd1d983000 r--p 00000000 00:00 0                          [vvar]
7ffd1d983000-7ffd1d985000 r-xp 00000000 00:00 0                          [vdso]
ffffffffff600000-ffffffffff601000 r-xp 00000000 00:00 0                  [vsyscall]

VM Arguments:
jvm_args: -Xms2500m -Xmx3200m 
java_command: executable7.0Batch.jar 5 human /home/hag007/bnet/datasets/SOC/output/tested_bionet_0 /home/hag007/bnet/datasets/SOC/output/bg_bionet_0 1000 3000 0.05 /home/hag007/bnet/datasets/SOC/output/output_bionet_0
java_class_path (initial): executable7.0Batch.jar
Launcher Type: SUN_STANDARD

Environment Variables:
PATH=/home/hag007/repos/python27/bin:/usr/local/sbin:/usr/local/bin:/usr/sbin:/usr/bin:/sbin:/bin:/usr/games:/usr/local/games:/home/hag007/biotools/samtools:/home/hag007/biotools/wgsim:/home/hag007/biotools/bcftools/bcftools:/home/hag007/biotools/bowtie2:/home/hag007/biotools/bcftools/bcftools/misc:/home/hag007/bin:/home/hag007/.local/bin
SHELL=/bin/bash
DISPLAY=:0

Signal Handlers:
SIGSEGV: [libjvm.so+0xa71a70], sa_mask[0]=11111111011111111101111111111110, sa_flags=SA_RESTART|SA_SIGINFO
SIGBUS: [libjvm.so+0xa71a70], sa_mask[0]=11111111011111111101111111111110, sa_flags=SA_RESTART|SA_SIGINFO
SIGFPE: [libjvm.so+0x8b8f80], sa_mask[0]=11111111011111111101111111111110, sa_flags=SA_RESTART|SA_SIGINFO
SIGPIPE: [libjvm.so+0x8b8f80], sa_mask[0]=11111111011111111101111111111110, sa_flags=SA_RESTART|SA_SIGINFO
SIGXFSZ: [libjvm.so+0x8b8f80], sa_mask[0]=11111111011111111101111111111110, sa_flags=SA_RESTART|SA_SIGINFO
SIGILL: [libjvm.so+0x8b8f80], sa_mask[0]=11111111011111111101111111111110, sa_flags=SA_RESTART|SA_SIGINFO
SIGUSR1: SIG_DFL, sa_mask[0]=00000000000000000000000000000000, sa_flags=none
SIGUSR2: [libjvm.so+0x8b8e30], sa_mask[0]=00100000000000000000000000000000, sa_flags=SA_RESTART|SA_SIGINFO
SIGHUP: SIG_IGN, sa_mask[0]=00000000000000000000000000000000, sa_flags=none
SIGINT: SIG_DFL, sa_mask[0]=00000000000000000000000000000000, sa_flags=none
SIGTERM: SIG_DFL, sa_mask[0]=00000000000000000000000000000000, sa_flags=none
SIGQUIT: SIG_DFL, sa_mask[0]=00000000000000000000000000000000, sa_flags=none


---------------  S Y S T E M  ---------------

OS:DISTRIB_ID=Ubuntu
DISTRIB_RELEASE=16.04
DISTRIB_CODENAME=xenial
DISTRIB_DESCRIPTION="Ubuntu 16.04.5 LTS"

uname:Linux 4.15.0-36-generic #39~16.04.1-Ubuntu SMP Tue Sep 25 08:59:23 UTC 2018 x86_64
libc:glibc 2.23 NPTL 2.23 
rlimit: STACK 8192k, CORE 0k, NPROC 63311, NOFILE 1048576, AS infinity
load average:1.78 1.34 0.99

/proc/meminfo:
MemTotal:       16305692 kB
MemFree:          258756 kB
MemAvailable:    1441696 kB
Buffers:           81984 kB
Cached:          4798724 kB
SwapCached:            0 kB
Active:         11441240 kB
Inactive:        4014528 kB
Active(anon):   10597628 kB
Inactive(anon):  3492544 kB
Active(file):     843612 kB
Inactive(file):   521984 kB
Unevictable:         268 kB
Mlocked:             268 kB
SwapTotal:             0 kB
SwapFree:              0 kB
Dirty:              2296 kB
Writeback:           108 kB
AnonPages:      10575180 kB
Mapped:          2689344 kB
Shmem:           3515112 kB
Slab:             258280 kB
SReclaimable:     140012 kB
SUnreclaim:       118268 kB
KernelStack:       27312 kB
PageTables:       156372 kB
NFS_Unstable:          0 kB
Bounce:                0 kB
WritebackTmp:          0 kB
CommitLimit:     8152844 kB
Committed_AS:   40089004 kB
VmallocTotal:   34359738367 kB
VmallocUsed:           0 kB
VmallocChunk:          0 kB
HardwareCorrupted:     0 kB
AnonHugePages:         0 kB
ShmemHugePages:        0 kB
ShmemPmdMapped:        0 kB
CmaTotal:              0 kB
CmaFree:               0 kB
HugePages_Total:       0
HugePages_Free:        0
HugePages_Rsvd:        0
HugePages_Surp:        0
Hugepagesize:       2048 kB
DirectMap4k:      476620 kB
DirectMap2M:    16181248 kB
DirectMap1G:           0 kB


CPU:total 8 (initial active 8) (4 cores per cpu, 2 threads per core) family 6 model 60 stepping 3, cmov, cx8, fxsr, mmx, sse, sse2, sse3, ssse3, sse4.1, sse4.2, popcnt, avx, avx2, aes, clmul, erms, lzcnt, ht, tsc, tscinvbit, bmi1, bmi2

/proc/cpuinfo:
processor	: 0
vendor_id	: GenuineIntel
cpu family	: 6
model		: 60
model name	: Intel(R) Core(TM) i7-4700HQ CPU @ 2.40GHz
stepping	: 3
microcode	: 0x25
cpu MHz		: 2256.777
cache size	: 6144 KB
physical id	: 0
siblings	: 8
core id		: 0
cpu cores	: 4
apicid		: 0
initial apicid	: 0
fpu		: yes
fpu_exception	: yes
cpuid level	: 13
wp		: yes
flags		: fpu vme de pse tsc msr pae mce cx8 apic sep mtrr pge mca cmov pat pse36 clflush dts acpi mmx fxsr sse sse2 ss ht tm pbe syscall nx pdpe1gb rdtscp lm constant_tsc arch_perfmon pebs bts rep_good nopl xtopology nonstop_tsc cpuid aperfmperf pni pclmulqdq dtes64 monitor ds_cpl vmx est tm2 ssse3 sdbg fma cx16 xtpr pdcm pcid sse4_1 sse4_2 x2apic movbe popcnt tsc_deadline_timer aes xsave avx f16c rdrand lahf_lm abm cpuid_fault epb invpcid_single pti ssbd ibrs ibpb stibp tpr_shadow vnmi flexpriority ept vpid fsgsbase tsc_adjust bmi1 avx2 smep bmi2 erms invpcid xsaveopt dtherm ida arat pln pts flush_l1d
bugs		: cpu_meltdown spectre_v1 spectre_v2 spec_store_bypass l1tf
bogomips	: 4789.28
clflush size	: 64
cache_alignment	: 64
address sizes	: 39 bits physical, 48 bits virtual
power management:

processor	: 1
vendor_id	: GenuineIntel
cpu family	: 6
model		: 60
model name	: Intel(R) Core(TM) i7-4700HQ CPU @ 2.40GHz
stepping	: 3
microcode	: 0x25
cpu MHz		: 2023.392
cache size	: 6144 KB
physical id	: 0
siblings	: 8
core id		: 1
cpu cores	: 4
apicid		: 2
initial apicid	: 2
fpu		: yes
fpu_exception	: yes
cpuid level	: 13
wp		: yes
flags		: fpu vme de pse tsc msr pae mce cx8 apic sep mtrr pge mca cmov pat pse36 clflush dts acpi mmx fxsr sse sse2 ss ht tm pbe syscall nx pdpe1gb rdtscp lm constant_tsc arch_perfmon pebs bts rep_good nopl xtopology nonstop_tsc cpuid aperfmperf pni pclmulqdq dtes64 monitor ds_cpl vmx est tm2 ssse3 sdbg fma cx16 xtpr pdcm pcid sse4_1 sse4_2 x2apic movbe popcnt tsc_deadline_timer aes xsave avx f16c rdrand lahf_lm abm cpuid_fault epb invpcid_single pti ssbd ibrs ibpb stibp tpr_shadow vnmi flexpriority ept vpid fsgsbase tsc_adjust bmi1 avx2 smep bmi2 erms invpcid xsaveopt dtherm ida arat pln pts flush_l1d
bugs		: cpu_meltdown spectre_v1 spectre_v2 spec_store_bypass l1tf
bogomips	: 4789.28
clflush size	: 64
cache_alignment	: 64
address sizes	: 39 bits physical, 48 bits virtual
power management:

processor	: 2
vendor_id	: GenuineIntel
cpu family	: 6
model		: 60
model name	: Intel(R) Core(TM) i7-4700HQ CPU @ 2.40GHz
stepping	: 3
microcode	: 0x25
cpu MHz		: 2031.716
cache size	: 6144 KB
physical id	: 0
siblings	: 8
core id		: 2
cpu cores	: 4
apicid		: 4
initial apicid	: 4
fpu		: yes
fpu_exception	: yes
cpuid level	: 13
wp		: yes
flags		: fpu vme de pse tsc msr pae mce cx8 apic sep mtrr pge mca cmov pat pse36 clflush dts acpi mmx fxsr sse sse2 ss ht tm pbe syscall nx pdpe1gb rdtscp lm constant_tsc arch_perfmon pebs bts rep_good nopl xtopology nonstop_tsc cpuid aperfmperf pni pclmulqdq dtes64 monitor ds_cpl vmx est tm2 ssse3 sdbg fma cx16 xtpr pdcm pcid sse4_1 sse4_2 x2apic movbe popcnt tsc_deadline_timer aes xsave avx f16c rdrand lahf_lm abm cpuid_fault epb invpcid_single pti ssbd ibrs ibpb stibp tpr_shadow vnmi flexpriority ept vpid fsgsbase tsc_adjust bmi1 avx2 smep bmi2 erms invpcid xsaveopt dtherm ida arat pln pts flush_l1d
bugs		: cpu_meltdown spectre_v1 spectre_v2 spec_store_bypass l1tf
bogomips	: 4789.28
clflush size	: 64
cache_alignment	: 64
address sizes	: 39 bits physical, 48 bits virtual
power management:

processor	: 3
vendor_id	: GenuineIntel
cpu family	: 6
model		: 60
model name	: Intel(R) Core(TM) i7-4700HQ CPU @ 2.40GHz
stepping	: 3
microcode	: 0x25
cpu MHz		: 2057.744
cache size	: 6144 KB
physical id	: 0
siblings	: 8
core id		: 3
cpu cores	: 4
apicid		: 6
initial apicid	: 6
fpu		: yes
fpu_exception	: yes
cpuid level	: 13
wp		: yes
flags		: fpu vme de pse tsc msr pae mce cx8 apic sep mtrr pge mca cmov pat pse36 clflush dts acpi mmx fxsr sse sse2 ss ht tm pbe syscall nx pdpe1gb rdtscp lm constant_tsc arch_perfmon pebs bts rep_good nopl xtopology nonstop_tsc cpuid aperfmperf pni pclmulqdq dtes64 monitor ds_cpl vmx est tm2 ssse3 sdbg fma cx16 xtpr pdcm pcid sse4_1 sse4_2 x2apic movbe popcnt tsc_deadline_timer aes xsave avx f16c rdrand lahf_lm abm cpuid_fault epb invpcid_single pti ssbd ibrs ibpb stibp tpr_shadow vnmi flexpriority ept vpid fsgsbase tsc_adjust bmi1 avx2 smep bmi2 erms invpcid xsaveopt dtherm ida arat pln pts flush_l1d
bugs		: cpu_meltdown spectre_v1 spectre_v2 spec_store_bypass l1tf
bogomips	: 4789.28
clflush size	: 64
cache_alignment	: 64
address sizes	: 39 bits physical, 48 bits virtual
power management:

processor	: 4
vendor_id	: GenuineIntel
cpu family	: 6
model		: 60
model name	: Intel(R) Core(TM) i7-4700HQ CPU @ 2.40GHz
stepping	: 3
microcode	: 0x25
cpu MHz		: 2026.338
cache size	: 6144 KB
physical id	: 0
siblings	: 8
core id		: 0
cpu cores	: 4
apicid		: 1
initial apicid	: 1
fpu		: yes
fpu_exception	: yes
cpuid level	: 13
wp		: yes
flags		: fpu vme de pse tsc msr pae mce cx8 apic sep mtrr pge mca cmov pat pse36 clflush dts acpi mmx fxsr sse sse2 ss ht tm pbe syscall nx pdpe1gb rdtscp lm constant_tsc arch_perfmon pebs bts rep_good nopl xtopology nonstop_tsc cpuid aperfmperf pni pclmulqdq dtes64 monitor ds_cpl vmx est tm2 ssse3 sdbg fma cx16 xtpr pdcm pcid sse4_1 sse4_2 x2apic movbe popcnt tsc_deadline_timer aes xsave avx f16c rdrand lahf_lm abm cpuid_fault epb invpcid_single pti ssbd ibrs ibpb stibp tpr_shadow vnmi flexpriority ept vpid fsgsbase tsc_adjust bmi1 avx2 smep bmi2 erms invpcid xsaveopt dtherm ida arat pln pts flush_l1d
bugs		: cpu_meltdown spectre_v1 spectre_v2 spec_store_bypass l1tf
bogomips	: 4789.28
clflush size	: 64
cache_alignment	: 64
address sizes	: 39 bits physical, 48 bits virtual
power management:

processor	: 5
vendor_id	: GenuineIntel
cpu family	: 6
model		: 60
model name	: Intel(R) Core(TM) i7-4700HQ CPU @ 2.40GHz
stepping	: 3
microcode	: 0x25
cpu MHz		: 2291.781
cache size	: 6144 KB
physical id	: 0
siblings	: 8
core id		: 1
cpu cores	: 4
apicid		: 3
initial apicid	: 3
fpu		: yes
fpu_exception	: yes
cpuid level	: 13
wp		: yes
flags		: fpu vme de pse tsc msr pae mce cx8 apic sep mtrr pge mca cmov pat pse36 clflush dts acpi mmx fxsr sse sse2 ss ht tm pbe syscall nx pdpe1gb rdtscp lm constant_tsc arch_perfmon pebs bts rep_good nopl xtopology nonstop_tsc cpuid aperfmperf pni pclmulqdq dtes64 monitor ds_cpl vmx est tm2 ssse3 sdbg fma cx16 xtpr pdcm pcid sse4_1 sse4_2 x2apic movbe popcnt tsc_deadline_timer aes xsave avx f16c rdrand lahf_lm abm cpuid_fault epb invpcid_single pti ssbd ibrs ibpb stibp tpr_shadow vnmi flexpriority ept vpid fsgsbase tsc_adjust bmi1 avx2 smep bmi2 erms invpcid xsaveopt dtherm ida arat pln pts flush_l1d
bugs		: cpu_meltdown spectre_v1 spectre_v2 spec_store_bypass l1tf
bogomips	: 4789.28
clflush size	: 64
cache_alignment	: 64
address sizes	: 39 bits physical, 48 bits virtual
power management:

processor	: 6
vendor_id	: GenuineIntel
cpu family	: 6
model		: 60
model name	: Intel(R) Core(TM) i7-4700HQ CPU @ 2.40GHz
stepping	: 3
microcode	: 0x25
cpu MHz		: 2106.495
cache size	: 6144 KB
physical id	: 0
siblings	: 8
core id		: 2
cpu cores	: 4
apicid		: 5
initial apicid	: 5
fpu		: yes
fpu_exception	: yes
cpuid level	: 13
wp		: yes
flags		: fpu vme de pse tsc msr pae mce cx8 apic sep mtrr pge mca cmov pat pse36 clflush dts acpi mmx fxsr sse sse2 ss ht tm pbe syscall nx pdpe1gb rdtscp lm constant_tsc arch_perfmon pebs bts rep_good nopl xtopology nonstop_tsc cpuid aperfmperf pni pclmulqdq dtes64 monitor ds_cpl vmx est tm2 ssse3 sdbg fma cx16 xtpr pdcm pcid sse4_1 sse4_2 x2apic movbe popcnt tsc_deadline_timer aes xsave avx f16c rdrand lahf_lm abm cpuid_fault epb invpcid_single pti ssbd ibrs ibpb stibp tpr_shadow vnmi flexpriority ept vpid fsgsbase tsc_adjust bmi1 avx2 smep bmi2 erms invpcid xsaveopt dtherm ida arat pln pts flush_l1d
bugs		: cpu_meltdown spectre_v1 spectre_v2 spec_store_bypass l1tf
bogomips	: 4789.28
clflush size	: 64
cache_alignment	: 64
address sizes	: 39 bits physical, 48 bits virtual
power management:

processor	: 7
vendor_id	: GenuineIntel
cpu family	: 6
model		: 60
model name	: Intel(R) Core(TM) i7-4700HQ CPU @ 2.40GHz
stepping	: 3
microcode	: 0x25
cpu MHz		: 2023.524
cache size	: 6144 KB
physical id	: 0
siblings	: 8
core id		: 3
cpu cores	: 4
apicid		: 7
initial apicid	: 7
fpu		: yes
fpu_exception	: yes
cpuid level	: 13
wp		: yes
flags		: fpu vme de pse tsc msr pae mce cx8 apic sep mtrr pge mca cmov pat pse36 clflush dts acpi mmx fxsr sse sse2 ss ht tm pbe syscall nx pdpe1gb rdtscp lm constant_tsc arch_perfmon pebs bts rep_good nopl xtopology nonstop_tsc cpuid aperfmperf pni pclmulqdq dtes64 monitor ds_cpl vmx est tm2 ssse3 sdbg fma cx16 xtpr pdcm pcid sse4_1 sse4_2 x2apic movbe popcnt tsc_deadline_timer aes xsave avx f16c rdrand lahf_lm abm cpuid_fault epb invpcid_single pti ssbd ibrs ibpb stibp tpr_shadow vnmi flexpriority ept vpid fsgsbase tsc_adjust bmi1 avx2 smep bmi2 erms invpcid xsaveopt dtherm ida arat pln pts flush_l1d
bugs		: cpu_meltdown spectre_v1 spectre_v2 spec_store_bypass l1tf
bogomips	: 4789.28
clflush size	: 64
cache_alignment	: 64
address sizes	: 39 bits physical, 48 bits virtual
power management:



Memory: 4k page, physical 16305692k(258632k free), swap 0k(0k free)

vm_info: OpenJDK 64-Bit Server VM (25.181-b13) for linux-amd64 JRE (1.8.0_181-8u181-b13-1ubuntu0.16.04.1-b13), built on Oct 23 2018 04:39:49 by "buildd" with gcc 5.4.0 20160609

time: Sun Nov 11 18:07:14 2018
elapsed time: 0 seconds (0d 0h 0m 0s)

