#
# There is insufficient memory for the Java Runtime Environment to continue.
# Native memory allocation (mmap) failed to map 1747976192 bytes for committing reserved memory.
# Possible reasons:
#   The system is out of physical RAM or swap space
#   In 32 bit mode, the process size limit was hit
# Possible solutions:
#   Reduce memory load on the system
#   Increase physical memory or swap space
#   Check if swap backing store is full
#   Use 64 bit Java on a 64 bit OS
#   Decrease Java heap size (-Xmx/-Xms)
#   Decrease number of Java threads
#   Decrease Java thread stack sizes (-Xss)
#   Set larger code cache with -XX:ReservedCodeCacheSize=
# This output file may be truncated or incomplete.
#
#  Out of Memory Error (os_linux.cpp:2643), pid=28592, tid=0x00007f0578bd0700
#
# JRE version:  (8.0_181-b13) (build )
# Java VM: OpenJDK 64-Bit Server VM (25.181-b13 mixed mode linux-amd64 compressed oops)
# Failed to write core dump. Core dumps have been disabled. To enable core dumping, try "ulimit -c unlimited" before starting Java again
#

---------------  T H R E A D  ---------------

Current thread (0x00007f057000a800):  JavaThread "Unknown thread" [_thread_in_vm, id=28593, stack(0x00007f0578ad0000,0x00007f0578bd1000)]

Stack: [0x00007f0578ad0000,0x00007f0578bd1000],  sp=0x00007f0578bcf630,  free space=1021k
Native frames: (J=compiled Java code, j=interpreted, Vv=VM code, C=native code)
V  [libjvm.so+0xa70f1b]
V  [libjvm.so+0x4c893c]
V  [libjvm.so+0x8bda48]
V  [libjvm.so+0x8b7dde]
V  [libjvm.so+0x933246]
V  [libjvm.so+0x923d53]
V  [libjvm.so+0x2b05a1]
V  [libjvm.so+0x8e3299]
V  [libjvm.so+0xa34479]
V  [libjvm.so+0xa346c2]
V  [libjvm.so+0x613e8f]
V  [libjvm.so+0xa19a6a]
V  [libjvm.so+0x68da82]  JNI_CreateJavaVM+0x62
C  [libjli.so+0x2f2e]
C  [libjli.so+0x74ed]
C  [libpthread.so.0+0x76ba]  start_thread+0xca


---------------  P R O C E S S  ---------------

Java Threads: ( => current thread )

Other Threads:

=>0x00007f057000a800 (exited) JavaThread "Unknown thread" [_thread_in_vm, id=28593, stack(0x00007f0578ad0000,0x00007f0578bd1000)]

VM state:not at safepoint (not fully initialized)

VM Mutex/Monitor currently owned by a thread: None

GC Heap History (0 events):
No events

Deoptimization events (0 events):
No events

Classes redefined (0 events):
No events

Internal exceptions (0 events):
No events

Events (0 events):
No events


Dynamic libraries:
00400000-00401000 r-xp 00000000 08:07 2229793                            /usr/lib/jvm/java-8-openjdk-amd64/jre/bin/java
00600000-00601000 r--p 00000000 08:07 2229793                            /usr/lib/jvm/java-8-openjdk-amd64/jre/bin/java
00601000-00602000 rw-p 00001000 08:07 2229793                            /usr/lib/jvm/java-8-openjdk-amd64/jre/bin/java
01245000-01266000 rw-p 00000000 00:00 0                                  [heap]
760300000-77d580000 ---p 00000000 00:00 0 
77d580000-7b1680000 rw-p 00000000 00:00 0 
7b1680000-7c0000000 ---p 00000000 00:00 0 
7f0561000000-7f0561270000 rwxp 00000000 00:00 0 
7f0561270000-7f0570000000 ---p 00000000 00:00 0 
7f0570000000-7f0570032000 rw-p 00000000 00:00 0 
7f0570032000-7f0574000000 ---p 00000000 00:00 0 
7f0574b41000-7f0574f6b000 ---p 00000000 00:00 0 
7f0574f6b000-7f057510d000 rw-p 00000000 00:00 0 
7f057510d000-7f0575181000 ---p 00000000 00:00 0 
7f0575181000-7f057518c000 rw-p 00000000 00:00 0 
7f057518c000-7f0575542000 ---p 00000000 00:00 0 
7f0575542000-7f057554a000 r-xp 00000000 08:07 2238024                    /usr/lib/jvm/java-8-openjdk-amd64/jre/lib/amd64/libzip.so
7f057554a000-7f0575749000 ---p 00008000 08:07 2238024                    /usr/lib/jvm/java-8-openjdk-amd64/jre/lib/amd64/libzip.so
7f0575749000-7f057574a000 r--p 00007000 08:07 2238024                    /usr/lib/jvm/java-8-openjdk-amd64/jre/lib/amd64/libzip.so
7f057574a000-7f057574b000 rw-p 00008000 08:07 2238024                    /usr/lib/jvm/java-8-openjdk-amd64/jre/lib/amd64/libzip.so
7f057574b000-7f0575756000 r-xp 00000000 08:07 3408059                    /lib/x86_64-linux-gnu/libnss_files-2.23.so
7f0575756000-7f0575955000 ---p 0000b000 08:07 3408059                    /lib/x86_64-linux-gnu/libnss_files-2.23.so
7f0575955000-7f0575956000 r--p 0000a000 08:07 3408059                    /lib/x86_64-linux-gnu/libnss_files-2.23.so
7f0575956000-7f0575957000 rw-p 0000b000 08:07 3408059                    /lib/x86_64-linux-gnu/libnss_files-2.23.so
7f0575957000-7f057595d000 rw-p 00000000 00:00 0 
7f057595d000-7f0575968000 r-xp 00000000 08:07 3408063                    /lib/x86_64-linux-gnu/libnss_nis-2.23.so
7f0575968000-7f0575b67000 ---p 0000b000 08:07 3408063                    /lib/x86_64-linux-gnu/libnss_nis-2.23.so
7f0575b67000-7f0575b68000 r--p 0000a000 08:07 3408063                    /lib/x86_64-linux-gnu/libnss_nis-2.23.so
7f0575b68000-7f0575b69000 rw-p 0000b000 08:07 3408063                    /lib/x86_64-linux-gnu/libnss_nis-2.23.so
7f0575b69000-7f0575b7f000 r-xp 00000000 08:07 3408043                    /lib/x86_64-linux-gnu/libnsl-2.23.so
7f0575b7f000-7f0575d7e000 ---p 00016000 08:07 3408043                    /lib/x86_64-linux-gnu/libnsl-2.23.so
7f0575d7e000-7f0575d7f000 r--p 00015000 08:07 3408043                    /lib/x86_64-linux-gnu/libnsl-2.23.so
7f0575d7f000-7f0575d80000 rw-p 00016000 08:07 3408043                    /lib/x86_64-linux-gnu/libnsl-2.23.so
7f0575d80000-7f0575d82000 rw-p 00000000 00:00 0 
7f0575d82000-7f0575d8a000 r-xp 00000000 08:07 3408054                    /lib/x86_64-linux-gnu/libnss_compat-2.23.so
7f0575d8a000-7f0575f89000 ---p 00008000 08:07 3408054                    /lib/x86_64-linux-gnu/libnss_compat-2.23.so
7f0575f89000-7f0575f8a000 r--p 00007000 08:07 3408054                    /lib/x86_64-linux-gnu/libnss_compat-2.23.so
7f0575f8a000-7f0575f8b000 rw-p 00008000 08:07 3408054                    /lib/x86_64-linux-gnu/libnss_compat-2.23.so
7f0575f8b000-7f0575fb8000 r-xp 00000000 08:07 2238120                    /usr/lib/jvm/java-8-openjdk-amd64/jre/lib/amd64/libjava.so
7f0575fb8000-7f05761b7000 ---p 0002d000 08:07 2238120                    /usr/lib/jvm/java-8-openjdk-amd64/jre/lib/amd64/libjava.so
7f05761b7000-7f05761b8000 r--p 0002c000 08:07 2238120                    /usr/lib/jvm/java-8-openjdk-amd64/jre/lib/amd64/libjava.so
7f05761b8000-7f05761ba000 rw-p 0002d000 08:07 2238120                    /usr/lib/jvm/java-8-openjdk-amd64/jre/lib/amd64/libjava.so
7f05761ba000-7f05761c9000 r-xp 00000000 08:07 2238016                    /usr/lib/jvm/java-8-openjdk-amd64/jre/lib/amd64/libverify.so
7f05761c9000-7f05763c8000 ---p 0000f000 08:07 2238016                    /usr/lib/jvm/java-8-openjdk-amd64/jre/lib/amd64/libverify.so
7f05763c8000-7f05763ca000 r--p 0000e000 08:07 2238016                    /usr/lib/jvm/java-8-openjdk-amd64/jre/lib/amd64/libverify.so
7f05763ca000-7f05763cb000 rw-p 00010000 08:07 2238016                    /usr/lib/jvm/java-8-openjdk-amd64/jre/lib/amd64/libverify.so
7f05763cb000-7f05763d2000 r-xp 00000000 08:07 3408064                    /lib/x86_64-linux-gnu/librt-2.23.so
7f05763d2000-7f05765d1000 ---p 00007000 08:07 3408064                    /lib/x86_64-linux-gnu/librt-2.23.so
7f05765d1000-7f05765d2000 r--p 00006000 08:07 3408064                    /lib/x86_64-linux-gnu/librt-2.23.so
7f05765d2000-7f05765d3000 rw-p 00007000 08:07 3408064                    /lib/x86_64-linux-gnu/librt-2.23.so
7f05765d3000-7f05765e9000 r-xp 00000000 08:07 3412545                    /lib/x86_64-linux-gnu/libgcc_s.so.1
7f05765e9000-7f05767e8000 ---p 00016000 08:07 3412545                    /lib/x86_64-linux-gnu/libgcc_s.so.1
7f05767e8000-7f05767e9000 rw-p 00015000 08:07 3412545                    /lib/x86_64-linux-gnu/libgcc_s.so.1
7f05767e9000-7f05768f1000 r-xp 00000000 08:07 3408042                    /lib/x86_64-linux-gnu/libm-2.23.so
7f05768f1000-7f0576af0000 ---p 00108000 08:07 3408042                    /lib/x86_64-linux-gnu/libm-2.23.so
7f0576af0000-7f0576af1000 r--p 00107000 08:07 3408042                    /lib/x86_64-linux-gnu/libm-2.23.so
7f0576af1000-7f0576af2000 rw-p 00108000 08:07 3408042                    /lib/x86_64-linux-gnu/libm-2.23.so
7f0576af2000-7f0576c64000 r-xp 00000000 08:07 2228616                    /usr/lib/x86_64-linux-gnu/libstdc++.so.6.0.21
7f0576c64000-7f0576e64000 ---p 00172000 08:07 2228616                    /usr/lib/x86_64-linux-gnu/libstdc++.so.6.0.21
7f0576e64000-7f0576e6e000 r--p 00172000 08:07 2228616                    /usr/lib/x86_64-linux-gnu/libstdc++.so.6.0.21
7f0576e6e000-7f0576e70000 rw-p 0017c000 08:07 2228616                    /usr/lib/x86_64-linux-gnu/libstdc++.so.6.0.21
7f0576e70000-7f0576e74000 rw-p 00000000 00:00 0 
7f0576e74000-7f0577ad1000 r-xp 00000000 08:07 2238022                    /usr/lib/jvm/java-8-openjdk-amd64/jre/lib/amd64/server/libjvm.so
7f0577ad1000-7f0577cd1000 ---p 00c5d000 08:07 2238022                    /usr/lib/jvm/java-8-openjdk-amd64/jre/lib/amd64/server/libjvm.so
7f0577cd1000-7f0577d65000 r--p 00c5d000 08:07 2238022                    /usr/lib/jvm/java-8-openjdk-amd64/jre/lib/amd64/server/libjvm.so
7f0577d65000-7f0577d8e000 rw-p 00cf1000 08:07 2238022                    /usr/lib/jvm/java-8-openjdk-amd64/jre/lib/amd64/server/libjvm.so
7f0577d8e000-7f0577dbe000 rw-p 00000000 00:00 0 
7f0577dbe000-7f0577dd6000 r-xp 00000000 08:07 3408045                    /lib/x86_64-linux-gnu/libpthread-2.23.so
7f0577dd6000-7f0577fd5000 ---p 00018000 08:07 3408045                    /lib/x86_64-linux-gnu/libpthread-2.23.so
7f0577fd5000-7f0577fd6000 r--p 00017000 08:07 3408045                    /lib/x86_64-linux-gnu/libpthread-2.23.so
7f0577fd6000-7f0577fd7000 rw-p 00018000 08:07 3408045                    /lib/x86_64-linux-gnu/libpthread-2.23.so
7f0577fd7000-7f0577fdb000 rw-p 00000000 00:00 0 
7f0577fdb000-7f0577fde000 r-xp 00000000 08:07 3408048                    /lib/x86_64-linux-gnu/libdl-2.23.so
7f0577fde000-7f05781dd000 ---p 00003000 08:07 3408048                    /lib/x86_64-linux-gnu/libdl-2.23.so
7f05781dd000-7f05781de000 r--p 00002000 08:07 3408048                    /lib/x86_64-linux-gnu/libdl-2.23.so
7f05781de000-7f05781df000 rw-p 00003000 08:07 3408048                    /lib/x86_64-linux-gnu/libdl-2.23.so
7f05781df000-7f05781f8000 r-xp 00000000 08:07 3412698                    /lib/x86_64-linux-gnu/libz.so.1.2.8
7f05781f8000-7f05783f7000 ---p 00019000 08:07 3412698                    /lib/x86_64-linux-gnu/libz.so.1.2.8
7f05783f7000-7f05783f8000 r--p 00018000 08:07 3412698                    /lib/x86_64-linux-gnu/libz.so.1.2.8
7f05783f8000-7f05783f9000 rw-p 00019000 08:07 3412698                    /lib/x86_64-linux-gnu/libz.so.1.2.8
7f05783f9000-7f05785b9000 r-xp 00000000 08:07 3408046                    /lib/x86_64-linux-gnu/libc-2.23.so
7f05785b9000-7f05787b9000 ---p 001c0000 08:07 3408046                    /lib/x86_64-linux-gnu/libc-2.23.so
7f05787b9000-7f05787bd000 r--p 001c0000 08:07 3408046                    /lib/x86_64-linux-gnu/libc-2.23.so
7f05787bd000-7f05787bf000 rw-p 001c4000 08:07 3408046                    /lib/x86_64-linux-gnu/libc-2.23.so
7f05787bf000-7f05787c3000 rw-p 00000000 00:00 0 
7f05787c3000-7f05787d0000 r-xp 00000000 08:07 2238020                    /usr/lib/jvm/java-8-openjdk-amd64/jre/lib/amd64/jli/libjli.so
7f05787d0000-7f05789d0000 ---p 0000d000 08:07 2238020                    /usr/lib/jvm/java-8-openjdk-amd64/jre/lib/amd64/jli/libjli.so
7f05789d0000-7f05789d1000 r--p 0000d000 08:07 2238020                    /usr/lib/jvm/java-8-openjdk-amd64/jre/lib/amd64/jli/libjli.so
7f05789d1000-7f05789d2000 rw-p 0000e000 08:07 2238020                    /usr/lib/jvm/java-8-openjdk-amd64/jre/lib/amd64/jli/libjli.so
7f05789d2000-7f05789f8000 r-xp 00000000 08:07 3408044                    /lib/x86_64-linux-gnu/ld-2.23.so
7f0578ad0000-7f0578ad3000 ---p 00000000 00:00 0 
7f0578ad3000-7f0578bd5000 rw-p 00000000 00:00 0 
7f0578bec000-7f0578bf4000 rw-s 00000000 08:07 1312594                    /tmp/hsperfdata_hag007/28592
7f0578bf4000-7f0578bf5000 rw-p 00000000 00:00 0 
7f0578bf5000-7f0578bf6000 r--p 00000000 00:00 0 
7f0578bf6000-7f0578bf7000 rw-p 00000000 00:00 0 
7f0578bf7000-7f0578bf8000 r--p 00025000 08:07 3408044                    /lib/x86_64-linux-gnu/ld-2.23.so
7f0578bf8000-7f0578bf9000 rw-p 00026000 08:07 3408044                    /lib/x86_64-linux-gnu/ld-2.23.so
7f0578bf9000-7f0578bfa000 rw-p 00000000 00:00 0 
7fff97d2f000-7fff97d51000 rw-p 00000000 00:00 0                          [stack]
7fff97d5f000-7fff97d62000 r--p 00000000 00:00 0                          [vvar]
7fff97d62000-7fff97d64000 r-xp 00000000 00:00 0                          [vdso]
ffffffffff600000-ffffffffff601000 r-xp 00000000 00:00 0                  [vsyscall]

VM Arguments:
jvm_args: -Xms2500m -Xmx3200m 
java_command: executable7.0Batch.jar 5 human /home/hag007/bnet/datasets/SOC/output/tested_jactivemodules_greedy_0 /home/hag007/bnet/datasets/SOC/output/bg_jactivemodules_greedy_0 1000 3000 0.05 /home/hag007/bnet/datasets/SOC/output/output_jactivemodules_greedy_0
java_class_path (initial): executable7.0Batch.jar
Launcher Type: SUN_STANDARD

Environment Variables:
PATH=/home/hag007/repos/python27/bin:/usr/local/sbin:/usr/local/bin:/usr/sbin:/usr/bin:/sbin:/bin:/usr/games:/usr/local/games:/home/hag007/biotools/samtools:/home/hag007/biotools/wgsim:/home/hag007/biotools/bcftools/bcftools:/home/hag007/biotools/bowtie2:/home/hag007/biotools/bcftools/bcftools/misc:/home/hag007/bin:/home/hag007/.local/bin
SHELL=/bin/bash
DISPLAY=:0

Signal Handlers:
SIGSEGV: [libjvm.so+0xa71a70], sa_mask[0]=11111111011111111101111111111110, sa_flags=SA_RESTART|SA_SIGINFO
SIGBUS: [libjvm.so+0xa71a70], sa_mask[0]=11111111011111111101111111111110, sa_flags=SA_RESTART|SA_SIGINFO
SIGFPE: [libjvm.so+0x8b8f80], sa_mask[0]=11111111011111111101111111111110, sa_flags=SA_RESTART|SA_SIGINFO
SIGPIPE: [libjvm.so+0x8b8f80], sa_mask[0]=11111111011111111101111111111110, sa_flags=SA_RESTART|SA_SIGINFO
SIGXFSZ: [libjvm.so+0x8b8f80], sa_mask[0]=11111111011111111101111111111110, sa_flags=SA_RESTART|SA_SIGINFO
SIGILL: [libjvm.so+0x8b8f80], sa_mask[0]=11111111011111111101111111111110, sa_flags=SA_RESTART|SA_SIGINFO
SIGUSR1: SIG_DFL, sa_mask[0]=00000000000000000000000000000000, sa_flags=none
SIGUSR2: [libjvm.so+0x8b8e30], sa_mask[0]=00100000000000000000000000000000, sa_flags=SA_RESTART|SA_SIGINFO
SIGHUP: SIG_IGN, sa_mask[0]=00000000000000000000000000000000, sa_flags=none
SIGINT: SIG_DFL, sa_mask[0]=00000000000000000000000000000000, sa_flags=none
SIGTERM: SIG_DFL, sa_mask[0]=00000000000000000000000000000000, sa_flags=none
SIGQUIT: SIG_DFL, sa_mask[0]=00000000000000000000000000000000, sa_flags=none


---------------  S Y S T E M  ---------------

OS:DISTRIB_ID=Ubuntu
DISTRIB_RELEASE=16.04
DISTRIB_CODENAME=xenial
DISTRIB_DESCRIPTION="Ubuntu 16.04.5 LTS"

uname:Linux 4.15.0-36-generic #39~16.04.1-Ubuntu SMP Tue Sep 25 08:59:23 UTC 2018 x86_64
libc:glibc 2.23 NPTL 2.23 
rlimit: STACK 8192k, CORE 0k, NPROC 63311, NOFILE 1048576, AS infinity
load average:2.52 1.68 1.31

/proc/meminfo:
MemTotal:       16305692 kB
MemFree:          456436 kB
MemAvailable:    1483840 kB
Buffers:           96016 kB
Cached:          4596756 kB
SwapCached:            0 kB
Active:         11402288 kB
Inactive:        3858936 kB
Active(anon):   10591016 kB
Inactive(anon):  3458960 kB
Active(file):     811272 kB
Inactive(file):   399976 kB
Unevictable:         268 kB
Mlocked:             268 kB
SwapTotal:             0 kB
SwapFree:              0 kB
Dirty:               408 kB
Writeback:             0 kB
AnonPages:      10569184 kB
Mapped:          2671056 kB
Shmem:           3481524 kB
Slab:             256480 kB
SReclaimable:     137640 kB
SUnreclaim:       118840 kB
KernelStack:       27168 kB
PageTables:       156960 kB
NFS_Unstable:          0 kB
Bounce:                0 kB
WritebackTmp:          0 kB
CommitLimit:     8152844 kB
Committed_AS:   40183308 kB
VmallocTotal:   34359738367 kB
VmallocUsed:           0 kB
VmallocChunk:          0 kB
HardwareCorrupted:     0 kB
AnonHugePages:         0 kB
ShmemHugePages:        0 kB
ShmemPmdMapped:        0 kB
CmaTotal:              0 kB
CmaFree:               0 kB
HugePages_Total:       0
HugePages_Free:        0
HugePages_Rsvd:        0
HugePages_Surp:        0
Hugepagesize:       2048 kB
DirectMap4k:      480716 kB
DirectMap2M:    16177152 kB
DirectMap1G:           0 kB


CPU:total 8 (initial active 8) (4 cores per cpu, 2 threads per core) family 6 model 60 stepping 3, cmov, cx8, fxsr, mmx, sse, sse2, sse3, ssse3, sse4.1, sse4.2, popcnt, avx, avx2, aes, clmul, erms, lzcnt, ht, tsc, tscinvbit, bmi1, bmi2

/proc/cpuinfo:
processor	: 0
vendor_id	: GenuineIntel
cpu family	: 6
model		: 60
model name	: Intel(R) Core(TM) i7-4700HQ CPU @ 2.40GHz
stepping	: 3
microcode	: 0x25
cpu MHz		: 3218.089
cache size	: 6144 KB
physical id	: 0
siblings	: 8
core id		: 0
cpu cores	: 4
apicid		: 0
initial apicid	: 0
fpu		: yes
fpu_exception	: yes
cpuid level	: 13
wp		: yes
flags		: fpu vme de pse tsc msr pae mce cx8 apic sep mtrr pge mca cmov pat pse36 clflush dts acpi mmx fxsr sse sse2 ss ht tm pbe syscall nx pdpe1gb rdtscp lm constant_tsc arch_perfmon pebs bts rep_good nopl xtopology nonstop_tsc cpuid aperfmperf pni pclmulqdq dtes64 monitor ds_cpl vmx est tm2 ssse3 sdbg fma cx16 xtpr pdcm pcid sse4_1 sse4_2 x2apic movbe popcnt tsc_deadline_timer aes xsave avx f16c rdrand lahf_lm abm cpuid_fault epb invpcid_single pti ssbd ibrs ibpb stibp tpr_shadow vnmi flexpriority ept vpid fsgsbase tsc_adjust bmi1 avx2 smep bmi2 erms invpcid xsaveopt dtherm ida arat pln pts flush_l1d
bugs		: cpu_meltdown spectre_v1 spectre_v2 spec_store_bypass l1tf
bogomips	: 4789.28
clflush size	: 64
cache_alignment	: 64
address sizes	: 39 bits physical, 48 bits virtual
power management:

processor	: 1
vendor_id	: GenuineIntel
cpu family	: 6
model		: 60
model name	: Intel(R) Core(TM) i7-4700HQ CPU @ 2.40GHz
stepping	: 3
microcode	: 0x25
cpu MHz		: 3240.969
cache size	: 6144 KB
physical id	: 0
siblings	: 8
core id		: 1
cpu cores	: 4
apicid		: 2
initial apicid	: 2
fpu		: yes
fpu_exception	: yes
cpuid level	: 13
wp		: yes
flags		: fpu vme de pse tsc msr pae mce cx8 apic sep mtrr pge mca cmov pat pse36 clflush dts acpi mmx fxsr sse sse2 ss ht tm pbe syscall nx pdpe1gb rdtscp lm constant_tsc arch_perfmon pebs bts rep_good nopl xtopology nonstop_tsc cpuid aperfmperf pni pclmulqdq dtes64 monitor ds_cpl vmx est tm2 ssse3 sdbg fma cx16 xtpr pdcm pcid sse4_1 sse4_2 x2apic movbe popcnt tsc_deadline_timer aes xsave avx f16c rdrand lahf_lm abm cpuid_fault epb invpcid_single pti ssbd ibrs ibpb stibp tpr_shadow vnmi flexpriority ept vpid fsgsbase tsc_adjust bmi1 avx2 smep bmi2 erms invpcid xsaveopt dtherm ida arat pln pts flush_l1d
bugs		: cpu_meltdown spectre_v1 spectre_v2 spec_store_bypass l1tf
bogomips	: 4789.28
clflush size	: 64
cache_alignment	: 64
address sizes	: 39 bits physical, 48 bits virtual
power management:

processor	: 2
vendor_id	: GenuineIntel
cpu family	: 6
model		: 60
model name	: Intel(R) Core(TM) i7-4700HQ CPU @ 2.40GHz
stepping	: 3
microcode	: 0x25
cpu MHz		: 3380.483
cache size	: 6144 KB
physical id	: 0
siblings	: 8
core id		: 2
cpu cores	: 4
apicid		: 4
initial apicid	: 4
fpu		: yes
fpu_exception	: yes
cpuid level	: 13
wp		: yes
flags		: fpu vme de pse tsc msr pae mce cx8 apic sep mtrr pge mca cmov pat pse36 clflush dts acpi mmx fxsr sse sse2 ss ht tm pbe syscall nx pdpe1gb rdtscp lm constant_tsc arch_perfmon pebs bts rep_good nopl xtopology nonstop_tsc cpuid aperfmperf pni pclmulqdq dtes64 monitor ds_cpl vmx est tm2 ssse3 sdbg fma cx16 xtpr pdcm pcid sse4_1 sse4_2 x2apic movbe popcnt tsc_deadline_timer aes xsave avx f16c rdrand lahf_lm abm cpuid_fault epb invpcid_single pti ssbd ibrs ibpb stibp tpr_shadow vnmi flexpriority ept vpid fsgsbase tsc_adjust bmi1 avx2 smep bmi2 erms invpcid xsaveopt dtherm ida arat pln pts flush_l1d
bugs		: cpu_meltdown spectre_v1 spectre_v2 spec_store_bypass l1tf
bogomips	: 4789.28
clflush size	: 64
cache_alignment	: 64
address sizes	: 39 bits physical, 48 bits virtual
power management:

processor	: 3
vendor_id	: GenuineIntel
cpu family	: 6
model		: 60
model name	: Intel(R) Core(TM) i7-4700HQ CPU @ 2.40GHz
stepping	: 3
microcode	: 0x25
cpu MHz		: 3240.630
cache size	: 6144 KB
physical id	: 0
siblings	: 8
core id		: 3
cpu cores	: 4
apicid		: 6
initial apicid	: 6
fpu		: yes
fpu_exception	: yes
cpuid level	: 13
wp		: yes
flags		: fpu vme de pse tsc msr pae mce cx8 apic sep mtrr pge mca cmov pat pse36 clflush dts acpi mmx fxsr sse sse2 ss ht tm pbe syscall nx pdpe1gb rdtscp lm constant_tsc arch_perfmon pebs bts rep_good nopl xtopology nonstop_tsc cpuid aperfmperf pni pclmulqdq dtes64 monitor ds_cpl vmx est tm2 ssse3 sdbg fma cx16 xtpr pdcm pcid sse4_1 sse4_2 x2apic movbe popcnt tsc_deadline_timer aes xsave avx f16c rdrand lahf_lm abm cpuid_fault epb invpcid_single pti ssbd ibrs ibpb stibp tpr_shadow vnmi flexpriority ept vpid fsgsbase tsc_adjust bmi1 avx2 smep bmi2 erms invpcid xsaveopt dtherm ida arat pln pts flush_l1d
bugs		: cpu_meltdown spectre_v1 spectre_v2 spec_store_bypass l1tf
bogomips	: 4789.28
clflush size	: 64
cache_alignment	: 64
address sizes	: 39 bits physical, 48 bits virtual
power management:

processor	: 4
vendor_id	: GenuineIntel
cpu family	: 6
model		: 60
model name	: Intel(R) Core(TM) i7-4700HQ CPU @ 2.40GHz
stepping	: 3
microcode	: 0x25
cpu MHz		: 3232.734
cache size	: 6144 KB
physical id	: 0
siblings	: 8
core id		: 0
cpu cores	: 4
apicid		: 1
initial apicid	: 1
fpu		: yes
fpu_exception	: yes
cpuid level	: 13
wp		: yes
flags		: fpu vme de pse tsc msr pae mce cx8 apic sep mtrr pge mca cmov pat pse36 clflush dts acpi mmx fxsr sse sse2 ss ht tm pbe syscall nx pdpe1gb rdtscp lm constant_tsc arch_perfmon pebs bts rep_good nopl xtopology nonstop_tsc cpuid aperfmperf pni pclmulqdq dtes64 monitor ds_cpl vmx est tm2 ssse3 sdbg fma cx16 xtpr pdcm pcid sse4_1 sse4_2 x2apic movbe popcnt tsc_deadline_timer aes xsave avx f16c rdrand lahf_lm abm cpuid_fault epb invpcid_single pti ssbd ibrs ibpb stibp tpr_shadow vnmi flexpriority ept vpid fsgsbase tsc_adjust bmi1 avx2 smep bmi2 erms invpcid xsaveopt dtherm ida arat pln pts flush_l1d
bugs		: cpu_meltdown spectre_v1 spectre_v2 spec_store_bypass l1tf
bogomips	: 4789.28
clflush size	: 64
cache_alignment	: 64
address sizes	: 39 bits physical, 48 bits virtual
power management:

processor	: 5
vendor_id	: GenuineIntel
cpu family	: 6
model		: 60
model name	: Intel(R) Core(TM) i7-4700HQ CPU @ 2.40GHz
stepping	: 3
microcode	: 0x25
cpu MHz		: 3238.352
cache size	: 6144 KB
physical id	: 0
siblings	: 8
core id		: 1
cpu cores	: 4
apicid		: 3
initial apicid	: 3
fpu		: yes
fpu_exception	: yes
cpuid level	: 13
wp		: yes
flags		: fpu vme de pse tsc msr pae mce cx8 apic sep mtrr pge mca cmov pat pse36 clflush dts acpi mmx fxsr sse sse2 ss ht tm pbe syscall nx pdpe1gb rdtscp lm constant_tsc arch_perfmon pebs bts rep_good nopl xtopology nonstop_tsc cpuid aperfmperf pni pclmulqdq dtes64 monitor ds_cpl vmx est tm2 ssse3 sdbg fma cx16 xtpr pdcm pcid sse4_1 sse4_2 x2apic movbe popcnt tsc_deadline_timer aes xsave avx f16c rdrand lahf_lm abm cpuid_fault epb invpcid_single pti ssbd ibrs ibpb stibp tpr_shadow vnmi flexpriority ept vpid fsgsbase tsc_adjust bmi1 avx2 smep bmi2 erms invpcid xsaveopt dtherm ida arat pln pts flush_l1d
bugs		: cpu_meltdown spectre_v1 spectre_v2 spec_store_bypass l1tf
bogomips	: 4789.28
clflush size	: 64
cache_alignment	: 64
address sizes	: 39 bits physical, 48 bits virtual
power management:

processor	: 6
vendor_id	: GenuineIntel
cpu family	: 6
model		: 60
model name	: Intel(R) Core(TM) i7-4700HQ CPU @ 2.40GHz
stepping	: 3
microcode	: 0x25
cpu MHz		: 3307.946
cache size	: 6144 KB
physical id	: 0
siblings	: 8
core id		: 2
cpu cores	: 4
apicid		: 5
initial apicid	: 5
fpu		: yes
fpu_exception	: yes
cpuid level	: 13
wp		: yes
flags		: fpu vme de pse tsc msr pae mce cx8 apic sep mtrr pge mca cmov pat pse36 clflush dts acpi mmx fxsr sse sse2 ss ht tm pbe syscall nx pdpe1gb rdtscp lm constant_tsc arch_perfmon pebs bts rep_good nopl xtopology nonstop_tsc cpuid aperfmperf pni pclmulqdq dtes64 monitor ds_cpl vmx est tm2 ssse3 sdbg fma cx16 xtpr pdcm pcid sse4_1 sse4_2 x2apic movbe popcnt tsc_deadline_timer aes xsave avx f16c rdrand lahf_lm abm cpuid_fault epb invpcid_single pti ssbd ibrs ibpb stibp tpr_shadow vnmi flexpriority ept vpid fsgsbase tsc_adjust bmi1 avx2 smep bmi2 erms invpcid xsaveopt dtherm ida arat pln pts flush_l1d
bugs		: cpu_meltdown spectre_v1 spectre_v2 spec_store_bypass l1tf
bogomips	: 4789.28
clflush size	: 64
cache_alignment	: 64
address sizes	: 39 bits physical, 48 bits virtual
power management:

processor	: 7
vendor_id	: GenuineIntel
cpu family	: 6
model		: 60
model name	: Intel(R) Core(TM) i7-4700HQ CPU @ 2.40GHz
stepping	: 3
microcode	: 0x25
cpu MHz		: 3249.161
cache size	: 6144 KB
physical id	: 0
siblings	: 8
core id		: 3
cpu cores	: 4
apicid		: 7
initial apicid	: 7
fpu		: yes
fpu_exception	: yes
cpuid level	: 13
wp		: yes
flags		: fpu vme de pse tsc msr pae mce cx8 apic sep mtrr pge mca cmov pat pse36 clflush dts acpi mmx fxsr sse sse2 ss ht tm pbe syscall nx pdpe1gb rdtscp lm constant_tsc arch_perfmon pebs bts rep_good nopl xtopology nonstop_tsc cpuid aperfmperf pni pclmulqdq dtes64 monitor ds_cpl vmx est tm2 ssse3 sdbg fma cx16 xtpr pdcm pcid sse4_1 sse4_2 x2apic movbe popcnt tsc_deadline_timer aes xsave avx f16c rdrand lahf_lm abm cpuid_fault epb invpcid_single pti ssbd ibrs ibpb stibp tpr_shadow vnmi flexpriority ept vpid fsgsbase tsc_adjust bmi1 avx2 smep bmi2 erms invpcid xsaveopt dtherm ida arat pln pts flush_l1d
bugs		: cpu_meltdown spectre_v1 spectre_v2 spec_store_bypass l1tf
bogomips	: 4789.28
clflush size	: 64
cache_alignment	: 64
address sizes	: 39 bits physical, 48 bits virtual
power management:



Memory: 4k page, physical 16305692k(456436k free), swap 0k(0k free)

vm_info: OpenJDK 64-Bit Server VM (25.181-b13) for linux-amd64 JRE (1.8.0_181-8u181-b13-1ubuntu0.16.04.1-b13), built on Oct 23 2018 04:39:49 by "buildd" with gcc 5.4.0 20160609

time: Sun Nov 11 18:19:57 2018
elapsed time: 0 seconds (0d 0h 0m 0s)

